CRITICAL - 2024-01-14 01:16:45 --> Undefined array key "RoomNumber"
in APPPATH\Views\Stafff\ConventionStaff\events.php on line 146.
 1 APPPATH\Views\Stafff\ConventionStaff\events.php(146): CodeIgniter\Debug\Exceptions->errorHandler(2, 'Undefined array key "RoomNumber"', 'C:\\laragon\\www\\projectmahalta\\app\\Views\\Stafff\\ConventionStaff\\events.php', 146)
 2 SYSTEMPATH\View\View.php(228): include('C:\\laragon\\www\\projectmahalta\\app\\Views\\Stafff\\ConventionStaff\\events.php')
 3 SYSTEMPATH\View\View.php(231): CodeIgniter\View\View->CodeIgniter\View\{closure}()
 4 SYSTEMPATH\Common.php(1190): CodeIgniter\View\View->render('Stafff\\ConventionStaff\\events', [], true)
 5 APPPATH\Controllers\StaffController.php(350): view('Stafff\\ConventionStaff\\events', [...])
 6 SYSTEMPATH\CodeIgniter.php(942): App\Controllers\StaffController->conEvent()
 7 SYSTEMPATH\CodeIgniter.php(502): CodeIgniter\CodeIgniter->runController(Object(App\Controllers\StaffController))
 8 SYSTEMPATH\CodeIgniter.php(361): CodeIgniter\CodeIgniter->handleRequest(null, Object(Config\Cache), false)
 9 FCPATH\index.php(79): CodeIgniter\CodeIgniter->run()
10 SYSTEMPATH\Commands\Server\rewrite.php(47): require_once('C:\\laragon\\www\\projectmahalta\\public\\index.php')
CRITICAL - 2024-01-14 01:17:19 --> Undefined array key "RoomNumber"
in APPPATH\Views\Stafff\ConventionStaff\events.php on line 146.
 1 APPPATH\Views\Stafff\ConventionStaff\events.php(146): CodeIgniter\Debug\Exceptions->errorHandler(2, 'Undefined array key "RoomNumber"', 'C:\\laragon\\www\\projectmahalta\\app\\Views\\Stafff\\ConventionStaff\\events.php', 146)
 2 SYSTEMPATH\View\View.php(228): include('C:\\laragon\\www\\projectmahalta\\app\\Views\\Stafff\\ConventionStaff\\events.php')
 3 SYSTEMPATH\View\View.php(231): CodeIgniter\View\View->CodeIgniter\View\{closure}()
 4 SYSTEMPATH\Common.php(1190): CodeIgniter\View\View->render('Stafff\\ConventionStaff\\events', [], true)
 5 APPPATH\Controllers\StaffController.php(350): view('Stafff\\ConventionStaff\\events', [...])
 6 SYSTEMPATH\CodeIgniter.php(942): App\Controllers\StaffController->conEvent()
 7 SYSTEMPATH\CodeIgniter.php(502): CodeIgniter\CodeIgniter->runController(Object(App\Controllers\StaffController))
 8 SYSTEMPATH\CodeIgniter.php(361): CodeIgniter\CodeIgniter->handleRequest(null, Object(Config\Cache), false)
 9 FCPATH\index.php(79): CodeIgniter\CodeIgniter->run()
10 SYSTEMPATH\Commands\Server\rewrite.php(47): require_once('C:\\laragon\\www\\projectmahalta\\public\\index.php')
CRITICAL - 2024-01-14 05:50:09 --> include(include/navbar.php): Failed to open stream: No such file or directory
in APPPATH\Views\Admin\Hotel\reservation.php on line 24.
 1 APPPATH\Views\Admin\Hotel\reservation.php(24): CodeIgniter\Debug\Exceptions->errorHandler(2, 'include(include/navbar.php): Failed to open stream: No such file or directory', 'C:\\laragon\\www\\projectmahalta\\app\\Views\\Admin\\Hotel\\reservation.php', 24)
 2 APPPATH\Views\Admin\Hotel\reservation.php(24): include()
 3 SYSTEMPATH\View\View.php(228): include('C:\\laragon\\www\\projectmahalta\\app\\Views\\Admin\\Hotel\\reservation.php')
 4 SYSTEMPATH\View\View.php(231): CodeIgniter\View\View->CodeIgniter\View\{closure}()
 5 SYSTEMPATH\Common.php(1190): CodeIgniter\View\View->render('Admin\\Hotel\\reservation', [], true)
 6 APPPATH\Controllers\AdminController.php(51): view('Admin\\Hotel\\reservation', [...])
 7 SYSTEMPATH\CodeIgniter.php(942): App\Controllers\AdminController->holReservation()
 8 SYSTEMPATH\CodeIgniter.php(502): CodeIgniter\CodeIgniter->runController(Object(App\Controllers\AdminController))
 9 SYSTEMPATH\CodeIgniter.php(361): CodeIgniter\CodeIgniter->handleRequest(null, Object(Config\Cache), false)
10 FCPATH\index.php(79): CodeIgniter\CodeIgniter->run()
11 SYSTEMPATH\Commands\Server\rewrite.php(47): require_once('C:\\laragon\\www\\projectmahalta\\public\\index.php')
CRITICAL - 2024-01-14 05:51:43 --> include(include/navbar.php): Failed to open stream: No such file or directory
in APPPATH\Views\Admin\Hotel\reservation.php on line 24.
 1 APPPATH\Views\Admin\Hotel\reservation.php(24): CodeIgniter\Debug\Exceptions->errorHandler(2, 'include(include/navbar.php): Failed to open stream: No such file or directory', 'C:\\laragon\\www\\projectmahalta\\app\\Views\\Admin\\Hotel\\reservation.php', 24)
 2 APPPATH\Views\Admin\Hotel\reservation.php(24): include()
 3 SYSTEMPATH\View\View.php(228): include('C:\\laragon\\www\\projectmahalta\\app\\Views\\Admin\\Hotel\\reservation.php')
 4 SYSTEMPATH\View\View.php(231): CodeIgniter\View\View->CodeIgniter\View\{closure}()
 5 SYSTEMPATH\Common.php(1190): CodeIgniter\View\View->render('Admin\\Hotel\\reservation', [], true)
 6 APPPATH\Controllers\AdminController.php(51): view('Admin\\Hotel\\reservation', [...])
 7 SYSTEMPATH\CodeIgniter.php(942): App\Controllers\AdminController->holReservation()
 8 SYSTEMPATH\CodeIgniter.php(502): CodeIgniter\CodeIgniter->runController(Object(App\Controllers\AdminController))
 9 SYSTEMPATH\CodeIgniter.php(361): CodeIgniter\CodeIgniter->handleRequest(null, Object(Config\Cache), false)
10 FCPATH\index.php(79): CodeIgniter\CodeIgniter->run()
11 SYSTEMPATH\Commands\Server\rewrite.php(47): require_once('C:\\laragon\\www\\projectmahalta\\public\\index.php')
CRITICAL - 2024-01-14 05:52:17 --> include(Admin/include/navbar.php): Failed to open stream: No such file or directory
in APPPATH\Views\Admin\Hotel\reservation.php on line 24.
 1 APPPATH\Views\Admin\Hotel\reservation.php(24): CodeIgniter\Debug\Exceptions->errorHandler(2, 'include(Admin/include/navbar.php): Failed to open stream: No such file or directory', 'C:\\laragon\\www\\projectmahalta\\app\\Views\\Admin\\Hotel\\reservation.php', 24)
 2 APPPATH\Views\Admin\Hotel\reservation.php(24): include()
 3 SYSTEMPATH\View\View.php(228): include('C:\\laragon\\www\\projectmahalta\\app\\Views\\Admin\\Hotel\\reservation.php')
 4 SYSTEMPATH\View\View.php(231): CodeIgniter\View\View->CodeIgniter\View\{closure}()
 5 SYSTEMPATH\Common.php(1190): CodeIgniter\View\View->render('Admin\\Hotel\\reservation', [], true)
 6 APPPATH\Controllers\AdminController.php(51): view('Admin\\Hotel\\reservation', [...])
 7 SYSTEMPATH\CodeIgniter.php(942): App\Controllers\AdminController->holReservation()
 8 SYSTEMPATH\CodeIgniter.php(502): CodeIgniter\CodeIgniter->runController(Object(App\Controllers\AdminController))
 9 SYSTEMPATH\CodeIgniter.php(361): CodeIgniter\CodeIgniter->handleRequest(null, Object(Config\Cache), false)
10 FCPATH\index.php(79): CodeIgniter\CodeIgniter->run()
11 SYSTEMPATH\Commands\Server\rewrite.php(47): require_once('C:\\laragon\\www\\projectmahalta\\public\\index.php')
CRITICAL - 2024-01-14 05:52:29 --> include(navbar.php): Failed to open stream: No such file or directory
in APPPATH\Views\Admin\Hotel\reservation.php on line 24.
 1 APPPATH\Views\Admin\Hotel\reservation.php(24): CodeIgniter\Debug\Exceptions->errorHandler(2, 'include(navbar.php): Failed to open stream: No such file or directory', 'C:\\laragon\\www\\projectmahalta\\app\\Views\\Admin\\Hotel\\reservation.php', 24)
 2 APPPATH\Views\Admin\Hotel\reservation.php(24): include()
 3 SYSTEMPATH\View\View.php(228): include('C:\\laragon\\www\\projectmahalta\\app\\Views\\Admin\\Hotel\\reservation.php')
 4 SYSTEMPATH\View\View.php(231): CodeIgniter\View\View->CodeIgniter\View\{closure}()
 5 SYSTEMPATH\Common.php(1190): CodeIgniter\View\View->render('Admin\\Hotel\\reservation', [], true)
 6 APPPATH\Controllers\AdminController.php(51): view('Admin\\Hotel\\reservation', [...])
 7 SYSTEMPATH\CodeIgniter.php(942): App\Controllers\AdminController->holReservation()
 8 SYSTEMPATH\CodeIgniter.php(502): CodeIgniter\CodeIgniter->runController(Object(App\Controllers\AdminController))
 9 SYSTEMPATH\CodeIgniter.php(361): CodeIgniter\CodeIgniter->handleRequest(null, Object(Config\Cache), false)
10 FCPATH\index.php(79): CodeIgniter\CodeIgniter->run()
11 SYSTEMPATH\Commands\Server\rewrite.php(47): require_once('C:\\laragon\\www\\projectmahalta\\public\\index.php')
CRITICAL - 2024-01-14 05:56:16 --> Path cannot be empty
in APPPATH\Views\Admin\Hotel\reservation.php on line 24.
 1 SYSTEMPATH\View\View.php(228): include()
 2 SYSTEMPATH\View\View.php(231): CodeIgniter\View\View->CodeIgniter\View\{closure}()
 3 SYSTEMPATH\Common.php(1190): CodeIgniter\View\View->render('Admin\\Hotel\\reservation', [], true)
 4 APPPATH\Controllers\AdminController.php(51): view('Admin\\Hotel\\reservation', [...])
 5 SYSTEMPATH\CodeIgniter.php(942): App\Controllers\AdminController->holReservation()
 6 SYSTEMPATH\CodeIgniter.php(502): CodeIgniter\CodeIgniter->runController(Object(App\Controllers\AdminController))
 7 SYSTEMPATH\CodeIgniter.php(361): CodeIgniter\CodeIgniter->handleRequest(null, Object(Config\Cache), false)
 8 FCPATH\index.php(79): CodeIgniter\CodeIgniter->run()
 9 SYSTEMPATH\Commands\Server\rewrite.php(47): require_once('C:\\laragon\\www\\projectmahalta\\public\\index.php')
CRITICAL - 2024-01-14 05:57:19 --> include(../include/navbar.php): Failed to open stream: No such file or directory
in APPPATH\Views\Admin\Hotel\reservation.php on line 24.
 1 APPPATH\Views\Admin\Hotel\reservation.php(24): CodeIgniter\Debug\Exceptions->errorHandler(2, 'include(../include/navbar.php): Failed to open stream: No such file or directory', 'C:\\laragon\\www\\projectmahalta\\app\\Views\\Admin\\Hotel\\reservation.php', 24)
 2 APPPATH\Views\Admin\Hotel\reservation.php(24): include()
 3 SYSTEMPATH\View\View.php(228): include('C:\\laragon\\www\\projectmahalta\\app\\Views\\Admin\\Hotel\\reservation.php')
 4 SYSTEMPATH\View\View.php(231): CodeIgniter\View\View->CodeIgniter\View\{closure}()
 5 SYSTEMPATH\Common.php(1190): CodeIgniter\View\View->render('Admin\\Hotel\\reservation', [], true)
 6 APPPATH\Controllers\AdminController.php(51): view('Admin\\Hotel\\reservation', [...])
 7 SYSTEMPATH\CodeIgniter.php(942): App\Controllers\AdminController->holReservation()
 8 SYSTEMPATH\CodeIgniter.php(502): CodeIgniter\CodeIgniter->runController(Object(App\Controllers\AdminController))
 9 SYSTEMPATH\CodeIgniter.php(361): CodeIgniter\CodeIgniter->handleRequest(null, Object(Config\Cache), false)
10 FCPATH\index.php(79): CodeIgniter\CodeIgniter->run()
11 SYSTEMPATH\Commands\Server\rewrite.php(47): require_once('C:\\laragon\\www\\projectmahalta\\public\\index.php')
CRITICAL - 2024-01-14 06:01:55 --> include(../../Admin/include/navbar.php): Failed to open stream: No such file or directory
in APPPATH\Views\Admin\Hotel\reservation.php on line 24.
 1 APPPATH\Views\Admin\Hotel\reservation.php(24): CodeIgniter\Debug\Exceptions->errorHandler(2, 'include(../../Admin/include/navbar.php): Failed to open stream: No such file or directory', 'C:\\laragon\\www\\projectmahalta\\app\\Views\\Admin\\Hotel\\reservation.php', 24)
 2 APPPATH\Views\Admin\Hotel\reservation.php(24): include()
 3 SYSTEMPATH\View\View.php(228): include('C:\\laragon\\www\\projectmahalta\\app\\Views\\Admin\\Hotel\\reservation.php')
 4 SYSTEMPATH\View\View.php(231): CodeIgniter\View\View->CodeIgniter\View\{closure}()
 5 SYSTEMPATH\Common.php(1190): CodeIgniter\View\View->render('Admin\\Hotel\\reservation', [], true)
 6 APPPATH\Controllers\AdminController.php(51): view('Admin\\Hotel\\reservation', [...])
 7 SYSTEMPATH\CodeIgniter.php(942): App\Controllers\AdminController->holReservation()
 8 SYSTEMPATH\CodeIgniter.php(502): CodeIgniter\CodeIgniter->runController(Object(App\Controllers\AdminController))
 9 SYSTEMPATH\CodeIgniter.php(361): CodeIgniter\CodeIgniter->handleRequest(null, Object(Config\Cache), false)
10 FCPATH\index.php(79): CodeIgniter\CodeIgniter->run()
11 SYSTEMPATH\Commands\Server\rewrite.php(47): require_once('C:\\laragon\\www\\projectmahalta\\public\\index.php')
CRITICAL - 2024-01-14 06:14:00 --> Undefined array key "TotalAmount"
in APPPATH\Views\Admin\Restaurant\reservation.php on line 97.
 1 APPPATH\Views\Admin\Restaurant\reservation.php(97): CodeIgniter\Debug\Exceptions->errorHandler(2, 'Undefined array key "TotalAmount"', 'C:\\laragon\\www\\projectmahalta\\app\\Views\\Admin\\Restaurant\\reservation.php', 97)
 2 SYSTEMPATH\View\View.php(228): include('C:\\laragon\\www\\projectmahalta\\app\\Views\\Admin\\Restaurant\\reservation.php')
 3 SYSTEMPATH\View\View.php(231): CodeIgniter\View\View->CodeIgniter\View\{closure}()
 4 SYSTEMPATH\Common.php(1190): CodeIgniter\View\View->render('Admin\\Restaurant\\reservation', [], true)
 5 APPPATH\Controllers\AdminController.php(79): view('Admin\\Restaurant\\reservation', [...])
 6 SYSTEMPATH\CodeIgniter.php(942): App\Controllers\AdminController->resReservation()
 7 SYSTEMPATH\CodeIgniter.php(502): CodeIgniter\CodeIgniter->runController(Object(App\Controllers\AdminController))
 8 SYSTEMPATH\CodeIgniter.php(361): CodeIgniter\CodeIgniter->handleRequest(null, Object(Config\Cache), false)
 9 FCPATH\index.php(79): CodeIgniter\CodeIgniter->run()
10 SYSTEMPATH\Commands\Server\rewrite.php(47): require_once('C:\\laragon\\www\\projectmahalta\\public\\index.php')
ERROR - 2024-01-14 06:31:28 --> mysqli_sql_exception: Unknown column 'events.TableID' in 'field list' in C:\laragon\www\projectmahalta\system\Database\MySQLi\Connection.php:306
Stack trace:
#0 C:\laragon\www\projectmahalta\system\Database\MySQLi\Connection.php(306): mysqli->query('SELECT `reserva...', 0)
#1 C:\laragon\www\projectmahalta\system\Database\BaseConnection.php(693): CodeIgniter\Database\MySQLi\Connection->execute('SELECT `reserva...')
#2 C:\laragon\www\projectmahalta\system\Database\BaseConnection.php(607): CodeIgniter\Database\BaseConnection->simpleQuery('SELECT `reserva...')
#3 C:\laragon\www\projectmahalta\system\Database\BaseBuilder.php(1615): CodeIgniter\Database\BaseConnection->query('SELECT `reserva...', Array, false)
#4 C:\laragon\www\projectmahalta\system\Model.php(237): CodeIgniter\Database\BaseBuilder->get()
#5 C:\laragon\www\projectmahalta\system\BaseModel.php(624): CodeIgniter\Model->doFindAll(0, 0)
#6 C:\laragon\www\projectmahalta\app\Controllers\AdminController.php(108): CodeIgniter\BaseModel->findAll()
#7 C:\laragon\www\projectmahalta\system\CodeIgniter.php(942): App\Controllers\AdminController->conReservation()
#8 C:\laragon\www\projectmahalta\system\CodeIgniter.php(502): CodeIgniter\CodeIgniter->runController(Object(App\Controllers\AdminController))
#9 C:\laragon\www\projectmahalta\system\CodeIgniter.php(361): CodeIgniter\CodeIgniter->handleRequest(NULL, Object(Config\Cache), false)
#10 C:\laragon\www\projectmahalta\public\index.php(79): CodeIgniter\CodeIgniter->run()
#11 C:\laragon\www\projectmahalta\system\Commands\Server\rewrite.php(47): require_once('C:\\laragon\\www\\...')
#12 {main}
CRITICAL - 2024-01-14 06:31:28 --> Unknown column 'events.TableID' in 'field list'
in SYSTEMPATH\Database\BaseConnection.php on line 647.
 1 SYSTEMPATH\Database\BaseBuilder.php(1615): CodeIgniter\Database\BaseConnection->query('SELECT `reservations`.`ReservationID`, `events`.`TableID`, `events`.`EventType`, `reservations`.`CheckInDate`, `reservations`.`NumberOfGuests`, `reservations`.`Note`, `reservations`.`Status`, `users`.`UserID`, `users`.`FirstName`, `users`.`LastName`, `users`.`Email`, `users`.`ContactNumber`, `reservations`.`UserID`
FROM `reservations`
JOIN `restaurant_dining_tables` ON `reservations`.`TableID` = `restaurant_dining_tables`.`TableID`
JOIN `users` ON `reservations`.`UserID` = `users`.`UserID`', [], false)
 2 SYSTEMPATH\Model.php(237): CodeIgniter\Database\BaseBuilder->get()
 3 SYSTEMPATH\BaseModel.php(624): CodeIgniter\Model->doFindAll(0, 0)
 4 APPPATH\Controllers\AdminController.php(108): CodeIgniter\BaseModel->findAll()
 5 SYSTEMPATH\CodeIgniter.php(942): App\Controllers\AdminController->conReservation()
 6 SYSTEMPATH\CodeIgniter.php(502): CodeIgniter\CodeIgniter->runController(Object(App\Controllers\AdminController))
 7 SYSTEMPATH\CodeIgniter.php(361): CodeIgniter\CodeIgniter->handleRequest(null, Object(Config\Cache), false)
 8 FCPATH\index.php(79): CodeIgniter\CodeIgniter->run()
 9 SYSTEMPATH\Commands\Server\rewrite.php(47): require_once('C:\\laragon\\www\\projectmahalta\\public\\index.php')
CRITICAL - 2024-01-14 06:31:54 --> Undefined variable $hotelrevs
in APPPATH\Views\Admin\Convention\reservation.php on line 89.
 1 APPPATH\Views\Admin\Convention\reservation.php(89): CodeIgniter\Debug\Exceptions->errorHandler(2, 'Undefined variable $hotelrevs', 'C:\\laragon\\www\\projectmahalta\\app\\Views\\Admin\\Convention\\reservation.php', 89)
 2 SYSTEMPATH\View\View.php(228): include('C:\\laragon\\www\\projectmahalta\\app\\Views\\Admin\\Convention\\reservation.php')
 3 SYSTEMPATH\View\View.php(231): CodeIgniter\View\View->CodeIgniter\View\{closure}()
 4 SYSTEMPATH\Common.php(1190): CodeIgniter\View\View->render('Admin\\Convention\\reservation', [], true)
 5 APPPATH\Controllers\AdminController.php(110): view('Admin\\Convention\\reservation', [...])
 6 SYSTEMPATH\CodeIgniter.php(942): App\Controllers\AdminController->conReservation()
 7 SYSTEMPATH\CodeIgniter.php(502): CodeIgniter\CodeIgniter->runController(Object(App\Controllers\AdminController))
 8 SYSTEMPATH\CodeIgniter.php(361): CodeIgniter\CodeIgniter->handleRequest(null, Object(Config\Cache), false)
 9 FCPATH\index.php(79): CodeIgniter\CodeIgniter->run()
10 SYSTEMPATH\Commands\Server\rewrite.php(47): require_once('C:\\laragon\\www\\projectmahalta\\public\\index.php')
CRITICAL - 2024-01-14 06:32:20 --> Undefined array key "RoomNumber"
in APPPATH\Views\Admin\Convention\reservation.php on line 96.
 1 APPPATH\Views\Admin\Convention\reservation.php(96): CodeIgniter\Debug\Exceptions->errorHandler(2, 'Undefined array key "RoomNumber"', 'C:\\laragon\\www\\projectmahalta\\app\\Views\\Admin\\Convention\\reservation.php', 96)
 2 SYSTEMPATH\View\View.php(228): include('C:\\laragon\\www\\projectmahalta\\app\\Views\\Admin\\Convention\\reservation.php')
 3 SYSTEMPATH\View\View.php(231): CodeIgniter\View\View->CodeIgniter\View\{closure}()
 4 SYSTEMPATH\Common.php(1190): CodeIgniter\View\View->render('Admin\\Convention\\reservation', [], true)
 5 APPPATH\Controllers\AdminController.php(110): view('Admin\\Convention\\reservation', [...])
 6 SYSTEMPATH\CodeIgniter.php(942): App\Controllers\AdminController->conReservation()
 7 SYSTEMPATH\CodeIgniter.php(502): CodeIgniter\CodeIgniter->runController(Object(App\Controllers\AdminController))
 8 SYSTEMPATH\CodeIgniter.php(361): CodeIgniter\CodeIgniter->handleRequest(null, Object(Config\Cache), false)
 9 FCPATH\index.php(79): CodeIgniter\CodeIgniter->run()
10 SYSTEMPATH\Commands\Server\rewrite.php(47): require_once('C:\\laragon\\www\\projectmahalta\\public\\index.php')
CRITICAL - 2024-01-14 06:32:27 --> Undefined array key "RoomType"
in APPPATH\Views\Admin\Convention\reservation.php on line 96.
 1 APPPATH\Views\Admin\Convention\reservation.php(96): CodeIgniter\Debug\Exceptions->errorHandler(2, 'Undefined array key "RoomType"', 'C:\\laragon\\www\\projectmahalta\\app\\Views\\Admin\\Convention\\reservation.php', 96)
 2 SYSTEMPATH\View\View.php(228): include('C:\\laragon\\www\\projectmahalta\\app\\Views\\Admin\\Convention\\reservation.php')
 3 SYSTEMPATH\View\View.php(231): CodeIgniter\View\View->CodeIgniter\View\{closure}()
 4 SYSTEMPATH\Common.php(1190): CodeIgniter\View\View->render('Admin\\Convention\\reservation', [], true)
 5 APPPATH\Controllers\AdminController.php(110): view('Admin\\Convention\\reservation', [...])
 6 SYSTEMPATH\CodeIgniter.php(942): App\Controllers\AdminController->conReservation()
 7 SYSTEMPATH\CodeIgniter.php(502): CodeIgniter\CodeIgniter->runController(Object(App\Controllers\AdminController))
 8 SYSTEMPATH\CodeIgniter.php(361): CodeIgniter\CodeIgniter->handleRequest(null, Object(Config\Cache), false)
 9 FCPATH\index.php(79): CodeIgniter\CodeIgniter->run()
10 SYSTEMPATH\Commands\Server\rewrite.php(47): require_once('C:\\laragon\\www\\projectmahalta\\public\\index.php')
