CRITICAL - 2024-01-24 11:06:33 --> Undefined array key "RoomNumber"
in APPPATH\Views\Stafff\HotelStaff\reservation.php on line 197.
 1 APPPATH\Views\Stafff\HotelStaff\reservation.php(197): CodeIgniter\Debug\Exceptions->errorHandler(2, 'Undefined array key "RoomNumber"', 'C:\\laragon\\www\\projectmahalta\\app\\Views\\Stafff\\HotelStaff\\reservation.php', 197)
 2 SYSTEMPATH\View\View.php(228): include('C:\\laragon\\www\\projectmahalta\\app\\Views\\Stafff\\HotelStaff\\reservation.php')
 3 SYSTEMPATH\View\View.php(231): CodeIgniter\View\View->CodeIgniter\View\{closure}()
 4 SYSTEMPATH\Common.php(1190): CodeIgniter\View\View->render('Stafff\\HotelStaff\\reservation', [], true)
 5 APPPATH\Controllers\StaffController.php(49): view('Stafff\\HotelStaff\\reservation', [...])
 6 SYSTEMPATH\CodeIgniter.php(942): App\Controllers\StaffController->reservation()
 7 SYSTEMPATH\CodeIgniter.php(502): CodeIgniter\CodeIgniter->runController(Object(App\Controllers\StaffController))
 8 SYSTEMPATH\CodeIgniter.php(361): CodeIgniter\CodeIgniter->handleRequest(null, Object(Config\Cache), false)
 9 FCPATH\index.php(79): CodeIgniter\CodeIgniter->run()
10 SYSTEMPATH\Commands\Server\rewrite.php(47): require_once('C:\\laragon\\www\\projectmahalta\\public\\index.php')
CRITICAL - 2024-01-24 11:07:22 --> Undefined array key "Email"
in APPPATH\Views\Stafff\HotelStaff\reservation.php on line 286.
 1 APPPATH\Views\Stafff\HotelStaff\reservation.php(286): CodeIgniter\Debug\Exceptions->errorHandler(2, 'Undefined array key "Email"', 'C:\\laragon\\www\\projectmahalta\\app\\Views\\Stafff\\HotelStaff\\reservation.php', 286)
 2 SYSTEMPATH\View\View.php(228): include('C:\\laragon\\www\\projectmahalta\\app\\Views\\Stafff\\HotelStaff\\reservation.php')
 3 SYSTEMPATH\View\View.php(231): CodeIgniter\View\View->CodeIgniter\View\{closure}()
 4 SYSTEMPATH\Common.php(1190): CodeIgniter\View\View->render('Stafff\\HotelStaff\\reservation', [], true)
 5 APPPATH\Controllers\StaffController.php(49): view('Stafff\\HotelStaff\\reservation', [...])
 6 SYSTEMPATH\CodeIgniter.php(942): App\Controllers\StaffController->reservation()
 7 SYSTEMPATH\CodeIgniter.php(502): CodeIgniter\CodeIgniter->runController(Object(App\Controllers\StaffController))
 8 SYSTEMPATH\CodeIgniter.php(361): CodeIgniter\CodeIgniter->handleRequest(null, Object(Config\Cache), false)
 9 FCPATH\index.php(79): CodeIgniter\CodeIgniter->run()
10 SYSTEMPATH\Commands\Server\rewrite.php(47): require_once('C:\\laragon\\www\\projectmahalta\\public\\index.php')
CRITICAL - 2024-01-24 11:32:01 --> Undefined array key "Email"
in APPPATH\Views\Stafff\RestaurantStaff\reservation.php on line 211.
 1 APPPATH\Views\Stafff\RestaurantStaff\reservation.php(211): CodeIgniter\Debug\Exceptions->errorHandler(2, 'Undefined array key "Email"', 'C:\\laragon\\www\\projectmahalta\\app\\Views\\Stafff\\RestaurantStaff\\reservation.php', 211)
 2 SYSTEMPATH\View\View.php(228): include('C:\\laragon\\www\\projectmahalta\\app\\Views\\Stafff\\RestaurantStaff\\reservation.php')
 3 SYSTEMPATH\View\View.php(231): CodeIgniter\View\View->CodeIgniter\View\{closure}()
 4 SYSTEMPATH\Common.php(1190): CodeIgniter\View\View->render('Stafff\\RestaurantStaff\\reservation', [], true)
 5 APPPATH\Controllers\StaffController.php(322): view('Stafff\\RestaurantStaff\\reservation', [...])
 6 SYSTEMPATH\CodeIgniter.php(942): App\Controllers\StaffController->resReservation()
 7 SYSTEMPATH\CodeIgniter.php(502): CodeIgniter\CodeIgniter->runController(Object(App\Controllers\StaffController))
 8 SYSTEMPATH\CodeIgniter.php(361): CodeIgniter\CodeIgniter->handleRequest(null, Object(Config\Cache), false)
 9 FCPATH\index.php(79): CodeIgniter\CodeIgniter->run()
10 SYSTEMPATH\Commands\Server\rewrite.php(47): require_once('C:\\laragon\\www\\projectmahalta\\public\\index.php')
CRITICAL - 2024-01-24 11:38:03 --> Undefined array key "Email"
in APPPATH\Views\Stafff\ConventionStaff\reservation.php on line 231.
 1 APPPATH\Views\Stafff\ConventionStaff\reservation.php(231): CodeIgniter\Debug\Exceptions->errorHandler(2, 'Undefined array key "Email"', 'C:\\laragon\\www\\projectmahalta\\app\\Views\\Stafff\\ConventionStaff\\reservation.php', 231)
 2 SYSTEMPATH\View\View.php(228): include('C:\\laragon\\www\\projectmahalta\\app\\Views\\Stafff\\ConventionStaff\\reservation.php')
 3 SYSTEMPATH\View\View.php(231): CodeIgniter\View\View->CodeIgniter\View\{closure}()
 4 SYSTEMPATH\Common.php(1190): CodeIgniter\View\View->render('Stafff\\ConventionStaff\\reservation', [], true)
 5 APPPATH\Controllers\StaffController.php(471): view('Stafff\\ConventionStaff\\reservation', [...])
 6 SYSTEMPATH\CodeIgniter.php(942): App\Controllers\StaffController->conReservation()
 7 SYSTEMPATH\CodeIgniter.php(502): CodeIgniter\CodeIgniter->runController(Object(App\Controllers\StaffController))
 8 SYSTEMPATH\CodeIgniter.php(361): CodeIgniter\CodeIgniter->handleRequest(null, Object(Config\Cache), false)
 9 FCPATH\index.php(79): CodeIgniter\CodeIgniter->run()
10 SYSTEMPATH\Commands\Server\rewrite.php(47): require_once('C:\\laragon\\www\\projectmahalta\\public\\index.php')
CRITICAL - 2024-01-24 11:39:35 --> Undefined array key "Email"
in APPPATH\Views\Stafff\ConventionStaff\reservation.php on line 231.
 1 APPPATH\Views\Stafff\ConventionStaff\reservation.php(231): CodeIgniter\Debug\Exceptions->errorHandler(2, 'Undefined array key "Email"', 'C:\\laragon\\www\\projectmahalta\\app\\Views\\Stafff\\ConventionStaff\\reservation.php', 231)
 2 SYSTEMPATH\View\View.php(228): include('C:\\laragon\\www\\projectmahalta\\app\\Views\\Stafff\\ConventionStaff\\reservation.php')
 3 SYSTEMPATH\View\View.php(231): CodeIgniter\View\View->CodeIgniter\View\{closure}()
 4 SYSTEMPATH\Common.php(1190): CodeIgniter\View\View->render('Stafff\\ConventionStaff\\reservation', [], true)
 5 APPPATH\Controllers\StaffController.php(471): view('Stafff\\ConventionStaff\\reservation', [...])
 6 SYSTEMPATH\CodeIgniter.php(942): App\Controllers\StaffController->conReservation()
 7 SYSTEMPATH\CodeIgniter.php(502): CodeIgniter\CodeIgniter->runController(Object(App\Controllers\StaffController))
 8 SYSTEMPATH\CodeIgniter.php(361): CodeIgniter\CodeIgniter->handleRequest(null, Object(Config\Cache), false)
 9 FCPATH\index.php(79): CodeIgniter\CodeIgniter->run()
10 SYSTEMPATH\Commands\Server\rewrite.php(47): require_once('C:\\laragon\\www\\projectmahalta\\public\\index.php')
CRITICAL - 2024-01-24 11:43:50 --> Undefined array key "Image"
in APPPATH\Views\Stafff\ConventionStaff\events.php on line 147.
 1 APPPATH\Views\Stafff\ConventionStaff\events.php(147): CodeIgniter\Debug\Exceptions->errorHandler(2, 'Undefined array key "Image"', 'C:\\laragon\\www\\projectmahalta\\app\\Views\\Stafff\\ConventionStaff\\events.php', 147)
 2 SYSTEMPATH\View\View.php(228): include('C:\\laragon\\www\\projectmahalta\\app\\Views\\Stafff\\ConventionStaff\\events.php')
 3 SYSTEMPATH\View\View.php(231): CodeIgniter\View\View->CodeIgniter\View\{closure}()
 4 SYSTEMPATH\Common.php(1190): CodeIgniter\View\View->render('Stafff\\ConventionStaff\\events', [], true)
 5 APPPATH\Controllers\StaffController.php(606): view('Stafff\\ConventionStaff\\events', [...])
 6 SYSTEMPATH\CodeIgniter.php(942): App\Controllers\StaffController->conEvent()
 7 SYSTEMPATH\CodeIgniter.php(502): CodeIgniter\CodeIgniter->runController(Object(App\Controllers\StaffController))
 8 SYSTEMPATH\CodeIgniter.php(361): CodeIgniter\CodeIgniter->handleRequest(null, Object(Config\Cache), false)
 9 FCPATH\index.php(79): CodeIgniter\CodeIgniter->run()
10 SYSTEMPATH\Commands\Server\rewrite.php(47): require_once('C:\\laragon\\www\\projectmahalta\\public\\index.php')
CRITICAL - 2024-01-24 11:55:06 --> Undefined array key "Email"
in APPPATH\Views\Admin\Hotel\reservation.php on line 286.
 1 APPPATH\Views\Admin\Hotel\reservation.php(286): CodeIgniter\Debug\Exceptions->errorHandler(2, 'Undefined array key "Email"', 'C:\\laragon\\www\\projectmahalta\\app\\Views\\Admin\\Hotel\\reservation.php', 286)
 2 SYSTEMPATH\View\View.php(228): include('C:\\laragon\\www\\projectmahalta\\app\\Views\\Admin\\Hotel\\reservation.php')
 3 SYSTEMPATH\View\View.php(231): CodeIgniter\View\View->CodeIgniter\View\{closure}()
 4 SYSTEMPATH\Common.php(1190): CodeIgniter\View\View->render('Admin\\Hotel\\reservation', [], true)
 5 APPPATH\Controllers\AdminController.php(194): view('Admin\\Hotel\\reservation', [...])
 6 SYSTEMPATH\CodeIgniter.php(942): App\Controllers\AdminController->holReservation()
 7 SYSTEMPATH\CodeIgniter.php(502): CodeIgniter\CodeIgniter->runController(Object(App\Controllers\AdminController))
 8 SYSTEMPATH\CodeIgniter.php(361): CodeIgniter\CodeIgniter->handleRequest(null, Object(Config\Cache), false)
 9 FCPATH\index.php(79): CodeIgniter\CodeIgniter->run()
10 SYSTEMPATH\Commands\Server\rewrite.php(47): require_once('C:\\laragon\\www\\projectmahalta\\public\\index.php')
CRITICAL - 2024-01-24 11:55:34 --> Undefined array key "Email"
in APPPATH\Views\Admin\Hotel\reservation.php on line 286.
 1 APPPATH\Views\Admin\Hotel\reservation.php(286): CodeIgniter\Debug\Exceptions->errorHandler(2, 'Undefined array key "Email"', 'C:\\laragon\\www\\projectmahalta\\app\\Views\\Admin\\Hotel\\reservation.php', 286)
 2 SYSTEMPATH\View\View.php(228): include('C:\\laragon\\www\\projectmahalta\\app\\Views\\Admin\\Hotel\\reservation.php')
 3 SYSTEMPATH\View\View.php(231): CodeIgniter\View\View->CodeIgniter\View\{closure}()
 4 SYSTEMPATH\Common.php(1190): CodeIgniter\View\View->render('Admin\\Hotel\\reservation', [], true)
 5 APPPATH\Controllers\AdminController.php(194): view('Admin\\Hotel\\reservation', [...])
 6 SYSTEMPATH\CodeIgniter.php(942): App\Controllers\AdminController->holReservation()
 7 SYSTEMPATH\CodeIgniter.php(502): CodeIgniter\CodeIgniter->runController(Object(App\Controllers\AdminController))
 8 SYSTEMPATH\CodeIgniter.php(361): CodeIgniter\CodeIgniter->handleRequest(null, Object(Config\Cache), false)
 9 FCPATH\index.php(79): CodeIgniter\CodeIgniter->run()
10 SYSTEMPATH\Commands\Server\rewrite.php(47): require_once('C:\\laragon\\www\\projectmahalta\\public\\index.php')
CRITICAL - 2024-01-24 11:58:56 --> Undefined array key "Email"
in APPPATH\Views\Admin\Restaurant\reservation.php on line 211.
 1 APPPATH\Views\Admin\Restaurant\reservation.php(211): CodeIgniter\Debug\Exceptions->errorHandler(2, 'Undefined array key "Email"', 'C:\\laragon\\www\\projectmahalta\\app\\Views\\Admin\\Restaurant\\reservation.php', 211)
 2 SYSTEMPATH\View\View.php(228): include('C:\\laragon\\www\\projectmahalta\\app\\Views\\Admin\\Restaurant\\reservation.php')
 3 SYSTEMPATH\View\View.php(231): CodeIgniter\View\View->CodeIgniter\View\{closure}()
 4 SYSTEMPATH\Common.php(1190): CodeIgniter\View\View->render('Admin\\Restaurant\\reservation', [], true)
 5 APPPATH\Controllers\AdminController.php(346): view('Admin\\Restaurant\\reservation', [...])
 6 SYSTEMPATH\CodeIgniter.php(942): App\Controllers\AdminController->resReservation()
 7 SYSTEMPATH\CodeIgniter.php(502): CodeIgniter\CodeIgniter->runController(Object(App\Controllers\AdminController))
 8 SYSTEMPATH\CodeIgniter.php(361): CodeIgniter\CodeIgniter->handleRequest(null, Object(Config\Cache), false)
 9 FCPATH\index.php(79): CodeIgniter\CodeIgniter->run()
10 SYSTEMPATH\Commands\Server\rewrite.php(47): require_once('C:\\laragon\\www\\projectmahalta\\public\\index.php')
CRITICAL - 2024-01-24 12:03:56 --> Undefined variable $reevents
in APPPATH\Views\Admin\Convention\reservation.php on line 154.
 1 APPPATH\Views\Admin\Convention\reservation.php(154): CodeIgniter\Debug\Exceptions->errorHandler(2, 'Undefined variable $reevents', 'C:\\laragon\\www\\projectmahalta\\app\\Views\\Admin\\Convention\\reservation.php', 154)
 2 SYSTEMPATH\View\View.php(228): include('C:\\laragon\\www\\projectmahalta\\app\\Views\\Admin\\Convention\\reservation.php')
 3 SYSTEMPATH\View\View.php(231): CodeIgniter\View\View->CodeIgniter\View\{closure}()
 4 SYSTEMPATH\Common.php(1190): CodeIgniter\View\View->render('Admin\\Convention\\reservation', [], true)
 5 APPPATH\Controllers\AdminController.php(478): view('Admin\\Convention\\reservation', [...])
 6 SYSTEMPATH\CodeIgniter.php(942): App\Controllers\AdminController->conReservation()
 7 SYSTEMPATH\CodeIgniter.php(502): CodeIgniter\CodeIgniter->runController(Object(App\Controllers\AdminController))
 8 SYSTEMPATH\CodeIgniter.php(361): CodeIgniter\CodeIgniter->handleRequest(null, Object(Config\Cache), false)
 9 FCPATH\index.php(79): CodeIgniter\CodeIgniter->run()
10 SYSTEMPATH\Commands\Server\rewrite.php(47): require_once('C:\\laragon\\www\\projectmahalta\\public\\index.php')
CRITICAL - 2024-01-24 12:08:34 --> Undefined variable $events
in APPPATH\Views\Hotell\convention.php on line 32.
 1 APPPATH\Views\Hotell\convention.php(32): CodeIgniter\Debug\Exceptions->errorHandler(2, 'Undefined variable $events', 'C:\\laragon\\www\\projectmahalta\\app\\Views\\Hotell\\convention.php', 32)
 2 SYSTEMPATH\View\View.php(228): include('C:\\laragon\\www\\projectmahalta\\app\\Views\\Hotell\\convention.php')
 3 SYSTEMPATH\View\View.php(231): CodeIgniter\View\View->CodeIgniter\View\{closure}()
 4 SYSTEMPATH\Common.php(1190): CodeIgniter\View\View->render('Hotell\\convention', [], true)
 5 APPPATH\Controllers\GuestController.php(93): view('Hotell\\convention', [...])
 6 SYSTEMPATH\CodeIgniter.php(942): App\Controllers\GuestController->convention()
 7 SYSTEMPATH\CodeIgniter.php(502): CodeIgniter\CodeIgniter->runController(Object(App\Controllers\GuestController))
 8 SYSTEMPATH\CodeIgniter.php(361): CodeIgniter\CodeIgniter->handleRequest(null, Object(Config\Cache), false)
 9 FCPATH\index.php(79): CodeIgniter\CodeIgniter->run()
10 SYSTEMPATH\Commands\Server\rewrite.php(47): require_once('C:\\laragon\\www\\projectmahalta\\public\\index.php')
