ERROR - 2024-03-18 10:58:07 --> mysqli_sql_exception: Unknown column 'users.Address' in 'field list' in C:\laragon\www\projectmahalta\system\Database\MySQLi\Connection.php:306
Stack trace:
#0 C:\laragon\www\projectmahalta\system\Database\MySQLi\Connection.php(306): mysqli->query('SELECT `staff_d...', 0)
#1 C:\laragon\www\projectmahalta\system\Database\BaseConnection.php(693): CodeIgniter\Database\MySQLi\Connection->execute('SELECT `staff_d...')
#2 C:\laragon\www\projectmahalta\system\Database\BaseConnection.php(607): CodeIgniter\Database\BaseConnection->simpleQuery('SELECT `staff_d...')
#3 C:\laragon\www\projectmahalta\system\Database\BaseBuilder.php(1615): CodeIgniter\Database\BaseConnection->query('SELECT `staff_d...', Array, false)
#4 C:\laragon\www\projectmahalta\system\Model.php(237): CodeIgniter\Database\BaseBuilder->get()
#5 C:\laragon\www\projectmahalta\system\BaseModel.php(624): CodeIgniter\Model->doFindAll(0, 0)
#6 C:\laragon\www\projectmahalta\app\Controllers\AdminController.php(831): CodeIgniter\BaseModel->findAll()
#7 C:\laragon\www\projectmahalta\system\CodeIgniter.php(942): App\Controllers\AdminController->staffAccounts()
#8 C:\laragon\www\projectmahalta\system\CodeIgniter.php(502): CodeIgniter\CodeIgniter->runController(Object(App\Controllers\AdminController))
#9 C:\laragon\www\projectmahalta\system\CodeIgniter.php(361): CodeIgniter\CodeIgniter->handleRequest(NULL, Object(Config\Cache), false)
#10 C:\laragon\www\projectmahalta\public\index.php(79): CodeIgniter\CodeIgniter->run()
#11 C:\laragon\www\projectmahalta\system\Commands\Server\rewrite.php(47): require_once('C:\\laragon\\www\\...')
#12 {main}
CRITICAL - 2024-03-18 10:58:07 --> Unknown column 'users.Address' in 'field list'
in SYSTEMPATH\Database\BaseConnection.php on line 647.
 1 SYSTEMPATH\Database\BaseBuilder.php(1615): CodeIgniter\Database\BaseConnection->query('SELECT `staff_details`.`StaffDetailsID`, `departments`.`DepartmentID`, `departments`.`DepartmentName`, `users`.`UserID`, `users`.`FirstName`, `users`.`LastName`, `users`.`Email`, `users`.`ContactNumber`, `users`.`Address`
FROM `staff_details`
JOIN `departments` ON `staff_details`.`DepartmentID` = `departments`.`DepartmentID`
JOIN `users` ON `staff_details`.`UserID` = `users`.`UserID`', [], false)
 2 SYSTEMPATH\Model.php(237): CodeIgniter\Database\BaseBuilder->get()
 3 SYSTEMPATH\BaseModel.php(624): CodeIgniter\Model->doFindAll(0, 0)
 4 APPPATH\Controllers\AdminController.php(831): CodeIgniter\BaseModel->findAll()
 5 SYSTEMPATH\CodeIgniter.php(942): App\Controllers\AdminController->staffAccounts()
 6 SYSTEMPATH\CodeIgniter.php(502): CodeIgniter\CodeIgniter->runController(Object(App\Controllers\AdminController))
 7 SYSTEMPATH\CodeIgniter.php(361): CodeIgniter\CodeIgniter->handleRequest(null, Object(Config\Cache), false)
 8 FCPATH\index.php(79): CodeIgniter\CodeIgniter->run()
 9 SYSTEMPATH\Commands\Server\rewrite.php(47): require_once('C:\\laragon\\www\\projectmahalta\\public\\index.php')
ERROR - 2024-03-18 11:00:01 --> mysqli_sql_exception: Unknown column 'users.Address' in 'field list' in C:\laragon\www\projectmahalta\system\Database\MySQLi\Connection.php:306
Stack trace:
#0 C:\laragon\www\projectmahalta\system\Database\MySQLi\Connection.php(306): mysqli->query('SELECT `guest`....', 0)
#1 C:\laragon\www\projectmahalta\system\Database\BaseConnection.php(693): CodeIgniter\Database\MySQLi\Connection->execute('SELECT `guest`....')
#2 C:\laragon\www\projectmahalta\system\Database\BaseConnection.php(607): CodeIgniter\Database\BaseConnection->simpleQuery('SELECT `guest`....')
#3 C:\laragon\www\projectmahalta\system\Database\BaseBuilder.php(1615): CodeIgniter\Database\BaseConnection->query('SELECT `guest`....', Array, false)
#4 C:\laragon\www\projectmahalta\system\Model.php(237): CodeIgniter\Database\BaseBuilder->get()
#5 C:\laragon\www\projectmahalta\system\BaseModel.php(624): CodeIgniter\Model->doFindAll(0, 0)
#6 C:\laragon\www\projectmahalta\app\Controllers\AdminController.php(203): CodeIgniter\BaseModel->findAll()
#7 C:\laragon\www\projectmahalta\system\CodeIgniter.php(942): App\Controllers\AdminController->customer()
#8 C:\laragon\www\projectmahalta\system\CodeIgniter.php(502): CodeIgniter\CodeIgniter->runController(Object(App\Controllers\AdminController))
#9 C:\laragon\www\projectmahalta\system\CodeIgniter.php(361): CodeIgniter\CodeIgniter->handleRequest(NULL, Object(Config\Cache), false)
#10 C:\laragon\www\projectmahalta\public\index.php(79): CodeIgniter\CodeIgniter->run()
#11 C:\laragon\www\projectmahalta\system\Commands\Server\rewrite.php(47): require_once('C:\\laragon\\www\\...')
#12 {main}
CRITICAL - 2024-03-18 11:00:01 --> Unknown column 'users.Address' in 'field list'
in SYSTEMPATH\Database\BaseConnection.php on line 647.
 1 SYSTEMPATH\Database\BaseBuilder.php(1615): CodeIgniter\Database\BaseConnection->query('SELECT `guest`.`GuestID`, `guest`.`Status`, `users`.`UserID`, `users`.`FirstName`, `users`.`LastName`, `users`.`Email`, `users`.`ContactNumber`, `users`.`Address`
FROM `guest`
JOIN `users` ON `guest`.`UserID` = `users`.`UserID`', [], false)
 2 SYSTEMPATH\Model.php(237): CodeIgniter\Database\BaseBuilder->get()
 3 SYSTEMPATH\BaseModel.php(624): CodeIgniter\Model->doFindAll(0, 0)
 4 APPPATH\Controllers\AdminController.php(203): CodeIgniter\BaseModel->findAll()
 5 SYSTEMPATH\CodeIgniter.php(942): App\Controllers\AdminController->customer()
 6 SYSTEMPATH\CodeIgniter.php(502): CodeIgniter\CodeIgniter->runController(Object(App\Controllers\AdminController))
 7 SYSTEMPATH\CodeIgniter.php(361): CodeIgniter\CodeIgniter->handleRequest(null, Object(Config\Cache), false)
 8 FCPATH\index.php(79): CodeIgniter\CodeIgniter->run()
 9 SYSTEMPATH\Commands\Server\rewrite.php(47): require_once('C:\\laragon\\www\\projectmahalta\\public\\index.php')
ERROR - 2024-03-18 13:02:51 --> mysqli_sql_exception: Table 'caps.restaurant_dining_tables' doesn't exist in C:\laragon\www\projectmahalta\system\Database\MySQLi\Connection.php:306
Stack trace:
#0 C:\laragon\www\projectmahalta\system\Database\MySQLi\Connection.php(306): mysqli->query('SELECT `reserva...', 0)
#1 C:\laragon\www\projectmahalta\system\Database\BaseConnection.php(693): CodeIgniter\Database\MySQLi\Connection->execute('SELECT `reserva...')
#2 C:\laragon\www\projectmahalta\system\Database\BaseConnection.php(607): CodeIgniter\Database\BaseConnection->simpleQuery('SELECT `reserva...')
#3 C:\laragon\www\projectmahalta\system\Database\BaseBuilder.php(1615): CodeIgniter\Database\BaseConnection->query('SELECT `reserva...', Array, false)
#4 C:\laragon\www\projectmahalta\system\Model.php(237): CodeIgniter\Database\BaseBuilder->get()
#5 C:\laragon\www\projectmahalta\system\BaseModel.php(624): CodeIgniter\Model->doFindAll(0, 0)
#6 C:\laragon\www\projectmahalta\app\Controllers\AdminController.php(563): CodeIgniter\BaseModel->findAll()
#7 C:\laragon\www\projectmahalta\system\CodeIgniter.php(942): App\Controllers\AdminController->resReservation()
#8 C:\laragon\www\projectmahalta\system\CodeIgniter.php(502): CodeIgniter\CodeIgniter->runController(Object(App\Controllers\AdminController))
#9 C:\laragon\www\projectmahalta\system\CodeIgniter.php(361): CodeIgniter\CodeIgniter->handleRequest(NULL, Object(Config\Cache), false)
#10 C:\laragon\www\projectmahalta\public\index.php(79): CodeIgniter\CodeIgniter->run()
#11 C:\laragon\www\projectmahalta\system\Commands\Server\rewrite.php(47): require_once('C:\\laragon\\www\\...')
#12 {main}
CRITICAL - 2024-03-18 13:02:51 --> Table 'caps.restaurant_dining_tables' doesn't exist
in SYSTEMPATH\Database\BaseConnection.php on line 647.
 1 SYSTEMPATH\Database\BaseBuilder.php(1615): CodeIgniter\Database\BaseConnection->query('SELECT `reservations`.`ReservationID`, `restaurant_dining_tables`.`TableID`, `restaurant_dining_tables`.`Venue`, `reservations`.`CheckInDate`, `reservations`.`CheckOutDate`, `reservations`.`NumberOfGuests`, `reservations`.`Note`, `reservations`.`Status`, `users`.`UserID`, `users`.`FirstName`, `users`.`LastName`, `users`.`ContactNumber`, `users`.`Address`, `reservations`.`UserID`
FROM `reservations`
JOIN `restaurant_dining_tables` ON `reservations`.`TableID` = `restaurant_dining_tables`.`TableID`
JOIN `users` ON `reservations`.`UserID` = `users`.`UserID`', [], false)
 2 SYSTEMPATH\Model.php(237): CodeIgniter\Database\BaseBuilder->get()
 3 SYSTEMPATH\BaseModel.php(624): CodeIgniter\Model->doFindAll(0, 0)
 4 APPPATH\Controllers\AdminController.php(563): CodeIgniter\BaseModel->findAll()
 5 SYSTEMPATH\CodeIgniter.php(942): App\Controllers\AdminController->resReservation()
 6 SYSTEMPATH\CodeIgniter.php(502): CodeIgniter\CodeIgniter->runController(Object(App\Controllers\AdminController))
 7 SYSTEMPATH\CodeIgniter.php(361): CodeIgniter\CodeIgniter->handleRequest(null, Object(Config\Cache), false)
 8 FCPATH\index.php(79): CodeIgniter\CodeIgniter->run()
 9 SYSTEMPATH\Commands\Server\rewrite.php(47): require_once('C:\\laragon\\www\\projectmahalta\\public\\index.php')
CRITICAL - 2024-03-18 15:04:04 --> Cannot redeclare App\Controllers\GuestController::getAvailableVenues()
in APPPATH\Controllers\GuestController.php on line 586.
 1 [internal function]: CodeIgniter\Debug\Exceptions->shutdownHandler()
CRITICAL - 2024-03-18 15:17:11 --> Undefined variable $venuenames
in APPPATH\Views\Hotell\mainmenu.php on line 142.
 1 APPPATH\Views\Hotell\mainmenu.php(142): CodeIgniter\Debug\Exceptions->errorHandler(2, 'Undefined variable $venuenames', 'C:\\laragon\\www\\projectmahalta\\app\\Views\\Hotell\\mainmenu.php', 142)
 2 SYSTEMPATH\View\View.php(228): include('C:\\laragon\\www\\projectmahalta\\app\\Views\\Hotell\\mainmenu.php')
 3 SYSTEMPATH\View\View.php(231): CodeIgniter\View\View->CodeIgniter\View\{closure}()
 4 SYSTEMPATH\Common.php(1190): CodeIgniter\View\View->render('Hotell\\mainmenu', [], true)
 5 APPPATH\Controllers\GuestController.php(284): view('Hotell\\mainmenu', [...])
 6 SYSTEMPATH\CodeIgniter.php(942): App\Controllers\GuestController->mainmenu()
 7 SYSTEMPATH\CodeIgniter.php(502): CodeIgniter\CodeIgniter->runController(Object(App\Controllers\GuestController))
 8 SYSTEMPATH\CodeIgniter.php(361): CodeIgniter\CodeIgniter->handleRequest(null, Object(Config\Cache), false)
 9 FCPATH\index.php(79): CodeIgniter\CodeIgniter->run()
10 SYSTEMPATH\Commands\Server\rewrite.php(47): require_once('C:\\laragon\\www\\projectmahalta\\public\\index.php')
CRITICAL - 2024-03-18 15:18:17 --> Undefined variable $venuenames
in APPPATH\Views\Hotell\mainmenu.php on line 142.
 1 APPPATH\Views\Hotell\mainmenu.php(142): CodeIgniter\Debug\Exceptions->errorHandler(2, 'Undefined variable $venuenames', 'C:\\laragon\\www\\projectmahalta\\app\\Views\\Hotell\\mainmenu.php', 142)
 2 SYSTEMPATH\View\View.php(228): include('C:\\laragon\\www\\projectmahalta\\app\\Views\\Hotell\\mainmenu.php')
 3 SYSTEMPATH\View\View.php(231): CodeIgniter\View\View->CodeIgniter\View\{closure}()
 4 SYSTEMPATH\Common.php(1190): CodeIgniter\View\View->render('Hotell\\mainmenu', [], true)
 5 APPPATH\Controllers\GuestController.php(284): view('Hotell\\mainmenu', [...])
 6 SYSTEMPATH\CodeIgniter.php(942): App\Controllers\GuestController->mainmenu()
 7 SYSTEMPATH\CodeIgniter.php(502): CodeIgniter\CodeIgniter->runController(Object(App\Controllers\GuestController))
 8 SYSTEMPATH\CodeIgniter.php(361): CodeIgniter\CodeIgniter->handleRequest(null, Object(Config\Cache), false)
 9 FCPATH\index.php(79): CodeIgniter\CodeIgniter->run()
10 SYSTEMPATH\Commands\Server\rewrite.php(47): require_once('C:\\laragon\\www\\projectmahalta\\public\\index.php')
CRITICAL - 2024-03-18 15:19:16 --> Undefined variable $venuenames
in APPPATH\Views\Hotell\mainmenu.php on line 142.
 1 APPPATH\Views\Hotell\mainmenu.php(142): CodeIgniter\Debug\Exceptions->errorHandler(2, 'Undefined variable $venuenames', 'C:\\laragon\\www\\projectmahalta\\app\\Views\\Hotell\\mainmenu.php', 142)
 2 SYSTEMPATH\View\View.php(228): include('C:\\laragon\\www\\projectmahalta\\app\\Views\\Hotell\\mainmenu.php')
 3 SYSTEMPATH\View\View.php(231): CodeIgniter\View\View->CodeIgniter\View\{closure}()
 4 SYSTEMPATH\Common.php(1190): CodeIgniter\View\View->render('Hotell\\mainmenu', [], true)
 5 APPPATH\Controllers\GuestController.php(284): view('Hotell\\mainmenu', [...])
 6 SYSTEMPATH\CodeIgniter.php(942): App\Controllers\GuestController->mainmenu()
 7 SYSTEMPATH\CodeIgniter.php(502): CodeIgniter\CodeIgniter->runController(Object(App\Controllers\GuestController))
 8 SYSTEMPATH\CodeIgniter.php(361): CodeIgniter\CodeIgniter->handleRequest(null, Object(Config\Cache), false)
 9 FCPATH\index.php(79): CodeIgniter\CodeIgniter->run()
10 SYSTEMPATH\Commands\Server\rewrite.php(47): require_once('C:\\laragon\\www\\projectmahalta\\public\\index.php')
CRITICAL - 2024-03-18 15:19:17 --> Undefined variable $venuenames
in APPPATH\Views\Hotell\mainmenu.php on line 142.
 1 APPPATH\Views\Hotell\mainmenu.php(142): CodeIgniter\Debug\Exceptions->errorHandler(2, 'Undefined variable $venuenames', 'C:\\laragon\\www\\projectmahalta\\app\\Views\\Hotell\\mainmenu.php', 142)
 2 SYSTEMPATH\View\View.php(228): include('C:\\laragon\\www\\projectmahalta\\app\\Views\\Hotell\\mainmenu.php')
 3 SYSTEMPATH\View\View.php(231): CodeIgniter\View\View->CodeIgniter\View\{closure}()
 4 SYSTEMPATH\Common.php(1190): CodeIgniter\View\View->render('Hotell\\mainmenu', [], true)
 5 APPPATH\Controllers\GuestController.php(284): view('Hotell\\mainmenu', [...])
 6 SYSTEMPATH\CodeIgniter.php(942): App\Controllers\GuestController->mainmenu()
 7 SYSTEMPATH\CodeIgniter.php(502): CodeIgniter\CodeIgniter->runController(Object(App\Controllers\GuestController))
 8 SYSTEMPATH\CodeIgniter.php(361): CodeIgniter\CodeIgniter->handleRequest(null, Object(Config\Cache), false)
 9 FCPATH\index.php(79): CodeIgniter\CodeIgniter->run()
10 SYSTEMPATH\Commands\Server\rewrite.php(47): require_once('C:\\laragon\\www\\projectmahalta\\public\\index.php')
CRITICAL - 2024-03-18 15:20:17 --> Undefined variable $vnames
in APPPATH\Views\Hotell\mainmenu.php on line 142.
 1 APPPATH\Views\Hotell\mainmenu.php(142): CodeIgniter\Debug\Exceptions->errorHandler(2, 'Undefined variable $vnames', 'C:\\laragon\\www\\projectmahalta\\app\\Views\\Hotell\\mainmenu.php', 142)
 2 SYSTEMPATH\View\View.php(228): include('C:\\laragon\\www\\projectmahalta\\app\\Views\\Hotell\\mainmenu.php')
 3 SYSTEMPATH\View\View.php(231): CodeIgniter\View\View->CodeIgniter\View\{closure}()
 4 SYSTEMPATH\Common.php(1190): CodeIgniter\View\View->render('Hotell\\mainmenu', [], true)
 5 APPPATH\Controllers\GuestController.php(284): view('Hotell\\mainmenu', [...])
 6 SYSTEMPATH\CodeIgniter.php(942): App\Controllers\GuestController->mainmenu()
 7 SYSTEMPATH\CodeIgniter.php(502): CodeIgniter\CodeIgniter->runController(Object(App\Controllers\GuestController))
 8 SYSTEMPATH\CodeIgniter.php(361): CodeIgniter\CodeIgniter->handleRequest(null, Object(Config\Cache), false)
 9 FCPATH\index.php(79): CodeIgniter\CodeIgniter->run()
10 SYSTEMPATH\Commands\Server\rewrite.php(47): require_once('C:\\laragon\\www\\projectmahalta\\public\\index.php')
ERROR - 2024-03-18 22:08:59 --> mysqli_sql_exception: Unknown column 'users.Address' in 'field list' in C:\laragon\www\projectmahalta\system\Database\MySQLi\Connection.php:306
Stack trace:
#0 C:\laragon\www\projectmahalta\system\Database\MySQLi\Connection.php(306): mysqli->query('SELECT `guest`....', 0)
#1 C:\laragon\www\projectmahalta\system\Database\BaseConnection.php(693): CodeIgniter\Database\MySQLi\Connection->execute('SELECT `guest`....')
#2 C:\laragon\www\projectmahalta\system\Database\BaseConnection.php(607): CodeIgniter\Database\BaseConnection->simpleQuery('SELECT `guest`....')
#3 C:\laragon\www\projectmahalta\system\Database\BaseBuilder.php(1615): CodeIgniter\Database\BaseConnection->query('SELECT `guest`....', Array, false)
#4 C:\laragon\www\projectmahalta\system\Model.php(237): CodeIgniter\Database\BaseBuilder->get()
#5 C:\laragon\www\projectmahalta\system\BaseModel.php(624): CodeIgniter\Model->doFindAll(0, 0)
#6 C:\laragon\www\projectmahalta\app\Controllers\AdminController.php(203): CodeIgniter\BaseModel->findAll()
#7 C:\laragon\www\projectmahalta\system\CodeIgniter.php(942): App\Controllers\AdminController->customer()
#8 C:\laragon\www\projectmahalta\system\CodeIgniter.php(502): CodeIgniter\CodeIgniter->runController(Object(App\Controllers\AdminController))
#9 C:\laragon\www\projectmahalta\system\CodeIgniter.php(361): CodeIgniter\CodeIgniter->handleRequest(NULL, Object(Config\Cache), false)
#10 C:\laragon\www\projectmahalta\public\index.php(79): CodeIgniter\CodeIgniter->run()
#11 C:\laragon\www\projectmahalta\system\Commands\Server\rewrite.php(47): require_once('C:\\laragon\\www\\...')
#12 {main}
CRITICAL - 2024-03-18 22:08:59 --> Unknown column 'users.Address' in 'field list'
in SYSTEMPATH\Database\BaseConnection.php on line 647.
 1 SYSTEMPATH\Database\BaseBuilder.php(1615): CodeIgniter\Database\BaseConnection->query('SELECT `guest`.`GuestID`, `guest`.`Status`, `users`.`UserID`, `users`.`FirstName`, `users`.`LastName`, `users`.`Email`, `users`.`ContactNumber`, `users`.`Address`
FROM `guest`
JOIN `users` ON `guest`.`UserID` = `users`.`UserID`', [], false)
 2 SYSTEMPATH\Model.php(237): CodeIgniter\Database\BaseBuilder->get()
 3 SYSTEMPATH\BaseModel.php(624): CodeIgniter\Model->doFindAll(0, 0)
 4 APPPATH\Controllers\AdminController.php(203): CodeIgniter\BaseModel->findAll()
 5 SYSTEMPATH\CodeIgniter.php(942): App\Controllers\AdminController->customer()
 6 SYSTEMPATH\CodeIgniter.php(502): CodeIgniter\CodeIgniter->runController(Object(App\Controllers\AdminController))
 7 SYSTEMPATH\CodeIgniter.php(361): CodeIgniter\CodeIgniter->handleRequest(null, Object(Config\Cache), false)
 8 FCPATH\index.php(79): CodeIgniter\CodeIgniter->run()
 9 SYSTEMPATH\Commands\Server\rewrite.php(47): require_once('C:\\laragon\\www\\projectmahalta\\public\\index.php')
ERROR - 2024-03-18 22:10:11 --> mysqli_sql_exception: Unknown column 'users.Address' in 'field list' in C:\laragon\www\projectmahalta\system\Database\MySQLi\Connection.php:306
Stack trace:
#0 C:\laragon\www\projectmahalta\system\Database\MySQLi\Connection.php(306): mysqli->query('SELECT `staff_d...', 0)
#1 C:\laragon\www\projectmahalta\system\Database\BaseConnection.php(693): CodeIgniter\Database\MySQLi\Connection->execute('SELECT `staff_d...')
#2 C:\laragon\www\projectmahalta\system\Database\BaseConnection.php(607): CodeIgniter\Database\BaseConnection->simpleQuery('SELECT `staff_d...')
#3 C:\laragon\www\projectmahalta\system\Database\BaseBuilder.php(1615): CodeIgniter\Database\BaseConnection->query('SELECT `staff_d...', Array, false)
#4 C:\laragon\www\projectmahalta\system\Model.php(237): CodeIgniter\Database\BaseBuilder->get()
#5 C:\laragon\www\projectmahalta\system\BaseModel.php(624): CodeIgniter\Model->doFindAll(0, 0)
#6 C:\laragon\www\projectmahalta\app\Controllers\AdminController.php(831): CodeIgniter\BaseModel->findAll()
#7 C:\laragon\www\projectmahalta\system\CodeIgniter.php(942): App\Controllers\AdminController->staffAccounts()
#8 C:\laragon\www\projectmahalta\system\CodeIgniter.php(502): CodeIgniter\CodeIgniter->runController(Object(App\Controllers\AdminController))
#9 C:\laragon\www\projectmahalta\system\CodeIgniter.php(361): CodeIgniter\CodeIgniter->handleRequest(NULL, Object(Config\Cache), false)
#10 C:\laragon\www\projectmahalta\public\index.php(79): CodeIgniter\CodeIgniter->run()
#11 C:\laragon\www\projectmahalta\system\Commands\Server\rewrite.php(47): require_once('C:\\laragon\\www\\...')
#12 {main}
CRITICAL - 2024-03-18 22:10:11 --> Unknown column 'users.Address' in 'field list'
in SYSTEMPATH\Database\BaseConnection.php on line 647.
 1 SYSTEMPATH\Database\BaseBuilder.php(1615): CodeIgniter\Database\BaseConnection->query('SELECT `staff_details`.`StaffDetailsID`, `departments`.`DepartmentID`, `departments`.`DepartmentName`, `users`.`UserID`, `users`.`FirstName`, `users`.`LastName`, `users`.`Email`, `users`.`ContactNumber`, `users`.`Address`
FROM `staff_details`
JOIN `departments` ON `staff_details`.`DepartmentID` = `departments`.`DepartmentID`
JOIN `users` ON `staff_details`.`UserID` = `users`.`UserID`', [], false)
 2 SYSTEMPATH\Model.php(237): CodeIgniter\Database\BaseBuilder->get()
 3 SYSTEMPATH\BaseModel.php(624): CodeIgniter\Model->doFindAll(0, 0)
 4 APPPATH\Controllers\AdminController.php(831): CodeIgniter\BaseModel->findAll()
 5 SYSTEMPATH\CodeIgniter.php(942): App\Controllers\AdminController->staffAccounts()
 6 SYSTEMPATH\CodeIgniter.php(502): CodeIgniter\CodeIgniter->runController(Object(App\Controllers\AdminController))
 7 SYSTEMPATH\CodeIgniter.php(361): CodeIgniter\CodeIgniter->handleRequest(null, Object(Config\Cache), false)
 8 FCPATH\index.php(79): CodeIgniter\CodeIgniter->run()
 9 SYSTEMPATH\Commands\Server\rewrite.php(47): require_once('C:\\laragon\\www\\projectmahalta\\public\\index.php')
CRITICAL - 2024-03-18 22:15:48 --> Undefined array key "FirstName"
in APPPATH\Views\Admin\staffAccount.php on line 158.
 1 APPPATH\Views\Admin\staffAccount.php(158): CodeIgniter\Debug\Exceptions->errorHandler(2, 'Undefined array key "FirstName"', 'C:\\laragon\\www\\projectmahalta\\app\\Views\\Admin\\staffAccount.php', 158)
 2 SYSTEMPATH\View\View.php(228): include('C:\\laragon\\www\\projectmahalta\\app\\Views\\Admin\\staffAccount.php')
 3 SYSTEMPATH\View\View.php(231): CodeIgniter\View\View->CodeIgniter\View\{closure}()
 4 SYSTEMPATH\Common.php(1190): CodeIgniter\View\View->render('Admin\\staffAccount', [], true)
 5 APPPATH\Controllers\AdminController.php(833): view('Admin\\staffAccount', [...])
 6 SYSTEMPATH\CodeIgniter.php(942): App\Controllers\AdminController->staffAccounts()
 7 SYSTEMPATH\CodeIgniter.php(502): CodeIgniter\CodeIgniter->runController(Object(App\Controllers\AdminController))
 8 SYSTEMPATH\CodeIgniter.php(361): CodeIgniter\CodeIgniter->handleRequest(null, Object(Config\Cache), false)
 9 FCPATH\index.php(79): CodeIgniter\CodeIgniter->run()
10 SYSTEMPATH\Commands\Server\rewrite.php(47): require_once('C:\\laragon\\www\\projectmahalta\\public\\index.php')
CRITICAL - 2024-03-18 22:16:53 --> Undefined array key "FirstName"
in APPPATH\Views\Admin\staffAccount.php on line 158.
 1 APPPATH\Views\Admin\staffAccount.php(158): CodeIgniter\Debug\Exceptions->errorHandler(2, 'Undefined array key "FirstName"', 'C:\\laragon\\www\\projectmahalta\\app\\Views\\Admin\\staffAccount.php', 158)
 2 SYSTEMPATH\View\View.php(228): include('C:\\laragon\\www\\projectmahalta\\app\\Views\\Admin\\staffAccount.php')
 3 SYSTEMPATH\View\View.php(231): CodeIgniter\View\View->CodeIgniter\View\{closure}()
 4 SYSTEMPATH\Common.php(1190): CodeIgniter\View\View->render('Admin\\staffAccount', [], true)
 5 APPPATH\Controllers\AdminController.php(833): view('Admin\\staffAccount', [...])
 6 SYSTEMPATH\CodeIgniter.php(942): App\Controllers\AdminController->staffAccounts()
 7 SYSTEMPATH\CodeIgniter.php(502): CodeIgniter\CodeIgniter->runController(Object(App\Controllers\AdminController))
 8 SYSTEMPATH\CodeIgniter.php(361): CodeIgniter\CodeIgniter->handleRequest(null, Object(Config\Cache), false)
 9 FCPATH\index.php(79): CodeIgniter\CodeIgniter->run()
10 SYSTEMPATH\Commands\Server\rewrite.php(47): require_once('C:\\laragon\\www\\projectmahalta\\public\\index.php')
CRITICAL - 2024-03-18 22:19:27 --> Undefined array key "FullName"
in APPPATH\Views\Admin\staffAccount.php on line 215.
 1 APPPATH\Views\Admin\staffAccount.php(215): CodeIgniter\Debug\Exceptions->errorHandler(2, 'Undefined array key "FullName"', 'C:\\laragon\\www\\projectmahalta\\app\\Views\\Admin\\staffAccount.php', 215)
 2 SYSTEMPATH\View\View.php(228): include('C:\\laragon\\www\\projectmahalta\\app\\Views\\Admin\\staffAccount.php')
 3 SYSTEMPATH\View\View.php(231): CodeIgniter\View\View->CodeIgniter\View\{closure}()
 4 SYSTEMPATH\Common.php(1190): CodeIgniter\View\View->render('Admin\\staffAccount', [], true)
 5 APPPATH\Controllers\AdminController.php(833): view('Admin\\staffAccount', [...])
 6 SYSTEMPATH\CodeIgniter.php(942): App\Controllers\AdminController->staffAccounts()
 7 SYSTEMPATH\CodeIgniter.php(502): CodeIgniter\CodeIgniter->runController(Object(App\Controllers\AdminController))
 8 SYSTEMPATH\CodeIgniter.php(361): CodeIgniter\CodeIgniter->handleRequest(null, Object(Config\Cache), false)
 9 FCPATH\index.php(79): CodeIgniter\CodeIgniter->run()
10 SYSTEMPATH\Commands\Server\rewrite.php(47): require_once('C:\\laragon\\www\\projectmahalta\\public\\index.php')
CRITICAL - 2024-03-18 22:20:01 --> Undefined array key "FirstName"
in APPPATH\Views\Admin\staffAccount.php on line 158.
 1 APPPATH\Views\Admin\staffAccount.php(158): CodeIgniter\Debug\Exceptions->errorHandler(2, 'Undefined array key "FirstName"', 'C:\\laragon\\www\\projectmahalta\\app\\Views\\Admin\\staffAccount.php', 158)
 2 SYSTEMPATH\View\View.php(228): include('C:\\laragon\\www\\projectmahalta\\app\\Views\\Admin\\staffAccount.php')
 3 SYSTEMPATH\View\View.php(231): CodeIgniter\View\View->CodeIgniter\View\{closure}()
 4 SYSTEMPATH\Common.php(1190): CodeIgniter\View\View->render('Admin\\staffAccount', [], true)
 5 APPPATH\Controllers\AdminController.php(833): view('Admin\\staffAccount', [...])
 6 SYSTEMPATH\CodeIgniter.php(942): App\Controllers\AdminController->staffAccounts()
 7 SYSTEMPATH\CodeIgniter.php(502): CodeIgniter\CodeIgniter->runController(Object(App\Controllers\AdminController))
 8 SYSTEMPATH\CodeIgniter.php(361): CodeIgniter\CodeIgniter->handleRequest(null, Object(Config\Cache), false)
 9 FCPATH\index.php(79): CodeIgniter\CodeIgniter->run()
10 SYSTEMPATH\Commands\Server\rewrite.php(47): require_once('C:\\laragon\\www\\projectmahalta\\public\\index.php')
CRITICAL - 2024-03-18 22:23:14 --> Undefined array key "FullName"
in APPPATH\Views\Admin\staffAccount.php on line 215.
 1 APPPATH\Views\Admin\staffAccount.php(215): CodeIgniter\Debug\Exceptions->errorHandler(2, 'Undefined array key "FullName"', 'C:\\laragon\\www\\projectmahalta\\app\\Views\\Admin\\staffAccount.php', 215)
 2 SYSTEMPATH\View\View.php(228): include('C:\\laragon\\www\\projectmahalta\\app\\Views\\Admin\\staffAccount.php')
 3 SYSTEMPATH\View\View.php(231): CodeIgniter\View\View->CodeIgniter\View\{closure}()
 4 SYSTEMPATH\Common.php(1190): CodeIgniter\View\View->render('Admin\\staffAccount', [], true)
 5 APPPATH\Controllers\AdminController.php(833): view('Admin\\staffAccount', [...])
 6 SYSTEMPATH\CodeIgniter.php(942): App\Controllers\AdminController->staffAccounts()
 7 SYSTEMPATH\CodeIgniter.php(502): CodeIgniter\CodeIgniter->runController(Object(App\Controllers\AdminController))
 8 SYSTEMPATH\CodeIgniter.php(361): CodeIgniter\CodeIgniter->handleRequest(null, Object(Config\Cache), false)
 9 FCPATH\index.php(79): CodeIgniter\CodeIgniter->run()
10 SYSTEMPATH\Commands\Server\rewrite.php(47): require_once('C:\\laragon\\www\\projectmahalta\\public\\index.php')
CRITICAL - 2024-03-18 22:25:34 --> Undefined variable $regions
in APPPATH\Views\Admin\staffAccount.php on line 121.
 1 APPPATH\Views\Admin\staffAccount.php(121): CodeIgniter\Debug\Exceptions->errorHandler(2, 'Undefined variable $regions', 'C:\\laragon\\www\\projectmahalta\\app\\Views\\Admin\\staffAccount.php', 121)
 2 SYSTEMPATH\View\View.php(228): include('C:\\laragon\\www\\projectmahalta\\app\\Views\\Admin\\staffAccount.php')
 3 SYSTEMPATH\View\View.php(231): CodeIgniter\View\View->CodeIgniter\View\{closure}()
 4 SYSTEMPATH\Common.php(1190): CodeIgniter\View\View->render('Admin\\staffAccount', [], true)
 5 APPPATH\Controllers\AdminController.php(833): view('Admin\\staffAccount', [...])
 6 SYSTEMPATH\CodeIgniter.php(942): App\Controllers\AdminController->staffAccounts()
 7 SYSTEMPATH\CodeIgniter.php(502): CodeIgniter\CodeIgniter->runController(Object(App\Controllers\AdminController))
 8 SYSTEMPATH\CodeIgniter.php(361): CodeIgniter\CodeIgniter->handleRequest(null, Object(Config\Cache), false)
 9 FCPATH\index.php(79): CodeIgniter\CodeIgniter->run()
10 SYSTEMPATH\Commands\Server\rewrite.php(47): require_once('C:\\laragon\\www\\projectmahalta\\public\\index.php')
CRITICAL - 2024-03-18 22:29:51 --> Undefined variable $regions
in APPPATH\Views\Admin\staffAccount.php on line 121.
 1 APPPATH\Views\Admin\staffAccount.php(121): CodeIgniter\Debug\Exceptions->errorHandler(2, 'Undefined variable $regions', 'C:\\laragon\\www\\projectmahalta\\app\\Views\\Admin\\staffAccount.php', 121)
 2 SYSTEMPATH\View\View.php(228): include('C:\\laragon\\www\\projectmahalta\\app\\Views\\Admin\\staffAccount.php')
 3 SYSTEMPATH\View\View.php(231): CodeIgniter\View\View->CodeIgniter\View\{closure}()
 4 SYSTEMPATH\Common.php(1190): CodeIgniter\View\View->render('Admin\\staffAccount', [], true)
 5 APPPATH\Controllers\AdminController.php(847): view('Admin\\staffAccount', [...])
 6 SYSTEMPATH\CodeIgniter.php(942): App\Controllers\AdminController->staffAccounts()
 7 SYSTEMPATH\CodeIgniter.php(502): CodeIgniter\CodeIgniter->runController(Object(App\Controllers\AdminController))
 8 SYSTEMPATH\CodeIgniter.php(361): CodeIgniter\CodeIgniter->handleRequest(null, Object(Config\Cache), false)
 9 FCPATH\index.php(79): CodeIgniter\CodeIgniter->run()
10 SYSTEMPATH\Commands\Server\rewrite.php(47): require_once('C:\\laragon\\www\\projectmahalta\\public\\index.php')
CRITICAL - 2024-03-18 22:31:25 --> Cannot use empty array elements in arrays
in APPPATH\Controllers\AdminController.php on line 842.
 1 [internal function]: CodeIgniter\Debug\Exceptions->shutdownHandler()
