CRITICAL - 2024-02-03 12:24:31 --> count(): Argument #1 ($value) must be of type Countable|array, null given
in APPPATH\Views\Admin\index.php on line 97.
 1 SYSTEMPATH\View\View.php(228): include()
 2 SYSTEMPATH\View\View.php(231): CodeIgniter\View\View->CodeIgniter\View\{closure}()
 3 SYSTEMPATH\Common.php(1190): CodeIgniter\View\View->render('Admin\\index', [], true)
 4 APPPATH\Controllers\AdminController.php(55): view('Admin\\index', [...])
 5 SYSTEMPATH\CodeIgniter.php(942): App\Controllers\AdminController->dashboard()
 6 SYSTEMPATH\CodeIgniter.php(502): CodeIgniter\CodeIgniter->runController(Object(App\Controllers\AdminController))
 7 SYSTEMPATH\CodeIgniter.php(361): CodeIgniter\CodeIgniter->handleRequest(null, Object(Config\Cache), false)
 8 FCPATH\index.php(79): CodeIgniter\CodeIgniter->run()
 9 SYSTEMPATH\Commands\Server\rewrite.php(47): require_once('C:\\laragon\\www\\projectmahalta\\public\\index.php')
CRITICAL - 2024-02-03 12:25:45 --> count(): Argument #1 ($value) must be of type Countable|array, null given
in APPPATH\Views\Admin\index.php on line 97.
 1 SYSTEMPATH\View\View.php(228): include()
 2 SYSTEMPATH\View\View.php(231): CodeIgniter\View\View->CodeIgniter\View\{closure}()
 3 SYSTEMPATH\Common.php(1190): CodeIgniter\View\View->render('Admin\\index', [], true)
 4 APPPATH\Controllers\AdminController.php(55): view('Admin\\index', [...])
 5 SYSTEMPATH\CodeIgniter.php(942): App\Controllers\AdminController->dashboard()
 6 SYSTEMPATH\CodeIgniter.php(502): CodeIgniter\CodeIgniter->runController(Object(App\Controllers\AdminController))
 7 SYSTEMPATH\CodeIgniter.php(361): CodeIgniter\CodeIgniter->handleRequest(null, Object(Config\Cache), false)
 8 FCPATH\index.php(79): CodeIgniter\CodeIgniter->run()
 9 SYSTEMPATH\Commands\Server\rewrite.php(47): require_once('C:\\laragon\\www\\projectmahalta\\public\\index.php')
CRITICAL - 2024-02-03 12:25:46 --> count(): Argument #1 ($value) must be of type Countable|array, null given
in APPPATH\Views\Admin\index.php on line 97.
 1 SYSTEMPATH\View\View.php(228): include()
 2 SYSTEMPATH\View\View.php(231): CodeIgniter\View\View->CodeIgniter\View\{closure}()
 3 SYSTEMPATH\Common.php(1190): CodeIgniter\View\View->render('Admin\\index', [], true)
 4 APPPATH\Controllers\AdminController.php(55): view('Admin\\index', [...])
 5 SYSTEMPATH\CodeIgniter.php(942): App\Controllers\AdminController->dashboard()
 6 SYSTEMPATH\CodeIgniter.php(502): CodeIgniter\CodeIgniter->runController(Object(App\Controllers\AdminController))
 7 SYSTEMPATH\CodeIgniter.php(361): CodeIgniter\CodeIgniter->handleRequest(null, Object(Config\Cache), false)
 8 FCPATH\index.php(79): CodeIgniter\CodeIgniter->run()
 9 SYSTEMPATH\Commands\Server\rewrite.php(47): require_once('C:\\laragon\\www\\projectmahalta\\public\\index.php')
CRITICAL - 2024-02-03 12:27:02 --> count(): Argument #1 ($value) must be of type Countable|array, null given
in APPPATH\Views\Admin\index.php on line 97.
 1 SYSTEMPATH\View\View.php(228): include()
 2 SYSTEMPATH\View\View.php(231): CodeIgniter\View\View->CodeIgniter\View\{closure}()
 3 SYSTEMPATH\Common.php(1190): CodeIgniter\View\View->render('Admin\\index', [], true)
 4 APPPATH\Controllers\AdminController.php(55): view('Admin\\index', [...])
 5 SYSTEMPATH\CodeIgniter.php(942): App\Controllers\AdminController->dashboard()
 6 SYSTEMPATH\CodeIgniter.php(502): CodeIgniter\CodeIgniter->runController(Object(App\Controllers\AdminController))
 7 SYSTEMPATH\CodeIgniter.php(361): CodeIgniter\CodeIgniter->handleRequest(null, Object(Config\Cache), false)
 8 FCPATH\index.php(79): CodeIgniter\CodeIgniter->run()
 9 SYSTEMPATH\Commands\Server\rewrite.php(47): require_once('C:\\laragon\\www\\projectmahalta\\public\\index.php')
CRITICAL - 2024-02-03 12:27:03 --> count(): Argument #1 ($value) must be of type Countable|array, null given
in APPPATH\Views\Admin\index.php on line 97.
 1 SYSTEMPATH\View\View.php(228): include()
 2 SYSTEMPATH\View\View.php(231): CodeIgniter\View\View->CodeIgniter\View\{closure}()
 3 SYSTEMPATH\Common.php(1190): CodeIgniter\View\View->render('Admin\\index', [], true)
 4 APPPATH\Controllers\AdminController.php(55): view('Admin\\index', [...])
 5 SYSTEMPATH\CodeIgniter.php(942): App\Controllers\AdminController->dashboard()
 6 SYSTEMPATH\CodeIgniter.php(502): CodeIgniter\CodeIgniter->runController(Object(App\Controllers\AdminController))
 7 SYSTEMPATH\CodeIgniter.php(361): CodeIgniter\CodeIgniter->handleRequest(null, Object(Config\Cache), false)
 8 FCPATH\index.php(79): CodeIgniter\CodeIgniter->run()
 9 SYSTEMPATH\Commands\Server\rewrite.php(47): require_once('C:\\laragon\\www\\projectmahalta\\public\\index.php')
CRITICAL - 2024-02-03 12:27:17 --> count(): Argument #1 ($value) must be of type Countable|array, null given
in APPPATH\Views\Admin\index.php on line 97.
 1 SYSTEMPATH\View\View.php(228): include()
 2 SYSTEMPATH\View\View.php(231): CodeIgniter\View\View->CodeIgniter\View\{closure}()
 3 SYSTEMPATH\Common.php(1190): CodeIgniter\View\View->render('Admin\\index', [], true)
 4 APPPATH\Controllers\AdminController.php(55): view('Admin\\index', [...])
 5 SYSTEMPATH\CodeIgniter.php(942): App\Controllers\AdminController->dashboard()
 6 SYSTEMPATH\CodeIgniter.php(502): CodeIgniter\CodeIgniter->runController(Object(App\Controllers\AdminController))
 7 SYSTEMPATH\CodeIgniter.php(361): CodeIgniter\CodeIgniter->handleRequest(null, Object(Config\Cache), false)
 8 FCPATH\index.php(79): CodeIgniter\CodeIgniter->run()
 9 SYSTEMPATH\Commands\Server\rewrite.php(47): require_once('C:\\laragon\\www\\projectmahalta\\public\\index.php')
CRITICAL - 2024-02-03 12:27:17 --> count(): Argument #1 ($value) must be of type Countable|array, null given
in APPPATH\Views\Admin\index.php on line 97.
 1 SYSTEMPATH\View\View.php(228): include()
 2 SYSTEMPATH\View\View.php(231): CodeIgniter\View\View->CodeIgniter\View\{closure}()
 3 SYSTEMPATH\Common.php(1190): CodeIgniter\View\View->render('Admin\\index', [], true)
 4 APPPATH\Controllers\AdminController.php(55): view('Admin\\index', [...])
 5 SYSTEMPATH\CodeIgniter.php(942): App\Controllers\AdminController->dashboard()
 6 SYSTEMPATH\CodeIgniter.php(502): CodeIgniter\CodeIgniter->runController(Object(App\Controllers\AdminController))
 7 SYSTEMPATH\CodeIgniter.php(361): CodeIgniter\CodeIgniter->handleRequest(null, Object(Config\Cache), false)
 8 FCPATH\index.php(79): CodeIgniter\CodeIgniter->run()
 9 SYSTEMPATH\Commands\Server\rewrite.php(47): require_once('C:\\laragon\\www\\projectmahalta\\public\\index.php')
CRITICAL - 2024-02-03 12:27:17 --> count(): Argument #1 ($value) must be of type Countable|array, null given
in APPPATH\Views\Admin\index.php on line 97.
 1 SYSTEMPATH\View\View.php(228): include()
 2 SYSTEMPATH\View\View.php(231): CodeIgniter\View\View->CodeIgniter\View\{closure}()
 3 SYSTEMPATH\Common.php(1190): CodeIgniter\View\View->render('Admin\\index', [], true)
 4 APPPATH\Controllers\AdminController.php(55): view('Admin\\index', [...])
 5 SYSTEMPATH\CodeIgniter.php(942): App\Controllers\AdminController->dashboard()
 6 SYSTEMPATH\CodeIgniter.php(502): CodeIgniter\CodeIgniter->runController(Object(App\Controllers\AdminController))
 7 SYSTEMPATH\CodeIgniter.php(361): CodeIgniter\CodeIgniter->handleRequest(null, Object(Config\Cache), false)
 8 FCPATH\index.php(79): CodeIgniter\CodeIgniter->run()
 9 SYSTEMPATH\Commands\Server\rewrite.php(47): require_once('C:\\laragon\\www\\projectmahalta\\public\\index.php')
CRITICAL - 2024-02-03 12:53:30 --> Undefined variable $customers
in APPPATH\Views\Admin\index.php on line 96.
 1 APPPATH\Views\Admin\index.php(96): CodeIgniter\Debug\Exceptions->errorHandler(2, 'Undefined variable $customers', 'C:\\laragon\\www\\projectmahalta\\app\\Views\\Admin\\index.php', 96)
 2 SYSTEMPATH\View\View.php(228): include('C:\\laragon\\www\\projectmahalta\\app\\Views\\Admin\\index.php')
 3 SYSTEMPATH\View\View.php(231): CodeIgniter\View\View->CodeIgniter\View\{closure}()
 4 SYSTEMPATH\Common.php(1190): CodeIgniter\View\View->render('Admin\\index', [], true)
 5 APPPATH\Controllers\AdminController.php(55): view('Admin\\index', [...])
 6 SYSTEMPATH\CodeIgniter.php(942): App\Controllers\AdminController->dashboard()
 7 SYSTEMPATH\CodeIgniter.php(502): CodeIgniter\CodeIgniter->runController(Object(App\Controllers\AdminController))
 8 SYSTEMPATH\CodeIgniter.php(361): CodeIgniter\CodeIgniter->handleRequest(null, Object(Config\Cache), false)
 9 FCPATH\index.php(79): CodeIgniter\CodeIgniter->run()
10 SYSTEMPATH\Commands\Server\rewrite.php(47): require_once('C:\\laragon\\www\\projectmahalta\\public\\index.php')
CRITICAL - 2024-02-03 12:54:32 --> Undefined variable $customers
in APPPATH\Views\Admin\index.php on line 96.
 1 APPPATH\Views\Admin\index.php(96): CodeIgniter\Debug\Exceptions->errorHandler(2, 'Undefined variable $customers', 'C:\\laragon\\www\\projectmahalta\\app\\Views\\Admin\\index.php', 96)
 2 SYSTEMPATH\View\View.php(228): include('C:\\laragon\\www\\projectmahalta\\app\\Views\\Admin\\index.php')
 3 SYSTEMPATH\View\View.php(231): CodeIgniter\View\View->CodeIgniter\View\{closure}()
 4 SYSTEMPATH\Common.php(1190): CodeIgniter\View\View->render('Admin\\index', [], true)
 5 APPPATH\Controllers\AdminController.php(55): view('Admin\\index', [...])
 6 SYSTEMPATH\CodeIgniter.php(942): App\Controllers\AdminController->dashboard()
 7 SYSTEMPATH\CodeIgniter.php(502): CodeIgniter\CodeIgniter->runController(Object(App\Controllers\AdminController))
 8 SYSTEMPATH\CodeIgniter.php(361): CodeIgniter\CodeIgniter->handleRequest(null, Object(Config\Cache), false)
 9 FCPATH\index.php(79): CodeIgniter\CodeIgniter->run()
10 SYSTEMPATH\Commands\Server\rewrite.php(47): require_once('C:\\laragon\\www\\projectmahalta\\public\\index.php')
