CRITICAL - 2024-02-01 15:29:57 --> Undefined array key "restaurantInventoryID"
in APPPATH\Views\Stafff\Inventory\restaurant.php on line 110.
 1 APPPATH\Views\Stafff\Inventory\restaurant.php(110): CodeIgniter\Debug\Exceptions->errorHandler(2, 'Undefined array key "restaurantInventoryID"', 'C:\\laragon\\www\\projectmahalta\\app\\Views\\Stafff\\Inventory\\restaurant.php', 110)
 2 SYSTEMPATH\View\View.php(228): include('C:\\laragon\\www\\projectmahalta\\app\\Views\\Stafff\\Inventory\\restaurant.php')
 3 SYSTEMPATH\View\View.php(231): CodeIgniter\View\View->CodeIgniter\View\{closure}()
 4 SYSTEMPATH\Common.php(1190): CodeIgniter\View\View->render('Stafff\\Inventory\\restaurant', [], true)
 5 APPPATH\Controllers\InventoryController.php(74): view('Stafff\\Inventory\\restaurant', [...])
 6 SYSTEMPATH\CodeIgniter.php(942): App\Controllers\InventoryController->inrestaurant()
 7 SYSTEMPATH\CodeIgniter.php(502): CodeIgniter\CodeIgniter->runController(Object(App\Controllers\InventoryController))
 8 SYSTEMPATH\CodeIgniter.php(361): CodeIgniter\CodeIgniter->handleRequest(null, Object(Config\Cache), false)
 9 FCPATH\index.php(79): CodeIgniter\CodeIgniter->run()
10 SYSTEMPATH\Commands\Server\rewrite.php(47): require_once('C:\\laragon\\www\\projectmahalta\\public\\index.php')
CRITICAL - 2024-02-01 15:30:52 --> Undefined array key "restaurantInventoryID"
in APPPATH\Views\Stafff\Inventory\restaurant.php on line 110.
 1 APPPATH\Views\Stafff\Inventory\restaurant.php(110): CodeIgniter\Debug\Exceptions->errorHandler(2, 'Undefined array key "restaurantInventoryID"', 'C:\\laragon\\www\\projectmahalta\\app\\Views\\Stafff\\Inventory\\restaurant.php', 110)
 2 SYSTEMPATH\View\View.php(228): include('C:\\laragon\\www\\projectmahalta\\app\\Views\\Stafff\\Inventory\\restaurant.php')
 3 SYSTEMPATH\View\View.php(231): CodeIgniter\View\View->CodeIgniter\View\{closure}()
 4 SYSTEMPATH\Common.php(1190): CodeIgniter\View\View->render('Stafff\\Inventory\\restaurant', [], true)
 5 APPPATH\Controllers\InventoryController.php(74): view('Stafff\\Inventory\\restaurant', [...])
 6 SYSTEMPATH\CodeIgniter.php(942): App\Controllers\InventoryController->inrestaurant()
 7 SYSTEMPATH\CodeIgniter.php(502): CodeIgniter\CodeIgniter->runController(Object(App\Controllers\InventoryController))
 8 SYSTEMPATH\CodeIgniter.php(361): CodeIgniter\CodeIgniter->handleRequest(null, Object(Config\Cache), false)
 9 FCPATH\index.php(79): CodeIgniter\CodeIgniter->run()
10 SYSTEMPATH\Commands\Server\rewrite.php(47): require_once('C:\\laragon\\www\\projectmahalta\\public\\index.php')
CRITICAL - 2024-02-01 15:32:00 --> Undefined array key "restaurantInventoryID"
in APPPATH\Views\Stafff\Inventory\restaurant.php on line 110.
 1 APPPATH\Views\Stafff\Inventory\restaurant.php(110): CodeIgniter\Debug\Exceptions->errorHandler(2, 'Undefined array key "restaurantInventoryID"', 'C:\\laragon\\www\\projectmahalta\\app\\Views\\Stafff\\Inventory\\restaurant.php', 110)
 2 SYSTEMPATH\View\View.php(228): include('C:\\laragon\\www\\projectmahalta\\app\\Views\\Stafff\\Inventory\\restaurant.php')
 3 SYSTEMPATH\View\View.php(231): CodeIgniter\View\View->CodeIgniter\View\{closure}()
 4 SYSTEMPATH\Common.php(1190): CodeIgniter\View\View->render('Stafff\\Inventory\\restaurant', [], true)
 5 APPPATH\Controllers\InventoryController.php(74): view('Stafff\\Inventory\\restaurant', [...])
 6 SYSTEMPATH\CodeIgniter.php(942): App\Controllers\InventoryController->inrestaurant()
 7 SYSTEMPATH\CodeIgniter.php(502): CodeIgniter\CodeIgniter->runController(Object(App\Controllers\InventoryController))
 8 SYSTEMPATH\CodeIgniter.php(361): CodeIgniter\CodeIgniter->handleRequest(null, Object(Config\Cache), false)
 9 FCPATH\index.php(79): CodeIgniter\CodeIgniter->run()
10 SYSTEMPATH\Commands\Server\rewrite.php(47): require_once('C:\\laragon\\www\\projectmahalta\\public\\index.php')
CRITICAL - 2024-02-01 15:32:01 --> Undefined array key "restaurantInventoryID"
in APPPATH\Views\Stafff\Inventory\restaurant.php on line 110.
 1 APPPATH\Views\Stafff\Inventory\restaurant.php(110): CodeIgniter\Debug\Exceptions->errorHandler(2, 'Undefined array key "restaurantInventoryID"', 'C:\\laragon\\www\\projectmahalta\\app\\Views\\Stafff\\Inventory\\restaurant.php', 110)
 2 SYSTEMPATH\View\View.php(228): include('C:\\laragon\\www\\projectmahalta\\app\\Views\\Stafff\\Inventory\\restaurant.php')
 3 SYSTEMPATH\View\View.php(231): CodeIgniter\View\View->CodeIgniter\View\{closure}()
 4 SYSTEMPATH\Common.php(1190): CodeIgniter\View\View->render('Stafff\\Inventory\\restaurant', [], true)
 5 APPPATH\Controllers\InventoryController.php(74): view('Stafff\\Inventory\\restaurant', [...])
 6 SYSTEMPATH\CodeIgniter.php(942): App\Controllers\InventoryController->inrestaurant()
 7 SYSTEMPATH\CodeIgniter.php(502): CodeIgniter\CodeIgniter->runController(Object(App\Controllers\InventoryController))
 8 SYSTEMPATH\CodeIgniter.php(361): CodeIgniter\CodeIgniter->handleRequest(null, Object(Config\Cache), false)
 9 FCPATH\index.php(79): CodeIgniter\CodeIgniter->run()
10 SYSTEMPATH\Commands\Server\rewrite.php(47): require_once('C:\\laragon\\www\\projectmahalta\\public\\index.php')
CRITICAL - 2024-02-01 15:32:02 --> Undefined array key "restaurantInventoryID"
in APPPATH\Views\Stafff\Inventory\restaurant.php on line 110.
 1 APPPATH\Views\Stafff\Inventory\restaurant.php(110): CodeIgniter\Debug\Exceptions->errorHandler(2, 'Undefined array key "restaurantInventoryID"', 'C:\\laragon\\www\\projectmahalta\\app\\Views\\Stafff\\Inventory\\restaurant.php', 110)
 2 SYSTEMPATH\View\View.php(228): include('C:\\laragon\\www\\projectmahalta\\app\\Views\\Stafff\\Inventory\\restaurant.php')
 3 SYSTEMPATH\View\View.php(231): CodeIgniter\View\View->CodeIgniter\View\{closure}()
 4 SYSTEMPATH\Common.php(1190): CodeIgniter\View\View->render('Stafff\\Inventory\\restaurant', [], true)
 5 APPPATH\Controllers\InventoryController.php(74): view('Stafff\\Inventory\\restaurant', [...])
 6 SYSTEMPATH\CodeIgniter.php(942): App\Controllers\InventoryController->inrestaurant()
 7 SYSTEMPATH\CodeIgniter.php(502): CodeIgniter\CodeIgniter->runController(Object(App\Controllers\InventoryController))
 8 SYSTEMPATH\CodeIgniter.php(361): CodeIgniter\CodeIgniter->handleRequest(null, Object(Config\Cache), false)
 9 FCPATH\index.php(79): CodeIgniter\CodeIgniter->run()
10 SYSTEMPATH\Commands\Server\rewrite.php(47): require_once('C:\\laragon\\www\\projectmahalta\\public\\index.php')
CRITICAL - 2024-02-01 15:32:02 --> Undefined array key "restaurantInventoryID"
in APPPATH\Views\Stafff\Inventory\restaurant.php on line 110.
 1 APPPATH\Views\Stafff\Inventory\restaurant.php(110): CodeIgniter\Debug\Exceptions->errorHandler(2, 'Undefined array key "restaurantInventoryID"', 'C:\\laragon\\www\\projectmahalta\\app\\Views\\Stafff\\Inventory\\restaurant.php', 110)
 2 SYSTEMPATH\View\View.php(228): include('C:\\laragon\\www\\projectmahalta\\app\\Views\\Stafff\\Inventory\\restaurant.php')
 3 SYSTEMPATH\View\View.php(231): CodeIgniter\View\View->CodeIgniter\View\{closure}()
 4 SYSTEMPATH\Common.php(1190): CodeIgniter\View\View->render('Stafff\\Inventory\\restaurant', [], true)
 5 APPPATH\Controllers\InventoryController.php(74): view('Stafff\\Inventory\\restaurant', [...])
 6 SYSTEMPATH\CodeIgniter.php(942): App\Controllers\InventoryController->inrestaurant()
 7 SYSTEMPATH\CodeIgniter.php(502): CodeIgniter\CodeIgniter->runController(Object(App\Controllers\InventoryController))
 8 SYSTEMPATH\CodeIgniter.php(361): CodeIgniter\CodeIgniter->handleRequest(null, Object(Config\Cache), false)
 9 FCPATH\index.php(79): CodeIgniter\CodeIgniter->run()
10 SYSTEMPATH\Commands\Server\rewrite.php(47): require_once('C:\\laragon\\www\\projectmahalta\\public\\index.php')
CRITICAL - 2024-02-01 15:32:03 --> Undefined array key "restaurantInventoryID"
in APPPATH\Views\Stafff\Inventory\restaurant.php on line 110.
 1 APPPATH\Views\Stafff\Inventory\restaurant.php(110): CodeIgniter\Debug\Exceptions->errorHandler(2, 'Undefined array key "restaurantInventoryID"', 'C:\\laragon\\www\\projectmahalta\\app\\Views\\Stafff\\Inventory\\restaurant.php', 110)
 2 SYSTEMPATH\View\View.php(228): include('C:\\laragon\\www\\projectmahalta\\app\\Views\\Stafff\\Inventory\\restaurant.php')
 3 SYSTEMPATH\View\View.php(231): CodeIgniter\View\View->CodeIgniter\View\{closure}()
 4 SYSTEMPATH\Common.php(1190): CodeIgniter\View\View->render('Stafff\\Inventory\\restaurant', [], true)
 5 APPPATH\Controllers\InventoryController.php(74): view('Stafff\\Inventory\\restaurant', [...])
 6 SYSTEMPATH\CodeIgniter.php(942): App\Controllers\InventoryController->inrestaurant()
 7 SYSTEMPATH\CodeIgniter.php(502): CodeIgniter\CodeIgniter->runController(Object(App\Controllers\InventoryController))
 8 SYSTEMPATH\CodeIgniter.php(361): CodeIgniter\CodeIgniter->handleRequest(null, Object(Config\Cache), false)
 9 FCPATH\index.php(79): CodeIgniter\CodeIgniter->run()
10 SYSTEMPATH\Commands\Server\rewrite.php(47): require_once('C:\\laragon\\www\\projectmahalta\\public\\index.php')
CRITICAL - 2024-02-01 15:32:03 --> Undefined array key "restaurantInventoryID"
in APPPATH\Views\Stafff\Inventory\restaurant.php on line 110.
 1 APPPATH\Views\Stafff\Inventory\restaurant.php(110): CodeIgniter\Debug\Exceptions->errorHandler(2, 'Undefined array key "restaurantInventoryID"', 'C:\\laragon\\www\\projectmahalta\\app\\Views\\Stafff\\Inventory\\restaurant.php', 110)
 2 SYSTEMPATH\View\View.php(228): include('C:\\laragon\\www\\projectmahalta\\app\\Views\\Stafff\\Inventory\\restaurant.php')
 3 SYSTEMPATH\View\View.php(231): CodeIgniter\View\View->CodeIgniter\View\{closure}()
 4 SYSTEMPATH\Common.php(1190): CodeIgniter\View\View->render('Stafff\\Inventory\\restaurant', [], true)
 5 APPPATH\Controllers\InventoryController.php(74): view('Stafff\\Inventory\\restaurant', [...])
 6 SYSTEMPATH\CodeIgniter.php(942): App\Controllers\InventoryController->inrestaurant()
 7 SYSTEMPATH\CodeIgniter.php(502): CodeIgniter\CodeIgniter->runController(Object(App\Controllers\InventoryController))
 8 SYSTEMPATH\CodeIgniter.php(361): CodeIgniter\CodeIgniter->handleRequest(null, Object(Config\Cache), false)
 9 FCPATH\index.php(79): CodeIgniter\CodeIgniter->run()
10 SYSTEMPATH\Commands\Server\rewrite.php(47): require_once('C:\\laragon\\www\\projectmahalta\\public\\index.php')
CRITICAL - 2024-02-01 15:32:03 --> Undefined array key "restaurantInventoryID"
in APPPATH\Views\Stafff\Inventory\restaurant.php on line 110.
 1 APPPATH\Views\Stafff\Inventory\restaurant.php(110): CodeIgniter\Debug\Exceptions->errorHandler(2, 'Undefined array key "restaurantInventoryID"', 'C:\\laragon\\www\\projectmahalta\\app\\Views\\Stafff\\Inventory\\restaurant.php', 110)
 2 SYSTEMPATH\View\View.php(228): include('C:\\laragon\\www\\projectmahalta\\app\\Views\\Stafff\\Inventory\\restaurant.php')
 3 SYSTEMPATH\View\View.php(231): CodeIgniter\View\View->CodeIgniter\View\{closure}()
 4 SYSTEMPATH\Common.php(1190): CodeIgniter\View\View->render('Stafff\\Inventory\\restaurant', [], true)
 5 APPPATH\Controllers\InventoryController.php(74): view('Stafff\\Inventory\\restaurant', [...])
 6 SYSTEMPATH\CodeIgniter.php(942): App\Controllers\InventoryController->inrestaurant()
 7 SYSTEMPATH\CodeIgniter.php(502): CodeIgniter\CodeIgniter->runController(Object(App\Controllers\InventoryController))
 8 SYSTEMPATH\CodeIgniter.php(361): CodeIgniter\CodeIgniter->handleRequest(null, Object(Config\Cache), false)
 9 FCPATH\index.php(79): CodeIgniter\CodeIgniter->run()
10 SYSTEMPATH\Commands\Server\rewrite.php(47): require_once('C:\\laragon\\www\\projectmahalta\\public\\index.php')
CRITICAL - 2024-02-01 15:32:03 --> Undefined array key "restaurantInventoryID"
in APPPATH\Views\Stafff\Inventory\restaurant.php on line 110.
 1 APPPATH\Views\Stafff\Inventory\restaurant.php(110): CodeIgniter\Debug\Exceptions->errorHandler(2, 'Undefined array key "restaurantInventoryID"', 'C:\\laragon\\www\\projectmahalta\\app\\Views\\Stafff\\Inventory\\restaurant.php', 110)
 2 SYSTEMPATH\View\View.php(228): include('C:\\laragon\\www\\projectmahalta\\app\\Views\\Stafff\\Inventory\\restaurant.php')
 3 SYSTEMPATH\View\View.php(231): CodeIgniter\View\View->CodeIgniter\View\{closure}()
 4 SYSTEMPATH\Common.php(1190): CodeIgniter\View\View->render('Stafff\\Inventory\\restaurant', [], true)
 5 APPPATH\Controllers\InventoryController.php(74): view('Stafff\\Inventory\\restaurant', [...])
 6 SYSTEMPATH\CodeIgniter.php(942): App\Controllers\InventoryController->inrestaurant()
 7 SYSTEMPATH\CodeIgniter.php(502): CodeIgniter\CodeIgniter->runController(Object(App\Controllers\InventoryController))
 8 SYSTEMPATH\CodeIgniter.php(361): CodeIgniter\CodeIgniter->handleRequest(null, Object(Config\Cache), false)
 9 FCPATH\index.php(79): CodeIgniter\CodeIgniter->run()
10 SYSTEMPATH\Commands\Server\rewrite.php(47): require_once('C:\\laragon\\www\\projectmahalta\\public\\index.php')
CRITICAL - 2024-02-01 15:32:52 --> Undefined array key "restaurantInventoryID"
in APPPATH\Views\Stafff\Inventory\restaurant.php on line 120.
 1 APPPATH\Views\Stafff\Inventory\restaurant.php(120): CodeIgniter\Debug\Exceptions->errorHandler(2, 'Undefined array key "restaurantInventoryID"', 'C:\\laragon\\www\\projectmahalta\\app\\Views\\Stafff\\Inventory\\restaurant.php', 120)
 2 SYSTEMPATH\View\View.php(228): include('C:\\laragon\\www\\projectmahalta\\app\\Views\\Stafff\\Inventory\\restaurant.php')
 3 SYSTEMPATH\View\View.php(231): CodeIgniter\View\View->CodeIgniter\View\{closure}()
 4 SYSTEMPATH\Common.php(1190): CodeIgniter\View\View->render('Stafff\\Inventory\\restaurant', [], true)
 5 APPPATH\Controllers\InventoryController.php(74): view('Stafff\\Inventory\\restaurant', [...])
 6 SYSTEMPATH\CodeIgniter.php(942): App\Controllers\InventoryController->inrestaurant()
 7 SYSTEMPATH\CodeIgniter.php(502): CodeIgniter\CodeIgniter->runController(Object(App\Controllers\InventoryController))
 8 SYSTEMPATH\CodeIgniter.php(361): CodeIgniter\CodeIgniter->handleRequest(null, Object(Config\Cache), false)
 9 FCPATH\index.php(79): CodeIgniter\CodeIgniter->run()
10 SYSTEMPATH\Commands\Server\rewrite.php(47): require_once('C:\\laragon\\www\\projectmahalta\\public\\index.php')
CRITICAL - 2024-02-01 15:41:42 --> "numbers" is not a valid rule.
in SYSTEMPATH\Validation\Validation.php on line 319.
 1 SYSTEMPATH\Validation\Validation.php(319): CodeIgniter\Validation\Exceptions\ValidationException::forRuleNotFound('numbers')
 2 SYSTEMPATH\Validation\Validation.php(197): CodeIgniter\Validation\Validation->processRules('Quantity', 'Quantity', '24', [...], [...])
 3 SYSTEMPATH\Controller.php(152): CodeIgniter\Validation\Validation->run()
 4 APPPATH\Controllers\InventoryController.php(76): CodeIgniter\Controller->validate([...])
 5 SYSTEMPATH\CodeIgniter.php(942): App\Controllers\InventoryController->addinHotel()
 6 SYSTEMPATH\CodeIgniter.php(502): CodeIgniter\CodeIgniter->runController(Object(App\Controllers\InventoryController))
 7 SYSTEMPATH\CodeIgniter.php(361): CodeIgniter\CodeIgniter->handleRequest(null, Object(Config\Cache), false)
 8 FCPATH\index.php(79): CodeIgniter\CodeIgniter->run()
 9 SYSTEMPATH\Commands\Server\rewrite.php(47): require_once('C:\\laragon\\www\\projectmahalta\\public\\index.php')
CRITICAL - 2024-02-01 16:19:46 --> Undefined variable $restrev
in APPPATH\Views\Stafff\Inventory\hotel.php on line 118.
 1 APPPATH\Views\Stafff\Inventory\hotel.php(118): CodeIgniter\Debug\Exceptions->errorHandler(2, 'Undefined variable $restrev', 'C:\\laragon\\www\\projectmahalta\\app\\Views\\Stafff\\Inventory\\hotel.php', 118)
 2 SYSTEMPATH\View\View.php(228): include('C:\\laragon\\www\\projectmahalta\\app\\Views\\Stafff\\Inventory\\hotel.php')
 3 SYSTEMPATH\View\View.php(231): CodeIgniter\View\View->CodeIgniter\View\{closure}()
 4 SYSTEMPATH\Common.php(1190): CodeIgniter\View\View->render('Stafff\\Inventory\\hotel', [], true)
 5 APPPATH\Controllers\InventoryController.php(66): view('Stafff\\Inventory\\hotel', [...])
 6 SYSTEMPATH\CodeIgniter.php(942): App\Controllers\InventoryController->inhotel()
 7 SYSTEMPATH\CodeIgniter.php(502): CodeIgniter\CodeIgniter->runController(Object(App\Controllers\InventoryController))
 8 SYSTEMPATH\CodeIgniter.php(361): CodeIgniter\CodeIgniter->handleRequest(null, Object(Config\Cache), false)
 9 FCPATH\index.php(79): CodeIgniter\CodeIgniter->run()
10 SYSTEMPATH\Commands\Server\rewrite.php(47): require_once('C:\\laragon\\www\\projectmahalta\\public\\index.php')
CRITICAL - 2024-02-01 16:22:49 --> Undefined variable $restrev
in APPPATH\Views\Stafff\Inventory\restaurant.php on line 118.
 1 APPPATH\Views\Stafff\Inventory\restaurant.php(118): CodeIgniter\Debug\Exceptions->errorHandler(2, 'Undefined variable $restrev', 'C:\\laragon\\www\\projectmahalta\\app\\Views\\Stafff\\Inventory\\restaurant.php', 118)
 2 SYSTEMPATH\View\View.php(228): include('C:\\laragon\\www\\projectmahalta\\app\\Views\\Stafff\\Inventory\\restaurant.php')
 3 SYSTEMPATH\View\View.php(231): CodeIgniter\View\View->CodeIgniter\View\{closure}()
 4 SYSTEMPATH\Common.php(1190): CodeIgniter\View\View->render('Stafff\\Inventory\\restaurant', [], true)
 5 APPPATH\Controllers\InventoryController.php(125): view('Stafff\\Inventory\\restaurant', [...])
 6 SYSTEMPATH\CodeIgniter.php(942): App\Controllers\InventoryController->inrestaurant()
 7 SYSTEMPATH\CodeIgniter.php(502): CodeIgniter\CodeIgniter->runController(Object(App\Controllers\InventoryController))
 8 SYSTEMPATH\CodeIgniter.php(361): CodeIgniter\CodeIgniter->handleRequest(null, Object(Config\Cache), false)
 9 FCPATH\index.php(79): CodeIgniter\CodeIgniter->run()
10 SYSTEMPATH\Commands\Server\rewrite.php(47): require_once('C:\\laragon\\www\\projectmahalta\\public\\index.php')
