CRITICAL - 2024-02-04 02:19:52 --> Undefined array key "RoomNumber"
in APPPATH\Views\Stafff\RestaurantStaff\table.php on line 147.
 1 APPPATH\Views\Stafff\RestaurantStaff\table.php(147): CodeIgniter\Debug\Exceptions->errorHandler(2, 'Undefined array key "RoomNumber"', 'C:\\laragon\\www\\projectmahalta\\app\\Views\\Stafff\\RestaurantStaff\\table.php', 147)
 2 SYSTEMPATH\View\View.php(228): include('C:\\laragon\\www\\projectmahalta\\app\\Views\\Stafff\\RestaurantStaff\\table.php')
 3 SYSTEMPATH\View\View.php(231): CodeIgniter\View\View->CodeIgniter\View\{closure}()
 4 SYSTEMPATH\Common.php(1190): CodeIgniter\View\View->render('Stafff\\RestaurantStaff\\table', [], true)
 5 APPPATH\Controllers\StaffController.php(452): view('Stafff\\RestaurantStaff\\table', [...])
 6 SYSTEMPATH\CodeIgniter.php(942): App\Controllers\StaffController->resTable()
 7 SYSTEMPATH\CodeIgniter.php(502): CodeIgniter\CodeIgniter->runController(Object(App\Controllers\StaffController))
 8 SYSTEMPATH\CodeIgniter.php(361): CodeIgniter\CodeIgniter->handleRequest(null, Object(Config\Cache), false)
 9 FCPATH\index.php(79): CodeIgniter\CodeIgniter->run()
10 SYSTEMPATH\Commands\Server\rewrite.php(47): require_once('C:\\laragon\\www\\projectmahalta\\public\\index.php')
CRITICAL - 2024-02-04 02:20:27 --> Undefined array key "RoomType"
in APPPATH\Views\Stafff\RestaurantStaff\table.php on line 165.
 1 APPPATH\Views\Stafff\RestaurantStaff\table.php(165): CodeIgniter\Debug\Exceptions->errorHandler(2, 'Undefined array key "RoomType"', 'C:\\laragon\\www\\projectmahalta\\app\\Views\\Stafff\\RestaurantStaff\\table.php', 165)
 2 SYSTEMPATH\View\View.php(228): include('C:\\laragon\\www\\projectmahalta\\app\\Views\\Stafff\\RestaurantStaff\\table.php')
 3 SYSTEMPATH\View\View.php(231): CodeIgniter\View\View->CodeIgniter\View\{closure}()
 4 SYSTEMPATH\Common.php(1190): CodeIgniter\View\View->render('Stafff\\RestaurantStaff\\table', [], true)
 5 APPPATH\Controllers\StaffController.php(452): view('Stafff\\RestaurantStaff\\table', [...])
 6 SYSTEMPATH\CodeIgniter.php(942): App\Controllers\StaffController->resTable()
 7 SYSTEMPATH\CodeIgniter.php(502): CodeIgniter\CodeIgniter->runController(Object(App\Controllers\StaffController))
 8 SYSTEMPATH\CodeIgniter.php(361): CodeIgniter\CodeIgniter->handleRequest(null, Object(Config\Cache), false)
 9 FCPATH\index.php(79): CodeIgniter\CodeIgniter->run()
10 SYSTEMPATH\Commands\Server\rewrite.php(47): require_once('C:\\laragon\\www\\projectmahalta\\public\\index.php')
CRITICAL - 2024-02-04 02:22:51 --> Undefined array key "PricePerNight"
in APPPATH\Views\Stafff\RestaurantStaff\table.php on line 176.
 1 APPPATH\Views\Stafff\RestaurantStaff\table.php(176): CodeIgniter\Debug\Exceptions->errorHandler(2, 'Undefined array key "PricePerNight"', 'C:\\laragon\\www\\projectmahalta\\app\\Views\\Stafff\\RestaurantStaff\\table.php', 176)
 2 SYSTEMPATH\View\View.php(228): include('C:\\laragon\\www\\projectmahalta\\app\\Views\\Stafff\\RestaurantStaff\\table.php')
 3 SYSTEMPATH\View\View.php(231): CodeIgniter\View\View->CodeIgniter\View\{closure}()
 4 SYSTEMPATH\Common.php(1190): CodeIgniter\View\View->render('Stafff\\RestaurantStaff\\table', [], true)
 5 APPPATH\Controllers\StaffController.php(452): view('Stafff\\RestaurantStaff\\table', [...])
 6 SYSTEMPATH\CodeIgniter.php(942): App\Controllers\StaffController->resTable()
 7 SYSTEMPATH\CodeIgniter.php(502): CodeIgniter\CodeIgniter->runController(Object(App\Controllers\StaffController))
 8 SYSTEMPATH\CodeIgniter.php(361): CodeIgniter\CodeIgniter->handleRequest(null, Object(Config\Cache), false)
 9 FCPATH\index.php(79): CodeIgniter\CodeIgniter->run()
10 SYSTEMPATH\Commands\Server\rewrite.php(47): require_once('C:\\laragon\\www\\projectmahalta\\public\\index.php')
CRITICAL - 2024-02-04 02:31:12 --> Undefined variable $table
in APPPATH\Views\Stafff\RestaurantStaff\table.php on line 106.
 1 APPPATH\Views\Stafff\RestaurantStaff\table.php(106): CodeIgniter\Debug\Exceptions->errorHandler(2, 'Undefined variable $table', 'C:\\laragon\\www\\projectmahalta\\app\\Views\\Stafff\\RestaurantStaff\\table.php', 106)
 2 SYSTEMPATH\View\View.php(228): include('C:\\laragon\\www\\projectmahalta\\app\\Views\\Stafff\\RestaurantStaff\\table.php')
 3 SYSTEMPATH\View\View.php(231): CodeIgniter\View\View->CodeIgniter\View\{closure}()
 4 SYSTEMPATH\Common.php(1190): CodeIgniter\View\View->render('Stafff\\RestaurantStaff\\table', [], true)
 5 APPPATH\Controllers\StaffController.php(452): view('Stafff\\RestaurantStaff\\table', [...])
 6 SYSTEMPATH\CodeIgniter.php(942): App\Controllers\StaffController->resTable()
 7 SYSTEMPATH\CodeIgniter.php(502): CodeIgniter\CodeIgniter->runController(Object(App\Controllers\StaffController))
 8 SYSTEMPATH\CodeIgniter.php(361): CodeIgniter\CodeIgniter->handleRequest(null, Object(Config\Cache), false)
 9 FCPATH\index.php(79): CodeIgniter\CodeIgniter->run()
10 SYSTEMPATH\Commands\Server\rewrite.php(47): require_once('C:\\laragon\\www\\projectmahalta\\public\\index.php')
CRITICAL - 2024-02-04 02:31:53 --> Undefined variable $table
in APPPATH\Views\Stafff\RestaurantStaff\table.php on line 106.
 1 APPPATH\Views\Stafff\RestaurantStaff\table.php(106): CodeIgniter\Debug\Exceptions->errorHandler(2, 'Undefined variable $table', 'C:\\laragon\\www\\projectmahalta\\app\\Views\\Stafff\\RestaurantStaff\\table.php', 106)
 2 SYSTEMPATH\View\View.php(228): include('C:\\laragon\\www\\projectmahalta\\app\\Views\\Stafff\\RestaurantStaff\\table.php')
 3 SYSTEMPATH\View\View.php(231): CodeIgniter\View\View->CodeIgniter\View\{closure}()
 4 SYSTEMPATH\Common.php(1190): CodeIgniter\View\View->render('Stafff\\RestaurantStaff\\table', [], true)
 5 APPPATH\Controllers\StaffController.php(452): view('Stafff\\RestaurantStaff\\table', [...])
 6 SYSTEMPATH\CodeIgniter.php(942): App\Controllers\StaffController->resTable()
 7 SYSTEMPATH\CodeIgniter.php(502): CodeIgniter\CodeIgniter->runController(Object(App\Controllers\StaffController))
 8 SYSTEMPATH\CodeIgniter.php(361): CodeIgniter\CodeIgniter->handleRequest(null, Object(Config\Cache), false)
 9 FCPATH\index.php(79): CodeIgniter\CodeIgniter->run()
10 SYSTEMPATH\Commands\Server\rewrite.php(47): require_once('C:\\laragon\\www\\projectmahalta\\public\\index.php')
CRITICAL - 2024-02-04 02:37:57 --> There is no data to update.
in SYSTEMPATH\BaseModel.php on line 1726.
 1 SYSTEMPATH\BaseModel.php(1726): CodeIgniter\Database\Exceptions\DataException::forEmptyDataset('update')
 2 SYSTEMPATH\BaseModel.php(916): CodeIgniter\BaseModel->transformDataToArray(null, 'update')
 3 SYSTEMPATH\Model.php(776): CodeIgniter\BaseModel->update([...], null)
 4 APPPATH\Controllers\StaffController.php(536): CodeIgniter\Model->update([...])
 5 SYSTEMPATH\CodeIgniter.php(942): App\Controllers\StaffController->updateTable()
 6 SYSTEMPATH\CodeIgniter.php(502): CodeIgniter\CodeIgniter->runController(Object(App\Controllers\StaffController))
 7 SYSTEMPATH\CodeIgniter.php(361): CodeIgniter\CodeIgniter->handleRequest(null, Object(Config\Cache), false)
 8 FCPATH\index.php(79): CodeIgniter\CodeIgniter->run()
 9 SYSTEMPATH\Commands\Server\rewrite.php(47): require_once('C:\\laragon\\www\\projectmahalta\\public\\index.php')
CRITICAL - 2024-02-04 02:39:48 --> There is no data to update.
in SYSTEMPATH\BaseModel.php on line 930.
 1 SYSTEMPATH\BaseModel.php(930): CodeIgniter\Database\Exceptions\DataException::forEmptyDataset('update')
 2 SYSTEMPATH\Model.php(776): CodeIgniter\BaseModel->update([...], [])
 3 APPPATH\Controllers\StaffController.php(536): CodeIgniter\Model->update([...], [...])
 4 SYSTEMPATH\CodeIgniter.php(942): App\Controllers\StaffController->updateTable()
 5 SYSTEMPATH\CodeIgniter.php(502): CodeIgniter\CodeIgniter->runController(Object(App\Controllers\StaffController))
 6 SYSTEMPATH\CodeIgniter.php(361): CodeIgniter\CodeIgniter->handleRequest(null, Object(Config\Cache), false)
 7 FCPATH\index.php(79): CodeIgniter\CodeIgniter->run()
 8 SYSTEMPATH\Commands\Server\rewrite.php(47): require_once('C:\\laragon\\www\\projectmahalta\\public\\index.php')
CRITICAL - 2024-02-04 02:43:55 --> There is no data to update.
in SYSTEMPATH\BaseModel.php on line 930.
 1 SYSTEMPATH\BaseModel.php(930): CodeIgniter\Database\Exceptions\DataException::forEmptyDataset('update')
 2 SYSTEMPATH\Model.php(776): CodeIgniter\BaseModel->update([...], [])
 3 APPPATH\Controllers\StaffController.php(536): CodeIgniter\Model->update([...], [...])
 4 SYSTEMPATH\CodeIgniter.php(942): App\Controllers\StaffController->updateTable()
 5 SYSTEMPATH\CodeIgniter.php(502): CodeIgniter\CodeIgniter->runController(Object(App\Controllers\StaffController))
 6 SYSTEMPATH\CodeIgniter.php(361): CodeIgniter\CodeIgniter->handleRequest(null, Object(Config\Cache), false)
 7 FCPATH\index.php(79): CodeIgniter\CodeIgniter->run()
 8 SYSTEMPATH\Commands\Server\rewrite.php(47): require_once('C:\\laragon\\www\\projectmahalta\\public\\index.php')
CRITICAL - 2024-02-04 03:06:27 --> Undefined array key "TableNumber"
in APPPATH\Views\Stafff\RestaurantStaff\table.php on line 148.
 1 APPPATH\Views\Stafff\RestaurantStaff\table.php(148): CodeIgniter\Debug\Exceptions->errorHandler(2, 'Undefined array key "TableNumber"', 'C:\\laragon\\www\\projectmahalta\\app\\Views\\Stafff\\RestaurantStaff\\table.php', 148)
 2 SYSTEMPATH\View\View.php(228): include('C:\\laragon\\www\\projectmahalta\\app\\Views\\Stafff\\RestaurantStaff\\table.php')
 3 SYSTEMPATH\View\View.php(231): CodeIgniter\View\View->CodeIgniter\View\{closure}()
 4 SYSTEMPATH\Common.php(1190): CodeIgniter\View\View->render('Stafff\\RestaurantStaff\\table', [], true)
 5 APPPATH\Controllers\StaffController.php(452): view('Stafff\\RestaurantStaff\\table', [...])
 6 SYSTEMPATH\CodeIgniter.php(942): App\Controllers\StaffController->resTable()
 7 SYSTEMPATH\CodeIgniter.php(502): CodeIgniter\CodeIgniter->runController(Object(App\Controllers\StaffController))
 8 SYSTEMPATH\CodeIgniter.php(361): CodeIgniter\CodeIgniter->handleRequest(null, Object(Config\Cache), false)
 9 FCPATH\index.php(79): CodeIgniter\CodeIgniter->run()
10 SYSTEMPATH\Commands\Server\rewrite.php(47): require_once('C:\\laragon\\www\\projectmahalta\\public\\index.php')
CRITICAL - 2024-02-04 06:52:16 --> Undefined variable $feedbacks
in APPPATH\Views\Admin\feedback.php on line 81.
 1 APPPATH\Views\Admin\feedback.php(81): CodeIgniter\Debug\Exceptions->errorHandler(2, 'Undefined variable $feedbacks', 'C:\\laragon\\www\\projectmahalta\\app\\Views\\Admin\\feedback.php', 81)
 2 SYSTEMPATH\View\View.php(228): include('C:\\laragon\\www\\projectmahalta\\app\\Views\\Admin\\feedback.php')
 3 SYSTEMPATH\View\View.php(231): CodeIgniter\View\View->CodeIgniter\View\{closure}()
 4 SYSTEMPATH\Common.php(1190): CodeIgniter\View\View->render('Admin\\feedback', [], true)
 5 APPPATH\Controllers\AdminController.php(775): view('Admin\\feedback', [...])
 6 SYSTEMPATH\CodeIgniter.php(942): App\Controllers\AdminController->Rate()
 7 SYSTEMPATH\CodeIgniter.php(502): CodeIgniter\CodeIgniter->runController(Object(App\Controllers\AdminController))
 8 SYSTEMPATH\CodeIgniter.php(361): CodeIgniter\CodeIgniter->handleRequest(null, Object(Config\Cache), false)
 9 FCPATH\index.php(79): CodeIgniter\CodeIgniter->run()
10 SYSTEMPATH\Commands\Server\rewrite.php(47): require_once('C:\\laragon\\www\\projectmahalta\\public\\index.php')
CRITICAL - 2024-02-04 06:52:51 --> Undefined variable $feedbacks
in APPPATH\Views\Admin\feedback.php on line 81.
 1 APPPATH\Views\Admin\feedback.php(81): CodeIgniter\Debug\Exceptions->errorHandler(2, 'Undefined variable $feedbacks', 'C:\\laragon\\www\\projectmahalta\\app\\Views\\Admin\\feedback.php', 81)
 2 SYSTEMPATH\View\View.php(228): include('C:\\laragon\\www\\projectmahalta\\app\\Views\\Admin\\feedback.php')
 3 SYSTEMPATH\View\View.php(231): CodeIgniter\View\View->CodeIgniter\View\{closure}()
 4 SYSTEMPATH\Common.php(1190): CodeIgniter\View\View->render('Admin\\feedback', [], true)
 5 APPPATH\Controllers\AdminController.php(775): view('Admin\\feedback', [...])
 6 SYSTEMPATH\CodeIgniter.php(942): App\Controllers\AdminController->Rate()
 7 SYSTEMPATH\CodeIgniter.php(502): CodeIgniter\CodeIgniter->runController(Object(App\Controllers\AdminController))
 8 SYSTEMPATH\CodeIgniter.php(361): CodeIgniter\CodeIgniter->handleRequest(null, Object(Config\Cache), false)
 9 FCPATH\index.php(79): CodeIgniter\CodeIgniter->run()
10 SYSTEMPATH\Commands\Server\rewrite.php(47): require_once('C:\\laragon\\www\\projectmahalta\\public\\index.php')
CRITICAL - 2024-02-04 06:52:54 --> Undefined variable $feedbacks
in APPPATH\Views\Admin\feedback.php on line 81.
 1 APPPATH\Views\Admin\feedback.php(81): CodeIgniter\Debug\Exceptions->errorHandler(2, 'Undefined variable $feedbacks', 'C:\\laragon\\www\\projectmahalta\\app\\Views\\Admin\\feedback.php', 81)
 2 SYSTEMPATH\View\View.php(228): include('C:\\laragon\\www\\projectmahalta\\app\\Views\\Admin\\feedback.php')
 3 SYSTEMPATH\View\View.php(231): CodeIgniter\View\View->CodeIgniter\View\{closure}()
 4 SYSTEMPATH\Common.php(1190): CodeIgniter\View\View->render('Admin\\feedback', [], true)
 5 APPPATH\Controllers\AdminController.php(775): view('Admin\\feedback', [...])
 6 SYSTEMPATH\CodeIgniter.php(942): App\Controllers\AdminController->Rate()
 7 SYSTEMPATH\CodeIgniter.php(502): CodeIgniter\CodeIgniter->runController(Object(App\Controllers\AdminController))
 8 SYSTEMPATH\CodeIgniter.php(361): CodeIgniter\CodeIgniter->handleRequest(null, Object(Config\Cache), false)
 9 FCPATH\index.php(79): CodeIgniter\CodeIgniter->run()
10 SYSTEMPATH\Commands\Server\rewrite.php(47): require_once('C:\\laragon\\www\\projectmahalta\\public\\index.php')
CRITICAL - 2024-02-04 06:53:03 --> Undefined variable $feedbacks
in APPPATH\Views\Admin\feedback.php on line 81.
 1 APPPATH\Views\Admin\feedback.php(81): CodeIgniter\Debug\Exceptions->errorHandler(2, 'Undefined variable $feedbacks', 'C:\\laragon\\www\\projectmahalta\\app\\Views\\Admin\\feedback.php', 81)
 2 SYSTEMPATH\View\View.php(228): include('C:\\laragon\\www\\projectmahalta\\app\\Views\\Admin\\feedback.php')
 3 SYSTEMPATH\View\View.php(231): CodeIgniter\View\View->CodeIgniter\View\{closure}()
 4 SYSTEMPATH\Common.php(1190): CodeIgniter\View\View->render('Admin\\feedback', [], true)
 5 APPPATH\Controllers\AdminController.php(775): view('Admin\\feedback', [...])
 6 SYSTEMPATH\CodeIgniter.php(942): App\Controllers\AdminController->Rate()
 7 SYSTEMPATH\CodeIgniter.php(502): CodeIgniter\CodeIgniter->runController(Object(App\Controllers\AdminController))
 8 SYSTEMPATH\CodeIgniter.php(361): CodeIgniter\CodeIgniter->handleRequest(null, Object(Config\Cache), false)
 9 FCPATH\index.php(79): CodeIgniter\CodeIgniter->run()
10 SYSTEMPATH\Commands\Server\rewrite.php(47): require_once('C:\\laragon\\www\\projectmahalta\\public\\index.php')
CRITICAL - 2024-02-04 06:53:07 --> Undefined variable $feedbacks
in APPPATH\Views\Admin\feedback.php on line 81.
 1 APPPATH\Views\Admin\feedback.php(81): CodeIgniter\Debug\Exceptions->errorHandler(2, 'Undefined variable $feedbacks', 'C:\\laragon\\www\\projectmahalta\\app\\Views\\Admin\\feedback.php', 81)
 2 SYSTEMPATH\View\View.php(228): include('C:\\laragon\\www\\projectmahalta\\app\\Views\\Admin\\feedback.php')
 3 SYSTEMPATH\View\View.php(231): CodeIgniter\View\View->CodeIgniter\View\{closure}()
 4 SYSTEMPATH\Common.php(1190): CodeIgniter\View\View->render('Admin\\feedback', [], true)
 5 APPPATH\Controllers\AdminController.php(775): view('Admin\\feedback', [...])
 6 SYSTEMPATH\CodeIgniter.php(942): App\Controllers\AdminController->Rate()
 7 SYSTEMPATH\CodeIgniter.php(502): CodeIgniter\CodeIgniter->runController(Object(App\Controllers\AdminController))
 8 SYSTEMPATH\CodeIgniter.php(361): CodeIgniter\CodeIgniter->handleRequest(null, Object(Config\Cache), false)
 9 FCPATH\index.php(79): CodeIgniter\CodeIgniter->run()
10 SYSTEMPATH\Commands\Server\rewrite.php(47): require_once('C:\\laragon\\www\\projectmahalta\\public\\index.php')
