CRITICAL - 2023-12-27 09:21:16 --> Invalid file: "HotelStaff/index.php"
in SYSTEMPATH\Exceptions\FrameworkException.php on line 39.
 1 SYSTEMPATH\View\View.php(216): CodeIgniter\Exceptions\FrameworkException::forInvalidFile('HotelStaff/index.php')
 2 SYSTEMPATH\Common.php(1190): CodeIgniter\View\View->render('HotelStaff/index', [], true)
 3 APPPATH\Controllers\UserController.php(84): view('HotelStaff/index')
 4 SYSTEMPATH\CodeIgniter.php(942): App\Controllers\UserController->LoginAuth()
 5 SYSTEMPATH\CodeIgniter.php(502): CodeIgniter\CodeIgniter->runController(Object(App\Controllers\UserController))
 6 SYSTEMPATH\CodeIgniter.php(361): CodeIgniter\CodeIgniter->handleRequest(null, Object(Config\Cache), false)
 7 FCPATH\index.php(79): CodeIgniter\CodeIgniter->run()
 8 SYSTEMPATH\Commands\Server\rewrite.php(47): require_once('C:\\laragon\\www\\GitHub\\mahaltacalapancity\\public\\index.php')
CRITICAL - 2023-12-27 09:21:33 --> Invalid file: "HotelStaff/index.php"
in SYSTEMPATH\Exceptions\FrameworkException.php on line 39.
 1 SYSTEMPATH\View\View.php(216): CodeIgniter\Exceptions\FrameworkException::forInvalidFile('HotelStaff/index.php')
 2 SYSTEMPATH\Common.php(1190): CodeIgniter\View\View->render('HotelStaff/index', [], true)
 3 APPPATH\Controllers\UserController.php(84): view('HotelStaff/index')
 4 SYSTEMPATH\CodeIgniter.php(942): App\Controllers\UserController->LoginAuth()
 5 SYSTEMPATH\CodeIgniter.php(502): CodeIgniter\CodeIgniter->runController(Object(App\Controllers\UserController))
 6 SYSTEMPATH\CodeIgniter.php(361): CodeIgniter\CodeIgniter->handleRequest(null, Object(Config\Cache), false)
 7 FCPATH\index.php(79): CodeIgniter\CodeIgniter->run()
 8 SYSTEMPATH\Commands\Server\rewrite.php(47): require_once('C:\\laragon\\www\\GitHub\\mahaltacalapancity\\public\\index.php')
CRITICAL - 2023-12-27 09:22:33 --> Invalid file: "HotelStaff/index.php"
in SYSTEMPATH\Exceptions\FrameworkException.php on line 39.
 1 SYSTEMPATH\View\View.php(216): CodeIgniter\Exceptions\FrameworkException::forInvalidFile('HotelStaff/index.php')
 2 SYSTEMPATH\Common.php(1190): CodeIgniter\View\View->render('HotelStaff/index', [], true)
 3 APPPATH\Controllers\UserController.php(84): view('HotelStaff/index')
 4 SYSTEMPATH\CodeIgniter.php(942): App\Controllers\UserController->LoginAuth()
 5 SYSTEMPATH\CodeIgniter.php(502): CodeIgniter\CodeIgniter->runController(Object(App\Controllers\UserController))
 6 SYSTEMPATH\CodeIgniter.php(361): CodeIgniter\CodeIgniter->handleRequest(null, Object(Config\Cache), false)
 7 FCPATH\index.php(79): CodeIgniter\CodeIgniter->run()
 8 SYSTEMPATH\Commands\Server\rewrite.php(47): require_once('C:\\laragon\\www\\GitHub\\mahaltacalapancity\\public\\index.php')
CRITICAL - 2023-12-27 11:39:23 --> Undefined variable $rooms
in APPPATH\Views\Staff\RestaurantStaff\table.php on line 378.
 1 APPPATH\Views\Staff\RestaurantStaff\table.php(378): CodeIgniter\Debug\Exceptions->errorHandler(2, 'Undefined variable $rooms', 'C:\\laragon\\www\\GitHub\\mahaltacalapancity\\app\\Views\\Staff\\RestaurantStaff\\table.php', 378)
 2 SYSTEMPATH\View\View.php(228): include('C:\\laragon\\www\\GitHub\\mahaltacalapancity\\app\\Views\\Staff\\RestaurantStaff\\table.php')
 3 SYSTEMPATH\View\View.php(231): CodeIgniter\View\View->CodeIgniter\View\{closure}()
 4 SYSTEMPATH\Common.php(1190): CodeIgniter\View\View->render('Staff\\RestaurantStaff\\table', [], true)
 5 APPPATH\Controllers\StaffController.php(208): view('Staff\\RestaurantStaff\\table', [...])
 6 SYSTEMPATH\CodeIgniter.php(942): App\Controllers\StaffController->resTable()
 7 SYSTEMPATH\CodeIgniter.php(502): CodeIgniter\CodeIgniter->runController(Object(App\Controllers\StaffController))
 8 SYSTEMPATH\CodeIgniter.php(361): CodeIgniter\CodeIgniter->handleRequest(null, Object(Config\Cache), false)
 9 FCPATH\index.php(79): CodeIgniter\CodeIgniter->run()
10 SYSTEMPATH\Commands\Server\rewrite.php(47): require_once('C:\\laragon\\www\\GitHub\\mahaltacalapancity\\public\\index.php')
CRITICAL - 2023-12-27 11:40:18 --> Undefined variable $rooms
in APPPATH\Views\Staff\RestaurantStaff\table.php on line 378.
 1 APPPATH\Views\Staff\RestaurantStaff\table.php(378): CodeIgniter\Debug\Exceptions->errorHandler(2, 'Undefined variable $rooms', 'C:\\laragon\\www\\GitHub\\mahaltacalapancity\\app\\Views\\Staff\\RestaurantStaff\\table.php', 378)
 2 SYSTEMPATH\View\View.php(228): include('C:\\laragon\\www\\GitHub\\mahaltacalapancity\\app\\Views\\Staff\\RestaurantStaff\\table.php')
 3 SYSTEMPATH\View\View.php(231): CodeIgniter\View\View->CodeIgniter\View\{closure}()
 4 SYSTEMPATH\Common.php(1190): CodeIgniter\View\View->render('Staff\\RestaurantStaff\\table', [], true)
 5 APPPATH\Controllers\StaffController.php(208): view('Staff\\RestaurantStaff\\table', [...])
 6 SYSTEMPATH\CodeIgniter.php(942): App\Controllers\StaffController->resTable()
 7 SYSTEMPATH\CodeIgniter.php(502): CodeIgniter\CodeIgniter->runController(Object(App\Controllers\StaffController))
 8 SYSTEMPATH\CodeIgniter.php(361): CodeIgniter\CodeIgniter->handleRequest(null, Object(Config\Cache), false)
 9 FCPATH\index.php(79): CodeIgniter\CodeIgniter->run()
10 SYSTEMPATH\Commands\Server\rewrite.php(47): require_once('C:\\laragon\\www\\GitHub\\mahaltacalapancity\\public\\index.php')
CRITICAL - 2023-12-27 11:40:19 --> Undefined variable $rooms
in APPPATH\Views\Staff\RestaurantStaff\table.php on line 378.
 1 APPPATH\Views\Staff\RestaurantStaff\table.php(378): CodeIgniter\Debug\Exceptions->errorHandler(2, 'Undefined variable $rooms', 'C:\\laragon\\www\\GitHub\\mahaltacalapancity\\app\\Views\\Staff\\RestaurantStaff\\table.php', 378)
 2 SYSTEMPATH\View\View.php(228): include('C:\\laragon\\www\\GitHub\\mahaltacalapancity\\app\\Views\\Staff\\RestaurantStaff\\table.php')
 3 SYSTEMPATH\View\View.php(231): CodeIgniter\View\View->CodeIgniter\View\{closure}()
 4 SYSTEMPATH\Common.php(1190): CodeIgniter\View\View->render('Staff\\RestaurantStaff\\table', [], true)
 5 APPPATH\Controllers\StaffController.php(208): view('Staff\\RestaurantStaff\\table', [...])
 6 SYSTEMPATH\CodeIgniter.php(942): App\Controllers\StaffController->resTable()
 7 SYSTEMPATH\CodeIgniter.php(502): CodeIgniter\CodeIgniter->runController(Object(App\Controllers\StaffController))
 8 SYSTEMPATH\CodeIgniter.php(361): CodeIgniter\CodeIgniter->handleRequest(null, Object(Config\Cache), false)
 9 FCPATH\index.php(79): CodeIgniter\CodeIgniter->run()
10 SYSTEMPATH\Commands\Server\rewrite.php(47): require_once('C:\\laragon\\www\\GitHub\\mahaltacalapancity\\public\\index.php')
CRITICAL - 2023-12-27 11:40:20 --> Undefined variable $rooms
in APPPATH\Views\Staff\RestaurantStaff\table.php on line 378.
 1 APPPATH\Views\Staff\RestaurantStaff\table.php(378): CodeIgniter\Debug\Exceptions->errorHandler(2, 'Undefined variable $rooms', 'C:\\laragon\\www\\GitHub\\mahaltacalapancity\\app\\Views\\Staff\\RestaurantStaff\\table.php', 378)
 2 SYSTEMPATH\View\View.php(228): include('C:\\laragon\\www\\GitHub\\mahaltacalapancity\\app\\Views\\Staff\\RestaurantStaff\\table.php')
 3 SYSTEMPATH\View\View.php(231): CodeIgniter\View\View->CodeIgniter\View\{closure}()
 4 SYSTEMPATH\Common.php(1190): CodeIgniter\View\View->render('Staff\\RestaurantStaff\\table', [], true)
 5 APPPATH\Controllers\StaffController.php(208): view('Staff\\RestaurantStaff\\table', [...])
 6 SYSTEMPATH\CodeIgniter.php(942): App\Controllers\StaffController->resTable()
 7 SYSTEMPATH\CodeIgniter.php(502): CodeIgniter\CodeIgniter->runController(Object(App\Controllers\StaffController))
 8 SYSTEMPATH\CodeIgniter.php(361): CodeIgniter\CodeIgniter->handleRequest(null, Object(Config\Cache), false)
 9 FCPATH\index.php(79): CodeIgniter\CodeIgniter->run()
10 SYSTEMPATH\Commands\Server\rewrite.php(47): require_once('C:\\laragon\\www\\GitHub\\mahaltacalapancity\\public\\index.php')
CRITICAL - 2023-12-27 11:40:20 --> Undefined variable $rooms
in APPPATH\Views\Staff\RestaurantStaff\table.php on line 378.
 1 APPPATH\Views\Staff\RestaurantStaff\table.php(378): CodeIgniter\Debug\Exceptions->errorHandler(2, 'Undefined variable $rooms', 'C:\\laragon\\www\\GitHub\\mahaltacalapancity\\app\\Views\\Staff\\RestaurantStaff\\table.php', 378)
 2 SYSTEMPATH\View\View.php(228): include('C:\\laragon\\www\\GitHub\\mahaltacalapancity\\app\\Views\\Staff\\RestaurantStaff\\table.php')
 3 SYSTEMPATH\View\View.php(231): CodeIgniter\View\View->CodeIgniter\View\{closure}()
 4 SYSTEMPATH\Common.php(1190): CodeIgniter\View\View->render('Staff\\RestaurantStaff\\table', [], true)
 5 APPPATH\Controllers\StaffController.php(208): view('Staff\\RestaurantStaff\\table', [...])
 6 SYSTEMPATH\CodeIgniter.php(942): App\Controllers\StaffController->resTable()
 7 SYSTEMPATH\CodeIgniter.php(502): CodeIgniter\CodeIgniter->runController(Object(App\Controllers\StaffController))
 8 SYSTEMPATH\CodeIgniter.php(361): CodeIgniter\CodeIgniter->handleRequest(null, Object(Config\Cache), false)
 9 FCPATH\index.php(79): CodeIgniter\CodeIgniter->run()
10 SYSTEMPATH\Commands\Server\rewrite.php(47): require_once('C:\\laragon\\www\\GitHub\\mahaltacalapancity\\public\\index.php')
CRITICAL - 2023-12-27 11:40:20 --> Undefined variable $rooms
in APPPATH\Views\Staff\RestaurantStaff\table.php on line 378.
 1 APPPATH\Views\Staff\RestaurantStaff\table.php(378): CodeIgniter\Debug\Exceptions->errorHandler(2, 'Undefined variable $rooms', 'C:\\laragon\\www\\GitHub\\mahaltacalapancity\\app\\Views\\Staff\\RestaurantStaff\\table.php', 378)
 2 SYSTEMPATH\View\View.php(228): include('C:\\laragon\\www\\GitHub\\mahaltacalapancity\\app\\Views\\Staff\\RestaurantStaff\\table.php')
 3 SYSTEMPATH\View\View.php(231): CodeIgniter\View\View->CodeIgniter\View\{closure}()
 4 SYSTEMPATH\Common.php(1190): CodeIgniter\View\View->render('Staff\\RestaurantStaff\\table', [], true)
 5 APPPATH\Controllers\StaffController.php(208): view('Staff\\RestaurantStaff\\table', [...])
 6 SYSTEMPATH\CodeIgniter.php(942): App\Controllers\StaffController->resTable()
 7 SYSTEMPATH\CodeIgniter.php(502): CodeIgniter\CodeIgniter->runController(Object(App\Controllers\StaffController))
 8 SYSTEMPATH\CodeIgniter.php(361): CodeIgniter\CodeIgniter->handleRequest(null, Object(Config\Cache), false)
 9 FCPATH\index.php(79): CodeIgniter\CodeIgniter->run()
10 SYSTEMPATH\Commands\Server\rewrite.php(47): require_once('C:\\laragon\\www\\GitHub\\mahaltacalapancity\\public\\index.php')
CRITICAL - 2023-12-27 11:40:24 --> Undefined variable $rooms
in APPPATH\Views\Staff\RestaurantStaff\table.php on line 390.
 1 APPPATH\Views\Staff\RestaurantStaff\table.php(390): CodeIgniter\Debug\Exceptions->errorHandler(2, 'Undefined variable $rooms', 'C:\\laragon\\www\\GitHub\\mahaltacalapancity\\app\\Views\\Staff\\RestaurantStaff\\table.php', 390)
 2 SYSTEMPATH\View\View.php(228): include('C:\\laragon\\www\\GitHub\\mahaltacalapancity\\app\\Views\\Staff\\RestaurantStaff\\table.php')
 3 SYSTEMPATH\View\View.php(231): CodeIgniter\View\View->CodeIgniter\View\{closure}()
 4 SYSTEMPATH\Common.php(1190): CodeIgniter\View\View->render('Staff\\RestaurantStaff\\table', [], true)
 5 APPPATH\Controllers\StaffController.php(208): view('Staff\\RestaurantStaff\\table', [...])
 6 SYSTEMPATH\CodeIgniter.php(942): App\Controllers\StaffController->resTable()
 7 SYSTEMPATH\CodeIgniter.php(502): CodeIgniter\CodeIgniter->runController(Object(App\Controllers\StaffController))
 8 SYSTEMPATH\CodeIgniter.php(361): CodeIgniter\CodeIgniter->handleRequest(null, Object(Config\Cache), false)
 9 FCPATH\index.php(79): CodeIgniter\CodeIgniter->run()
10 SYSTEMPATH\Commands\Server\rewrite.php(47): require_once('C:\\laragon\\www\\GitHub\\mahaltacalapancity\\public\\index.php')
CRITICAL - 2023-12-27 11:42:55 --> Undefined array key "RoomID"
in APPPATH\Views\Staff\RestaurantStaff\table.php on line 379.
 1 APPPATH\Views\Staff\RestaurantStaff\table.php(379): CodeIgniter\Debug\Exceptions->errorHandler(2, 'Undefined array key "RoomID"', 'C:\\laragon\\www\\GitHub\\mahaltacalapancity\\app\\Views\\Staff\\RestaurantStaff\\table.php', 379)
 2 SYSTEMPATH\View\View.php(228): include('C:\\laragon\\www\\GitHub\\mahaltacalapancity\\app\\Views\\Staff\\RestaurantStaff\\table.php')
 3 SYSTEMPATH\View\View.php(231): CodeIgniter\View\View->CodeIgniter\View\{closure}()
 4 SYSTEMPATH\Common.php(1190): CodeIgniter\View\View->render('Staff\\RestaurantStaff\\table', [], true)
 5 APPPATH\Controllers\StaffController.php(208): view('Staff\\RestaurantStaff\\table', [...])
 6 SYSTEMPATH\CodeIgniter.php(942): App\Controllers\StaffController->resTable()
 7 SYSTEMPATH\CodeIgniter.php(502): CodeIgniter\CodeIgniter->runController(Object(App\Controllers\StaffController))
 8 SYSTEMPATH\CodeIgniter.php(361): CodeIgniter\CodeIgniter->handleRequest(null, Object(Config\Cache), false)
 9 FCPATH\index.php(79): CodeIgniter\CodeIgniter->run()
10 SYSTEMPATH\Commands\Server\rewrite.php(47): require_once('C:\\laragon\\www\\GitHub\\mahaltacalapancity\\public\\index.php')
CRITICAL - 2023-12-27 11:43:10 --> Undefined array key "RoomID"
in APPPATH\Views\Staff\RestaurantStaff\table.php on line 392.
 1 APPPATH\Views\Staff\RestaurantStaff\table.php(392): CodeIgniter\Debug\Exceptions->errorHandler(2, 'Undefined array key "RoomID"', 'C:\\laragon\\www\\GitHub\\mahaltacalapancity\\app\\Views\\Staff\\RestaurantStaff\\table.php', 392)
 2 SYSTEMPATH\View\View.php(228): include('C:\\laragon\\www\\GitHub\\mahaltacalapancity\\app\\Views\\Staff\\RestaurantStaff\\table.php')
 3 SYSTEMPATH\View\View.php(231): CodeIgniter\View\View->CodeIgniter\View\{closure}()
 4 SYSTEMPATH\Common.php(1190): CodeIgniter\View\View->render('Staff\\RestaurantStaff\\table', [], true)
 5 APPPATH\Controllers\StaffController.php(208): view('Staff\\RestaurantStaff\\table', [...])
 6 SYSTEMPATH\CodeIgniter.php(942): App\Controllers\StaffController->resTable()
 7 SYSTEMPATH\CodeIgniter.php(502): CodeIgniter\CodeIgniter->runController(Object(App\Controllers\StaffController))
 8 SYSTEMPATH\CodeIgniter.php(361): CodeIgniter\CodeIgniter->handleRequest(null, Object(Config\Cache), false)
 9 FCPATH\index.php(79): CodeIgniter\CodeIgniter->run()
10 SYSTEMPATH\Commands\Server\rewrite.php(47): require_once('C:\\laragon\\www\\GitHub\\mahaltacalapancity\\public\\index.php')
CRITICAL - 2023-12-27 12:55:18 --> Undefined variable $hotelrevs
in APPPATH\Views\Staff\RestaurantStaff\reservation.php on line 328.
 1 APPPATH\Views\Staff\RestaurantStaff\reservation.php(328): CodeIgniter\Debug\Exceptions->errorHandler(2, 'Undefined variable $hotelrevs', 'C:\\laragon\\www\\GitHub\\mahaltacalapancity\\app\\Views\\Staff\\RestaurantStaff\\reservation.php', 328)
 2 SYSTEMPATH\View\View.php(228): include('C:\\laragon\\www\\GitHub\\mahaltacalapancity\\app\\Views\\Staff\\RestaurantStaff\\reservation.php')
 3 SYSTEMPATH\View\View.php(231): CodeIgniter\View\View->CodeIgniter\View\{closure}()
 4 SYSTEMPATH\Common.php(1190): CodeIgniter\View\View->render('Staff\\RestaurantStaff\\reservation', [], true)
 5 APPPATH\Controllers\StaffController.php(207): view('Staff\\RestaurantStaff\\reservation', [...])
 6 SYSTEMPATH\CodeIgniter.php(942): App\Controllers\StaffController->resReservation()
 7 SYSTEMPATH\CodeIgniter.php(502): CodeIgniter\CodeIgniter->runController(Object(App\Controllers\StaffController))
 8 SYSTEMPATH\CodeIgniter.php(361): CodeIgniter\CodeIgniter->handleRequest(null, Object(Config\Cache), false)
 9 FCPATH\index.php(79): CodeIgniter\CodeIgniter->run()
10 SYSTEMPATH\Commands\Server\rewrite.php(47): require_once('C:\\laragon\\www\\GitHub\\mahaltacalapancity\\public\\index.php')
ERROR - 2023-12-27 12:57:51 --> mysqli_sql_exception: Unknown column 'rooms.TableNumber' in 'field list' in C:\laragon\www\GitHub\mahaltacalapancity\system\Database\MySQLi\Connection.php:306
Stack trace:
#0 C:\laragon\www\GitHub\mahaltacalapancity\system\Database\MySQLi\Connection.php(306): mysqli->query('SELECT `reserva...', 0)
#1 C:\laragon\www\GitHub\mahaltacalapancity\system\Database\BaseConnection.php(693): CodeIgniter\Database\MySQLi\Connection->execute('SELECT `reserva...')
#2 C:\laragon\www\GitHub\mahaltacalapancity\system\Database\BaseConnection.php(607): CodeIgniter\Database\BaseConnection->simpleQuery('SELECT `reserva...')
#3 C:\laragon\www\GitHub\mahaltacalapancity\system\Database\BaseBuilder.php(1615): CodeIgniter\Database\BaseConnection->query('SELECT `reserva...', Array, false)
#4 C:\laragon\www\GitHub\mahaltacalapancity\system\Model.php(237): CodeIgniter\Database\BaseBuilder->get()
#5 C:\laragon\www\GitHub\mahaltacalapancity\system\BaseModel.php(624): CodeIgniter\Model->doFindAll(0, 0)
#6 C:\laragon\www\GitHub\mahaltacalapancity\app\Controllers\StaffController.php(205): CodeIgniter\BaseModel->findAll()
#7 C:\laragon\www\GitHub\mahaltacalapancity\system\CodeIgniter.php(942): App\Controllers\StaffController->resReservation()
#8 C:\laragon\www\GitHub\mahaltacalapancity\system\CodeIgniter.php(502): CodeIgniter\CodeIgniter->runController(Object(App\Controllers\StaffController))
#9 C:\laragon\www\GitHub\mahaltacalapancity\system\CodeIgniter.php(361): CodeIgniter\CodeIgniter->handleRequest(NULL, Object(Config\Cache), false)
#10 C:\laragon\www\GitHub\mahaltacalapancity\public\index.php(79): CodeIgniter\CodeIgniter->run()
#11 C:\laragon\www\GitHub\mahaltacalapancity\system\Commands\Server\rewrite.php(47): require_once('C:\\laragon\\www\\...')
#12 {main}
CRITICAL - 2023-12-27 12:57:51 --> Unknown column 'rooms.TableNumber' in 'field list'
in SYSTEMPATH\Database\BaseConnection.php on line 647.
 1 SYSTEMPATH\Database\BaseBuilder.php(1615): CodeIgniter\Database\BaseConnection->query('SELECT `reservations`.`ReservationID`, `rooms`.`RoomID`, `rooms`.`TableNumber`, `reservations`.`CheckInDate`, `reservations`.`CheckOutDate`, `reservations`.`NumberOfGuests`, `reservations`.`TotalAmount`, `reservations`.`Status`, `users`.`UserID`, `users`.`FirstName`, `users`.`LastName`, `reservations`.`UserID`
FROM `reservations`
JOIN `rooms` ON `reservations`.`RoomID` = `rooms`.`RoomID`
JOIN `users` ON `reservations`.`UserID` = `users`.`UserID`', [], false)
 2 SYSTEMPATH\Model.php(237): CodeIgniter\Database\BaseBuilder->get()
 3 SYSTEMPATH\BaseModel.php(624): CodeIgniter\Model->doFindAll(0, 0)
 4 APPPATH\Controllers\StaffController.php(205): CodeIgniter\BaseModel->findAll()
 5 SYSTEMPATH\CodeIgniter.php(942): App\Controllers\StaffController->resReservation()
 6 SYSTEMPATH\CodeIgniter.php(502): CodeIgniter\CodeIgniter->runController(Object(App\Controllers\StaffController))
 7 SYSTEMPATH\CodeIgniter.php(361): CodeIgniter\CodeIgniter->handleRequest(null, Object(Config\Cache), false)
 8 FCPATH\index.php(79): CodeIgniter\CodeIgniter->run()
 9 SYSTEMPATH\Commands\Server\rewrite.php(47): require_once('C:\\laragon\\www\\GitHub\\mahaltacalapancity\\public\\index.php')
CRITICAL - 2023-12-27 13:18:34 --> Undefined array key "RoomID"
in APPPATH\Views\Staff\RestaurantStaff\reservation.php on line 336.
 1 APPPATH\Views\Staff\RestaurantStaff\reservation.php(336): CodeIgniter\Debug\Exceptions->errorHandler(2, 'Undefined array key "RoomID"', 'C:\\laragon\\www\\GitHub\\mahaltacalapancity\\app\\Views\\Staff\\RestaurantStaff\\reservation.php', 336)
 2 SYSTEMPATH\View\View.php(228): include('C:\\laragon\\www\\GitHub\\mahaltacalapancity\\app\\Views\\Staff\\RestaurantStaff\\reservation.php')
 3 SYSTEMPATH\View\View.php(231): CodeIgniter\View\View->CodeIgniter\View\{closure}()
 4 SYSTEMPATH\Common.php(1190): CodeIgniter\View\View->render('Staff\\RestaurantStaff\\reservation', [], true)
 5 APPPATH\Controllers\StaffController.php(207): view('Staff\\RestaurantStaff\\reservation', [...])
 6 SYSTEMPATH\CodeIgniter.php(942): App\Controllers\StaffController->resReservation()
 7 SYSTEMPATH\CodeIgniter.php(502): CodeIgniter\CodeIgniter->runController(Object(App\Controllers\StaffController))
 8 SYSTEMPATH\CodeIgniter.php(361): CodeIgniter\CodeIgniter->handleRequest(null, Object(Config\Cache), false)
 9 FCPATH\index.php(79): CodeIgniter\CodeIgniter->run()
10 SYSTEMPATH\Commands\Server\rewrite.php(47): require_once('C:\\laragon\\www\\GitHub\\mahaltacalapancity\\public\\index.php')
CRITICAL - 2023-12-27 14:09:12 --> Undefined array key "RoomType"
in APPPATH\Views\Admin\Restaurant\reservation.php on line 325.
 1 APPPATH\Views\Admin\Restaurant\reservation.php(325): CodeIgniter\Debug\Exceptions->errorHandler(2, 'Undefined array key "RoomType"', 'C:\\laragon\\www\\GitHub\\mahaltacalapancity\\app\\Views\\Admin\\Restaurant\\reservation.php', 325)
 2 SYSTEMPATH\View\View.php(228): include('C:\\laragon\\www\\GitHub\\mahaltacalapancity\\app\\Views\\Admin\\Restaurant\\reservation.php')
 3 SYSTEMPATH\View\View.php(231): CodeIgniter\View\View->CodeIgniter\View\{closure}()
 4 SYSTEMPATH\Common.php(1190): CodeIgniter\View\View->render('Admin\\Restaurant\\reservation', [], true)
 5 APPPATH\Controllers\AdminController.php(66): view('Admin\\Restaurant\\reservation', [...])
 6 SYSTEMPATH\CodeIgniter.php(942): App\Controllers\AdminController->resReservation()
 7 SYSTEMPATH\CodeIgniter.php(502): CodeIgniter\CodeIgniter->runController(Object(App\Controllers\AdminController))
 8 SYSTEMPATH\CodeIgniter.php(361): CodeIgniter\CodeIgniter->handleRequest(null, Object(Config\Cache), false)
 9 FCPATH\index.php(79): CodeIgniter\CodeIgniter->run()
10 SYSTEMPATH\Commands\Server\rewrite.php(47): require_once('C:\\laragon\\www\\GitHub\\mahaltacalapancity\\public\\index.php')
CRITICAL - 2023-12-27 14:25:12 --> Invalid file: "/room.php"
in SYSTEMPATH\Exceptions\FrameworkException.php on line 39.
 1 SYSTEMPATH\View\View.php(216): CodeIgniter\Exceptions\FrameworkException::forInvalidFile('/room.php')
 2 SYSTEMPATH\Common.php(1190): CodeIgniter\View\View->render('/room', [], true)
 3 APPPATH\Controllers\StaffController.php(221): view('/room', [...])
 4 SYSTEMPATH\CodeIgniter.php(942): App\Controllers\StaffController->addresReservation()
 5 SYSTEMPATH\CodeIgniter.php(502): CodeIgniter\CodeIgniter->runController(Object(App\Controllers\StaffController))
 6 SYSTEMPATH\CodeIgniter.php(361): CodeIgniter\CodeIgniter->handleRequest(null, Object(Config\Cache), false)
 7 FCPATH\index.php(79): CodeIgniter\CodeIgniter->run()
 8 SYSTEMPATH\Commands\Server\rewrite.php(47): require_once('C:\\laragon\\www\\GitHub\\mahaltacalapancity\\public\\index.php')
CRITICAL - 2023-12-27 14:25:38 --> Invalid file: "/room.php"
in SYSTEMPATH\Exceptions\FrameworkException.php on line 39.
 1 SYSTEMPATH\View\View.php(216): CodeIgniter\Exceptions\FrameworkException::forInvalidFile('/room.php')
 2 SYSTEMPATH\Common.php(1190): CodeIgniter\View\View->render('/room', [], true)
 3 APPPATH\Controllers\StaffController.php(221): view('/room', [...])
 4 SYSTEMPATH\CodeIgniter.php(942): App\Controllers\StaffController->addresReservation()
 5 SYSTEMPATH\CodeIgniter.php(502): CodeIgniter\CodeIgniter->runController(Object(App\Controllers\StaffController))
 6 SYSTEMPATH\CodeIgniter.php(361): CodeIgniter\CodeIgniter->handleRequest(null, Object(Config\Cache), false)
 7 FCPATH\index.php(79): CodeIgniter\CodeIgniter->run()
 8 SYSTEMPATH\Commands\Server\rewrite.php(47): require_once('C:\\laragon\\www\\GitHub\\mahaltacalapancity\\public\\index.php')
CRITICAL - 2023-12-27 14:27:44 --> Undefined variable $rooms
in APPPATH\Views\Hotel\include\room.php on line 116.
 1 APPPATH\Views\Hotel\include\room.php(116): CodeIgniter\Debug\Exceptions->errorHandler(2, 'Undefined variable $rooms', 'C:\\laragon\\www\\GitHub\\mahaltacalapancity\\app\\Views\\Hotel\\include\\room.php', 116)
 2 APPPATH\Views\Hotel\room.php(67): include('C:\\laragon\\www\\GitHub\\mahaltacalapancity\\app\\Views\\Hotel\\include\\room.php')
 3 SYSTEMPATH\View\View.php(228): include('C:\\laragon\\www\\GitHub\\mahaltacalapancity\\app\\Views\\Hotel\\room.php')
 4 SYSTEMPATH\View\View.php(231): CodeIgniter\View\View->CodeIgniter\View\{closure}()
 5 SYSTEMPATH\Common.php(1190): CodeIgniter\View\View->render('Hotel\\room', [], true)
 6 APPPATH\Controllers\StaffController.php(221): view('Hotel\\room', [...])
 7 SYSTEMPATH\CodeIgniter.php(942): App\Controllers\StaffController->addresReservation()
 8 SYSTEMPATH\CodeIgniter.php(502): CodeIgniter\CodeIgniter->runController(Object(App\Controllers\StaffController))
 9 SYSTEMPATH\CodeIgniter.php(361): CodeIgniter\CodeIgniter->handleRequest(null, Object(Config\Cache), false)
10 FCPATH\index.php(79): CodeIgniter\CodeIgniter->run()
11 SYSTEMPATH\Commands\Server\rewrite.php(47): require_once('C:\\laragon\\www\\GitHub\\mahaltacalapancity\\public\\index.php')
CRITICAL - 2023-12-27 14:30:23 --> Invalid file: "\room.php"
in SYSTEMPATH\Exceptions\FrameworkException.php on line 39.
 1 SYSTEMPATH\View\View.php(216): CodeIgniter\Exceptions\FrameworkException::forInvalidFile('\\room.php')
 2 SYSTEMPATH\Common.php(1190): CodeIgniter\View\View->render('\\room', [], true)
 3 APPPATH\Controllers\StaffController.php(221): view('\\room', [...])
 4 SYSTEMPATH\CodeIgniter.php(942): App\Controllers\StaffController->addresReservation()
 5 SYSTEMPATH\CodeIgniter.php(502): CodeIgniter\CodeIgniter->runController(Object(App\Controllers\StaffController))
 6 SYSTEMPATH\CodeIgniter.php(361): CodeIgniter\CodeIgniter->handleRequest(null, Object(Config\Cache), false)
 7 FCPATH\index.php(79): CodeIgniter\CodeIgniter->run()
 8 SYSTEMPATH\Commands\Server\rewrite.php(47): require_once('C:\\laragon\\www\\GitHub\\mahaltacalapancity\\public\\index.php')
CRITICAL - 2023-12-27 14:30:30 --> Invalid file: "\room.php"
in SYSTEMPATH\Exceptions\FrameworkException.php on line 39.
 1 SYSTEMPATH\View\View.php(216): CodeIgniter\Exceptions\FrameworkException::forInvalidFile('\\room.php')
 2 SYSTEMPATH\Common.php(1190): CodeIgniter\View\View->render('\\room', [], true)
 3 APPPATH\Controllers\StaffController.php(221): view('\\room', [...])
 4 SYSTEMPATH\CodeIgniter.php(942): App\Controllers\StaffController->addresReservation()
 5 SYSTEMPATH\CodeIgniter.php(502): CodeIgniter\CodeIgniter->runController(Object(App\Controllers\StaffController))
 6 SYSTEMPATH\CodeIgniter.php(361): CodeIgniter\CodeIgniter->handleRequest(null, Object(Config\Cache), false)
 7 FCPATH\index.php(79): CodeIgniter\CodeIgniter->run()
 8 SYSTEMPATH\Commands\Server\rewrite.php(47): require_once('C:\\laragon\\www\\GitHub\\mahaltacalapancity\\public\\index.php')
CRITICAL - 2023-12-27 14:30:49 --> Undefined variable $rooms
in APPPATH\Views\Hotel\include\room.php on line 116.
 1 APPPATH\Views\Hotel\include\room.php(116): CodeIgniter\Debug\Exceptions->errorHandler(2, 'Undefined variable $rooms', 'C:\\laragon\\www\\GitHub\\mahaltacalapancity\\app\\Views\\Hotel\\include\\room.php', 116)
 2 APPPATH\Views\Hotel\room.php(67): include('C:\\laragon\\www\\GitHub\\mahaltacalapancity\\app\\Views\\Hotel\\include\\room.php')
 3 SYSTEMPATH\View\View.php(228): include('C:\\laragon\\www\\GitHub\\mahaltacalapancity\\app\\Views\\Hotel\\room.php')
 4 SYSTEMPATH\View\View.php(231): CodeIgniter\View\View->CodeIgniter\View\{closure}()
 5 SYSTEMPATH\Common.php(1190): CodeIgniter\View\View->render('Hotel\\room', [], true)
 6 APPPATH\Controllers\StaffController.php(221): view('Hotel\\room', [...])
 7 SYSTEMPATH\CodeIgniter.php(942): App\Controllers\StaffController->addresReservation()
 8 SYSTEMPATH\CodeIgniter.php(502): CodeIgniter\CodeIgniter->runController(Object(App\Controllers\StaffController))
 9 SYSTEMPATH\CodeIgniter.php(361): CodeIgniter\CodeIgniter->handleRequest(null, Object(Config\Cache), false)
10 FCPATH\index.php(79): CodeIgniter\CodeIgniter->run()
11 SYSTEMPATH\Commands\Server\rewrite.php(47): require_once('C:\\laragon\\www\\GitHub\\mahaltacalapancity\\public\\index.php')
CRITICAL - 2023-12-27 14:31:50 --> The route for "/room" cannot be found.
in SYSTEMPATH\HTTP\RedirectResponse.php on line 62.
 1 SYSTEMPATH\HTTP\RedirectResponse.php(62): CodeIgniter\HTTP\Exceptions\HTTPException::forInvalidRedirectRoute('/room')
 2 SYSTEMPATH\Common.php(878): CodeIgniter\HTTP\RedirectResponse->route(false)
 3 APPPATH\Controllers\StaffController.php(221): redirect('/room', [...])
 4 SYSTEMPATH\CodeIgniter.php(942): App\Controllers\StaffController->addresReservation()
 5 SYSTEMPATH\CodeIgniter.php(502): CodeIgniter\CodeIgniter->runController(Object(App\Controllers\StaffController))
 6 SYSTEMPATH\CodeIgniter.php(361): CodeIgniter\CodeIgniter->handleRequest(null, Object(Config\Cache), false)
 7 FCPATH\index.php(79): CodeIgniter\CodeIgniter->run()
 8 SYSTEMPATH\Commands\Server\rewrite.php(47): require_once('C:\\laragon\\www\\GitHub\\mahaltacalapancity\\public\\index.php')
