CRITICAL - 2024-02-07 03:42:38 --> Undefined array key "userID"
in APPPATH\Views\Hotell\profile.php on line 37.
 1 APPPATH\Views\Hotell\profile.php(37): CodeIgniter\Debug\Exceptions->errorHandler(2, 'Undefined array key "userID"', 'C:\\laragon\\www\\projectmahalta\\app\\Views\\Hotell\\profile.php', 37)
 2 SYSTEMPATH\View\View.php(228): include('C:\\laragon\\www\\projectmahalta\\app\\Views\\Hotell\\profile.php')
 3 SYSTEMPATH\View\View.php(231): CodeIgniter\View\View->CodeIgniter\View\{closure}()
 4 SYSTEMPATH\Common.php(1190): CodeIgniter\View\View->render('Hotell\\profile', [], true)
 5 APPPATH\Controllers\GuestController.php(478): view('Hotell\\profile')
 6 SYSTEMPATH\CodeIgniter.php(942): App\Controllers\GuestController->profile()
 7 SYSTEMPATH\CodeIgniter.php(502): CodeIgniter\CodeIgniter->runController(Object(App\Controllers\GuestController))
 8 SYSTEMPATH\CodeIgniter.php(361): CodeIgniter\CodeIgniter->handleRequest(null, Object(Config\Cache), false)
 9 FCPATH\index.php(79): CodeIgniter\CodeIgniter->run()
10 SYSTEMPATH\Commands\Server\rewrite.php(47): require_once('C:\\laragon\\www\\projectmahalta\\public\\index.php')
CRITICAL - 2024-02-07 12:31:00 --> Undefined variable $restrev
in APPPATH\Views\Admin\chat.php on line 157.
 1 APPPATH\Views\Admin\chat.php(157): CodeIgniter\Debug\Exceptions->errorHandler(2, 'Undefined variable $restrev', 'C:\\laragon\\www\\projectmahalta\\app\\Views\\Admin\\chat.php', 157)
 2 SYSTEMPATH\View\View.php(228): include('C:\\laragon\\www\\projectmahalta\\app\\Views\\Admin\\chat.php')
 3 SYSTEMPATH\View\View.php(231): CodeIgniter\View\View->CodeIgniter\View\{closure}()
 4 SYSTEMPATH\Common.php(1190): CodeIgniter\View\View->render('Admin/chat', [], true)
 5 APPPATH\Controllers\AdminController.php(805): view('Admin/chat', [...])
 6 SYSTEMPATH\CodeIgniter.php(942): App\Controllers\AdminController->chat()
 7 SYSTEMPATH\CodeIgniter.php(502): CodeIgniter\CodeIgniter->runController(Object(App\Controllers\AdminController))
 8 SYSTEMPATH\CodeIgniter.php(361): CodeIgniter\CodeIgniter->handleRequest(null, Object(Config\Cache), false)
 9 FCPATH\index.php(79): CodeIgniter\CodeIgniter->run()
10 SYSTEMPATH\Commands\Server\rewrite.php(47): require_once('C:\\laragon\\www\\projectmahalta\\public\\index.php')
CRITICAL - 2024-02-07 12:31:16 --> Undefined array key "Note"
in APPPATH\Views\Admin\chat.php on line 157.
 1 APPPATH\Views\Admin\chat.php(157): CodeIgniter\Debug\Exceptions->errorHandler(2, 'Undefined array key "Note"', 'C:\\laragon\\www\\projectmahalta\\app\\Views\\Admin\\chat.php', 157)
 2 SYSTEMPATH\View\View.php(228): include('C:\\laragon\\www\\projectmahalta\\app\\Views\\Admin\\chat.php')
 3 SYSTEMPATH\View\View.php(231): CodeIgniter\View\View->CodeIgniter\View\{closure}()
 4 SYSTEMPATH\Common.php(1190): CodeIgniter\View\View->render('Admin/chat', [], true)
 5 APPPATH\Controllers\AdminController.php(805): view('Admin/chat', [...])
 6 SYSTEMPATH\CodeIgniter.php(942): App\Controllers\AdminController->chat()
 7 SYSTEMPATH\CodeIgniter.php(502): CodeIgniter\CodeIgniter->runController(Object(App\Controllers\AdminController))
 8 SYSTEMPATH\CodeIgniter.php(361): CodeIgniter\CodeIgniter->handleRequest(null, Object(Config\Cache), false)
 9 FCPATH\index.php(79): CodeIgniter\CodeIgniter->run()
10 SYSTEMPATH\Commands\Server\rewrite.php(47): require_once('C:\\laragon\\www\\projectmahalta\\public\\index.php')
CRITICAL - 2024-02-07 12:31:18 --> Undefined array key "Note"
in APPPATH\Views\Admin\chat.php on line 157.
 1 APPPATH\Views\Admin\chat.php(157): CodeIgniter\Debug\Exceptions->errorHandler(2, 'Undefined array key "Note"', 'C:\\laragon\\www\\projectmahalta\\app\\Views\\Admin\\chat.php', 157)
 2 SYSTEMPATH\View\View.php(228): include('C:\\laragon\\www\\projectmahalta\\app\\Views\\Admin\\chat.php')
 3 SYSTEMPATH\View\View.php(231): CodeIgniter\View\View->CodeIgniter\View\{closure}()
 4 SYSTEMPATH\Common.php(1190): CodeIgniter\View\View->render('Admin/chat', [], true)
 5 APPPATH\Controllers\AdminController.php(805): view('Admin/chat', [...])
 6 SYSTEMPATH\CodeIgniter.php(942): App\Controllers\AdminController->chat()
 7 SYSTEMPATH\CodeIgniter.php(502): CodeIgniter\CodeIgniter->runController(Object(App\Controllers\AdminController))
 8 SYSTEMPATH\CodeIgniter.php(361): CodeIgniter\CodeIgniter->handleRequest(null, Object(Config\Cache), false)
 9 FCPATH\index.php(79): CodeIgniter\CodeIgniter->run()
10 SYSTEMPATH\Commands\Server\rewrite.php(47): require_once('C:\\laragon\\www\\projectmahalta\\public\\index.php')
CRITICAL - 2024-02-07 12:31:28 --> Undefined array key "Answers"
in APPPATH\Views\Admin\chat.php on line 186.
 1 APPPATH\Views\Admin\chat.php(186): CodeIgniter\Debug\Exceptions->errorHandler(2, 'Undefined array key "Answers"', 'C:\\laragon\\www\\projectmahalta\\app\\Views\\Admin\\chat.php', 186)
 2 SYSTEMPATH\View\View.php(228): include('C:\\laragon\\www\\projectmahalta\\app\\Views\\Admin\\chat.php')
 3 SYSTEMPATH\View\View.php(231): CodeIgniter\View\View->CodeIgniter\View\{closure}()
 4 SYSTEMPATH\Common.php(1190): CodeIgniter\View\View->render('Admin/chat', [], true)
 5 APPPATH\Controllers\AdminController.php(805): view('Admin/chat', [...])
 6 SYSTEMPATH\CodeIgniter.php(942): App\Controllers\AdminController->chat()
 7 SYSTEMPATH\CodeIgniter.php(502): CodeIgniter\CodeIgniter->runController(Object(App\Controllers\AdminController))
 8 SYSTEMPATH\CodeIgniter.php(361): CodeIgniter\CodeIgniter->handleRequest(null, Object(Config\Cache), false)
 9 FCPATH\index.php(79): CodeIgniter\CodeIgniter->run()
10 SYSTEMPATH\Commands\Server\rewrite.php(47): require_once('C:\\laragon\\www\\projectmahalta\\public\\index.php')
CRITICAL - 2024-02-07 13:37:24 --> Undefined variable $chats
in APPPATH\Views\Hotell\inc\chat.php on line 19.
 1 APPPATH\Views\Hotell\inc\chat.php(19): CodeIgniter\Debug\Exceptions->errorHandler(2, 'Undefined variable $chats', 'C:\\laragon\\www\\projectmahalta\\app\\Views\\Hotell\\inc\\chat.php', 19)
 2 APPPATH\Views\Hotell\index.php(342): include('C:\\laragon\\www\\projectmahalta\\app\\Views\\Hotell\\inc\\chat.php')
 3 SYSTEMPATH\View\View.php(228): include('C:\\laragon\\www\\projectmahalta\\app\\Views\\Hotell\\index.php')
 4 SYSTEMPATH\View\View.php(231): CodeIgniter\View\View->CodeIgniter\View\{closure}()
 5 SYSTEMPATH\Common.php(1190): CodeIgniter\View\View->render('Hotell\\index', [], true)
 6 APPPATH\Controllers\GuestController.php(53): view('Hotell\\index', [...])
 7 SYSTEMPATH\CodeIgniter.php(942): App\Controllers\GuestController->home()
 8 SYSTEMPATH\CodeIgniter.php(502): CodeIgniter\CodeIgniter->runController(Object(App\Controllers\GuestController))
 9 SYSTEMPATH\CodeIgniter.php(361): CodeIgniter\CodeIgniter->handleRequest(null, Object(Config\Cache), false)
10 FCPATH\index.php(79): CodeIgniter\CodeIgniter->run()
11 SYSTEMPATH\Commands\Server\rewrite.php(47): require_once('C:\\laragon\\www\\projectmahalta\\public\\index.php')
