CRITICAL - 2023-12-11 06:03:12 --> Invalid file: "Staff/index.php"
in SYSTEMPATH\Exceptions\FrameworkException.php on line 39.
 1 SYSTEMPATH\View\View.php(216): CodeIgniter\Exceptions\FrameworkException::forInvalidFile('Staff/index.php')
 2 SYSTEMPATH\Common.php(1190): CodeIgniter\View\View->render('Staff/index', [], true)
 3 APPPATH\Controllers\UserController.php(84): view('Staff/index')
 4 SYSTEMPATH\CodeIgniter.php(942): App\Controllers\UserController->LoginAuth()
 5 SYSTEMPATH\CodeIgniter.php(502): CodeIgniter\CodeIgniter->runController(Object(App\Controllers\UserController))
 6 SYSTEMPATH\CodeIgniter.php(361): CodeIgniter\CodeIgniter->handleRequest(null, Object(Config\Cache), false)
 7 FCPATH\index.php(79): CodeIgniter\CodeIgniter->run()
 8 SYSTEMPATH\Commands\Server\rewrite.php(47): require_once('C:\\laragon\\www\\GitHub\\mahaltacalapancity\\public\\index.php')
CRITICAL - 2023-12-11 06:40:41 --> Undefined variable $room
in APPPATH\Views\HotelStaff\room.php on line 288.
 1 APPPATH\Views\HotelStaff\room.php(288): CodeIgniter\Debug\Exceptions->errorHandler(2, 'Undefined variable $room', 'C:\\laragon\\www\\GitHub\\mahaltacalapancity\\app\\Views\\HotelStaff\\room.php', 288)
 2 SYSTEMPATH\View\View.php(228): include('C:\\laragon\\www\\GitHub\\mahaltacalapancity\\app\\Views\\HotelStaff\\room.php')
 3 SYSTEMPATH\View\View.php(231): CodeIgniter\View\View->CodeIgniter\View\{closure}()
 4 SYSTEMPATH\Common.php(1190): CodeIgniter\View\View->render('HotelStaff\\room', [], true)
 5 APPPATH\Controllers\StaffController.php(87): view('HotelStaff\\room', [...])
 6 SYSTEMPATH\CodeIgniter.php(942): App\Controllers\StaffController->room()
 7 SYSTEMPATH\CodeIgniter.php(502): CodeIgniter\CodeIgniter->runController(Object(App\Controllers\StaffController))
 8 SYSTEMPATH\CodeIgniter.php(361): CodeIgniter\CodeIgniter->handleRequest(null, Object(Config\Cache), false)
 9 FCPATH\index.php(79): CodeIgniter\CodeIgniter->run()
10 SYSTEMPATH\Commands\Server\rewrite.php(47): require_once('C:\\laragon\\www\\GitHub\\mahaltacalapancity\\public\\index.php')
CRITICAL - 2023-12-11 06:41:01 --> Undefined variable $room
in APPPATH\Views\HotelStaff\room.php on line 288.
 1 APPPATH\Views\HotelStaff\room.php(288): CodeIgniter\Debug\Exceptions->errorHandler(2, 'Undefined variable $room', 'C:\\laragon\\www\\GitHub\\mahaltacalapancity\\app\\Views\\HotelStaff\\room.php', 288)
 2 SYSTEMPATH\View\View.php(228): include('C:\\laragon\\www\\GitHub\\mahaltacalapancity\\app\\Views\\HotelStaff\\room.php')
 3 SYSTEMPATH\View\View.php(231): CodeIgniter\View\View->CodeIgniter\View\{closure}()
 4 SYSTEMPATH\Common.php(1190): CodeIgniter\View\View->render('HotelStaff\\room', [], true)
 5 APPPATH\Controllers\StaffController.php(87): view('HotelStaff\\room', [...])
 6 SYSTEMPATH\CodeIgniter.php(942): App\Controllers\StaffController->room()
 7 SYSTEMPATH\CodeIgniter.php(502): CodeIgniter\CodeIgniter->runController(Object(App\Controllers\StaffController))
 8 SYSTEMPATH\CodeIgniter.php(361): CodeIgniter\CodeIgniter->handleRequest(null, Object(Config\Cache), false)
 9 FCPATH\index.php(79): CodeIgniter\CodeIgniter->run()
10 SYSTEMPATH\Commands\Server\rewrite.php(47): require_once('C:\\laragon\\www\\GitHub\\mahaltacalapancity\\public\\index.php')
CRITICAL - 2023-12-11 07:15:41 --> Undefined variable $room
in APPPATH\Views\HotelStaff\room.php on line 332.
 1 APPPATH\Views\HotelStaff\room.php(332): CodeIgniter\Debug\Exceptions->errorHandler(2, 'Undefined variable $room', 'C:\\laragon\\www\\GitHub\\mahaltacalapancity\\app\\Views\\HotelStaff\\room.php', 332)
 2 SYSTEMPATH\View\View.php(228): include('C:\\laragon\\www\\GitHub\\mahaltacalapancity\\app\\Views\\HotelStaff\\room.php')
 3 SYSTEMPATH\View\View.php(231): CodeIgniter\View\View->CodeIgniter\View\{closure}()
 4 SYSTEMPATH\Common.php(1190): CodeIgniter\View\View->render('HotelStaff\\room', [], true)
 5 APPPATH\Controllers\StaffController.php(87): view('HotelStaff\\room', [...])
 6 SYSTEMPATH\CodeIgniter.php(942): App\Controllers\StaffController->room()
 7 SYSTEMPATH\CodeIgniter.php(502): CodeIgniter\CodeIgniter->runController(Object(App\Controllers\StaffController))
 8 SYSTEMPATH\CodeIgniter.php(361): CodeIgniter\CodeIgniter->handleRequest(null, Object(Config\Cache), false)
 9 FCPATH\index.php(79): CodeIgniter\CodeIgniter->run()
10 SYSTEMPATH\Commands\Server\rewrite.php(47): require_once('C:\\laragon\\www\\GitHub\\mahaltacalapancity\\public\\index.php')
CRITICAL - 2023-12-11 08:00:43 --> Undefined variable $data
in APPPATH\Controllers\StaffController.php on line 191.
 1 APPPATH\Controllers\StaffController.php(191): CodeIgniter\Debug\Exceptions->errorHandler(2, 'Undefined variable $data', 'C:\\laragon\\www\\GitHub\\mahaltacalapancity\\app\\Controllers\\StaffController.php', 191)
 2 SYSTEMPATH\CodeIgniter.php(942): App\Controllers\StaffController->updateRoom()
 3 SYSTEMPATH\CodeIgniter.php(502): CodeIgniter\CodeIgniter->runController(Object(App\Controllers\StaffController))
 4 SYSTEMPATH\CodeIgniter.php(361): CodeIgniter\CodeIgniter->handleRequest(null, Object(Config\Cache), false)
 5 FCPATH\index.php(79): CodeIgniter\CodeIgniter->run()
 6 SYSTEMPATH\Commands\Server\rewrite.php(47): require_once('C:\\laragon\\www\\GitHub\\mahaltacalapancity\\public\\index.php')
CRITICAL - 2023-12-11 08:12:10 --> Undefined variable $room
in APPPATH\Views\HotelStaff\room.php on line 332.
 1 APPPATH\Views\HotelStaff\room.php(332): CodeIgniter\Debug\Exceptions->errorHandler(2, 'Undefined variable $room', 'C:\\laragon\\www\\GitHub\\mahaltacalapancity\\app\\Views\\HotelStaff\\room.php', 332)
 2 SYSTEMPATH\View\View.php(228): include('C:\\laragon\\www\\GitHub\\mahaltacalapancity\\app\\Views\\HotelStaff\\room.php')
 3 SYSTEMPATH\View\View.php(231): CodeIgniter\View\View->CodeIgniter\View\{closure}()
 4 SYSTEMPATH\Common.php(1190): CodeIgniter\View\View->render('HotelStaff\\room', [], true)
 5 APPPATH\Controllers\StaffController.php(87): view('HotelStaff\\room', [...])
 6 SYSTEMPATH\CodeIgniter.php(942): App\Controllers\StaffController->room()
 7 SYSTEMPATH\CodeIgniter.php(502): CodeIgniter\CodeIgniter->runController(Object(App\Controllers\StaffController))
 8 SYSTEMPATH\CodeIgniter.php(361): CodeIgniter\CodeIgniter->handleRequest(null, Object(Config\Cache), false)
 9 FCPATH\index.php(79): CodeIgniter\CodeIgniter->run()
10 SYSTEMPATH\Commands\Server\rewrite.php(47): require_once('C:\\laragon\\www\\GitHub\\mahaltacalapancity\\public\\index.php')
ERROR - 2023-12-11 10:52:21 --> mysqli_sql_exception: Unknown column 'reservations.Status' in 'field list' in C:\laragon\www\GitHub\mahaltacalapancity\system\Database\MySQLi\Connection.php:306
Stack trace:
#0 C:\laragon\www\GitHub\mahaltacalapancity\system\Database\MySQLi\Connection.php(306): mysqli->query('SELECT `reserva...', 0)
#1 C:\laragon\www\GitHub\mahaltacalapancity\system\Database\BaseConnection.php(693): CodeIgniter\Database\MySQLi\Connection->execute('SELECT `reserva...')
#2 C:\laragon\www\GitHub\mahaltacalapancity\system\Database\BaseConnection.php(607): CodeIgniter\Database\BaseConnection->simpleQuery('SELECT `reserva...')
#3 C:\laragon\www\GitHub\mahaltacalapancity\system\Database\BaseBuilder.php(1615): CodeIgniter\Database\BaseConnection->query('SELECT `reserva...', Array, false)
#4 C:\laragon\www\GitHub\mahaltacalapancity\system\Model.php(237): CodeIgniter\Database\BaseBuilder->get()
#5 C:\laragon\www\GitHub\mahaltacalapancity\system\BaseModel.php(624): CodeIgniter\Model->doFindAll(0, 0)
#6 C:\laragon\www\GitHub\mahaltacalapancity\app\Controllers\AdminController.php(33): CodeIgniter\BaseModel->findAll()
#7 C:\laragon\www\GitHub\mahaltacalapancity\system\CodeIgniter.php(942): App\Controllers\AdminController->reservation()
#8 C:\laragon\www\GitHub\mahaltacalapancity\system\CodeIgniter.php(502): CodeIgniter\CodeIgniter->runController(Object(App\Controllers\AdminController))
#9 C:\laragon\www\GitHub\mahaltacalapancity\system\CodeIgniter.php(361): CodeIgniter\CodeIgniter->handleRequest(NULL, Object(Config\Cache), false)
#10 C:\laragon\www\GitHub\mahaltacalapancity\public\index.php(79): CodeIgniter\CodeIgniter->run()
#11 C:\laragon\www\GitHub\mahaltacalapancity\system\Commands\Server\rewrite.php(47): require_once('C:\\laragon\\www\\...')
#12 {main}
CRITICAL - 2023-12-11 10:52:21 --> Unknown column 'reservations.Status' in 'field list'
in SYSTEMPATH\Database\BaseConnection.php on line 647.
 1 SYSTEMPATH\Database\BaseBuilder.php(1615): CodeIgniter\Database\BaseConnection->query('SELECT `reservations`.`ReservationID`, `rooms`.`RoomID`, `rooms`.`RoomType`, `reservations`.`CheckInDate`, `reservations`.`CheckOutDate`, `reservations`.`NumberOfGuests`, `reservations`.`TotalAmount`, `reservations`.`Status`
FROM `reservations`
JOIN `rooms` ON `reservations`.`RoomID` = `rooms`.`RoomID`', [], false)
 2 SYSTEMPATH\Model.php(237): CodeIgniter\Database\BaseBuilder->get()
 3 SYSTEMPATH\BaseModel.php(624): CodeIgniter\Model->doFindAll(0, 0)
 4 APPPATH\Controllers\AdminController.php(33): CodeIgniter\BaseModel->findAll()
 5 SYSTEMPATH\CodeIgniter.php(942): App\Controllers\AdminController->reservation()
 6 SYSTEMPATH\CodeIgniter.php(502): CodeIgniter\CodeIgniter->runController(Object(App\Controllers\AdminController))
 7 SYSTEMPATH\CodeIgniter.php(361): CodeIgniter\CodeIgniter->handleRequest(null, Object(Config\Cache), false)
 8 FCPATH\index.php(79): CodeIgniter\CodeIgniter->run()
 9 SYSTEMPATH\Commands\Server\rewrite.php(47): require_once('C:\\laragon\\www\\GitHub\\mahaltacalapancity\\public\\index.php')
ERROR - 2023-12-11 10:52:31 --> mysqli_sql_exception: Unknown column 'reservations.Status' in 'field list' in C:\laragon\www\GitHub\mahaltacalapancity\system\Database\MySQLi\Connection.php:306
Stack trace:
#0 C:\laragon\www\GitHub\mahaltacalapancity\system\Database\MySQLi\Connection.php(306): mysqli->query('SELECT `reserva...', 0)
#1 C:\laragon\www\GitHub\mahaltacalapancity\system\Database\BaseConnection.php(693): CodeIgniter\Database\MySQLi\Connection->execute('SELECT `reserva...')
#2 C:\laragon\www\GitHub\mahaltacalapancity\system\Database\BaseConnection.php(607): CodeIgniter\Database\BaseConnection->simpleQuery('SELECT `reserva...')
#3 C:\laragon\www\GitHub\mahaltacalapancity\system\Database\BaseBuilder.php(1615): CodeIgniter\Database\BaseConnection->query('SELECT `reserva...', Array, false)
#4 C:\laragon\www\GitHub\mahaltacalapancity\system\Model.php(237): CodeIgniter\Database\BaseBuilder->get()
#5 C:\laragon\www\GitHub\mahaltacalapancity\system\BaseModel.php(624): CodeIgniter\Model->doFindAll(0, 0)
#6 C:\laragon\www\GitHub\mahaltacalapancity\app\Controllers\AdminController.php(33): CodeIgniter\BaseModel->findAll()
#7 C:\laragon\www\GitHub\mahaltacalapancity\system\CodeIgniter.php(942): App\Controllers\AdminController->reservation()
#8 C:\laragon\www\GitHub\mahaltacalapancity\system\CodeIgniter.php(502): CodeIgniter\CodeIgniter->runController(Object(App\Controllers\AdminController))
#9 C:\laragon\www\GitHub\mahaltacalapancity\system\CodeIgniter.php(361): CodeIgniter\CodeIgniter->handleRequest(NULL, Object(Config\Cache), false)
#10 C:\laragon\www\GitHub\mahaltacalapancity\public\index.php(79): CodeIgniter\CodeIgniter->run()
#11 C:\laragon\www\GitHub\mahaltacalapancity\system\Commands\Server\rewrite.php(47): require_once('C:\\laragon\\www\\...')
#12 {main}
CRITICAL - 2023-12-11 10:52:31 --> Unknown column 'reservations.Status' in 'field list'
in SYSTEMPATH\Database\BaseConnection.php on line 647.
 1 SYSTEMPATH\Database\BaseBuilder.php(1615): CodeIgniter\Database\BaseConnection->query('SELECT `reservations`.`ReservationID`, `rooms`.`RoomID`, `rooms`.`RoomType`, `reservations`.`CheckInDate`, `reservations`.`CheckOutDate`, `reservations`.`NumberOfGuests`, `reservations`.`TotalAmount`, `reservations`.`Status`
FROM `reservations`
JOIN `rooms` ON `reservations`.`RoomID` = `rooms`.`RoomID`', [], false)
 2 SYSTEMPATH\Model.php(237): CodeIgniter\Database\BaseBuilder->get()
 3 SYSTEMPATH\BaseModel.php(624): CodeIgniter\Model->doFindAll(0, 0)
 4 APPPATH\Controllers\AdminController.php(33): CodeIgniter\BaseModel->findAll()
 5 SYSTEMPATH\CodeIgniter.php(942): App\Controllers\AdminController->reservation()
 6 SYSTEMPATH\CodeIgniter.php(502): CodeIgniter\CodeIgniter->runController(Object(App\Controllers\AdminController))
 7 SYSTEMPATH\CodeIgniter.php(361): CodeIgniter\CodeIgniter->handleRequest(null, Object(Config\Cache), false)
 8 FCPATH\index.php(79): CodeIgniter\CodeIgniter->run()
 9 SYSTEMPATH\Commands\Server\rewrite.php(47): require_once('C:\\laragon\\www\\GitHub\\mahaltacalapancity\\public\\index.php')
CRITICAL - 2023-12-11 12:08:44 --> Cannot redeclare generateStatusBadge() (previously declared in C:\laragon\www\GitHub\mahaltacalapancity\app\Views\Admin\Hotel\reservation.php:302)
in APPPATH\Views\Admin\Hotel\reservation.php on line 302.
 1 [internal function]: CodeIgniter\Debug\Exceptions->shutdownHandler()
CRITICAL - 2023-12-11 13:00:21 --> Undefined variable $reservation
in APPPATH\Views\Admin\Hotel\reservation.php on line 333.
 1 APPPATH\Views\Admin\Hotel\reservation.php(333): CodeIgniter\Debug\Exceptions->errorHandler(2, 'Undefined variable $reservation', 'C:\\laragon\\www\\GitHub\\mahaltacalapancity\\app\\Views\\Admin\\Hotel\\reservation.php', 333)
 2 SYSTEMPATH\View\View.php(228): include('C:\\laragon\\www\\GitHub\\mahaltacalapancity\\app\\Views\\Admin\\Hotel\\reservation.php')
 3 SYSTEMPATH\View\View.php(231): CodeIgniter\View\View->CodeIgniter\View\{closure}()
 4 SYSTEMPATH\Common.php(1190): CodeIgniter\View\View->render('Admin\\Hotel\\reservation', [], true)
 5 APPPATH\Controllers\AdminController.php(40): view('Admin\\Hotel\\reservation', [...])
 6 SYSTEMPATH\CodeIgniter.php(942): App\Controllers\AdminController->reservation()
 7 SYSTEMPATH\CodeIgniter.php(502): CodeIgniter\CodeIgniter->runController(Object(App\Controllers\AdminController))
 8 SYSTEMPATH\CodeIgniter.php(361): CodeIgniter\CodeIgniter->handleRequest(null, Object(Config\Cache), false)
 9 FCPATH\index.php(79): CodeIgniter\CodeIgniter->run()
10 SYSTEMPATH\Commands\Server\rewrite.php(47): require_once('C:\\laragon\\www\\GitHub\\mahaltacalapancity\\public\\index.php')
CRITICAL - 2023-12-11 14:55:40 --> Undefined array key "UserID"
in APPPATH\Views\Hotel\include\banner.php on line 128.
 1 APPPATH\Views\Hotel\include\banner.php(128): CodeIgniter\Debug\Exceptions->errorHandler(2, 'Undefined array key "UserID"', 'C:\\laragon\\www\\GitHub\\mahaltacalapancity\\app\\Views\\Hotel\\include\\banner.php', 128)
 2 APPPATH\Views\Hotel\home.php(64): include('C:\\laragon\\www\\GitHub\\mahaltacalapancity\\app\\Views\\Hotel\\include\\banner.php')
 3 SYSTEMPATH\View\View.php(228): include('C:\\laragon\\www\\GitHub\\mahaltacalapancity\\app\\Views\\Hotel\\home.php')
 4 SYSTEMPATH\View\View.php(231): CodeIgniter\View\View->CodeIgniter\View\{closure}()
 5 SYSTEMPATH\Common.php(1190): CodeIgniter\View\View->render('Hotel\\home', [], true)
 6 APPPATH\Controllers\GuestController.php(24): view('Hotel\\home', [...])
 7 SYSTEMPATH\CodeIgniter.php(942): App\Controllers\GuestController->home()
 8 SYSTEMPATH\CodeIgniter.php(502): CodeIgniter\CodeIgniter->runController(Object(App\Controllers\GuestController))
 9 SYSTEMPATH\CodeIgniter.php(361): CodeIgniter\CodeIgniter->handleRequest(null, Object(Config\Cache), false)
10 FCPATH\index.php(79): CodeIgniter\CodeIgniter->run()
11 SYSTEMPATH\Commands\Server\rewrite.php(47): require_once('C:\\laragon\\www\\GitHub\\mahaltacalapancity\\public\\index.php')
CRITICAL - 2023-12-11 14:56:42 --> Undefined variable $room
in APPPATH\Views\Hotel\include\banner.php on line 127.
 1 APPPATH\Views\Hotel\include\banner.php(127): CodeIgniter\Debug\Exceptions->errorHandler(2, 'Undefined variable $room', 'C:\\laragon\\www\\GitHub\\mahaltacalapancity\\app\\Views\\Hotel\\include\\banner.php', 127)
 2 APPPATH\Views\Hotel\home.php(64): include('C:\\laragon\\www\\GitHub\\mahaltacalapancity\\app\\Views\\Hotel\\include\\banner.php')
 3 SYSTEMPATH\View\View.php(228): include('C:\\laragon\\www\\GitHub\\mahaltacalapancity\\app\\Views\\Hotel\\home.php')
 4 SYSTEMPATH\View\View.php(231): CodeIgniter\View\View->CodeIgniter\View\{closure}()
 5 SYSTEMPATH\Common.php(1190): CodeIgniter\View\View->render('Hotel\\home', [], true)
 6 APPPATH\Controllers\GuestController.php(24): view('Hotel\\home', [...])
 7 SYSTEMPATH\CodeIgniter.php(942): App\Controllers\GuestController->home()
 8 SYSTEMPATH\CodeIgniter.php(502): CodeIgniter\CodeIgniter->runController(Object(App\Controllers\GuestController))
 9 SYSTEMPATH\CodeIgniter.php(361): CodeIgniter\CodeIgniter->handleRequest(null, Object(Config\Cache), false)
10 FCPATH\index.php(79): CodeIgniter\CodeIgniter->run()
11 SYSTEMPATH\Commands\Server\rewrite.php(47): require_once('C:\\laragon\\www\\GitHub\\mahaltacalapancity\\public\\index.php')
CRITICAL - 2023-12-11 14:56:51 --> Undefined array key "UserID"
in APPPATH\Views\Hotel\include\banner.php on line 128.
 1 APPPATH\Views\Hotel\include\banner.php(128): CodeIgniter\Debug\Exceptions->errorHandler(2, 'Undefined array key "UserID"', 'C:\\laragon\\www\\GitHub\\mahaltacalapancity\\app\\Views\\Hotel\\include\\banner.php', 128)
 2 APPPATH\Views\Hotel\home.php(64): include('C:\\laragon\\www\\GitHub\\mahaltacalapancity\\app\\Views\\Hotel\\include\\banner.php')
 3 SYSTEMPATH\View\View.php(228): include('C:\\laragon\\www\\GitHub\\mahaltacalapancity\\app\\Views\\Hotel\\home.php')
 4 SYSTEMPATH\View\View.php(231): CodeIgniter\View\View->CodeIgniter\View\{closure}()
 5 SYSTEMPATH\Common.php(1190): CodeIgniter\View\View->render('Hotel\\home', [], true)
 6 APPPATH\Controllers\GuestController.php(24): view('Hotel\\home', [...])
 7 SYSTEMPATH\CodeIgniter.php(942): App\Controllers\GuestController->home()
 8 SYSTEMPATH\CodeIgniter.php(502): CodeIgniter\CodeIgniter->runController(Object(App\Controllers\GuestController))
 9 SYSTEMPATH\CodeIgniter.php(361): CodeIgniter\CodeIgniter->handleRequest(null, Object(Config\Cache), false)
10 FCPATH\index.php(79): CodeIgniter\CodeIgniter->run()
11 SYSTEMPATH\Commands\Server\rewrite.php(47): require_once('C:\\laragon\\www\\GitHub\\mahaltacalapancity\\public\\index.php')
CRITICAL - 2023-12-11 15:01:47 --> Undefined variable $room
in APPPATH\Views\Hotel\include\banner.php on line 128.
 1 APPPATH\Views\Hotel\include\banner.php(128): CodeIgniter\Debug\Exceptions->errorHandler(2, 'Undefined variable $room', 'C:\\laragon\\www\\GitHub\\mahaltacalapancity\\app\\Views\\Hotel\\include\\banner.php', 128)
 2 APPPATH\Views\Hotel\home.php(64): include('C:\\laragon\\www\\GitHub\\mahaltacalapancity\\app\\Views\\Hotel\\include\\banner.php')
 3 SYSTEMPATH\View\View.php(228): include('C:\\laragon\\www\\GitHub\\mahaltacalapancity\\app\\Views\\Hotel\\home.php')
 4 SYSTEMPATH\View\View.php(231): CodeIgniter\View\View->CodeIgniter\View\{closure}()
 5 SYSTEMPATH\Common.php(1190): CodeIgniter\View\View->render('Hotel\\home', [], true)
 6 APPPATH\Controllers\GuestController.php(24): view('Hotel\\home', [...])
 7 SYSTEMPATH\CodeIgniter.php(942): App\Controllers\GuestController->home()
 8 SYSTEMPATH\CodeIgniter.php(502): CodeIgniter\CodeIgniter->runController(Object(App\Controllers\GuestController))
 9 SYSTEMPATH\CodeIgniter.php(361): CodeIgniter\CodeIgniter->handleRequest(null, Object(Config\Cache), false)
10 FCPATH\index.php(79): CodeIgniter\CodeIgniter->run()
11 SYSTEMPATH\Commands\Server\rewrite.php(47): require_once('C:\\laragon\\www\\GitHub\\mahaltacalapancity\\public\\index.php')
ERROR - 2023-12-11 15:02:47 --> mysqli_sql_exception: Cannot add or update a child row: a foreign key constraint fails (`capston`.`reservations`, CONSTRAINT `reservations_ibfk_1` FOREIGN KEY (`UserID`) REFERENCES `users` (`UserID`)) in C:\laragon\www\GitHub\mahaltacalapancity\system\Database\MySQLi\Connection.php:306
Stack trace:
#0 C:\laragon\www\GitHub\mahaltacalapancity\system\Database\MySQLi\Connection.php(306): mysqli->query('INSERT INTO `re...', 0)
#1 C:\laragon\www\GitHub\mahaltacalapancity\system\Database\BaseConnection.php(693): CodeIgniter\Database\MySQLi\Connection->execute('INSERT INTO `re...')
#2 C:\laragon\www\GitHub\mahaltacalapancity\system\Database\BaseConnection.php(607): CodeIgniter\Database\BaseConnection->simpleQuery('INSERT INTO `re...')
#3 C:\laragon\www\GitHub\mahaltacalapancity\system\Database\BaseBuilder.php(2308): CodeIgniter\Database\BaseConnection->query('INSERT INTO `re...', Array, false)
#4 C:\laragon\www\GitHub\mahaltacalapancity\system\Model.php(319): CodeIgniter\Database\BaseBuilder->insert()
#5 C:\laragon\www\GitHub\mahaltacalapancity\system\BaseModel.php(788): CodeIgniter\Model->doInsert(Array)
#6 C:\laragon\www\GitHub\mahaltacalapancity\system\Model.php(715): CodeIgniter\BaseModel->insert(Array, true)
#7 C:\laragon\www\GitHub\mahaltacalapancity\app\Controllers\StaffController.php(71): CodeIgniter\Model->insert(Array)
#8 C:\laragon\www\GitHub\mahaltacalapancity\system\CodeIgniter.php(942): App\Controllers\StaffController->addReservation()
#9 C:\laragon\www\GitHub\mahaltacalapancity\system\CodeIgniter.php(502): CodeIgniter\CodeIgniter->runController(Object(App\Controllers\StaffController))
#10 C:\laragon\www\GitHub\mahaltacalapancity\system\CodeIgniter.php(361): CodeIgniter\CodeIgniter->handleRequest(NULL, Object(Config\Cache), false)
#11 C:\laragon\www\GitHub\mahaltacalapancity\public\index.php(79): CodeIgniter\CodeIgniter->run()
#12 C:\laragon\www\GitHub\mahaltacalapancity\system\Commands\Server\rewrite.php(47): require_once('C:\\laragon\\www\\...')
#13 {main}
CRITICAL - 2023-12-11 15:02:47 --> Cannot add or update a child row: a foreign key constraint fails (`capston`.`reservations`, CONSTRAINT `reservations_ibfk_1` FOREIGN KEY (`UserID`) REFERENCES `users` (`UserID`))
in SYSTEMPATH\Database\BaseConnection.php on line 647.
 1 SYSTEMPATH\Database\BaseBuilder.php(2308): CodeIgniter\Database\BaseConnection->query('INSERT INTO `reservations` (`UserID`, `CheckInDate`, `CheckOutDate`, `NumberOfGuests`, `Status`, `RoomID`) VALUES (:UserID:, :CheckInDate:, :CheckOutDate:, :NumberOfGuests:, :Status:, :RoomID:)', [...], false)
 2 SYSTEMPATH\Model.php(319): CodeIgniter\Database\BaseBuilder->insert()
 3 SYSTEMPATH\BaseModel.php(788): CodeIgniter\Model->doInsert([...])
 4 SYSTEMPATH\Model.php(715): CodeIgniter\BaseModel->insert([...], true)
 5 APPPATH\Controllers\StaffController.php(71): CodeIgniter\Model->insert([...])
 6 SYSTEMPATH\CodeIgniter.php(942): App\Controllers\StaffController->addReservation()
 7 SYSTEMPATH\CodeIgniter.php(502): CodeIgniter\CodeIgniter->runController(Object(App\Controllers\StaffController))
 8 SYSTEMPATH\CodeIgniter.php(361): CodeIgniter\CodeIgniter->handleRequest(null, Object(Config\Cache), false)
 9 FCPATH\index.php(79): CodeIgniter\CodeIgniter->run()
10 SYSTEMPATH\Commands\Server\rewrite.php(47): require_once('C:\\laragon\\www\\GitHub\\mahaltacalapancity\\public\\index.php')
ERROR - 2023-12-11 15:07:17 --> mysqli_sql_exception: Cannot add or update a child row: a foreign key constraint fails (`capston`.`reservations`, CONSTRAINT `reservations_ibfk_1` FOREIGN KEY (`UserID`) REFERENCES `users` (`UserID`)) in C:\laragon\www\GitHub\mahaltacalapancity\system\Database\MySQLi\Connection.php:306
Stack trace:
#0 C:\laragon\www\GitHub\mahaltacalapancity\system\Database\MySQLi\Connection.php(306): mysqli->query('INSERT INTO `re...', 0)
#1 C:\laragon\www\GitHub\mahaltacalapancity\system\Database\BaseConnection.php(693): CodeIgniter\Database\MySQLi\Connection->execute('INSERT INTO `re...')
#2 C:\laragon\www\GitHub\mahaltacalapancity\system\Database\BaseConnection.php(607): CodeIgniter\Database\BaseConnection->simpleQuery('INSERT INTO `re...')
#3 C:\laragon\www\GitHub\mahaltacalapancity\system\Database\BaseBuilder.php(2308): CodeIgniter\Database\BaseConnection->query('INSERT INTO `re...', Array, false)
#4 C:\laragon\www\GitHub\mahaltacalapancity\system\Model.php(319): CodeIgniter\Database\BaseBuilder->insert()
#5 C:\laragon\www\GitHub\mahaltacalapancity\system\BaseModel.php(788): CodeIgniter\Model->doInsert(Array)
#6 C:\laragon\www\GitHub\mahaltacalapancity\system\Model.php(715): CodeIgniter\BaseModel->insert(Array, true)
#7 C:\laragon\www\GitHub\mahaltacalapancity\app\Controllers\StaffController.php(71): CodeIgniter\Model->insert(Array)
#8 C:\laragon\www\GitHub\mahaltacalapancity\system\CodeIgniter.php(942): App\Controllers\StaffController->addReservation()
#9 C:\laragon\www\GitHub\mahaltacalapancity\system\CodeIgniter.php(502): CodeIgniter\CodeIgniter->runController(Object(App\Controllers\StaffController))
#10 C:\laragon\www\GitHub\mahaltacalapancity\system\CodeIgniter.php(361): CodeIgniter\CodeIgniter->handleRequest(NULL, Object(Config\Cache), false)
#11 C:\laragon\www\GitHub\mahaltacalapancity\public\index.php(79): CodeIgniter\CodeIgniter->run()
#12 C:\laragon\www\GitHub\mahaltacalapancity\system\Commands\Server\rewrite.php(47): require_once('C:\\laragon\\www\\...')
#13 {main}
CRITICAL - 2023-12-11 15:07:17 --> Cannot add or update a child row: a foreign key constraint fails (`capston`.`reservations`, CONSTRAINT `reservations_ibfk_1` FOREIGN KEY (`UserID`) REFERENCES `users` (`UserID`))
in SYSTEMPATH\Database\BaseConnection.php on line 647.
 1 SYSTEMPATH\Database\BaseBuilder.php(2308): CodeIgniter\Database\BaseConnection->query('INSERT INTO `reservations` (`UserID`, `CheckInDate`, `CheckOutDate`, `NumberOfGuests`, `Status`, `RoomID`) VALUES (:UserID:, :CheckInDate:, :CheckOutDate:, :NumberOfGuests:, :Status:, :RoomID:)', [...], false)
 2 SYSTEMPATH\Model.php(319): CodeIgniter\Database\BaseBuilder->insert()
 3 SYSTEMPATH\BaseModel.php(788): CodeIgniter\Model->doInsert([...])
 4 SYSTEMPATH\Model.php(715): CodeIgniter\BaseModel->insert([...], true)
 5 APPPATH\Controllers\StaffController.php(71): CodeIgniter\Model->insert([...])
 6 SYSTEMPATH\CodeIgniter.php(942): App\Controllers\StaffController->addReservation()
 7 SYSTEMPATH\CodeIgniter.php(502): CodeIgniter\CodeIgniter->runController(Object(App\Controllers\StaffController))
 8 SYSTEMPATH\CodeIgniter.php(361): CodeIgniter\CodeIgniter->handleRequest(null, Object(Config\Cache), false)
 9 FCPATH\index.php(79): CodeIgniter\CodeIgniter->run()
10 SYSTEMPATH\Commands\Server\rewrite.php(47): require_once('C:\\laragon\\www\\GitHub\\mahaltacalapancity\\public\\index.php')
CRITICAL - 2023-12-11 15:12:06 --> Undefined variable $hotelrev
in APPPATH\Views\Hotel\include\banner.php on line 127.
 1 APPPATH\Views\Hotel\include\banner.php(127): CodeIgniter\Debug\Exceptions->errorHandler(2, 'Undefined variable $hotelrev', 'C:\\laragon\\www\\GitHub\\mahaltacalapancity\\app\\Views\\Hotel\\include\\banner.php', 127)
 2 APPPATH\Views\Hotel\room.php(64): include('C:\\laragon\\www\\GitHub\\mahaltacalapancity\\app\\Views\\Hotel\\include\\banner.php')
 3 SYSTEMPATH\View\View.php(228): include('C:\\laragon\\www\\GitHub\\mahaltacalapancity\\app\\Views\\Hotel\\room.php')
 4 SYSTEMPATH\View\View.php(231): CodeIgniter\View\View->CodeIgniter\View\{closure}()
 5 SYSTEMPATH\Common.php(1190): CodeIgniter\View\View->render('Hotel\\room', [], true)
 6 APPPATH\Controllers\GuestController.php(35): view('Hotel\\room', [...])
 7 SYSTEMPATH\CodeIgniter.php(942): App\Controllers\GuestController->room()
 8 SYSTEMPATH\CodeIgniter.php(502): CodeIgniter\CodeIgniter->runController(Object(App\Controllers\GuestController))
 9 SYSTEMPATH\CodeIgniter.php(361): CodeIgniter\CodeIgniter->handleRequest(null, Object(Config\Cache), false)
10 FCPATH\index.php(79): CodeIgniter\CodeIgniter->run()
11 SYSTEMPATH\Commands\Server\rewrite.php(47): require_once('C:\\laragon\\www\\GitHub\\mahaltacalapancity\\public\\index.php')
CRITICAL - 2023-12-11 15:13:00 --> Undefined variable $hotelrevs
in APPPATH\Views\Hotel\include\banner.php on line 127.
 1 APPPATH\Views\Hotel\include\banner.php(127): CodeIgniter\Debug\Exceptions->errorHandler(2, 'Undefined variable $hotelrevs', 'C:\\laragon\\www\\GitHub\\mahaltacalapancity\\app\\Views\\Hotel\\include\\banner.php', 127)
 2 APPPATH\Views\Hotel\room.php(64): include('C:\\laragon\\www\\GitHub\\mahaltacalapancity\\app\\Views\\Hotel\\include\\banner.php')
 3 SYSTEMPATH\View\View.php(228): include('C:\\laragon\\www\\GitHub\\mahaltacalapancity\\app\\Views\\Hotel\\room.php')
 4 SYSTEMPATH\View\View.php(231): CodeIgniter\View\View->CodeIgniter\View\{closure}()
 5 SYSTEMPATH\Common.php(1190): CodeIgniter\View\View->render('Hotel\\room', [], true)
 6 APPPATH\Controllers\GuestController.php(35): view('Hotel\\room', [...])
 7 SYSTEMPATH\CodeIgniter.php(942): App\Controllers\GuestController->room()
 8 SYSTEMPATH\CodeIgniter.php(502): CodeIgniter\CodeIgniter->runController(Object(App\Controllers\GuestController))
 9 SYSTEMPATH\CodeIgniter.php(361): CodeIgniter\CodeIgniter->handleRequest(null, Object(Config\Cache), false)
10 FCPATH\index.php(79): CodeIgniter\CodeIgniter->run()
11 SYSTEMPATH\Commands\Server\rewrite.php(47): require_once('C:\\laragon\\www\\GitHub\\mahaltacalapancity\\public\\index.php')
