CRITICAL - 2024-03-03 06:22:09 --> Invalid file: "Admin/Convention/qrcode.php"
in SYSTEMPATH\Exceptions\FrameworkException.php on line 39.
 1 SYSTEMPATH\View\View.php(216): CodeIgniter\Exceptions\FrameworkException::forInvalidFile('Admin/Convention/qrcode.php')
 2 SYSTEMPATH\Common.php(1190): CodeIgniter\View\View->render('Admin/Convention/qrcode', [], true)
 3 APPPATH\Controllers\AdminController.php(1377): view('Admin/Convention/qrcode', [...])
 4 SYSTEMPATH\CodeIgniter.php(942): App\Controllers\AdminController->Qrcode()
 5 SYSTEMPATH\CodeIgniter.php(502): CodeIgniter\CodeIgniter->runController(Object(App\Controllers\AdminController))
 6 SYSTEMPATH\CodeIgniter.php(361): CodeIgniter\CodeIgniter->handleRequest(null, Object(Config\Cache), false)
 7 FCPATH\index.php(79): CodeIgniter\CodeIgniter->run()
 8 SYSTEMPATH\Commands\Server\rewrite.php(47): require_once('C:\\laragon\\www\\projectmahalta\\public\\index.php')
CRITICAL - 2024-03-03 06:39:53 --> Undefined variable $room
in APPPATH\Views\Admin\qrcode.php on line 74.
 1 APPPATH\Views\Admin\qrcode.php(74): CodeIgniter\Debug\Exceptions->errorHandler(2, 'Undefined variable $room', 'C:\\laragon\\www\\projectmahalta\\app\\Views\\Admin\\qrcode.php', 74)
 2 SYSTEMPATH\View\View.php(228): include('C:\\laragon\\www\\projectmahalta\\app\\Views\\Admin\\qrcode.php')
 3 SYSTEMPATH\View\View.php(231): CodeIgniter\View\View->CodeIgniter\View\{closure}()
 4 SYSTEMPATH\Common.php(1190): CodeIgniter\View\View->render('Admin/qrcode', [], true)
 5 APPPATH\Controllers\AdminController.php(1377): view('Admin/qrcode', [...])
 6 SYSTEMPATH\CodeIgniter.php(942): App\Controllers\AdminController->Qrcode()
 7 SYSTEMPATH\CodeIgniter.php(502): CodeIgniter\CodeIgniter->runController(Object(App\Controllers\AdminController))
 8 SYSTEMPATH\CodeIgniter.php(361): CodeIgniter\CodeIgniter->handleRequest(null, Object(Config\Cache), false)
 9 FCPATH\index.php(79): CodeIgniter\CodeIgniter->run()
10 SYSTEMPATH\Commands\Server\rewrite.php(47): require_once('C:\\laragon\\www\\projectmahalta\\public\\index.php')
CRITICAL - 2024-03-03 06:40:09 --> Undefined array key "QrCodeID"
in APPPATH\Views\Admin\qrcode.php on line 74.
 1 APPPATH\Views\Admin\qrcode.php(74): CodeIgniter\Debug\Exceptions->errorHandler(2, 'Undefined array key "QrCodeID"', 'C:\\laragon\\www\\projectmahalta\\app\\Views\\Admin\\qrcode.php', 74)
 2 SYSTEMPATH\View\View.php(228): include('C:\\laragon\\www\\projectmahalta\\app\\Views\\Admin\\qrcode.php')
 3 SYSTEMPATH\View\View.php(231): CodeIgniter\View\View->CodeIgniter\View\{closure}()
 4 SYSTEMPATH\Common.php(1190): CodeIgniter\View\View->render('Admin/qrcode', [], true)
 5 APPPATH\Controllers\AdminController.php(1377): view('Admin/qrcode', [...])
 6 SYSTEMPATH\CodeIgniter.php(942): App\Controllers\AdminController->Qrcode()
 7 SYSTEMPATH\CodeIgniter.php(502): CodeIgniter\CodeIgniter->runController(Object(App\Controllers\AdminController))
 8 SYSTEMPATH\CodeIgniter.php(361): CodeIgniter\CodeIgniter->handleRequest(null, Object(Config\Cache), false)
 9 FCPATH\index.php(79): CodeIgniter\CodeIgniter->run()
10 SYSTEMPATH\Commands\Server\rewrite.php(47): require_once('C:\\laragon\\www\\projectmahalta\\public\\index.php')
ERROR - 2024-03-03 06:43:37 --> mysqli_sql_exception: Column 'Description' cannot be null in C:\laragon\www\projectmahalta\system\Database\MySQLi\Connection.php:306
Stack trace:
#0 C:\laragon\www\projectmahalta\system\Database\MySQLi\Connection.php(306): mysqli->query('INSERT INTO `ro...', 0)
#1 C:\laragon\www\projectmahalta\system\Database\BaseConnection.php(693): CodeIgniter\Database\MySQLi\Connection->execute('INSERT INTO `ro...')
#2 C:\laragon\www\projectmahalta\system\Database\BaseConnection.php(607): CodeIgniter\Database\BaseConnection->simpleQuery('INSERT INTO `ro...')
#3 C:\laragon\www\projectmahalta\system\Database\BaseBuilder.php(2308): CodeIgniter\Database\BaseConnection->query('INSERT INTO `ro...', Array, false)
#4 C:\laragon\www\projectmahalta\system\Model.php(319): CodeIgniter\Database\BaseBuilder->insert()
#5 C:\laragon\www\projectmahalta\system\BaseModel.php(788): CodeIgniter\Model->doInsert(Array)
#6 C:\laragon\www\projectmahalta\system\Model.php(715): CodeIgniter\BaseModel->insert(Array, false)
#7 C:\laragon\www\projectmahalta\system\BaseModel.php(698): CodeIgniter\Model->insert(Array, false)
#8 C:\laragon\www\projectmahalta\app\Controllers\AdminController.php(1147): CodeIgniter\BaseModel->save(Array)
#9 C:\laragon\www\projectmahalta\system\CodeIgniter.php(942): App\Controllers\AdminController->updateserviceRoom()
#10 C:\laragon\www\projectmahalta\system\CodeIgniter.php(502): CodeIgniter\CodeIgniter->runController(Object(App\Controllers\AdminController))
#11 C:\laragon\www\projectmahalta\system\CodeIgniter.php(361): CodeIgniter\CodeIgniter->handleRequest(NULL, Object(Config\Cache), false)
#12 C:\laragon\www\projectmahalta\public\index.php(79): CodeIgniter\CodeIgniter->run()
#13 C:\laragon\www\projectmahalta\system\Commands\Server\rewrite.php(47): require_once('C:\\laragon\\www\\...')
#14 {main}
CRITICAL - 2024-03-03 06:43:37 --> Column 'Description' cannot be null
in SYSTEMPATH\Database\BaseConnection.php on line 647.
 1 SYSTEMPATH\Database\BaseBuilder.php(2308): CodeIgniter\Database\BaseConnection->query('INSERT INTO `rooms` (`RoomNumber`, `RoomType`, `Description`, `PricePerNight`, `AvailabilityStatus`, `Image`) VALUES (:RoomNumber:, :RoomType:, :Description:, :PricePerNight:, :AvailabilityStatus:, :Image:)', [...], false)
 2 SYSTEMPATH\Model.php(319): CodeIgniter\Database\BaseBuilder->insert()
 3 SYSTEMPATH\BaseModel.php(788): CodeIgniter\Model->doInsert([...])
 4 SYSTEMPATH\Model.php(715): CodeIgniter\BaseModel->insert([...], false)
 5 SYSTEMPATH\BaseModel.php(698): CodeIgniter\Model->insert([...], false)
 6 APPPATH\Controllers\AdminController.php(1147): CodeIgniter\BaseModel->save([...])
 7 SYSTEMPATH\CodeIgniter.php(942): App\Controllers\AdminController->updateserviceRoom()
 8 SYSTEMPATH\CodeIgniter.php(502): CodeIgniter\CodeIgniter->runController(Object(App\Controllers\AdminController))
 9 SYSTEMPATH\CodeIgniter.php(361): CodeIgniter\CodeIgniter->handleRequest(null, Object(Config\Cache), false)
10 FCPATH\index.php(79): CodeIgniter\CodeIgniter->run()
11 SYSTEMPATH\Commands\Server\rewrite.php(47): require_once('C:\\laragon\\www\\projectmahalta\\public\\index.php')
CRITICAL - 2024-03-03 06:46:38 --> include(C:\laragon\www\projectmahalta\app\Views\Admin/../../Admin/include/loader.php): Failed to open stream: No such file or directory
in APPPATH\Views\Admin\qrcode.php on line 23.
 1 APPPATH\Views\Admin\qrcode.php(23): CodeIgniter\Debug\Exceptions->errorHandler(2, 'include(C:\\laragon\\www\\projectmahalta\\app\\Views\\Admin/../../Admin/include/loader.php): Failed to open stream: No such file or directory', 'C:\\laragon\\www\\projectmahalta\\app\\Views\\Admin\\qrcode.php', 23)
 2 APPPATH\Views\Admin\qrcode.php(23): include()
 3 SYSTEMPATH\View\View.php(228): include('C:\\laragon\\www\\projectmahalta\\app\\Views\\Admin\\qrcode.php')
 4 SYSTEMPATH\View\View.php(231): CodeIgniter\View\View->CodeIgniter\View\{closure}()
 5 SYSTEMPATH\Common.php(1190): CodeIgniter\View\View->render('Admin/qrcode', [], true)
 6 APPPATH\Controllers\AdminController.php(1377): view('Admin/qrcode', [...])
 7 SYSTEMPATH\CodeIgniter.php(942): App\Controllers\AdminController->Qrcode()
 8 SYSTEMPATH\CodeIgniter.php(502): CodeIgniter\CodeIgniter->runController(Object(App\Controllers\AdminController))
 9 SYSTEMPATH\CodeIgniter.php(361): CodeIgniter\CodeIgniter->handleRequest(null, Object(Config\Cache), false)
10 FCPATH\index.php(79): CodeIgniter\CodeIgniter->run()
11 SYSTEMPATH\Commands\Server\rewrite.php(47): require_once('C:\\laragon\\www\\projectmahalta\\public\\index.php')
ERROR - 2024-03-03 06:50:53 --> mysqli_sql_exception: Column 'Description' cannot be null in C:\laragon\www\projectmahalta\system\Database\MySQLi\Connection.php:306
Stack trace:
#0 C:\laragon\www\projectmahalta\system\Database\MySQLi\Connection.php(306): mysqli->query('INSERT INTO `ro...', 0)
#1 C:\laragon\www\projectmahalta\system\Database\BaseConnection.php(693): CodeIgniter\Database\MySQLi\Connection->execute('INSERT INTO `ro...')
#2 C:\laragon\www\projectmahalta\system\Database\BaseConnection.php(607): CodeIgniter\Database\BaseConnection->simpleQuery('INSERT INTO `ro...')
#3 C:\laragon\www\projectmahalta\system\Database\BaseBuilder.php(2308): CodeIgniter\Database\BaseConnection->query('INSERT INTO `ro...', Array, false)
#4 C:\laragon\www\projectmahalta\system\Model.php(319): CodeIgniter\Database\BaseBuilder->insert()
#5 C:\laragon\www\projectmahalta\system\BaseModel.php(788): CodeIgniter\Model->doInsert(Array)
#6 C:\laragon\www\projectmahalta\system\Model.php(715): CodeIgniter\BaseModel->insert(Array, false)
#7 C:\laragon\www\projectmahalta\system\BaseModel.php(698): CodeIgniter\Model->insert(Array, false)
#8 C:\laragon\www\projectmahalta\app\Controllers\AdminController.php(1147): CodeIgniter\BaseModel->save(Array)
#9 C:\laragon\www\projectmahalta\system\CodeIgniter.php(942): App\Controllers\AdminController->updateserviceRoom()
#10 C:\laragon\www\projectmahalta\system\CodeIgniter.php(502): CodeIgniter\CodeIgniter->runController(Object(App\Controllers\AdminController))
#11 C:\laragon\www\projectmahalta\system\CodeIgniter.php(361): CodeIgniter\CodeIgniter->handleRequest(NULL, Object(Config\Cache), false)
#12 C:\laragon\www\projectmahalta\public\index.php(79): CodeIgniter\CodeIgniter->run()
#13 C:\laragon\www\projectmahalta\system\Commands\Server\rewrite.php(47): require_once('C:\\laragon\\www\\...')
#14 {main}
CRITICAL - 2024-03-03 06:50:53 --> Column 'Description' cannot be null
in SYSTEMPATH\Database\BaseConnection.php on line 647.
 1 SYSTEMPATH\Database\BaseBuilder.php(2308): CodeIgniter\Database\BaseConnection->query('INSERT INTO `rooms` (`RoomNumber`, `RoomType`, `Description`, `PricePerNight`, `AvailabilityStatus`, `Image`) VALUES (:RoomNumber:, :RoomType:, :Description:, :PricePerNight:, :AvailabilityStatus:, :Image:)', [...], false)
 2 SYSTEMPATH\Model.php(319): CodeIgniter\Database\BaseBuilder->insert()
 3 SYSTEMPATH\BaseModel.php(788): CodeIgniter\Model->doInsert([...])
 4 SYSTEMPATH\Model.php(715): CodeIgniter\BaseModel->insert([...], false)
 5 SYSTEMPATH\BaseModel.php(698): CodeIgniter\Model->insert([...], false)
 6 APPPATH\Controllers\AdminController.php(1147): CodeIgniter\BaseModel->save([...])
 7 SYSTEMPATH\CodeIgniter.php(942): App\Controllers\AdminController->updateserviceRoom()
 8 SYSTEMPATH\CodeIgniter.php(502): CodeIgniter\CodeIgniter->runController(Object(App\Controllers\AdminController))
 9 SYSTEMPATH\CodeIgniter.php(361): CodeIgniter\CodeIgniter->handleRequest(null, Object(Config\Cache), false)
10 FCPATH\index.php(79): CodeIgniter\CodeIgniter->run()
11 SYSTEMPATH\Commands\Server\rewrite.php(47): require_once('C:\\laragon\\www\\projectmahalta\\public\\index.php')
CRITICAL - 2024-03-03 06:54:26 --> There is no data to update.
in SYSTEMPATH\BaseModel.php on line 1726.
 1 SYSTEMPATH\BaseModel.php(1726): CodeIgniter\Database\Exceptions\DataException::forEmptyDataset('update')
 2 SYSTEMPATH\BaseModel.php(916): CodeIgniter\BaseModel->transformDataToArray(null, 'update')
 3 SYSTEMPATH\Model.php(776): CodeIgniter\BaseModel->update([...], null)
 4 APPPATH\Controllers\AdminController.php(1406): CodeIgniter\Model->update([...])
 5 SYSTEMPATH\CodeIgniter.php(942): App\Controllers\AdminController->updateQrcode()
 6 SYSTEMPATH\CodeIgniter.php(502): CodeIgniter\CodeIgniter->runController(Object(App\Controllers\AdminController))
 7 SYSTEMPATH\CodeIgniter.php(361): CodeIgniter\CodeIgniter->handleRequest(null, Object(Config\Cache), false)
 8 FCPATH\index.php(79): CodeIgniter\CodeIgniter->run()
 9 SYSTEMPATH\Commands\Server\rewrite.php(47): require_once('C:\\laragon\\www\\projectmahalta\\public\\index.php')
CRITICAL - 2024-03-03 06:58:53 --> There is no data to update.
in SYSTEMPATH\BaseModel.php on line 1726.
 1 SYSTEMPATH\BaseModel.php(1726): CodeIgniter\Database\Exceptions\DataException::forEmptyDataset('update')
 2 SYSTEMPATH\BaseModel.php(916): CodeIgniter\BaseModel->transformDataToArray(null, 'update')
 3 SYSTEMPATH\Model.php(776): CodeIgniter\BaseModel->update([...], null)
 4 APPPATH\Controllers\AdminController.php(1408): CodeIgniter\Model->update([...])
 5 SYSTEMPATH\CodeIgniter.php(942): App\Controllers\AdminController->updateQrcode()
 6 SYSTEMPATH\CodeIgniter.php(502): CodeIgniter\CodeIgniter->runController(Object(App\Controllers\AdminController))
 7 SYSTEMPATH\CodeIgniter.php(361): CodeIgniter\CodeIgniter->handleRequest(null, Object(Config\Cache), false)
 8 FCPATH\index.php(79): CodeIgniter\CodeIgniter->run()
 9 SYSTEMPATH\Commands\Server\rewrite.php(47): require_once('C:\\laragon\\www\\projectmahalta\\public\\index.php')
CRITICAL - 2024-03-03 07:02:08 --> Undefined variable $qrcode
in APPPATH\Views\Hotell\checkOutReservation.php on line 254.
 1 APPPATH\Views\Hotell\checkOutReservation.php(254): CodeIgniter\Debug\Exceptions->errorHandler(2, 'Undefined variable $qrcode', 'C:\\laragon\\www\\projectmahalta\\app\\Views\\Hotell\\checkOutReservation.php', 254)
 2 SYSTEMPATH\View\View.php(228): include('C:\\laragon\\www\\projectmahalta\\app\\Views\\Hotell\\checkOutReservation.php')
 3 SYSTEMPATH\View\View.php(231): CodeIgniter\View\View->CodeIgniter\View\{closure}()
 4 SYSTEMPATH\Common.php(1190): CodeIgniter\View\View->render('Hotell\\checkOutReservation', [], true)
 5 APPPATH\Controllers\GuestController.php(350): view('Hotell\\checkOutReservation', [...])
 6 SYSTEMPATH\CodeIgniter.php(942): App\Controllers\GuestController->formdetails()
 7 SYSTEMPATH\CodeIgniter.php(502): CodeIgniter\CodeIgniter->runController(Object(App\Controllers\GuestController))
 8 SYSTEMPATH\CodeIgniter.php(361): CodeIgniter\CodeIgniter->handleRequest(null, Object(Config\Cache), false)
 9 FCPATH\index.php(79): CodeIgniter\CodeIgniter->run()
10 SYSTEMPATH\Commands\Server\rewrite.php(47): require_once('C:\\laragon\\www\\projectmahalta\\public\\index.php')
CRITICAL - 2024-03-03 07:05:43 --> Undefined variable $qrcode
in APPPATH\Views\Hotell\checkOutReservation.php on line 254.
 1 APPPATH\Views\Hotell\checkOutReservation.php(254): CodeIgniter\Debug\Exceptions->errorHandler(2, 'Undefined variable $qrcode', 'C:\\laragon\\www\\projectmahalta\\app\\Views\\Hotell\\checkOutReservation.php', 254)
 2 SYSTEMPATH\View\View.php(228): include('C:\\laragon\\www\\projectmahalta\\app\\Views\\Hotell\\checkOutReservation.php')
 3 SYSTEMPATH\View\View.php(231): CodeIgniter\View\View->CodeIgniter\View\{closure}()
 4 SYSTEMPATH\Common.php(1190): CodeIgniter\View\View->render('Hotell\\checkOutReservation', [], true)
 5 APPPATH\Controllers\GuestController.php(350): view('Hotell\\checkOutReservation', [...])
 6 SYSTEMPATH\CodeIgniter.php(942): App\Controllers\GuestController->formdetails()
 7 SYSTEMPATH\CodeIgniter.php(502): CodeIgniter\CodeIgniter->runController(Object(App\Controllers\GuestController))
 8 SYSTEMPATH\CodeIgniter.php(361): CodeIgniter\CodeIgniter->handleRequest(null, Object(Config\Cache), false)
 9 FCPATH\index.php(79): CodeIgniter\CodeIgniter->run()
10 SYSTEMPATH\Commands\Server\rewrite.php(47): require_once('C:\\laragon\\www\\projectmahalta\\public\\index.php')
CRITICAL - 2024-03-03 07:06:36 --> Undefined variable $qrcode
in APPPATH\Views\Hotell\checkOutReservation.php on line 254.
 1 APPPATH\Views\Hotell\checkOutReservation.php(254): CodeIgniter\Debug\Exceptions->errorHandler(2, 'Undefined variable $qrcode', 'C:\\laragon\\www\\projectmahalta\\app\\Views\\Hotell\\checkOutReservation.php', 254)
 2 SYSTEMPATH\View\View.php(228): include('C:\\laragon\\www\\projectmahalta\\app\\Views\\Hotell\\checkOutReservation.php')
 3 SYSTEMPATH\View\View.php(231): CodeIgniter\View\View->CodeIgniter\View\{closure}()
 4 SYSTEMPATH\Common.php(1190): CodeIgniter\View\View->render('Hotell\\checkOutReservation', [], true)
 5 APPPATH\Controllers\GuestController.php(354): view('Hotell\\checkOutReservation', [...])
 6 SYSTEMPATH\CodeIgniter.php(942): App\Controllers\GuestController->formdetails()
 7 SYSTEMPATH\CodeIgniter.php(502): CodeIgniter\CodeIgniter->runController(Object(App\Controllers\GuestController))
 8 SYSTEMPATH\CodeIgniter.php(361): CodeIgniter\CodeIgniter->handleRequest(null, Object(Config\Cache), false)
 9 FCPATH\index.php(79): CodeIgniter\CodeIgniter->run()
10 SYSTEMPATH\Commands\Server\rewrite.php(47): require_once('C:\\laragon\\www\\projectmahalta\\public\\index.php')
CRITICAL - 2024-03-03 07:11:32 --> Undefined variable $option
in APPPATH\Views\Hotell\checkOutReservation.php on line 255.
 1 APPPATH\Views\Hotell\checkOutReservation.php(255): CodeIgniter\Debug\Exceptions->errorHandler(2, 'Undefined variable $option', 'C:\\laragon\\www\\projectmahalta\\app\\Views\\Hotell\\checkOutReservation.php', 255)
 2 SYSTEMPATH\View\View.php(228): include('C:\\laragon\\www\\projectmahalta\\app\\Views\\Hotell\\checkOutReservation.php')
 3 SYSTEMPATH\View\View.php(231): CodeIgniter\View\View->CodeIgniter\View\{closure}()
 4 SYSTEMPATH\Common.php(1190): CodeIgniter\View\View->render('Hotell\\checkOutReservation', [], true)
 5 APPPATH\Controllers\GuestController.php(354): view('Hotell\\checkOutReservation', [...])
 6 SYSTEMPATH\CodeIgniter.php(942): App\Controllers\GuestController->formdetails()
 7 SYSTEMPATH\CodeIgniter.php(502): CodeIgniter\CodeIgniter->runController(Object(App\Controllers\GuestController))
 8 SYSTEMPATH\CodeIgniter.php(361): CodeIgniter\CodeIgniter->handleRequest(null, Object(Config\Cache), false)
 9 FCPATH\index.php(79): CodeIgniter\CodeIgniter->run()
10 SYSTEMPATH\Commands\Server\rewrite.php(47): require_once('C:\\laragon\\www\\projectmahalta\\public\\index.php')
CRITICAL - 2024-03-03 07:12:22 --> Undefined variable $option
in APPPATH\Views\Hotell\checkOutReservation.php on line 255.
 1 APPPATH\Views\Hotell\checkOutReservation.php(255): CodeIgniter\Debug\Exceptions->errorHandler(2, 'Undefined variable $option', 'C:\\laragon\\www\\projectmahalta\\app\\Views\\Hotell\\checkOutReservation.php', 255)
 2 SYSTEMPATH\View\View.php(228): include('C:\\laragon\\www\\projectmahalta\\app\\Views\\Hotell\\checkOutReservation.php')
 3 SYSTEMPATH\View\View.php(231): CodeIgniter\View\View->CodeIgniter\View\{closure}()
 4 SYSTEMPATH\Common.php(1190): CodeIgniter\View\View->render('Hotell\\checkOutReservation', [], true)
 5 APPPATH\Controllers\GuestController.php(354): view('Hotell\\checkOutReservation', [...])
 6 SYSTEMPATH\CodeIgniter.php(942): App\Controllers\GuestController->formdetails()
 7 SYSTEMPATH\CodeIgniter.php(502): CodeIgniter\CodeIgniter->runController(Object(App\Controllers\GuestController))
 8 SYSTEMPATH\CodeIgniter.php(361): CodeIgniter\CodeIgniter->handleRequest(null, Object(Config\Cache), false)
 9 FCPATH\index.php(79): CodeIgniter\CodeIgniter->run()
10 SYSTEMPATH\Commands\Server\rewrite.php(47): require_once('C:\\laragon\\www\\projectmahalta\\public\\index.php')
CRITICAL - 2024-03-03 07:26:18 --> Undefined variable $qrcode
in APPPATH\Views\Hotell\checkOutReservation.php on line 107.
 1 APPPATH\Views\Hotell\checkOutReservation.php(107): CodeIgniter\Debug\Exceptions->errorHandler(2, 'Undefined variable $qrcode', 'C:\\laragon\\www\\projectmahalta\\app\\Views\\Hotell\\checkOutReservation.php', 107)
 2 SYSTEMPATH\View\View.php(228): include('C:\\laragon\\www\\projectmahalta\\app\\Views\\Hotell\\checkOutReservation.php')
 3 SYSTEMPATH\View\View.php(231): CodeIgniter\View\View->CodeIgniter\View\{closure}()
 4 SYSTEMPATH\Common.php(1190): CodeIgniter\View\View->render('Hotell\\checkOutReservation', [], true)
 5 APPPATH\Controllers\GuestController.php(354): view('Hotell\\checkOutReservation', [...])
 6 SYSTEMPATH\CodeIgniter.php(942): App\Controllers\GuestController->formdetails()
 7 SYSTEMPATH\CodeIgniter.php(502): CodeIgniter\CodeIgniter->runController(Object(App\Controllers\GuestController))
 8 SYSTEMPATH\CodeIgniter.php(361): CodeIgniter\CodeIgniter->handleRequest(null, Object(Config\Cache), false)
 9 FCPATH\index.php(79): CodeIgniter\CodeIgniter->run()
10 SYSTEMPATH\Commands\Server\rewrite.php(47): require_once('C:\\laragon\\www\\projectmahalta\\public\\index.php')
CRITICAL - 2024-03-03 07:37:12 --> Undefined variable $qrcode
in APPPATH\Views\Hotell\checkOutReservation.php on line 107.
 1 APPPATH\Views\Hotell\checkOutReservation.php(107): CodeIgniter\Debug\Exceptions->errorHandler(2, 'Undefined variable $qrcode', 'C:\\laragon\\www\\projectmahalta\\app\\Views\\Hotell\\checkOutReservation.php', 107)
 2 SYSTEMPATH\View\View.php(228): include('C:\\laragon\\www\\projectmahalta\\app\\Views\\Hotell\\checkOutReservation.php')
 3 SYSTEMPATH\View\View.php(231): CodeIgniter\View\View->CodeIgniter\View\{closure}()
 4 SYSTEMPATH\Common.php(1190): CodeIgniter\View\View->render('Hotell\\checkOutReservation', [], true)
 5 APPPATH\Controllers\GuestController.php(354): view('Hotell\\checkOutReservation', [...])
 6 SYSTEMPATH\CodeIgniter.php(942): App\Controllers\GuestController->formdetails()
 7 SYSTEMPATH\CodeIgniter.php(502): CodeIgniter\CodeIgniter->runController(Object(App\Controllers\GuestController))
 8 SYSTEMPATH\CodeIgniter.php(361): CodeIgniter\CodeIgniter->handleRequest(null, Object(Config\Cache), false)
 9 FCPATH\index.php(79): CodeIgniter\CodeIgniter->run()
10 SYSTEMPATH\Commands\Server\rewrite.php(47): require_once('C:\\laragon\\www\\projectmahalta\\public\\index.php')
CRITICAL - 2024-03-03 07:54:28 --> Undefined variable $qrcode
in APPPATH\Views\Hotell\checkOutReservation.php on line 252.
 1 APPPATH\Views\Hotell\checkOutReservation.php(252): CodeIgniter\Debug\Exceptions->errorHandler(2, 'Undefined variable $qrcode', 'C:\\laragon\\www\\projectmahalta\\app\\Views\\Hotell\\checkOutReservation.php', 252)
 2 SYSTEMPATH\View\View.php(228): include('C:\\laragon\\www\\projectmahalta\\app\\Views\\Hotell\\checkOutReservation.php')
 3 SYSTEMPATH\View\View.php(231): CodeIgniter\View\View->CodeIgniter\View\{closure}()
 4 SYSTEMPATH\Common.php(1190): CodeIgniter\View\View->render('Hotell\\checkOutReservation', [], true)
 5 APPPATH\Controllers\GuestController.php(354): view('Hotell\\checkOutReservation', [...])
 6 SYSTEMPATH\CodeIgniter.php(942): App\Controllers\GuestController->formdetails()
 7 SYSTEMPATH\CodeIgniter.php(502): CodeIgniter\CodeIgniter->runController(Object(App\Controllers\GuestController))
 8 SYSTEMPATH\CodeIgniter.php(361): CodeIgniter\CodeIgniter->handleRequest(null, Object(Config\Cache), false)
 9 FCPATH\index.php(79): CodeIgniter\CodeIgniter->run()
10 SYSTEMPATH\Commands\Server\rewrite.php(47): require_once('C:\\laragon\\www\\projectmahalta\\public\\index.php')
CRITICAL - 2024-03-03 12:25:53 --> Undefined variable $beers
in APPPATH\Views\Hotell\restaurant.php on line 277.
 1 APPPATH\Views\Hotell\restaurant.php(277): CodeIgniter\Debug\Exceptions->errorHandler(2, 'Undefined variable $beers', 'C:\\laragon\\www\\projectmahalta\\app\\Views\\Hotell\\restaurant.php', 277)
 2 SYSTEMPATH\View\View.php(228): include('C:\\laragon\\www\\projectmahalta\\app\\Views\\Hotell\\restaurant.php')
 3 SYSTEMPATH\View\View.php(231): CodeIgniter\View\View->CodeIgniter\View\{closure}()
 4 SYSTEMPATH\Common.php(1190): CodeIgniter\View\View->render('Hotell\\restaurant', [], true)
 5 APPPATH\Controllers\GuestController.php(253): view('Hotell\\restaurant', [...])
 6 SYSTEMPATH\CodeIgniter.php(942): App\Controllers\GuestController->restaurant()
 7 SYSTEMPATH\CodeIgniter.php(502): CodeIgniter\CodeIgniter->runController(Object(App\Controllers\GuestController))
 8 SYSTEMPATH\CodeIgniter.php(361): CodeIgniter\CodeIgniter->handleRequest(null, Object(Config\Cache), false)
 9 FCPATH\index.php(79): CodeIgniter\CodeIgniter->run()
10 SYSTEMPATH\Commands\Server\rewrite.php(47): require_once('C:\\laragon\\www\\projectmahalta\\public\\index.php')
CRITICAL - 2024-03-03 12:27:04 --> Undefined variable $beers
in APPPATH\Views\Hotell\restaurant.php on line 277.
 1 APPPATH\Views\Hotell\restaurant.php(277): CodeIgniter\Debug\Exceptions->errorHandler(2, 'Undefined variable $beers', 'C:\\laragon\\www\\projectmahalta\\app\\Views\\Hotell\\restaurant.php', 277)
 2 SYSTEMPATH\View\View.php(228): include('C:\\laragon\\www\\projectmahalta\\app\\Views\\Hotell\\restaurant.php')
 3 SYSTEMPATH\View\View.php(231): CodeIgniter\View\View->CodeIgniter\View\{closure}()
 4 SYSTEMPATH\Common.php(1190): CodeIgniter\View\View->render('Hotell\\restaurant', [], true)
 5 APPPATH\Controllers\GuestController.php(253): view('Hotell\\restaurant', [...])
 6 SYSTEMPATH\CodeIgniter.php(942): App\Controllers\GuestController->restaurant()
 7 SYSTEMPATH\CodeIgniter.php(502): CodeIgniter\CodeIgniter->runController(Object(App\Controllers\GuestController))
 8 SYSTEMPATH\CodeIgniter.php(361): CodeIgniter\CodeIgniter->handleRequest(null, Object(Config\Cache), false)
 9 FCPATH\index.php(79): CodeIgniter\CodeIgniter->run()
10 SYSTEMPATH\Commands\Server\rewrite.php(47): require_once('C:\\laragon\\www\\projectmahalta\\public\\index.php')
CRITICAL - 2024-03-03 12:27:12 --> Undefined variable $beers
in APPPATH\Views\Hotell\restaurant.php on line 277.
 1 APPPATH\Views\Hotell\restaurant.php(277): CodeIgniter\Debug\Exceptions->errorHandler(2, 'Undefined variable $beers', 'C:\\laragon\\www\\projectmahalta\\app\\Views\\Hotell\\restaurant.php', 277)
 2 SYSTEMPATH\View\View.php(228): include('C:\\laragon\\www\\projectmahalta\\app\\Views\\Hotell\\restaurant.php')
 3 SYSTEMPATH\View\View.php(231): CodeIgniter\View\View->CodeIgniter\View\{closure}()
 4 SYSTEMPATH\Common.php(1190): CodeIgniter\View\View->render('Hotell\\restaurant', [], true)
 5 APPPATH\Controllers\GuestController.php(253): view('Hotell\\restaurant', [...])
 6 SYSTEMPATH\CodeIgniter.php(942): App\Controllers\GuestController->restaurant()
 7 SYSTEMPATH\CodeIgniter.php(502): CodeIgniter\CodeIgniter->runController(Object(App\Controllers\GuestController))
 8 SYSTEMPATH\CodeIgniter.php(361): CodeIgniter\CodeIgniter->handleRequest(null, Object(Config\Cache), false)
 9 FCPATH\index.php(79): CodeIgniter\CodeIgniter->run()
10 SYSTEMPATH\Commands\Server\rewrite.php(47): require_once('C:\\laragon\\www\\projectmahalta\\public\\index.php')
CRITICAL - 2024-03-03 12:27:13 --> Undefined variable $beers
in APPPATH\Views\Hotell\restaurant.php on line 277.
 1 APPPATH\Views\Hotell\restaurant.php(277): CodeIgniter\Debug\Exceptions->errorHandler(2, 'Undefined variable $beers', 'C:\\laragon\\www\\projectmahalta\\app\\Views\\Hotell\\restaurant.php', 277)
 2 SYSTEMPATH\View\View.php(228): include('C:\\laragon\\www\\projectmahalta\\app\\Views\\Hotell\\restaurant.php')
 3 SYSTEMPATH\View\View.php(231): CodeIgniter\View\View->CodeIgniter\View\{closure}()
 4 SYSTEMPATH\Common.php(1190): CodeIgniter\View\View->render('Hotell\\restaurant', [], true)
 5 APPPATH\Controllers\GuestController.php(253): view('Hotell\\restaurant', [...])
 6 SYSTEMPATH\CodeIgniter.php(942): App\Controllers\GuestController->restaurant()
 7 SYSTEMPATH\CodeIgniter.php(502): CodeIgniter\CodeIgniter->runController(Object(App\Controllers\GuestController))
 8 SYSTEMPATH\CodeIgniter.php(361): CodeIgniter\CodeIgniter->handleRequest(null, Object(Config\Cache), false)
 9 FCPATH\index.php(79): CodeIgniter\CodeIgniter->run()
10 SYSTEMPATH\Commands\Server\rewrite.php(47): require_once('C:\\laragon\\www\\projectmahalta\\public\\index.php')
CRITICAL - 2024-03-03 12:32:07 --> Undefined array key "BeerName"
in APPPATH\Views\Hotell\restaurant.php on line 284.
 1 APPPATH\Views\Hotell\restaurant.php(284): CodeIgniter\Debug\Exceptions->errorHandler(2, 'Undefined array key "BeerName"', 'C:\\laragon\\www\\projectmahalta\\app\\Views\\Hotell\\restaurant.php', 284)
 2 SYSTEMPATH\View\View.php(228): include('C:\\laragon\\www\\projectmahalta\\app\\Views\\Hotell\\restaurant.php')
 3 SYSTEMPATH\View\View.php(231): CodeIgniter\View\View->CodeIgniter\View\{closure}()
 4 SYSTEMPATH\Common.php(1190): CodeIgniter\View\View->render('Hotell\\restaurant', [], true)
 5 APPPATH\Controllers\GuestController.php(287): view('Hotell\\restaurant', [...])
 6 SYSTEMPATH\CodeIgniter.php(942): App\Controllers\GuestController->restaurant()
 7 SYSTEMPATH\CodeIgniter.php(502): CodeIgniter\CodeIgniter->runController(Object(App\Controllers\GuestController))
 8 SYSTEMPATH\CodeIgniter.php(361): CodeIgniter\CodeIgniter->handleRequest(null, Object(Config\Cache), false)
 9 FCPATH\index.php(79): CodeIgniter\CodeIgniter->run()
10 SYSTEMPATH\Commands\Server\rewrite.php(47): require_once('C:\\laragon\\www\\projectmahalta\\public\\index.php')
CRITICAL - 2024-03-03 12:32:59 --> Undefined array key "BeerName"
in APPPATH\Views\Hotell\restaurant.php on line 284.
 1 APPPATH\Views\Hotell\restaurant.php(284): CodeIgniter\Debug\Exceptions->errorHandler(2, 'Undefined array key "BeerName"', 'C:\\laragon\\www\\projectmahalta\\app\\Views\\Hotell\\restaurant.php', 284)
 2 SYSTEMPATH\View\View.php(228): include('C:\\laragon\\www\\projectmahalta\\app\\Views\\Hotell\\restaurant.php')
 3 SYSTEMPATH\View\View.php(231): CodeIgniter\View\View->CodeIgniter\View\{closure}()
 4 SYSTEMPATH\Common.php(1190): CodeIgniter\View\View->render('Hotell\\restaurant', [], true)
 5 APPPATH\Controllers\GuestController.php(287): view('Hotell\\restaurant', [...])
 6 SYSTEMPATH\CodeIgniter.php(942): App\Controllers\GuestController->restaurant()
 7 SYSTEMPATH\CodeIgniter.php(502): CodeIgniter\CodeIgniter->runController(Object(App\Controllers\GuestController))
 8 SYSTEMPATH\CodeIgniter.php(361): CodeIgniter\CodeIgniter->handleRequest(null, Object(Config\Cache), false)
 9 FCPATH\index.php(79): CodeIgniter\CodeIgniter->run()
10 SYSTEMPATH\Commands\Server\rewrite.php(47): require_once('C:\\laragon\\www\\projectmahalta\\public\\index.php')
CRITICAL - 2024-03-03 12:45:33 --> Undefined array key "MocktailsNamePrice"
in APPPATH\Views\Hotell\restaurant.php on line 300.
 1 APPPATH\Views\Hotell\restaurant.php(300): CodeIgniter\Debug\Exceptions->errorHandler(2, 'Undefined array key "MocktailsNamePrice"', 'C:\\laragon\\www\\projectmahalta\\app\\Views\\Hotell\\restaurant.php', 300)
 2 SYSTEMPATH\View\View.php(228): include('C:\\laragon\\www\\projectmahalta\\app\\Views\\Hotell\\restaurant.php')
 3 SYSTEMPATH\View\View.php(231): CodeIgniter\View\View->CodeIgniter\View\{closure}()
 4 SYSTEMPATH\Common.php(1190): CodeIgniter\View\View->render('Hotell\\restaurant', [], true)
 5 APPPATH\Controllers\GuestController.php(290): view('Hotell\\restaurant', [...])
 6 SYSTEMPATH\CodeIgniter.php(942): App\Controllers\GuestController->restaurant()
 7 SYSTEMPATH\CodeIgniter.php(502): CodeIgniter\CodeIgniter->runController(Object(App\Controllers\GuestController))
 8 SYSTEMPATH\CodeIgniter.php(361): CodeIgniter\CodeIgniter->handleRequest(null, Object(Config\Cache), false)
 9 FCPATH\index.php(79): CodeIgniter\CodeIgniter->run()
10 SYSTEMPATH\Commands\Server\rewrite.php(47): require_once('C:\\laragon\\www\\projectmahalta\\public\\index.php')
CRITICAL - 2024-03-03 12:57:06 --> Undefined array key "JuiceName"
in APPPATH\Views\Hotell\restaurant.php on line 342.
 1 APPPATH\Views\Hotell\restaurant.php(342): CodeIgniter\Debug\Exceptions->errorHandler(2, 'Undefined array key "JuiceName"', 'C:\\laragon\\www\\projectmahalta\\app\\Views\\Hotell\\restaurant.php', 342)
 2 SYSTEMPATH\View\View.php(228): include('C:\\laragon\\www\\projectmahalta\\app\\Views\\Hotell\\restaurant.php')
 3 SYSTEMPATH\View\View.php(231): CodeIgniter\View\View->CodeIgniter\View\{closure}()
 4 SYSTEMPATH\Common.php(1190): CodeIgniter\View\View->render('Hotell\\restaurant', [], true)
 5 APPPATH\Controllers\GuestController.php(293): view('Hotell\\restaurant', [...])
 6 SYSTEMPATH\CodeIgniter.php(942): App\Controllers\GuestController->restaurant()
 7 SYSTEMPATH\CodeIgniter.php(502): CodeIgniter\CodeIgniter->runController(Object(App\Controllers\GuestController))
 8 SYSTEMPATH\CodeIgniter.php(361): CodeIgniter\CodeIgniter->handleRequest(null, Object(Config\Cache), false)
 9 FCPATH\index.php(79): CodeIgniter\CodeIgniter->run()
10 SYSTEMPATH\Commands\Server\rewrite.php(47): require_once('C:\\laragon\\www\\projectmahalta\\public\\index.php')
CRITICAL - 2024-03-03 22:49:28 --> Undefined variable $qrcodes
in APPPATH\Views\Admin\Restaurant\service.php on line 205.
 1 APPPATH\Views\Admin\Restaurant\service.php(205): CodeIgniter\Debug\Exceptions->errorHandler(2, 'Undefined variable $qrcodes', 'C:\\laragon\\www\\projectmahalta\\app\\Views\\Admin\\Restaurant\\service.php', 205)
 2 SYSTEMPATH\View\View.php(228): include('C:\\laragon\\www\\projectmahalta\\app\\Views\\Admin\\Restaurant\\service.php')
 3 SYSTEMPATH\View\View.php(231): CodeIgniter\View\View->CodeIgniter\View\{closure}()
 4 SYSTEMPATH\Common.php(1190): CodeIgniter\View\View->render('Admin/Restaurant/service', [], true)
 5 APPPATH\Controllers\AdminController.php(1171): view('Admin/Restaurant/service', [...])
 6 SYSTEMPATH\CodeIgniter.php(942): App\Controllers\AdminController->restService()
 7 SYSTEMPATH\CodeIgniter.php(502): CodeIgniter\CodeIgniter->runController(Object(App\Controllers\AdminController))
 8 SYSTEMPATH\CodeIgniter.php(361): CodeIgniter\CodeIgniter->handleRequest(null, Object(Config\Cache), false)
 9 FCPATH\index.php(79): CodeIgniter\CodeIgniter->run()
10 SYSTEMPATH\Commands\Server\rewrite.php(47): require_once('C:\\laragon\\www\\projectmahalta\\public\\index.php')
CRITICAL - 2024-03-03 23:58:21 --> Undefined array key "CocktailsName"
in APPPATH\Views\Admin\Restaurant\service.php on line 285.
 1 APPPATH\Views\Admin\Restaurant\service.php(285): CodeIgniter\Debug\Exceptions->errorHandler(2, 'Undefined array key "CocktailsName"', 'C:\\laragon\\www\\projectmahalta\\app\\Views\\Admin\\Restaurant\\service.php', 285)
 2 SYSTEMPATH\View\View.php(228): include('C:\\laragon\\www\\projectmahalta\\app\\Views\\Admin\\Restaurant\\service.php')
 3 SYSTEMPATH\View\View.php(231): CodeIgniter\View\View->CodeIgniter\View\{closure}()
 4 SYSTEMPATH\Common.php(1190): CodeIgniter\View\View->render('Admin/Restaurant/service', [], true)
 5 APPPATH\Controllers\AdminController.php(1214): view('Admin/Restaurant/service', [...])
 6 SYSTEMPATH\CodeIgniter.php(942): App\Controllers\AdminController->restService()
 7 SYSTEMPATH\CodeIgniter.php(502): CodeIgniter\CodeIgniter->runController(Object(App\Controllers\AdminController))
 8 SYSTEMPATH\CodeIgniter.php(361): CodeIgniter\CodeIgniter->handleRequest(null, Object(Config\Cache), false)
 9 FCPATH\index.php(79): CodeIgniter\CodeIgniter->run()
10 SYSTEMPATH\Commands\Server\rewrite.php(47): require_once('C:\\laragon\\www\\projectmahalta\\public\\index.php')
