CRITICAL - 2024-03-04 00:30:34 --> Undefined array key "MocktailsID"
in APPPATH\Views\Admin\Restaurant\service.php on line 345.
 1 APPPATH\Views\Admin\Restaurant\service.php(345): CodeIgniter\Debug\Exceptions->errorHandler(2, 'Undefined array key "MocktailsID"', 'C:\\laragon\\www\\projectmahalta\\app\\Views\\Admin\\Restaurant\\service.php', 345)
 2 SYSTEMPATH\View\View.php(228): include('C:\\laragon\\www\\projectmahalta\\app\\Views\\Admin\\Restaurant\\service.php')
 3 SYSTEMPATH\View\View.php(231): CodeIgniter\View\View->CodeIgniter\View\{closure}()
 4 SYSTEMPATH\Common.php(1190): CodeIgniter\View\View->render('Admin/Restaurant/service', [], true)
 5 APPPATH\Controllers\AdminController.php(1214): view('Admin/Restaurant/service', [...])
 6 SYSTEMPATH\CodeIgniter.php(942): App\Controllers\AdminController->restService()
 7 SYSTEMPATH\CodeIgniter.php(502): CodeIgniter\CodeIgniter->runController(Object(App\Controllers\AdminController))
 8 SYSTEMPATH\CodeIgniter.php(361): CodeIgniter\CodeIgniter->handleRequest(null, Object(Config\Cache), false)
 9 FCPATH\index.php(79): CodeIgniter\CodeIgniter->run()
10 SYSTEMPATH\Commands\Server\rewrite.php(47): require_once('C:\\laragon\\www\\projectmahalta\\public\\index.php')
CRITICAL - 2024-03-04 00:31:36 --> Undefined array key "MocktailsID"
in APPPATH\Views\Admin\Restaurant\service.php on line 345.
 1 APPPATH\Views\Admin\Restaurant\service.php(345): CodeIgniter\Debug\Exceptions->errorHandler(2, 'Undefined array key "MocktailsID"', 'C:\\laragon\\www\\projectmahalta\\app\\Views\\Admin\\Restaurant\\service.php', 345)
 2 SYSTEMPATH\View\View.php(228): include('C:\\laragon\\www\\projectmahalta\\app\\Views\\Admin\\Restaurant\\service.php')
 3 SYSTEMPATH\View\View.php(231): CodeIgniter\View\View->CodeIgniter\View\{closure}()
 4 SYSTEMPATH\Common.php(1190): CodeIgniter\View\View->render('Admin/Restaurant/service', [], true)
 5 APPPATH\Controllers\AdminController.php(1214): view('Admin/Restaurant/service', [...])
 6 SYSTEMPATH\CodeIgniter.php(942): App\Controllers\AdminController->restService()
 7 SYSTEMPATH\CodeIgniter.php(502): CodeIgniter\CodeIgniter->runController(Object(App\Controllers\AdminController))
 8 SYSTEMPATH\CodeIgniter.php(361): CodeIgniter\CodeIgniter->handleRequest(null, Object(Config\Cache), false)
 9 FCPATH\index.php(79): CodeIgniter\CodeIgniter->run()
10 SYSTEMPATH\Commands\Server\rewrite.php(47): require_once('C:\\laragon\\www\\projectmahalta\\public\\index.php')
CRITICAL - 2024-03-04 00:43:57 --> Undefined array key "ShootersName"
in APPPATH\Views\Admin\Restaurant\service.php on line 511.
 1 APPPATH\Views\Admin\Restaurant\service.php(511): CodeIgniter\Debug\Exceptions->errorHandler(2, 'Undefined array key "ShootersName"', 'C:\\laragon\\www\\projectmahalta\\app\\Views\\Admin\\Restaurant\\service.php', 511)
 2 SYSTEMPATH\View\View.php(228): include('C:\\laragon\\www\\projectmahalta\\app\\Views\\Admin\\Restaurant\\service.php')
 3 SYSTEMPATH\View\View.php(231): CodeIgniter\View\View->CodeIgniter\View\{closure}()
 4 SYSTEMPATH\Common.php(1190): CodeIgniter\View\View->render('Admin/Restaurant/service', [], true)
 5 APPPATH\Controllers\AdminController.php(1214): view('Admin/Restaurant/service', [...])
 6 SYSTEMPATH\CodeIgniter.php(942): App\Controllers\AdminController->restService()
 7 SYSTEMPATH\CodeIgniter.php(502): CodeIgniter\CodeIgniter->runController(Object(App\Controllers\AdminController))
 8 SYSTEMPATH\CodeIgniter.php(361): CodeIgniter\CodeIgniter->handleRequest(null, Object(Config\Cache), false)
 9 FCPATH\index.php(79): CodeIgniter\CodeIgniter->run()
10 SYSTEMPATH\Commands\Server\rewrite.php(47): require_once('C:\\laragon\\www\\projectmahalta\\public\\index.php')
CRITICAL - 2024-03-04 00:58:51 --> Undefined variable $mocktail
in APPPATH\Views\Hotell\restaurant.php on line 86.
 1 APPPATH\Views\Hotell\restaurant.php(86): CodeIgniter\Debug\Exceptions->errorHandler(2, 'Undefined variable $mocktail', 'C:\\laragon\\www\\projectmahalta\\app\\Views\\Hotell\\restaurant.php', 86)
 2 SYSTEMPATH\View\View.php(228): include('C:\\laragon\\www\\projectmahalta\\app\\Views\\Hotell\\restaurant.php')
 3 SYSTEMPATH\View\View.php(231): CodeIgniter\View\View->CodeIgniter\View\{closure}()
 4 SYSTEMPATH\Common.php(1190): CodeIgniter\View\View->render('Hotell\\restaurant', [], true)
 5 APPPATH\Controllers\GuestController.php(297): view('Hotell\\restaurant', [...])
 6 SYSTEMPATH\CodeIgniter.php(942): App\Controllers\GuestController->restaurantt()
 7 SYSTEMPATH\CodeIgniter.php(502): CodeIgniter\CodeIgniter->runController(Object(App\Controllers\GuestController))
 8 SYSTEMPATH\CodeIgniter.php(361): CodeIgniter\CodeIgniter->handleRequest(null, Object(Config\Cache), false)
 9 FCPATH\index.php(79): CodeIgniter\CodeIgniter->run()
10 SYSTEMPATH\Commands\Server\rewrite.php(47): require_once('C:\\laragon\\www\\projectmahalta\\public\\index.php')
CRITICAL - 2024-03-04 21:01:15 --> Undefined variable $iced
in APPPATH\Views\Hotell\restaurant.php on line 432.
 1 APPPATH\Views\Hotell\restaurant.php(432): CodeIgniter\Debug\Exceptions->errorHandler(2, 'Undefined variable $iced', 'C:\\laragon\\www\\projectmahalta\\app\\Views\\Hotell\\restaurant.php', 432)
 2 SYSTEMPATH\View\View.php(228): include('C:\\laragon\\www\\projectmahalta\\app\\Views\\Hotell\\restaurant.php')
 3 SYSTEMPATH\View\View.php(231): CodeIgniter\View\View->CodeIgniter\View\{closure}()
 4 SYSTEMPATH\Common.php(1190): CodeIgniter\View\View->render('Hotell\\restaurant', [], true)
 5 APPPATH\Controllers\GuestController.php(309): view('Hotell\\restaurant', [...])
 6 SYSTEMPATH\CodeIgniter.php(942): App\Controllers\GuestController->restaurantt()
 7 SYSTEMPATH\CodeIgniter.php(502): CodeIgniter\CodeIgniter->runController(Object(App\Controllers\GuestController))
 8 SYSTEMPATH\CodeIgniter.php(361): CodeIgniter\CodeIgniter->handleRequest(null, Object(Config\Cache), false)
 9 FCPATH\index.php(79): CodeIgniter\CodeIgniter->run()
10 SYSTEMPATH\Commands\Server\rewrite.php(47): require_once('C:\\laragon\\www\\projectmahalta\\public\\index.php')
CRITICAL - 2024-03-04 21:15:59 --> Undefined array key "HotsName"
in APPPATH\Views\Hotell\restaurant.php on line 375.
 1 APPPATH\Views\Hotell\restaurant.php(375): CodeIgniter\Debug\Exceptions->errorHandler(2, 'Undefined array key "HotsName"', 'C:\\laragon\\www\\projectmahalta\\app\\Views\\Hotell\\restaurant.php', 375)
 2 SYSTEMPATH\View\View.php(228): include('C:\\laragon\\www\\projectmahalta\\app\\Views\\Hotell\\restaurant.php')
 3 SYSTEMPATH\View\View.php(231): CodeIgniter\View\View->CodeIgniter\View\{closure}()
 4 SYSTEMPATH\Common.php(1190): CodeIgniter\View\View->render('Hotell\\restaurant', [], true)
 5 APPPATH\Controllers\GuestController.php(313): view('Hotell\\restaurant', [...])
 6 SYSTEMPATH\CodeIgniter.php(942): App\Controllers\GuestController->restaurantt()
 7 SYSTEMPATH\CodeIgniter.php(502): CodeIgniter\CodeIgniter->runController(Object(App\Controllers\GuestController))
 8 SYSTEMPATH\CodeIgniter.php(361): CodeIgniter\CodeIgniter->handleRequest(null, Object(Config\Cache), false)
 9 FCPATH\index.php(79): CodeIgniter\CodeIgniter->run()
10 SYSTEMPATH\Commands\Server\rewrite.php(47): require_once('C:\\laragon\\www\\projectmahalta\\public\\index.php')
CRITICAL - 2024-03-04 21:24:48 --> Undefined variable $hots
in APPPATH\Views\Admin\Restaurant\service.php on line 1437.
 1 APPPATH\Views\Admin\Restaurant\service.php(1437): CodeIgniter\Debug\Exceptions->errorHandler(2, 'Undefined variable $hots', 'C:\\laragon\\www\\projectmahalta\\app\\Views\\Admin\\Restaurant\\service.php', 1437)
 2 SYSTEMPATH\View\View.php(228): include('C:\\laragon\\www\\projectmahalta\\app\\Views\\Admin\\Restaurant\\service.php')
 3 SYSTEMPATH\View\View.php(231): CodeIgniter\View\View->CodeIgniter\View\{closure}()
 4 SYSTEMPATH\Common.php(1190): CodeIgniter\View\View->render('Admin/Restaurant/service', [], true)
 5 APPPATH\Controllers\AdminController.php(1226): view('Admin/Restaurant/service', [...])
 6 SYSTEMPATH\CodeIgniter.php(942): App\Controllers\AdminController->restService()
 7 SYSTEMPATH\CodeIgniter.php(502): CodeIgniter\CodeIgniter->runController(Object(App\Controllers\AdminController))
 8 SYSTEMPATH\CodeIgniter.php(361): CodeIgniter\CodeIgniter->handleRequest(null, Object(Config\Cache), false)
 9 FCPATH\index.php(79): CodeIgniter\CodeIgniter->run()
10 SYSTEMPATH\Commands\Server\rewrite.php(47): require_once('C:\\laragon\\www\\projectmahalta\\public\\index.php')
CRITICAL - 2024-03-04 21:29:56 --> Undefined array key "ColdPrice"
in APPPATH\Views\Admin\Restaurant\service.php on line 1557.
 1 APPPATH\Views\Admin\Restaurant\service.php(1557): CodeIgniter\Debug\Exceptions->errorHandler(2, 'Undefined array key "ColdPrice"', 'C:\\laragon\\www\\projectmahalta\\app\\Views\\Admin\\Restaurant\\service.php', 1557)
 2 SYSTEMPATH\View\View.php(228): include('C:\\laragon\\www\\projectmahalta\\app\\Views\\Admin\\Restaurant\\service.php')
 3 SYSTEMPATH\View\View.php(231): CodeIgniter\View\View->CodeIgniter\View\{closure}()
 4 SYSTEMPATH\Common.php(1190): CodeIgniter\View\View->render('Admin/Restaurant/service', [], true)
 5 APPPATH\Controllers\AdminController.php(1230): view('Admin/Restaurant/service', [...])
 6 SYSTEMPATH\CodeIgniter.php(942): App\Controllers\AdminController->restService()
 7 SYSTEMPATH\CodeIgniter.php(502): CodeIgniter\CodeIgniter->runController(Object(App\Controllers\AdminController))
 8 SYSTEMPATH\CodeIgniter.php(361): CodeIgniter\CodeIgniter->handleRequest(null, Object(Config\Cache), false)
 9 FCPATH\index.php(79): CodeIgniter\CodeIgniter->run()
10 SYSTEMPATH\Commands\Server\rewrite.php(47): require_once('C:\\laragon\\www\\projectmahalta\\public\\index.php')
CRITICAL - 2024-03-04 21:36:40 --> Undefined array key "IcedPrice"
in APPPATH\Views\Admin\Restaurant\service.php on line 1411.
 1 APPPATH\Views\Admin\Restaurant\service.php(1411): CodeIgniter\Debug\Exceptions->errorHandler(2, 'Undefined array key "IcedPrice"', 'C:\\laragon\\www\\projectmahalta\\app\\Views\\Admin\\Restaurant\\service.php', 1411)
 2 SYSTEMPATH\View\View.php(228): include('C:\\laragon\\www\\projectmahalta\\app\\Views\\Admin\\Restaurant\\service.php')
 3 SYSTEMPATH\View\View.php(231): CodeIgniter\View\View->CodeIgniter\View\{closure}()
 4 SYSTEMPATH\Common.php(1190): CodeIgniter\View\View->render('Admin/Restaurant/service', [], true)
 5 APPPATH\Controllers\AdminController.php(1230): view('Admin/Restaurant/service', [...])
 6 SYSTEMPATH\CodeIgniter.php(942): App\Controllers\AdminController->restService()
 7 SYSTEMPATH\CodeIgniter.php(502): CodeIgniter\CodeIgniter->runController(Object(App\Controllers\AdminController))
 8 SYSTEMPATH\CodeIgniter.php(361): CodeIgniter\CodeIgniter->handleRequest(null, Object(Config\Cache), false)
 9 FCPATH\index.php(79): CodeIgniter\CodeIgniter->run()
10 SYSTEMPATH\Commands\Server\rewrite.php(47): require_once('C:\\laragon\\www\\projectmahalta\\public\\index.php')
