ERROR - 2023-12-04 10:22:36 --> mysqli_sql_exception: Unknown column 'Username' in 'where clause' in C:\laragon\www\MahaltaCalapanCity\system\Database\MySQLi\Connection.php:306
Stack trace:
#0 C:\laragon\www\MahaltaCalapanCity\system\Database\MySQLi\Connection.php(306): mysqli->query('SELECT *\nFROM `...', 0)
#1 C:\laragon\www\MahaltaCalapanCity\system\Database\BaseConnection.php(693): CodeIgniter\Database\MySQLi\Connection->execute('SELECT *\nFROM `...')
#2 C:\laragon\www\MahaltaCalapanCity\system\Database\BaseConnection.php(607): CodeIgniter\Database\BaseConnection->simpleQuery('SELECT *\nFROM `...')
#3 C:\laragon\www\MahaltaCalapanCity\system\Database\BaseBuilder.php(1615): CodeIgniter\Database\BaseConnection->query('SELECT *\nFROM `...', Array, false)
#4 C:\laragon\www\MahaltaCalapanCity\system\Model.php(264): CodeIgniter\Database\BaseBuilder->get()
#5 C:\laragon\www\MahaltaCalapanCity\system\BaseModel.php(662): CodeIgniter\Model->doFirst()
#6 C:\laragon\www\MahaltaCalapanCity\app\Controllers\GuestController.php(77): CodeIgniter\BaseModel->first()
#7 C:\laragon\www\MahaltaCalapanCity\system\CodeIgniter.php(942): App\Controllers\GuestController->insertBooking()
#8 C:\laragon\www\MahaltaCalapanCity\system\CodeIgniter.php(502): CodeIgniter\CodeIgniter->runController(Object(App\Controllers\GuestController))
#9 C:\laragon\www\MahaltaCalapanCity\system\CodeIgniter.php(361): CodeIgniter\CodeIgniter->handleRequest(NULL, Object(Config\Cache), false)
#10 C:\laragon\www\MahaltaCalapanCity\public\index.php(79): CodeIgniter\CodeIgniter->run()
#11 {main}
CRITICAL - 2023-12-04 10:22:36 --> Unknown column 'Username' in 'where clause'
in SYSTEMPATH\Database\BaseConnection.php on line 647.
 1 SYSTEMPATH\Database\BaseBuilder.php(1615): CodeIgniter\Database\BaseConnection->query('SELECT *
FROM `users`
WHERE `Username` = :Username:
 LIMIT 1', [...], false)
 2 SYSTEMPATH\Model.php(264): CodeIgniter\Database\BaseBuilder->get()
 3 SYSTEMPATH\BaseModel.php(662): CodeIgniter\Model->doFirst()
 4 APPPATH\Controllers\GuestController.php(77): CodeIgniter\BaseModel->first()
 5 SYSTEMPATH\CodeIgniter.php(942): App\Controllers\GuestController->insertBooking()
 6 SYSTEMPATH\CodeIgniter.php(502): CodeIgniter\CodeIgniter->runController(Object(App\Controllers\GuestController))
 7 SYSTEMPATH\CodeIgniter.php(361): CodeIgniter\CodeIgniter->handleRequest(null, Object(Config\Cache), false)
 8 FCPATH\index.php(79): CodeIgniter\CodeIgniter->run()
ERROR - 2023-12-04 10:27:02 --> mysqli_sql_exception: Unknown column 'Username' in 'where clause' in C:\laragon\www\MahaltaCalapanCity\system\Database\MySQLi\Connection.php:306
Stack trace:
#0 C:\laragon\www\MahaltaCalapanCity\system\Database\MySQLi\Connection.php(306): mysqli->query('SELECT *\nFROM `...', 0)
#1 C:\laragon\www\MahaltaCalapanCity\system\Database\BaseConnection.php(693): CodeIgniter\Database\MySQLi\Connection->execute('SELECT *\nFROM `...')
#2 C:\laragon\www\MahaltaCalapanCity\system\Database\BaseConnection.php(607): CodeIgniter\Database\BaseConnection->simpleQuery('SELECT *\nFROM `...')
#3 C:\laragon\www\MahaltaCalapanCity\system\Database\BaseBuilder.php(1615): CodeIgniter\Database\BaseConnection->query('SELECT *\nFROM `...', Array, false)
#4 C:\laragon\www\MahaltaCalapanCity\system\Model.php(264): CodeIgniter\Database\BaseBuilder->get()
#5 C:\laragon\www\MahaltaCalapanCity\system\BaseModel.php(662): CodeIgniter\Model->doFirst()
#6 C:\laragon\www\MahaltaCalapanCity\app\Controllers\GuestController.php(77): CodeIgniter\BaseModel->first()
#7 C:\laragon\www\MahaltaCalapanCity\system\CodeIgniter.php(942): App\Controllers\GuestController->insertBooking()
#8 C:\laragon\www\MahaltaCalapanCity\system\CodeIgniter.php(502): CodeIgniter\CodeIgniter->runController(Object(App\Controllers\GuestController))
#9 C:\laragon\www\MahaltaCalapanCity\system\CodeIgniter.php(361): CodeIgniter\CodeIgniter->handleRequest(NULL, Object(Config\Cache), false)
#10 C:\laragon\www\MahaltaCalapanCity\public\index.php(79): CodeIgniter\CodeIgniter->run()
#11 {main}
CRITICAL - 2023-12-04 10:27:02 --> Unknown column 'Username' in 'where clause'
in SYSTEMPATH\Database\BaseConnection.php on line 647.
 1 SYSTEMPATH\Database\BaseBuilder.php(1615): CodeIgniter\Database\BaseConnection->query('SELECT *
FROM `users`
WHERE `Username` = :Username:
 LIMIT 1', [...], false)
 2 SYSTEMPATH\Model.php(264): CodeIgniter\Database\BaseBuilder->get()
 3 SYSTEMPATH\BaseModel.php(662): CodeIgniter\Model->doFirst()
 4 APPPATH\Controllers\GuestController.php(77): CodeIgniter\BaseModel->first()
 5 SYSTEMPATH\CodeIgniter.php(942): App\Controllers\GuestController->insertBooking()
 6 SYSTEMPATH\CodeIgniter.php(502): CodeIgniter\CodeIgniter->runController(Object(App\Controllers\GuestController))
 7 SYSTEMPATH\CodeIgniter.php(361): CodeIgniter\CodeIgniter->handleRequest(null, Object(Config\Cache), false)
 8 FCPATH\index.php(79): CodeIgniter\CodeIgniter->run()
ERROR - 2023-12-04 10:29:35 --> mysqli_sql_exception: Unknown column 'Username' in 'where clause' in C:\laragon\www\MahaltaCalapanCity\system\Database\MySQLi\Connection.php:306
Stack trace:
#0 C:\laragon\www\MahaltaCalapanCity\system\Database\MySQLi\Connection.php(306): mysqli->query('SELECT *\nFROM `...', 0)
#1 C:\laragon\www\MahaltaCalapanCity\system\Database\BaseConnection.php(693): CodeIgniter\Database\MySQLi\Connection->execute('SELECT *\nFROM `...')
#2 C:\laragon\www\MahaltaCalapanCity\system\Database\BaseConnection.php(607): CodeIgniter\Database\BaseConnection->simpleQuery('SELECT *\nFROM `...')
#3 C:\laragon\www\MahaltaCalapanCity\system\Database\BaseBuilder.php(1615): CodeIgniter\Database\BaseConnection->query('SELECT *\nFROM `...', Array, false)
#4 C:\laragon\www\MahaltaCalapanCity\system\Model.php(264): CodeIgniter\Database\BaseBuilder->get()
#5 C:\laragon\www\MahaltaCalapanCity\system\BaseModel.php(662): CodeIgniter\Model->doFirst()
#6 C:\laragon\www\MahaltaCalapanCity\app\Controllers\GuestController.php(77): CodeIgniter\BaseModel->first()
#7 C:\laragon\www\MahaltaCalapanCity\system\CodeIgniter.php(942): App\Controllers\GuestController->insertBooking()
#8 C:\laragon\www\MahaltaCalapanCity\system\CodeIgniter.php(502): CodeIgniter\CodeIgniter->runController(Object(App\Controllers\GuestController))
#9 C:\laragon\www\MahaltaCalapanCity\system\CodeIgniter.php(361): CodeIgniter\CodeIgniter->handleRequest(NULL, Object(Config\Cache), false)
#10 C:\laragon\www\MahaltaCalapanCity\public\index.php(79): CodeIgniter\CodeIgniter->run()
#11 {main}
CRITICAL - 2023-12-04 10:29:35 --> Unknown column 'Username' in 'where clause'
in SYSTEMPATH\Database\BaseConnection.php on line 647.
 1 SYSTEMPATH\Database\BaseBuilder.php(1615): CodeIgniter\Database\BaseConnection->query('SELECT *
FROM `users`
WHERE `Username` = :Username:
 LIMIT 1', [...], false)
 2 SYSTEMPATH\Model.php(264): CodeIgniter\Database\BaseBuilder->get()
 3 SYSTEMPATH\BaseModel.php(662): CodeIgniter\Model->doFirst()
 4 APPPATH\Controllers\GuestController.php(77): CodeIgniter\BaseModel->first()
 5 SYSTEMPATH\CodeIgniter.php(942): App\Controllers\GuestController->insertBooking()
 6 SYSTEMPATH\CodeIgniter.php(502): CodeIgniter\CodeIgniter->runController(Object(App\Controllers\GuestController))
 7 SYSTEMPATH\CodeIgniter.php(361): CodeIgniter\CodeIgniter->handleRequest(null, Object(Config\Cache), false)
 8 FCPATH\index.php(79): CodeIgniter\CodeIgniter->run()
CRITICAL - 2023-12-04 10:33:16 --> Undefined variable $users
in APPPATH\Views\Admin\guest.php on line 100.
 1 APPPATH\Views\Admin\guest.php(100): CodeIgniter\Debug\Exceptions->errorHandler(2, 'Undefined variable $users', 'C:\\laragon\\www\\MahaltaCalapanCity\\app\\Views\\Admin\\guest.php', 100)
 2 SYSTEMPATH\View\View.php(228): include('C:\\laragon\\www\\MahaltaCalapanCity\\app\\Views\\Admin\\guest.php')
 3 SYSTEMPATH\View\View.php(231): CodeIgniter\View\View->CodeIgniter\View\{closure}()
 4 SYSTEMPATH\Common.php(1190): CodeIgniter\View\View->render('Admin/guest', [], true)
 5 APPPATH\Controllers\AdminController.php(26): view('Admin/guest')
 6 SYSTEMPATH\CodeIgniter.php(942): App\Controllers\AdminController->guest()
 7 SYSTEMPATH\CodeIgniter.php(502): CodeIgniter\CodeIgniter->runController(Object(App\Controllers\AdminController))
 8 SYSTEMPATH\CodeIgniter.php(361): CodeIgniter\CodeIgniter->handleRequest(null, Object(Config\Cache), false)
 9 FCPATH\index.php(79): CodeIgniter\CodeIgniter->run()
CRITICAL - 2023-12-04 10:34:44 --> Undefined variable $users
in APPPATH\Views\Admin\guest.php on line 100.
 1 APPPATH\Views\Admin\guest.php(100): CodeIgniter\Debug\Exceptions->errorHandler(2, 'Undefined variable $users', 'C:\\laragon\\www\\MahaltaCalapanCity\\app\\Views\\Admin\\guest.php', 100)
 2 SYSTEMPATH\View\View.php(228): include('C:\\laragon\\www\\MahaltaCalapanCity\\app\\Views\\Admin\\guest.php')
 3 SYSTEMPATH\View\View.php(231): CodeIgniter\View\View->CodeIgniter\View\{closure}()
 4 SYSTEMPATH\Common.php(1190): CodeIgniter\View\View->render('Admin/guest', [], true)
 5 APPPATH\Controllers\AdminController.php(26): view('Admin/guest')
 6 SYSTEMPATH\CodeIgniter.php(942): App\Controllers\AdminController->guest()
 7 SYSTEMPATH\CodeIgniter.php(502): CodeIgniter\CodeIgniter->runController(Object(App\Controllers\AdminController))
 8 SYSTEMPATH\CodeIgniter.php(361): CodeIgniter\CodeIgniter->handleRequest(null, Object(Config\Cache), false)
 9 FCPATH\index.php(79): CodeIgniter\CodeIgniter->run()
CRITICAL - 2023-12-04 10:40:26 --> Undefined variable $users
in APPPATH\Views\Admin\guest.php on line 100.
 1 APPPATH\Views\Admin\guest.php(100): CodeIgniter\Debug\Exceptions->errorHandler(2, 'Undefined variable $users', 'C:\\laragon\\www\\MahaltaCalapanCity\\app\\Views\\Admin\\guest.php', 100)
 2 SYSTEMPATH\View\View.php(228): include('C:\\laragon\\www\\MahaltaCalapanCity\\app\\Views\\Admin\\guest.php')
 3 SYSTEMPATH\View\View.php(231): CodeIgniter\View\View->CodeIgniter\View\{closure}()
 4 SYSTEMPATH\Common.php(1190): CodeIgniter\View\View->render('Admin/guest', [], true)
 5 APPPATH\Controllers\AdminController.php(26): view('Admin/guest')
 6 SYSTEMPATH\CodeIgniter.php(942): App\Controllers\AdminController->guest()
 7 SYSTEMPATH\CodeIgniter.php(502): CodeIgniter\CodeIgniter->runController(Object(App\Controllers\AdminController))
 8 SYSTEMPATH\CodeIgniter.php(361): CodeIgniter\CodeIgniter->handleRequest(null, Object(Config\Cache), false)
 9 FCPATH\index.php(79): CodeIgniter\CodeIgniter->run()
CRITICAL - 2023-12-04 10:45:17 --> Undefined variable $users
in APPPATH\Views\Admin\guest.php on line 100.
 1 APPPATH\Views\Admin\guest.php(100): CodeIgniter\Debug\Exceptions->errorHandler(2, 'Undefined variable $users', 'C:\\laragon\\www\\MahaltaCalapanCity\\app\\Views\\Admin\\guest.php', 100)
 2 SYSTEMPATH\View\View.php(228): include('C:\\laragon\\www\\MahaltaCalapanCity\\app\\Views\\Admin\\guest.php')
 3 SYSTEMPATH\View\View.php(231): CodeIgniter\View\View->CodeIgniter\View\{closure}()
 4 SYSTEMPATH\Common.php(1190): CodeIgniter\View\View->render('Admin/guest', [], true)
 5 APPPATH\Controllers\AdminController.php(26): view('Admin/guest')
 6 SYSTEMPATH\CodeIgniter.php(942): App\Controllers\AdminController->guest()
 7 SYSTEMPATH\CodeIgniter.php(502): CodeIgniter\CodeIgniter->runController(Object(App\Controllers\AdminController))
 8 SYSTEMPATH\CodeIgniter.php(361): CodeIgniter\CodeIgniter->handleRequest(null, Object(Config\Cache), false)
 9 FCPATH\index.php(79): CodeIgniter\CodeIgniter->run()
ERROR - 2023-12-04 10:45:27 --> mysqli_sql_exception: Unknown column 'room_reservation.fullname' in 'field list' in C:\laragon\www\MahaltaCalapanCity\system\Database\MySQLi\Connection.php:306
Stack trace:
#0 C:\laragon\www\MahaltaCalapanCity\system\Database\MySQLi\Connection.php(306): mysqli->query('SELECT `room_re...', 0)
#1 C:\laragon\www\MahaltaCalapanCity\system\Database\BaseConnection.php(693): CodeIgniter\Database\MySQLi\Connection->execute('SELECT `room_re...')
#2 C:\laragon\www\MahaltaCalapanCity\system\Database\BaseConnection.php(607): CodeIgniter\Database\BaseConnection->simpleQuery('SELECT `room_re...')
#3 C:\laragon\www\MahaltaCalapanCity\system\Database\BaseBuilder.php(1615): CodeIgniter\Database\BaseConnection->query('SELECT `room_re...', Array, false)
#4 C:\laragon\www\MahaltaCalapanCity\system\Model.php(237): CodeIgniter\Database\BaseBuilder->get()
#5 C:\laragon\www\MahaltaCalapanCity\system\BaseModel.php(624): CodeIgniter\Model->doFindAll(0, 0)
#6 C:\laragon\www\MahaltaCalapanCity\app\Controllers\AdminController.php(42): CodeIgniter\BaseModel->findAll()
#7 C:\laragon\www\MahaltaCalapanCity\system\CodeIgniter.php(942): App\Controllers\AdminController->booking()
#8 C:\laragon\www\MahaltaCalapanCity\system\CodeIgniter.php(502): CodeIgniter\CodeIgniter->runController(Object(App\Controllers\AdminController))
#9 C:\laragon\www\MahaltaCalapanCity\system\CodeIgniter.php(361): CodeIgniter\CodeIgniter->handleRequest(NULL, Object(Config\Cache), false)
#10 C:\laragon\www\MahaltaCalapanCity\public\index.php(79): CodeIgniter\CodeIgniter->run()
#11 {main}
CRITICAL - 2023-12-04 10:45:27 --> Unknown column 'room_reservation.fullname' in 'field list'
in SYSTEMPATH\Database\BaseConnection.php on line 647.
 1 SYSTEMPATH\Database\BaseBuilder.php(1615): CodeIgniter\Database\BaseConnection->query('SELECT `room_reservation`.`reservation_id`, `room_reservation`.`check_in`, `room_reservation`.`check_out`, `room_reservation`.`status`, `room_reservation`.`fullname`, `room_reservation`.`contact`, `room_reservation`.`MahaltaId`, `users`.`FullName`, `room_reservation`.`room_id`, `room`.`room_type`
FROM `room_reservation`
JOIN `users` ON `room_reservation`.`MahaltaId` = `users`.`MahaltaId`
JOIN `room` ON `room_reservation`.`room_id` = `room`.`room_id`', [], false)
 2 SYSTEMPATH\Model.php(237): CodeIgniter\Database\BaseBuilder->get()
 3 SYSTEMPATH\BaseModel.php(624): CodeIgniter\Model->doFindAll(0, 0)
 4 APPPATH\Controllers\AdminController.php(42): CodeIgniter\BaseModel->findAll()
 5 SYSTEMPATH\CodeIgniter.php(942): App\Controllers\AdminController->booking()
 6 SYSTEMPATH\CodeIgniter.php(502): CodeIgniter\CodeIgniter->runController(Object(App\Controllers\AdminController))
 7 SYSTEMPATH\CodeIgniter.php(361): CodeIgniter\CodeIgniter->handleRequest(null, Object(Config\Cache), false)
 8 FCPATH\index.php(79): CodeIgniter\CodeIgniter->run()
CRITICAL - 2023-12-04 10:45:44 --> Undefined array key "fullname"
in APPPATH\Views\Admin\roombooking.php on line 108.
 1 APPPATH\Views\Admin\roombooking.php(108): CodeIgniter\Debug\Exceptions->errorHandler(2, 'Undefined array key "fullname"', 'C:\\laragon\\www\\MahaltaCalapanCity\\app\\Views\\Admin\\roombooking.php', 108)
 2 SYSTEMPATH\View\View.php(228): include('C:\\laragon\\www\\MahaltaCalapanCity\\app\\Views\\Admin\\roombooking.php')
 3 SYSTEMPATH\View\View.php(231): CodeIgniter\View\View->CodeIgniter\View\{closure}()
 4 SYSTEMPATH\Common.php(1190): CodeIgniter\View\View->render('Admin/roombooking', [], true)
 5 APPPATH\Controllers\AdminController.php(45): view('Admin/roombooking', [...])
 6 SYSTEMPATH\CodeIgniter.php(942): App\Controllers\AdminController->booking()
 7 SYSTEMPATH\CodeIgniter.php(502): CodeIgniter\CodeIgniter->runController(Object(App\Controllers\AdminController))
 8 SYSTEMPATH\CodeIgniter.php(361): CodeIgniter\CodeIgniter->handleRequest(null, Object(Config\Cache), false)
 9 FCPATH\index.php(79): CodeIgniter\CodeIgniter->run()
ERROR - 2023-12-04 10:51:34 --> mysqli_sql_exception: Cannot add or update a child row: a foreign key constraint fails (`capstone`.`room_reservation`, CONSTRAINT `room_reservation_ibfk_1` FOREIGN KEY (`MahaltaId`) REFERENCES `users` (`MahaltaId`)) in C:\laragon\www\MahaltaCalapanCity\system\Database\MySQLi\Connection.php:306
Stack trace:
#0 C:\laragon\www\MahaltaCalapanCity\system\Database\MySQLi\Connection.php(306): mysqli->query('INSERT INTO `ro...', 0)
#1 C:\laragon\www\MahaltaCalapanCity\system\Database\BaseConnection.php(693): CodeIgniter\Database\MySQLi\Connection->execute('INSERT INTO `ro...')
#2 C:\laragon\www\MahaltaCalapanCity\system\Database\BaseConnection.php(607): CodeIgniter\Database\BaseConnection->simpleQuery('INSERT INTO `ro...')
#3 C:\laragon\www\MahaltaCalapanCity\system\Database\BaseBuilder.php(2308): CodeIgniter\Database\BaseConnection->query('INSERT INTO `ro...', Array, false)
#4 C:\laragon\www\MahaltaCalapanCity\system\Model.php(319): CodeIgniter\Database\BaseBuilder->insert()
#5 C:\laragon\www\MahaltaCalapanCity\system\BaseModel.php(788): CodeIgniter\Model->doInsert(Array)
#6 C:\laragon\www\MahaltaCalapanCity\system\Model.php(715): CodeIgniter\BaseModel->insert(Array, true)
#7 C:\laragon\www\MahaltaCalapanCity\app\Controllers\GuestController.php(81): CodeIgniter\Model->insert(Array)
#8 C:\laragon\www\MahaltaCalapanCity\system\CodeIgniter.php(942): App\Controllers\GuestController->insertBooking()
#9 C:\laragon\www\MahaltaCalapanCity\system\CodeIgniter.php(502): CodeIgniter\CodeIgniter->runController(Object(App\Controllers\GuestController))
#10 C:\laragon\www\MahaltaCalapanCity\system\CodeIgniter.php(361): CodeIgniter\CodeIgniter->handleRequest(NULL, Object(Config\Cache), false)
#11 C:\laragon\www\MahaltaCalapanCity\public\index.php(79): CodeIgniter\CodeIgniter->run()
#12 {main}
CRITICAL - 2023-12-04 10:51:34 --> Cannot add or update a child row: a foreign key constraint fails (`capstone`.`room_reservation`, CONSTRAINT `room_reservation_ibfk_1` FOREIGN KEY (`MahaltaId`) REFERENCES `users` (`MahaltaId`))
in SYSTEMPATH\Database\BaseConnection.php on line 647.
 1 SYSTEMPATH\Database\BaseBuilder.php(2308): CodeIgniter\Database\BaseConnection->query('INSERT INTO `room_reservation` (`check_in`, `check_out`, `status`, `contact`, `room_id`) VALUES (:check_in:, :check_out:, :status:, :contact:, :room_id:)', [...], false)
 2 SYSTEMPATH\Model.php(319): CodeIgniter\Database\BaseBuilder->insert()
 3 SYSTEMPATH\BaseModel.php(788): CodeIgniter\Model->doInsert([...])
 4 SYSTEMPATH\Model.php(715): CodeIgniter\BaseModel->insert([...], true)
 5 APPPATH\Controllers\GuestController.php(81): CodeIgniter\Model->insert([...])
 6 SYSTEMPATH\CodeIgniter.php(942): App\Controllers\GuestController->insertBooking()
 7 SYSTEMPATH\CodeIgniter.php(502): CodeIgniter\CodeIgniter->runController(Object(App\Controllers\GuestController))
 8 SYSTEMPATH\CodeIgniter.php(361): CodeIgniter\CodeIgniter->handleRequest(null, Object(Config\Cache), false)
 9 FCPATH\index.php(79): CodeIgniter\CodeIgniter->run()
ERROR - 2023-12-04 10:53:30 --> mysqli_sql_exception: Cannot add or update a child row: a foreign key constraint fails (`capstone`.`room_reservation`, CONSTRAINT `room_reservation_ibfk_1` FOREIGN KEY (`MahaltaId`) REFERENCES `users` (`MahaltaId`)) in C:\laragon\www\MahaltaCalapanCity\system\Database\MySQLi\Connection.php:306
Stack trace:
#0 C:\laragon\www\MahaltaCalapanCity\system\Database\MySQLi\Connection.php(306): mysqli->query('INSERT INTO `ro...', 0)
#1 C:\laragon\www\MahaltaCalapanCity\system\Database\BaseConnection.php(693): CodeIgniter\Database\MySQLi\Connection->execute('INSERT INTO `ro...')
#2 C:\laragon\www\MahaltaCalapanCity\system\Database\BaseConnection.php(607): CodeIgniter\Database\BaseConnection->simpleQuery('INSERT INTO `ro...')
#3 C:\laragon\www\MahaltaCalapanCity\system\Database\BaseBuilder.php(2308): CodeIgniter\Database\BaseConnection->query('INSERT INTO `ro...', Array, false)
#4 C:\laragon\www\MahaltaCalapanCity\system\Model.php(319): CodeIgniter\Database\BaseBuilder->insert()
#5 C:\laragon\www\MahaltaCalapanCity\system\BaseModel.php(788): CodeIgniter\Model->doInsert(Array)
#6 C:\laragon\www\MahaltaCalapanCity\system\Model.php(715): CodeIgniter\BaseModel->insert(Array, true)
#7 C:\laragon\www\MahaltaCalapanCity\app\Controllers\GuestController.php(85): CodeIgniter\Model->insert(Array)
#8 C:\laragon\www\MahaltaCalapanCity\system\CodeIgniter.php(942): App\Controllers\GuestController->insertBooking()
#9 C:\laragon\www\MahaltaCalapanCity\system\CodeIgniter.php(502): CodeIgniter\CodeIgniter->runController(Object(App\Controllers\GuestController))
#10 C:\laragon\www\MahaltaCalapanCity\system\CodeIgniter.php(361): CodeIgniter\CodeIgniter->handleRequest(NULL, Object(Config\Cache), false)
#11 C:\laragon\www\MahaltaCalapanCity\public\index.php(79): CodeIgniter\CodeIgniter->run()
#12 {main}
CRITICAL - 2023-12-04 10:53:30 --> Cannot add or update a child row: a foreign key constraint fails (`capstone`.`room_reservation`, CONSTRAINT `room_reservation_ibfk_1` FOREIGN KEY (`MahaltaId`) REFERENCES `users` (`MahaltaId`))
in SYSTEMPATH\Database\BaseConnection.php on line 647.
 1 SYSTEMPATH\Database\BaseBuilder.php(2308): CodeIgniter\Database\BaseConnection->query('INSERT INTO `room_reservation` (`check_in`, `check_out`, `status`, `contact`, `room_id`) VALUES (:check_in:, :check_out:, :status:, :contact:, :room_id:)', [...], false)
 2 SYSTEMPATH\Model.php(319): CodeIgniter\Database\BaseBuilder->insert()
 3 SYSTEMPATH\BaseModel.php(788): CodeIgniter\Model->doInsert([...])
 4 SYSTEMPATH\Model.php(715): CodeIgniter\BaseModel->insert([...], true)
 5 APPPATH\Controllers\GuestController.php(85): CodeIgniter\Model->insert([...])
 6 SYSTEMPATH\CodeIgniter.php(942): App\Controllers\GuestController->insertBooking()
 7 SYSTEMPATH\CodeIgniter.php(502): CodeIgniter\CodeIgniter->runController(Object(App\Controllers\GuestController))
 8 SYSTEMPATH\CodeIgniter.php(361): CodeIgniter\CodeIgniter->handleRequest(null, Object(Config\Cache), false)
 9 FCPATH\index.php(79): CodeIgniter\CodeIgniter->run()
ERROR - 2023-12-04 10:53:41 --> mysqli_sql_exception: Cannot add or update a child row: a foreign key constraint fails (`capstone`.`room_reservation`, CONSTRAINT `room_reservation_ibfk_1` FOREIGN KEY (`MahaltaId`) REFERENCES `users` (`MahaltaId`)) in C:\laragon\www\MahaltaCalapanCity\system\Database\MySQLi\Connection.php:306
Stack trace:
#0 C:\laragon\www\MahaltaCalapanCity\system\Database\MySQLi\Connection.php(306): mysqli->query('INSERT INTO `ro...', 0)
#1 C:\laragon\www\MahaltaCalapanCity\system\Database\BaseConnection.php(693): CodeIgniter\Database\MySQLi\Connection->execute('INSERT INTO `ro...')
#2 C:\laragon\www\MahaltaCalapanCity\system\Database\BaseConnection.php(607): CodeIgniter\Database\BaseConnection->simpleQuery('INSERT INTO `ro...')
#3 C:\laragon\www\MahaltaCalapanCity\system\Database\BaseBuilder.php(2308): CodeIgniter\Database\BaseConnection->query('INSERT INTO `ro...', Array, false)
#4 C:\laragon\www\MahaltaCalapanCity\system\Model.php(319): CodeIgniter\Database\BaseBuilder->insert()
#5 C:\laragon\www\MahaltaCalapanCity\system\BaseModel.php(788): CodeIgniter\Model->doInsert(Array)
#6 C:\laragon\www\MahaltaCalapanCity\system\Model.php(715): CodeIgniter\BaseModel->insert(Array, true)
#7 C:\laragon\www\MahaltaCalapanCity\app\Controllers\GuestController.php(85): CodeIgniter\Model->insert(Array)
#8 C:\laragon\www\MahaltaCalapanCity\system\CodeIgniter.php(942): App\Controllers\GuestController->insertBooking()
#9 C:\laragon\www\MahaltaCalapanCity\system\CodeIgniter.php(502): CodeIgniter\CodeIgniter->runController(Object(App\Controllers\GuestController))
#10 C:\laragon\www\MahaltaCalapanCity\system\CodeIgniter.php(361): CodeIgniter\CodeIgniter->handleRequest(NULL, Object(Config\Cache), false)
#11 C:\laragon\www\MahaltaCalapanCity\public\index.php(79): CodeIgniter\CodeIgniter->run()
#12 {main}
CRITICAL - 2023-12-04 10:53:41 --> Cannot add or update a child row: a foreign key constraint fails (`capstone`.`room_reservation`, CONSTRAINT `room_reservation_ibfk_1` FOREIGN KEY (`MahaltaId`) REFERENCES `users` (`MahaltaId`))
in SYSTEMPATH\Database\BaseConnection.php on line 647.
 1 SYSTEMPATH\Database\BaseBuilder.php(2308): CodeIgniter\Database\BaseConnection->query('INSERT INTO `room_reservation` (`check_in`, `check_out`, `status`, `contact`, `room_id`) VALUES (:check_in:, :check_out:, :status:, :contact:, :room_id:)', [...], false)
 2 SYSTEMPATH\Model.php(319): CodeIgniter\Database\BaseBuilder->insert()
 3 SYSTEMPATH\BaseModel.php(788): CodeIgniter\Model->doInsert([...])
 4 SYSTEMPATH\Model.php(715): CodeIgniter\BaseModel->insert([...], true)
 5 APPPATH\Controllers\GuestController.php(85): CodeIgniter\Model->insert([...])
 6 SYSTEMPATH\CodeIgniter.php(942): App\Controllers\GuestController->insertBooking()
 7 SYSTEMPATH\CodeIgniter.php(502): CodeIgniter\CodeIgniter->runController(Object(App\Controllers\GuestController))
 8 SYSTEMPATH\CodeIgniter.php(361): CodeIgniter\CodeIgniter->handleRequest(null, Object(Config\Cache), false)
 9 FCPATH\index.php(79): CodeIgniter\CodeIgniter->run()
CRITICAL - 2023-12-04 11:15:14 --> Undefined variable $inputFullName
in APPPATH\Views\Hotel\include\banner.php on line 53.
 1 APPPATH\Views\Hotel\include\banner.php(53): CodeIgniter\Debug\Exceptions->errorHandler(2, 'Undefined variable $inputFullName', 'C:\\laragon\\www\\MahaltaCalapanCity\\app\\Views\\Hotel\\include\\banner.php', 53)
 2 APPPATH\Views\Hotel\room.php(62): include('C:\\laragon\\www\\MahaltaCalapanCity\\app\\Views\\Hotel\\include\\banner.php')
 3 SYSTEMPATH\View\View.php(228): include('C:\\laragon\\www\\MahaltaCalapanCity\\app\\Views\\Hotel\\room.php')
 4 SYSTEMPATH\View\View.php(231): CodeIgniter\View\View->CodeIgniter\View\{closure}()
 5 SYSTEMPATH\Common.php(1190): CodeIgniter\View\View->render('Hotel\\room', [], true)
 6 APPPATH\Controllers\GuestController.php(47): view('Hotel\\room', [...])
 7 SYSTEMPATH\CodeIgniter.php(942): App\Controllers\GuestController->room()
 8 SYSTEMPATH\CodeIgniter.php(502): CodeIgniter\CodeIgniter->runController(Object(App\Controllers\GuestController))
 9 SYSTEMPATH\CodeIgniter.php(361): CodeIgniter\CodeIgniter->handleRequest(null, Object(Config\Cache), false)
10 FCPATH\index.php(79): CodeIgniter\CodeIgniter->run()
