CRITICAL - 2024-01-28 02:37:11 --> Too few arguments to function App\Controllers\GuestController::getData(), 0 passed in C:\laragon\www\projectmahalta\system\CodeIgniter.php on line 942 and exactly 3 expected
in APPPATH\Controllers\GuestController.php on line 69.
 1 SYSTEMPATH\CodeIgniter.php(942): App\Controllers\GuestController->getData()
 2 SYSTEMPATH\CodeIgniter.php(502): CodeIgniter\CodeIgniter->runController(Object(App\Controllers\GuestController))
 3 SYSTEMPATH\CodeIgniter.php(361): CodeIgniter\CodeIgniter->handleRequest(null, Object(Config\Cache), false)
 4 FCPATH\index.php(79): CodeIgniter\CodeIgniter->run()
 5 SYSTEMPATH\Commands\Server\rewrite.php(47): require_once('C:\\laragon\\www\\projectmahalta\\public\\index.php')
CRITICAL - 2024-01-28 03:00:01 --> Call to undefined function write_file()
in APPPATH\Views\Hotell\bookroom.php on line 51.
 1 SYSTEMPATH\View\View.php(228): include()
 2 SYSTEMPATH\View\View.php(231): CodeIgniter\View\View->CodeIgniter\View\{closure}()
 3 SYSTEMPATH\Common.php(1190): CodeIgniter\View\View->render('Hotell\\bookroom', [], true)
 4 APPPATH\Controllers\GuestController.php(139): view('Hotell\\bookroom', [...])
 5 SYSTEMPATH\CodeIgniter.php(942): App\Controllers\GuestController->bookroom()
 6 SYSTEMPATH\CodeIgniter.php(502): CodeIgniter\CodeIgniter->runController(Object(App\Controllers\GuestController))
 7 SYSTEMPATH\CodeIgniter.php(361): CodeIgniter\CodeIgniter->handleRequest(null, Object(Config\Cache), false)
 8 FCPATH\index.php(79): CodeIgniter\CodeIgniter->run()
 9 SYSTEMPATH\Commands\Server\rewrite.php(47): require_once('C:\\laragon\\www\\projectmahalta\\public\\index.php')
CRITICAL - 2024-01-28 03:35:00 --> Call to undefined function write_file()
in APPPATH\Views\Hotell\bookroom.php on line 51.
 1 SYSTEMPATH\View\View.php(228): include()
 2 SYSTEMPATH\View\View.php(231): CodeIgniter\View\View->CodeIgniter\View\{closure}()
 3 SYSTEMPATH\Common.php(1190): CodeIgniter\View\View->render('Hotell\\bookroom', [], true)
 4 APPPATH\Controllers\GuestController.php(134): view('Hotell\\bookroom', [...])
 5 SYSTEMPATH\CodeIgniter.php(942): App\Controllers\GuestController->bookroom()
 6 SYSTEMPATH\CodeIgniter.php(502): CodeIgniter\CodeIgniter->runController(Object(App\Controllers\GuestController))
 7 SYSTEMPATH\CodeIgniter.php(361): CodeIgniter\CodeIgniter->handleRequest(null, Object(Config\Cache), false)
 8 FCPATH\index.php(79): CodeIgniter\CodeIgniter->run()
 9 SYSTEMPATH\Commands\Server\rewrite.php(47): require_once('C:\\laragon\\www\\projectmahalta\\public\\index.php')
CRITICAL - 2024-01-28 03:40:06 --> Undefined variable $CheckInDate
in APPPATH\Views\Hotell\room.php on line 53.
 1 APPPATH\Views\Hotell\room.php(53): CodeIgniter\Debug\Exceptions->errorHandler(2, 'Undefined variable $CheckInDate', 'C:\\laragon\\www\\projectmahalta\\app\\Views\\Hotell\\room.php', 53)
 2 SYSTEMPATH\View\View.php(228): include('C:\\laragon\\www\\projectmahalta\\app\\Views\\Hotell\\room.php')
 3 SYSTEMPATH\View\View.php(231): CodeIgniter\View\View->CodeIgniter\View\{closure}()
 4 SYSTEMPATH\Common.php(1190): CodeIgniter\View\View->render('Hotell\\room', [], true)
 5 APPPATH\Controllers\GuestController.php(67): view('Hotell\\room', [...])
 6 SYSTEMPATH\CodeIgniter.php(942): App\Controllers\GuestController->room()
 7 SYSTEMPATH\CodeIgniter.php(502): CodeIgniter\CodeIgniter->runController(Object(App\Controllers\GuestController))
 8 SYSTEMPATH\CodeIgniter.php(361): CodeIgniter\CodeIgniter->handleRequest(null, Object(Config\Cache), false)
 9 FCPATH\index.php(79): CodeIgniter\CodeIgniter->run()
10 SYSTEMPATH\Commands\Server\rewrite.php(47): require_once('C:\\laragon\\www\\projectmahalta\\public\\index.php')
CRITICAL - 2024-01-28 03:56:18 --> Undefined variable $CheckInDate
in APPPATH\Views\Hotell\room.php on line 53.
 1 APPPATH\Views\Hotell\room.php(53): CodeIgniter\Debug\Exceptions->errorHandler(2, 'Undefined variable $CheckInDate', 'C:\\laragon\\www\\projectmahalta\\app\\Views\\Hotell\\room.php', 53)
 2 SYSTEMPATH\View\View.php(228): include('C:\\laragon\\www\\projectmahalta\\app\\Views\\Hotell\\room.php')
 3 SYSTEMPATH\View\View.php(231): CodeIgniter\View\View->CodeIgniter\View\{closure}()
 4 SYSTEMPATH\Common.php(1190): CodeIgniter\View\View->render('Hotell\\room', [], true)
 5 APPPATH\Controllers\GuestController.php(67): view('Hotell\\room', [...])
 6 SYSTEMPATH\CodeIgniter.php(942): App\Controllers\GuestController->room()
 7 SYSTEMPATH\CodeIgniter.php(502): CodeIgniter\CodeIgniter->runController(Object(App\Controllers\GuestController))
 8 SYSTEMPATH\CodeIgniter.php(361): CodeIgniter\CodeIgniter->handleRequest(null, Object(Config\Cache), false)
 9 FCPATH\index.php(79): CodeIgniter\CodeIgniter->run()
10 SYSTEMPATH\Commands\Server\rewrite.php(47): require_once('C:\\laragon\\www\\projectmahalta\\public\\index.php')
CRITICAL - 2024-01-28 06:32:06 --> Undefined variable $rooms
in APPPATH\Views\Hotell\bookroom.php on line 97.
 1 APPPATH\Views\Hotell\bookroom.php(97): CodeIgniter\Debug\Exceptions->errorHandler(2, 'Undefined variable $rooms', 'C:\\laragon\\www\\projectmahalta\\app\\Views\\Hotell\\bookroom.php', 97)
 2 SYSTEMPATH\View\View.php(228): include('C:\\laragon\\www\\projectmahalta\\app\\Views\\Hotell\\bookroom.php')
 3 SYSTEMPATH\View\View.php(231): CodeIgniter\View\View->CodeIgniter\View\{closure}()
 4 SYSTEMPATH\Common.php(1190): CodeIgniter\View\View->render('Hotell\\bookroom', [], true)
 5 APPPATH\Controllers\GuestController.php(171): view('Hotell\\bookroom', [...])
 6 SYSTEMPATH\CodeIgniter.php(942): App\Controllers\GuestController->bookroom()
 7 SYSTEMPATH\CodeIgniter.php(502): CodeIgniter\CodeIgniter->runController(Object(App\Controllers\GuestController))
 8 SYSTEMPATH\CodeIgniter.php(361): CodeIgniter\CodeIgniter->handleRequest(null, Object(Config\Cache), false)
 9 FCPATH\index.php(79): CodeIgniter\CodeIgniter->run()
10 SYSTEMPATH\Commands\Server\rewrite.php(47): require_once('C:\\laragon\\www\\projectmahalta\\public\\index.php')
CRITICAL - 2024-01-28 06:32:12 --> Undefined array key "AvailabilityStatus"
in APPPATH\Views\Hotell\bookroom.php on line 98.
 1 APPPATH\Views\Hotell\bookroom.php(98): CodeIgniter\Debug\Exceptions->errorHandler(2, 'Undefined array key "AvailabilityStatus"', 'C:\\laragon\\www\\projectmahalta\\app\\Views\\Hotell\\bookroom.php', 98)
 2 SYSTEMPATH\View\View.php(228): include('C:\\laragon\\www\\projectmahalta\\app\\Views\\Hotell\\bookroom.php')
 3 SYSTEMPATH\View\View.php(231): CodeIgniter\View\View->CodeIgniter\View\{closure}()
 4 SYSTEMPATH\Common.php(1190): CodeIgniter\View\View->render('Hotell\\bookroom', [], true)
 5 APPPATH\Controllers\GuestController.php(171): view('Hotell\\bookroom', [...])
 6 SYSTEMPATH\CodeIgniter.php(942): App\Controllers\GuestController->bookroom()
 7 SYSTEMPATH\CodeIgniter.php(502): CodeIgniter\CodeIgniter->runController(Object(App\Controllers\GuestController))
 8 SYSTEMPATH\CodeIgniter.php(361): CodeIgniter\CodeIgniter->handleRequest(null, Object(Config\Cache), false)
 9 FCPATH\index.php(79): CodeIgniter\CodeIgniter->run()
10 SYSTEMPATH\Commands\Server\rewrite.php(47): require_once('C:\\laragon\\www\\projectmahalta\\public\\index.php')
ERROR - 2024-01-28 06:33:55 --> mysqli_sql_exception: Unknown column 'reservations.ReservationID' in 'field list' in C:\laragon\www\projectmahalta\system\Database\MySQLi\Connection.php:306
Stack trace:
#0 C:\laragon\www\projectmahalta\system\Database\MySQLi\Connection.php(306): mysqli->query('SELECT `reserva...', 0)
#1 C:\laragon\www\projectmahalta\system\Database\BaseConnection.php(693): CodeIgniter\Database\MySQLi\Connection->execute('SELECT `reserva...')
#2 C:\laragon\www\projectmahalta\system\Database\BaseConnection.php(607): CodeIgniter\Database\BaseConnection->simpleQuery('SELECT `reserva...')
#3 C:\laragon\www\projectmahalta\system\Database\BaseBuilder.php(1615): CodeIgniter\Database\BaseConnection->query('SELECT `reserva...', Array, false)
#4 C:\laragon\www\projectmahalta\system\Model.php(237): CodeIgniter\Database\BaseBuilder->get()
#5 C:\laragon\www\projectmahalta\system\BaseModel.php(624): CodeIgniter\Model->doFindAll(0, 0)
#6 C:\laragon\www\projectmahalta\app\Controllers\GuestController.php(165): CodeIgniter\BaseModel->findAll()
#7 C:\laragon\www\projectmahalta\system\CodeIgniter.php(942): App\Controllers\GuestController->bookroom()
#8 C:\laragon\www\projectmahalta\system\CodeIgniter.php(502): CodeIgniter\CodeIgniter->runController(Object(App\Controllers\GuestController))
#9 C:\laragon\www\projectmahalta\system\CodeIgniter.php(361): CodeIgniter\CodeIgniter->handleRequest(NULL, Object(Config\Cache), false)
#10 C:\laragon\www\projectmahalta\public\index.php(79): CodeIgniter\CodeIgniter->run()
#11 C:\laragon\www\projectmahalta\system\Commands\Server\rewrite.php(47): require_once('C:\\laragon\\www\\...')
#12 {main}
CRITICAL - 2024-01-28 06:33:55 --> Unknown column 'reservations.ReservationID' in 'field list'
in SYSTEMPATH\Database\BaseConnection.php on line 647.
 1 SYSTEMPATH\Database\BaseBuilder.php(1615): CodeIgniter\Database\BaseConnection->query('SELECT `reservations`.`ReservationID`, `rooms`.`RoomID`, `rooms`.`RoomNumber`, `rooms`.`RoomType`, `rooms`.`Description`, `rooms`.`PricePerNight`, `rooms`.`AvailabilityStatus`, `rooms`.`Image`, `reservations`.`CheckInDate`, `reservations`.`CheckOutDate`, `reservations`.`NumberOfGuests`, `reservations`.`ReferenceNumber`, `reservations`.`TotalAmount`, `reservations`.`Status`, `users`.`UserID`, `users`.`FirstName`, `users`.`LastName`, `users`.`ContactNumber`, `users`.`Address`, `reservations`.`UserID`
FROM `rooms`', [], false)
 2 SYSTEMPATH\Model.php(237): CodeIgniter\Database\BaseBuilder->get()
 3 SYSTEMPATH\BaseModel.php(624): CodeIgniter\Model->doFindAll(0, 0)
 4 APPPATH\Controllers\GuestController.php(165): CodeIgniter\BaseModel->findAll()
 5 SYSTEMPATH\CodeIgniter.php(942): App\Controllers\GuestController->bookroom()
 6 SYSTEMPATH\CodeIgniter.php(502): CodeIgniter\CodeIgniter->runController(Object(App\Controllers\GuestController))
 7 SYSTEMPATH\CodeIgniter.php(361): CodeIgniter\CodeIgniter->handleRequest(null, Object(Config\Cache), false)
 8 FCPATH\index.php(79): CodeIgniter\CodeIgniter->run()
 9 SYSTEMPATH\Commands\Server\rewrite.php(47): require_once('C:\\laragon\\www\\projectmahalta\\public\\index.php')
CRITICAL - 2024-01-28 07:06:38 --> Array to string conversion
in APPPATH\Views\Hotell\bookroom.php on line 155.
 1 APPPATH\Views\Hotell\bookroom.php(155): CodeIgniter\Debug\Exceptions->errorHandler(2, 'Array to string conversion', 'C:\\laragon\\www\\projectmahalta\\app\\Views\\Hotell\\bookroom.php', 155)
 2 SYSTEMPATH\View\View.php(228): include('C:\\laragon\\www\\projectmahalta\\app\\Views\\Hotell\\bookroom.php')
 3 SYSTEMPATH\View\View.php(231): CodeIgniter\View\View->CodeIgniter\View\{closure}()
 4 SYSTEMPATH\Common.php(1190): CodeIgniter\View\View->render('Hotell\\bookroom', [], true)
 5 APPPATH\Controllers\GuestController.php(161): view('Hotell\\bookroom', [...])
 6 SYSTEMPATH\CodeIgniter.php(942): App\Controllers\GuestController->bookroom()
 7 SYSTEMPATH\CodeIgniter.php(502): CodeIgniter\CodeIgniter->runController(Object(App\Controllers\GuestController))
 8 SYSTEMPATH\CodeIgniter.php(361): CodeIgniter\CodeIgniter->handleRequest(null, Object(Config\Cache), false)
 9 FCPATH\index.php(79): CodeIgniter\CodeIgniter->run()
10 SYSTEMPATH\Commands\Server\rewrite.php(47): require_once('C:\\laragon\\www\\projectmahalta\\public\\index.php')
CRITICAL - 2024-01-28 07:06:45 --> Array to string conversion
in APPPATH\Views\Hotell\bookroom.php on line 155.
 1 APPPATH\Views\Hotell\bookroom.php(155): CodeIgniter\Debug\Exceptions->errorHandler(2, 'Array to string conversion', 'C:\\laragon\\www\\projectmahalta\\app\\Views\\Hotell\\bookroom.php', 155)
 2 SYSTEMPATH\View\View.php(228): include('C:\\laragon\\www\\projectmahalta\\app\\Views\\Hotell\\bookroom.php')
 3 SYSTEMPATH\View\View.php(231): CodeIgniter\View\View->CodeIgniter\View\{closure}()
 4 SYSTEMPATH\Common.php(1190): CodeIgniter\View\View->render('Hotell\\bookroom', [], true)
 5 APPPATH\Controllers\GuestController.php(161): view('Hotell\\bookroom', [...])
 6 SYSTEMPATH\CodeIgniter.php(942): App\Controllers\GuestController->bookroom()
 7 SYSTEMPATH\CodeIgniter.php(502): CodeIgniter\CodeIgniter->runController(Object(App\Controllers\GuestController))
 8 SYSTEMPATH\CodeIgniter.php(361): CodeIgniter\CodeIgniter->handleRequest(null, Object(Config\Cache), false)
 9 FCPATH\index.php(79): CodeIgniter\CodeIgniter->run()
10 SYSTEMPATH\Commands\Server\rewrite.php(47): require_once('C:\\laragon\\www\\projectmahalta\\public\\index.php')
CRITICAL - 2024-01-28 07:07:31 --> Array to string conversion
in APPPATH\Views\Hotell\bookroom.php on line 155.
 1 APPPATH\Views\Hotell\bookroom.php(155): CodeIgniter\Debug\Exceptions->errorHandler(2, 'Array to string conversion', 'C:\\laragon\\www\\projectmahalta\\app\\Views\\Hotell\\bookroom.php', 155)
 2 SYSTEMPATH\View\View.php(228): include('C:\\laragon\\www\\projectmahalta\\app\\Views\\Hotell\\bookroom.php')
 3 SYSTEMPATH\View\View.php(231): CodeIgniter\View\View->CodeIgniter\View\{closure}()
 4 SYSTEMPATH\Common.php(1190): CodeIgniter\View\View->render('Hotell\\bookroom', [], true)
 5 APPPATH\Controllers\GuestController.php(161): view('Hotell\\bookroom', [...])
 6 SYSTEMPATH\CodeIgniter.php(942): App\Controllers\GuestController->bookroom()
 7 SYSTEMPATH\CodeIgniter.php(502): CodeIgniter\CodeIgniter->runController(Object(App\Controllers\GuestController))
 8 SYSTEMPATH\CodeIgniter.php(361): CodeIgniter\CodeIgniter->handleRequest(null, Object(Config\Cache), false)
 9 FCPATH\index.php(79): CodeIgniter\CodeIgniter->run()
10 SYSTEMPATH\Commands\Server\rewrite.php(47): require_once('C:\\laragon\\www\\projectmahalta\\public\\index.php')
CRITICAL - 2024-01-28 07:07:49 --> Array to string conversion
in APPPATH\Views\Hotell\bookroom.php on line 155.
 1 APPPATH\Views\Hotell\bookroom.php(155): CodeIgniter\Debug\Exceptions->errorHandler(2, 'Array to string conversion', 'C:\\laragon\\www\\projectmahalta\\app\\Views\\Hotell\\bookroom.php', 155)
 2 SYSTEMPATH\View\View.php(228): include('C:\\laragon\\www\\projectmahalta\\app\\Views\\Hotell\\bookroom.php')
 3 SYSTEMPATH\View\View.php(231): CodeIgniter\View\View->CodeIgniter\View\{closure}()
 4 SYSTEMPATH\Common.php(1190): CodeIgniter\View\View->render('Hotell\\bookroom', [], true)
 5 APPPATH\Controllers\GuestController.php(167): view('Hotell\\bookroom', [...])
 6 SYSTEMPATH\CodeIgniter.php(942): App\Controllers\GuestController->bookroom()
 7 SYSTEMPATH\CodeIgniter.php(502): CodeIgniter\CodeIgniter->runController(Object(App\Controllers\GuestController))
 8 SYSTEMPATH\CodeIgniter.php(361): CodeIgniter\CodeIgniter->handleRequest(null, Object(Config\Cache), false)
 9 FCPATH\index.php(79): CodeIgniter\CodeIgniter->run()
10 SYSTEMPATH\Commands\Server\rewrite.php(47): require_once('C:\\laragon\\www\\projectmahalta\\public\\index.php')
CRITICAL - 2024-01-28 07:07:52 --> Array to string conversion
in APPPATH\Views\Hotell\bookroom.php on line 155.
 1 APPPATH\Views\Hotell\bookroom.php(155): CodeIgniter\Debug\Exceptions->errorHandler(2, 'Array to string conversion', 'C:\\laragon\\www\\projectmahalta\\app\\Views\\Hotell\\bookroom.php', 155)
 2 SYSTEMPATH\View\View.php(228): include('C:\\laragon\\www\\projectmahalta\\app\\Views\\Hotell\\bookroom.php')
 3 SYSTEMPATH\View\View.php(231): CodeIgniter\View\View->CodeIgniter\View\{closure}()
 4 SYSTEMPATH\Common.php(1190): CodeIgniter\View\View->render('Hotell\\bookroom', [], true)
 5 APPPATH\Controllers\GuestController.php(167): view('Hotell\\bookroom', [...])
 6 SYSTEMPATH\CodeIgniter.php(942): App\Controllers\GuestController->bookroom()
 7 SYSTEMPATH\CodeIgniter.php(502): CodeIgniter\CodeIgniter->runController(Object(App\Controllers\GuestController))
 8 SYSTEMPATH\CodeIgniter.php(361): CodeIgniter\CodeIgniter->handleRequest(null, Object(Config\Cache), false)
 9 FCPATH\index.php(79): CodeIgniter\CodeIgniter->run()
10 SYSTEMPATH\Commands\Server\rewrite.php(47): require_once('C:\\laragon\\www\\projectmahalta\\public\\index.php')
CRITICAL - 2024-01-28 07:07:55 --> Array to string conversion
in APPPATH\Views\Hotell\bookroom.php on line 155.
 1 APPPATH\Views\Hotell\bookroom.php(155): CodeIgniter\Debug\Exceptions->errorHandler(2, 'Array to string conversion', 'C:\\laragon\\www\\projectmahalta\\app\\Views\\Hotell\\bookroom.php', 155)
 2 SYSTEMPATH\View\View.php(228): include('C:\\laragon\\www\\projectmahalta\\app\\Views\\Hotell\\bookroom.php')
 3 SYSTEMPATH\View\View.php(231): CodeIgniter\View\View->CodeIgniter\View\{closure}()
 4 SYSTEMPATH\Common.php(1190): CodeIgniter\View\View->render('Hotell\\bookroom', [], true)
 5 APPPATH\Controllers\GuestController.php(167): view('Hotell\\bookroom', [...])
 6 SYSTEMPATH\CodeIgniter.php(942): App\Controllers\GuestController->bookroom()
 7 SYSTEMPATH\CodeIgniter.php(502): CodeIgniter\CodeIgniter->runController(Object(App\Controllers\GuestController))
 8 SYSTEMPATH\CodeIgniter.php(361): CodeIgniter\CodeIgniter->handleRequest(null, Object(Config\Cache), false)
 9 FCPATH\index.php(79): CodeIgniter\CodeIgniter->run()
10 SYSTEMPATH\Commands\Server\rewrite.php(47): require_once('C:\\laragon\\www\\projectmahalta\\public\\index.php')
CRITICAL - 2024-01-28 07:07:56 --> Array to string conversion
in APPPATH\Views\Hotell\bookroom.php on line 155.
 1 APPPATH\Views\Hotell\bookroom.php(155): CodeIgniter\Debug\Exceptions->errorHandler(2, 'Array to string conversion', 'C:\\laragon\\www\\projectmahalta\\app\\Views\\Hotell\\bookroom.php', 155)
 2 SYSTEMPATH\View\View.php(228): include('C:\\laragon\\www\\projectmahalta\\app\\Views\\Hotell\\bookroom.php')
 3 SYSTEMPATH\View\View.php(231): CodeIgniter\View\View->CodeIgniter\View\{closure}()
 4 SYSTEMPATH\Common.php(1190): CodeIgniter\View\View->render('Hotell\\bookroom', [], true)
 5 APPPATH\Controllers\GuestController.php(167): view('Hotell\\bookroom', [...])
 6 SYSTEMPATH\CodeIgniter.php(942): App\Controllers\GuestController->bookroom()
 7 SYSTEMPATH\CodeIgniter.php(502): CodeIgniter\CodeIgniter->runController(Object(App\Controllers\GuestController))
 8 SYSTEMPATH\CodeIgniter.php(361): CodeIgniter\CodeIgniter->handleRequest(null, Object(Config\Cache), false)
 9 FCPATH\index.php(79): CodeIgniter\CodeIgniter->run()
10 SYSTEMPATH\Commands\Server\rewrite.php(47): require_once('C:\\laragon\\www\\projectmahalta\\public\\index.php')
CRITICAL - 2024-01-28 07:07:57 --> Array to string conversion
in APPPATH\Views\Hotell\bookroom.php on line 155.
 1 APPPATH\Views\Hotell\bookroom.php(155): CodeIgniter\Debug\Exceptions->errorHandler(2, 'Array to string conversion', 'C:\\laragon\\www\\projectmahalta\\app\\Views\\Hotell\\bookroom.php', 155)
 2 SYSTEMPATH\View\View.php(228): include('C:\\laragon\\www\\projectmahalta\\app\\Views\\Hotell\\bookroom.php')
 3 SYSTEMPATH\View\View.php(231): CodeIgniter\View\View->CodeIgniter\View\{closure}()
 4 SYSTEMPATH\Common.php(1190): CodeIgniter\View\View->render('Hotell\\bookroom', [], true)
 5 APPPATH\Controllers\GuestController.php(167): view('Hotell\\bookroom', [...])
 6 SYSTEMPATH\CodeIgniter.php(942): App\Controllers\GuestController->bookroom()
 7 SYSTEMPATH\CodeIgniter.php(502): CodeIgniter\CodeIgniter->runController(Object(App\Controllers\GuestController))
 8 SYSTEMPATH\CodeIgniter.php(361): CodeIgniter\CodeIgniter->handleRequest(null, Object(Config\Cache), false)
 9 FCPATH\index.php(79): CodeIgniter\CodeIgniter->run()
10 SYSTEMPATH\Commands\Server\rewrite.php(47): require_once('C:\\laragon\\www\\projectmahalta\\public\\index.php')
CRITICAL - 2024-01-28 07:07:58 --> Array to string conversion
in APPPATH\Views\Hotell\bookroom.php on line 155.
 1 APPPATH\Views\Hotell\bookroom.php(155): CodeIgniter\Debug\Exceptions->errorHandler(2, 'Array to string conversion', 'C:\\laragon\\www\\projectmahalta\\app\\Views\\Hotell\\bookroom.php', 155)
 2 SYSTEMPATH\View\View.php(228): include('C:\\laragon\\www\\projectmahalta\\app\\Views\\Hotell\\bookroom.php')
 3 SYSTEMPATH\View\View.php(231): CodeIgniter\View\View->CodeIgniter\View\{closure}()
 4 SYSTEMPATH\Common.php(1190): CodeIgniter\View\View->render('Hotell\\bookroom', [], true)
 5 APPPATH\Controllers\GuestController.php(167): view('Hotell\\bookroom', [...])
 6 SYSTEMPATH\CodeIgniter.php(942): App\Controllers\GuestController->bookroom()
 7 SYSTEMPATH\CodeIgniter.php(502): CodeIgniter\CodeIgniter->runController(Object(App\Controllers\GuestController))
 8 SYSTEMPATH\CodeIgniter.php(361): CodeIgniter\CodeIgniter->handleRequest(null, Object(Config\Cache), false)
 9 FCPATH\index.php(79): CodeIgniter\CodeIgniter->run()
10 SYSTEMPATH\Commands\Server\rewrite.php(47): require_once('C:\\laragon\\www\\projectmahalta\\public\\index.php')
CRITICAL - 2024-01-28 07:07:58 --> Array to string conversion
in APPPATH\Views\Hotell\bookroom.php on line 155.
 1 APPPATH\Views\Hotell\bookroom.php(155): CodeIgniter\Debug\Exceptions->errorHandler(2, 'Array to string conversion', 'C:\\laragon\\www\\projectmahalta\\app\\Views\\Hotell\\bookroom.php', 155)
 2 SYSTEMPATH\View\View.php(228): include('C:\\laragon\\www\\projectmahalta\\app\\Views\\Hotell\\bookroom.php')
 3 SYSTEMPATH\View\View.php(231): CodeIgniter\View\View->CodeIgniter\View\{closure}()
 4 SYSTEMPATH\Common.php(1190): CodeIgniter\View\View->render('Hotell\\bookroom', [], true)
 5 APPPATH\Controllers\GuestController.php(167): view('Hotell\\bookroom', [...])
 6 SYSTEMPATH\CodeIgniter.php(942): App\Controllers\GuestController->bookroom()
 7 SYSTEMPATH\CodeIgniter.php(502): CodeIgniter\CodeIgniter->runController(Object(App\Controllers\GuestController))
 8 SYSTEMPATH\CodeIgniter.php(361): CodeIgniter\CodeIgniter->handleRequest(null, Object(Config\Cache), false)
 9 FCPATH\index.php(79): CodeIgniter\CodeIgniter->run()
10 SYSTEMPATH\Commands\Server\rewrite.php(47): require_once('C:\\laragon\\www\\projectmahalta\\public\\index.php')
CRITICAL - 2024-01-28 07:07:58 --> Array to string conversion
in APPPATH\Views\Hotell\bookroom.php on line 155.
 1 APPPATH\Views\Hotell\bookroom.php(155): CodeIgniter\Debug\Exceptions->errorHandler(2, 'Array to string conversion', 'C:\\laragon\\www\\projectmahalta\\app\\Views\\Hotell\\bookroom.php', 155)
 2 SYSTEMPATH\View\View.php(228): include('C:\\laragon\\www\\projectmahalta\\app\\Views\\Hotell\\bookroom.php')
 3 SYSTEMPATH\View\View.php(231): CodeIgniter\View\View->CodeIgniter\View\{closure}()
 4 SYSTEMPATH\Common.php(1190): CodeIgniter\View\View->render('Hotell\\bookroom', [], true)
 5 APPPATH\Controllers\GuestController.php(167): view('Hotell\\bookroom', [...])
 6 SYSTEMPATH\CodeIgniter.php(942): App\Controllers\GuestController->bookroom()
 7 SYSTEMPATH\CodeIgniter.php(502): CodeIgniter\CodeIgniter->runController(Object(App\Controllers\GuestController))
 8 SYSTEMPATH\CodeIgniter.php(361): CodeIgniter\CodeIgniter->handleRequest(null, Object(Config\Cache), false)
 9 FCPATH\index.php(79): CodeIgniter\CodeIgniter->run()
10 SYSTEMPATH\Commands\Server\rewrite.php(47): require_once('C:\\laragon\\www\\projectmahalta\\public\\index.php')
CRITICAL - 2024-01-28 07:08:01 --> Array to string conversion
in APPPATH\Views\Hotell\bookroom.php on line 155.
 1 APPPATH\Views\Hotell\bookroom.php(155): CodeIgniter\Debug\Exceptions->errorHandler(2, 'Array to string conversion', 'C:\\laragon\\www\\projectmahalta\\app\\Views\\Hotell\\bookroom.php', 155)
 2 SYSTEMPATH\View\View.php(228): include('C:\\laragon\\www\\projectmahalta\\app\\Views\\Hotell\\bookroom.php')
 3 SYSTEMPATH\View\View.php(231): CodeIgniter\View\View->CodeIgniter\View\{closure}()
 4 SYSTEMPATH\Common.php(1190): CodeIgniter\View\View->render('Hotell\\bookroom', [], true)
 5 APPPATH\Controllers\GuestController.php(167): view('Hotell\\bookroom', [...])
 6 SYSTEMPATH\CodeIgniter.php(942): App\Controllers\GuestController->bookroom()
 7 SYSTEMPATH\CodeIgniter.php(502): CodeIgniter\CodeIgniter->runController(Object(App\Controllers\GuestController))
 8 SYSTEMPATH\CodeIgniter.php(361): CodeIgniter\CodeIgniter->handleRequest(null, Object(Config\Cache), false)
 9 FCPATH\index.php(79): CodeIgniter\CodeIgniter->run()
10 SYSTEMPATH\Commands\Server\rewrite.php(47): require_once('C:\\laragon\\www\\projectmahalta\\public\\index.php')
CRITICAL - 2024-01-28 07:08:20 --> Array to string conversion
in APPPATH\Views\Hotell\bookroom.php on line 155.
 1 APPPATH\Views\Hotell\bookroom.php(155): CodeIgniter\Debug\Exceptions->errorHandler(2, 'Array to string conversion', 'C:\\laragon\\www\\projectmahalta\\app\\Views\\Hotell\\bookroom.php', 155)
 2 SYSTEMPATH\View\View.php(228): include('C:\\laragon\\www\\projectmahalta\\app\\Views\\Hotell\\bookroom.php')
 3 SYSTEMPATH\View\View.php(231): CodeIgniter\View\View->CodeIgniter\View\{closure}()
 4 SYSTEMPATH\Common.php(1190): CodeIgniter\View\View->render('Hotell\\bookroom', [], true)
 5 APPPATH\Controllers\GuestController.php(167): view('Hotell\\bookroom', [...])
 6 SYSTEMPATH\CodeIgniter.php(942): App\Controllers\GuestController->bookroom()
 7 SYSTEMPATH\CodeIgniter.php(502): CodeIgniter\CodeIgniter->runController(Object(App\Controllers\GuestController))
 8 SYSTEMPATH\CodeIgniter.php(361): CodeIgniter\CodeIgniter->handleRequest(null, Object(Config\Cache), false)
 9 FCPATH\index.php(79): CodeIgniter\CodeIgniter->run()
10 SYSTEMPATH\Commands\Server\rewrite.php(47): require_once('C:\\laragon\\www\\projectmahalta\\public\\index.php')
CRITICAL - 2024-01-28 07:08:50 --> Array to string conversion
in APPPATH\Views\Hotell\bookroom.php on line 155.
 1 APPPATH\Views\Hotell\bookroom.php(155): CodeIgniter\Debug\Exceptions->errorHandler(2, 'Array to string conversion', 'C:\\laragon\\www\\projectmahalta\\app\\Views\\Hotell\\bookroom.php', 155)
 2 SYSTEMPATH\View\View.php(228): include('C:\\laragon\\www\\projectmahalta\\app\\Views\\Hotell\\bookroom.php')
 3 SYSTEMPATH\View\View.php(231): CodeIgniter\View\View->CodeIgniter\View\{closure}()
 4 SYSTEMPATH\Common.php(1190): CodeIgniter\View\View->render('Hotell\\bookroom', [], true)
 5 APPPATH\Controllers\GuestController.php(173): view('Hotell\\bookroom', [...])
 6 SYSTEMPATH\CodeIgniter.php(942): App\Controllers\GuestController->bookroom()
 7 SYSTEMPATH\CodeIgniter.php(502): CodeIgniter\CodeIgniter->runController(Object(App\Controllers\GuestController))
 8 SYSTEMPATH\CodeIgniter.php(361): CodeIgniter\CodeIgniter->handleRequest(null, Object(Config\Cache), false)
 9 FCPATH\index.php(79): CodeIgniter\CodeIgniter->run()
10 SYSTEMPATH\Commands\Server\rewrite.php(47): require_once('C:\\laragon\\www\\projectmahalta\\public\\index.php')
CRITICAL - 2024-01-28 07:09:34 --> Array to string conversion
in APPPATH\Views\Hotell\bookroom.php on line 155.
 1 APPPATH\Views\Hotell\bookroom.php(155): CodeIgniter\Debug\Exceptions->errorHandler(2, 'Array to string conversion', 'C:\\laragon\\www\\projectmahalta\\app\\Views\\Hotell\\bookroom.php', 155)
 2 SYSTEMPATH\View\View.php(228): include('C:\\laragon\\www\\projectmahalta\\app\\Views\\Hotell\\bookroom.php')
 3 SYSTEMPATH\View\View.php(231): CodeIgniter\View\View->CodeIgniter\View\{closure}()
 4 SYSTEMPATH\Common.php(1190): CodeIgniter\View\View->render('Hotell\\bookroom', [], true)
 5 APPPATH\Controllers\GuestController.php(173): view('Hotell\\bookroom', [...])
 6 SYSTEMPATH\CodeIgniter.php(942): App\Controllers\GuestController->bookroom()
 7 SYSTEMPATH\CodeIgniter.php(502): CodeIgniter\CodeIgniter->runController(Object(App\Controllers\GuestController))
 8 SYSTEMPATH\CodeIgniter.php(361): CodeIgniter\CodeIgniter->handleRequest(null, Object(Config\Cache), false)
 9 FCPATH\index.php(79): CodeIgniter\CodeIgniter->run()
10 SYSTEMPATH\Commands\Server\rewrite.php(47): require_once('C:\\laragon\\www\\projectmahalta\\public\\index.php')
CRITICAL - 2024-01-28 07:09:36 --> Array to string conversion
in APPPATH\Views\Hotell\bookroom.php on line 155.
 1 APPPATH\Views\Hotell\bookroom.php(155): CodeIgniter\Debug\Exceptions->errorHandler(2, 'Array to string conversion', 'C:\\laragon\\www\\projectmahalta\\app\\Views\\Hotell\\bookroom.php', 155)
 2 SYSTEMPATH\View\View.php(228): include('C:\\laragon\\www\\projectmahalta\\app\\Views\\Hotell\\bookroom.php')
 3 SYSTEMPATH\View\View.php(231): CodeIgniter\View\View->CodeIgniter\View\{closure}()
 4 SYSTEMPATH\Common.php(1190): CodeIgniter\View\View->render('Hotell\\bookroom', [], true)
 5 APPPATH\Controllers\GuestController.php(173): view('Hotell\\bookroom', [...])
 6 SYSTEMPATH\CodeIgniter.php(942): App\Controllers\GuestController->bookroom()
 7 SYSTEMPATH\CodeIgniter.php(502): CodeIgniter\CodeIgniter->runController(Object(App\Controllers\GuestController))
 8 SYSTEMPATH\CodeIgniter.php(361): CodeIgniter\CodeIgniter->handleRequest(null, Object(Config\Cache), false)
 9 FCPATH\index.php(79): CodeIgniter\CodeIgniter->run()
10 SYSTEMPATH\Commands\Server\rewrite.php(47): require_once('C:\\laragon\\www\\projectmahalta\\public\\index.php')
CRITICAL - 2024-01-28 07:09:46 --> Array to string conversion
in APPPATH\Views\Hotell\bookroom.php on line 155.
 1 APPPATH\Views\Hotell\bookroom.php(155): CodeIgniter\Debug\Exceptions->errorHandler(2, 'Array to string conversion', 'C:\\laragon\\www\\projectmahalta\\app\\Views\\Hotell\\bookroom.php', 155)
 2 SYSTEMPATH\View\View.php(228): include('C:\\laragon\\www\\projectmahalta\\app\\Views\\Hotell\\bookroom.php')
 3 SYSTEMPATH\View\View.php(231): CodeIgniter\View\View->CodeIgniter\View\{closure}()
 4 SYSTEMPATH\Common.php(1190): CodeIgniter\View\View->render('Hotell\\bookroom', [], true)
 5 APPPATH\Controllers\GuestController.php(173): view('Hotell\\bookroom', [...])
 6 SYSTEMPATH\CodeIgniter.php(942): App\Controllers\GuestController->bookroom()
 7 SYSTEMPATH\CodeIgniter.php(502): CodeIgniter\CodeIgniter->runController(Object(App\Controllers\GuestController))
 8 SYSTEMPATH\CodeIgniter.php(361): CodeIgniter\CodeIgniter->handleRequest(null, Object(Config\Cache), false)
 9 FCPATH\index.php(79): CodeIgniter\CodeIgniter->run()
10 SYSTEMPATH\Commands\Server\rewrite.php(47): require_once('C:\\laragon\\www\\projectmahalta\\public\\index.php')
CRITICAL - 2024-01-28 07:11:37 --> Array to string conversion
in APPPATH\Views\Hotell\bookroom.php on line 156.
 1 APPPATH\Views\Hotell\bookroom.php(156): CodeIgniter\Debug\Exceptions->errorHandler(2, 'Array to string conversion', 'C:\\laragon\\www\\projectmahalta\\app\\Views\\Hotell\\bookroom.php', 156)
 2 SYSTEMPATH\View\View.php(228): include('C:\\laragon\\www\\projectmahalta\\app\\Views\\Hotell\\bookroom.php')
 3 SYSTEMPATH\View\View.php(231): CodeIgniter\View\View->CodeIgniter\View\{closure}()
 4 SYSTEMPATH\Common.php(1190): CodeIgniter\View\View->render('Hotell\\bookroom', [], true)
 5 APPPATH\Controllers\GuestController.php(173): view('Hotell\\bookroom', [...])
 6 SYSTEMPATH\CodeIgniter.php(942): App\Controllers\GuestController->bookroom()
 7 SYSTEMPATH\CodeIgniter.php(502): CodeIgniter\CodeIgniter->runController(Object(App\Controllers\GuestController))
 8 SYSTEMPATH\CodeIgniter.php(361): CodeIgniter\CodeIgniter->handleRequest(null, Object(Config\Cache), false)
 9 FCPATH\index.php(79): CodeIgniter\CodeIgniter->run()
10 SYSTEMPATH\Commands\Server\rewrite.php(47): require_once('C:\\laragon\\www\\projectmahalta\\public\\index.php')
CRITICAL - 2024-01-28 07:22:36 --> Undefined array key "AvailabilityStatus"
in APPPATH\Controllers\GuestController.php on line 102.
 1 APPPATH\Controllers\GuestController.php(102): CodeIgniter\Debug\Exceptions->errorHandler(2, 'Undefined array key "AvailabilityStatus"', 'C:\\laragon\\www\\projectmahalta\\app\\Controllers\\GuestController.php', 102)
 2 SYSTEMPATH\CodeIgniter.php(942): App\Controllers\GuestController->getdataRoom()
 3 SYSTEMPATH\CodeIgniter.php(502): CodeIgniter\CodeIgniter->runController(Object(App\Controllers\GuestController))
 4 SYSTEMPATH\CodeIgniter.php(361): CodeIgniter\CodeIgniter->handleRequest(null, Object(Config\Cache), false)
 5 FCPATH\index.php(79): CodeIgniter\CodeIgniter->run()
 6 SYSTEMPATH\Commands\Server\rewrite.php(47): require_once('C:\\laragon\\www\\projectmahalta\\public\\index.php')
CRITICAL - 2024-01-28 07:24:19 --> Undefined array key "AvailabilityStatus"
in APPPATH\Controllers\GuestController.php on line 102.
 1 APPPATH\Controllers\GuestController.php(102): CodeIgniter\Debug\Exceptions->errorHandler(2, 'Undefined array key "AvailabilityStatus"', 'C:\\laragon\\www\\projectmahalta\\app\\Controllers\\GuestController.php', 102)
 2 SYSTEMPATH\CodeIgniter.php(942): App\Controllers\GuestController->getdataRoom()
 3 SYSTEMPATH\CodeIgniter.php(502): CodeIgniter\CodeIgniter->runController(Object(App\Controllers\GuestController))
 4 SYSTEMPATH\CodeIgniter.php(361): CodeIgniter\CodeIgniter->handleRequest(null, Object(Config\Cache), false)
 5 FCPATH\index.php(79): CodeIgniter\CodeIgniter->run()
 6 SYSTEMPATH\Commands\Server\rewrite.php(47): require_once('C:\\laragon\\www\\projectmahalta\\public\\index.php')
CRITICAL - 2024-01-28 07:28:30 --> Undefined array key "AvailabilityStatus"
in APPPATH\Controllers\GuestController.php on line 102.
 1 APPPATH\Controllers\GuestController.php(102): CodeIgniter\Debug\Exceptions->errorHandler(2, 'Undefined array key "AvailabilityStatus"', 'C:\\laragon\\www\\projectmahalta\\app\\Controllers\\GuestController.php', 102)
 2 SYSTEMPATH\CodeIgniter.php(942): App\Controllers\GuestController->getdataRoom()
 3 SYSTEMPATH\CodeIgniter.php(502): CodeIgniter\CodeIgniter->runController(Object(App\Controllers\GuestController))
 4 SYSTEMPATH\CodeIgniter.php(361): CodeIgniter\CodeIgniter->handleRequest(null, Object(Config\Cache), false)
 5 FCPATH\index.php(79): CodeIgniter\CodeIgniter->run()
 6 SYSTEMPATH\Commands\Server\rewrite.php(47): require_once('C:\\laragon\\www\\projectmahalta\\public\\index.php')
CRITICAL - 2024-01-28 07:30:00 --> Array to string conversion
in APPPATH\Views\Hotell\bookroom.php on line 155.
 1 APPPATH\Views\Hotell\bookroom.php(155): CodeIgniter\Debug\Exceptions->errorHandler(2, 'Array to string conversion', 'C:\\laragon\\www\\projectmahalta\\app\\Views\\Hotell\\bookroom.php', 155)
 2 SYSTEMPATH\View\View.php(228): include('C:\\laragon\\www\\projectmahalta\\app\\Views\\Hotell\\bookroom.php')
 3 SYSTEMPATH\View\View.php(231): CodeIgniter\View\View->CodeIgniter\View\{closure}()
 4 SYSTEMPATH\Common.php(1190): CodeIgniter\View\View->render('Hotell\\bookroom', [], true)
 5 APPPATH\Controllers\GuestController.php(162): view('Hotell\\bookroom', [...])
 6 SYSTEMPATH\CodeIgniter.php(942): App\Controllers\GuestController->bookroom()
 7 SYSTEMPATH\CodeIgniter.php(502): CodeIgniter\CodeIgniter->runController(Object(App\Controllers\GuestController))
 8 SYSTEMPATH\CodeIgniter.php(361): CodeIgniter\CodeIgniter->handleRequest(null, Object(Config\Cache), false)
 9 FCPATH\index.php(79): CodeIgniter\CodeIgniter->run()
10 SYSTEMPATH\Commands\Server\rewrite.php(47): require_once('C:\\laragon\\www\\projectmahalta\\public\\index.php')
CRITICAL - 2024-01-28 07:31:23 --> Array to string conversion
in APPPATH\Views\Hotell\bookroom.php on line 155.
 1 APPPATH\Views\Hotell\bookroom.php(155): CodeIgniter\Debug\Exceptions->errorHandler(2, 'Array to string conversion', 'C:\\laragon\\www\\projectmahalta\\app\\Views\\Hotell\\bookroom.php', 155)
 2 SYSTEMPATH\View\View.php(228): include('C:\\laragon\\www\\projectmahalta\\app\\Views\\Hotell\\bookroom.php')
 3 SYSTEMPATH\View\View.php(231): CodeIgniter\View\View->CodeIgniter\View\{closure}()
 4 SYSTEMPATH\Common.php(1190): CodeIgniter\View\View->render('Hotell\\bookroom', [], true)
 5 APPPATH\Controllers\GuestController.php(162): view('Hotell\\bookroom', [...])
 6 SYSTEMPATH\CodeIgniter.php(942): App\Controllers\GuestController->bookroom()
 7 SYSTEMPATH\CodeIgniter.php(502): CodeIgniter\CodeIgniter->runController(Object(App\Controllers\GuestController))
 8 SYSTEMPATH\CodeIgniter.php(361): CodeIgniter\CodeIgniter->handleRequest(null, Object(Config\Cache), false)
 9 FCPATH\index.php(79): CodeIgniter\CodeIgniter->run()
10 SYSTEMPATH\Commands\Server\rewrite.php(47): require_once('C:\\laragon\\www\\projectmahalta\\public\\index.php')
CRITICAL - 2024-01-28 07:31:59 --> Array to string conversion
in APPPATH\Views\Hotell\bookroom.php on line 148.
 1 APPPATH\Views\Hotell\bookroom.php(148): CodeIgniter\Debug\Exceptions->errorHandler(2, 'Array to string conversion', 'C:\\laragon\\www\\projectmahalta\\app\\Views\\Hotell\\bookroom.php', 148)
 2 SYSTEMPATH\View\View.php(228): include('C:\\laragon\\www\\projectmahalta\\app\\Views\\Hotell\\bookroom.php')
 3 SYSTEMPATH\View\View.php(231): CodeIgniter\View\View->CodeIgniter\View\{closure}()
 4 SYSTEMPATH\Common.php(1190): CodeIgniter\View\View->render('Hotell\\bookroom', [], true)
 5 APPPATH\Controllers\GuestController.php(162): view('Hotell\\bookroom', [...])
 6 SYSTEMPATH\CodeIgniter.php(942): App\Controllers\GuestController->bookroom()
 7 SYSTEMPATH\CodeIgniter.php(502): CodeIgniter\CodeIgniter->runController(Object(App\Controllers\GuestController))
 8 SYSTEMPATH\CodeIgniter.php(361): CodeIgniter\CodeIgniter->handleRequest(null, Object(Config\Cache), false)
 9 FCPATH\index.php(79): CodeIgniter\CodeIgniter->run()
10 SYSTEMPATH\Commands\Server\rewrite.php(47): require_once('C:\\laragon\\www\\projectmahalta\\public\\index.php')
CRITICAL - 2024-01-28 07:34:30 --> Undefined array key "AvailabilityStatus"
in APPPATH\Controllers\GuestController.php on line 102.
 1 APPPATH\Controllers\GuestController.php(102): CodeIgniter\Debug\Exceptions->errorHandler(2, 'Undefined array key "AvailabilityStatus"', 'C:\\laragon\\www\\projectmahalta\\app\\Controllers\\GuestController.php', 102)
 2 SYSTEMPATH\CodeIgniter.php(942): App\Controllers\GuestController->getdataRoom()
 3 SYSTEMPATH\CodeIgniter.php(502): CodeIgniter\CodeIgniter->runController(Object(App\Controllers\GuestController))
 4 SYSTEMPATH\CodeIgniter.php(361): CodeIgniter\CodeIgniter->handleRequest(null, Object(Config\Cache), false)
 5 FCPATH\index.php(79): CodeIgniter\CodeIgniter->run()
 6 SYSTEMPATH\Commands\Server\rewrite.php(47): require_once('C:\\laragon\\www\\projectmahalta\\public\\index.php')
CRITICAL - 2024-01-28 07:37:26 --> Undefined array key "AvailabilityStatus"
in APPPATH\Controllers\GuestController.php on line 102.
 1 APPPATH\Controllers\GuestController.php(102): CodeIgniter\Debug\Exceptions->errorHandler(2, 'Undefined array key "AvailabilityStatus"', 'C:\\laragon\\www\\projectmahalta\\app\\Controllers\\GuestController.php', 102)
 2 SYSTEMPATH\CodeIgniter.php(942): App\Controllers\GuestController->getdataRoom()
 3 SYSTEMPATH\CodeIgniter.php(502): CodeIgniter\CodeIgniter->runController(Object(App\Controllers\GuestController))
 4 SYSTEMPATH\CodeIgniter.php(361): CodeIgniter\CodeIgniter->handleRequest(null, Object(Config\Cache), false)
 5 FCPATH\index.php(79): CodeIgniter\CodeIgniter->run()
 6 SYSTEMPATH\Commands\Server\rewrite.php(47): require_once('C:\\laragon\\www\\projectmahalta\\public\\index.php')
