CRITICAL - 2023-11-24 06:26:53 --> Invalid file: "Hotel\blog.php"
in SYSTEMPATH\Exceptions\FrameworkException.php on line 39.
 1 SYSTEMPATH\View\View.php(216): CodeIgniter\Exceptions\FrameworkException::forInvalidFile('Hotel\\blog.php')
 2 SYSTEMPATH\Common.php(1190): CodeIgniter\View\View->render('Hotel\\blog', [], true)
 3 APPPATH\Controllers\GuestController.php(32): view('Hotel\\blog')
 4 SYSTEMPATH\CodeIgniter.php(942): App\Controllers\GuestController->blog()
 5 SYSTEMPATH\CodeIgniter.php(502): CodeIgniter\CodeIgniter->runController(Object(App\Controllers\GuestController))
 6 SYSTEMPATH\CodeIgniter.php(361): CodeIgniter\CodeIgniter->handleRequest(null, Object(Config\Cache), false)
 7 FCPATH\index.php(79): CodeIgniter\CodeIgniter->run()
 8 SYSTEMPATH\Commands\Server\rewrite.php(47): require_once('C:\\laragon\\www\\mahaltacalapancity\\public\\index.php')
CRITICAL - 2023-11-24 06:28:08 --> Invalid file: "Hotel\blog.php"
in SYSTEMPATH\Exceptions\FrameworkException.php on line 39.
 1 SYSTEMPATH\View\View.php(216): CodeIgniter\Exceptions\FrameworkException::forInvalidFile('Hotel\\blog.php')
 2 SYSTEMPATH\Common.php(1190): CodeIgniter\View\View->render('Hotel\\blog', [], true)
 3 APPPATH\Controllers\GuestController.php(32): view('Hotel\\blog')
 4 SYSTEMPATH\CodeIgniter.php(942): App\Controllers\GuestController->blog()
 5 SYSTEMPATH\CodeIgniter.php(502): CodeIgniter\CodeIgniter->runController(Object(App\Controllers\GuestController))
 6 SYSTEMPATH\CodeIgniter.php(361): CodeIgniter\CodeIgniter->handleRequest(null, Object(Config\Cache), false)
 7 FCPATH\index.php(79): CodeIgniter\CodeIgniter->run()
 8 SYSTEMPATH\Commands\Server\rewrite.php(47): require_once('C:\\laragon\\www\\mahaltacalapancity\\public\\index.php')
CRITICAL - 2023-11-24 06:28:09 --> Invalid file: "Hotel\blog.php"
in SYSTEMPATH\Exceptions\FrameworkException.php on line 39.
 1 SYSTEMPATH\View\View.php(216): CodeIgniter\Exceptions\FrameworkException::forInvalidFile('Hotel\\blog.php')
 2 SYSTEMPATH\Common.php(1190): CodeIgniter\View\View->render('Hotel\\blog', [], true)
 3 APPPATH\Controllers\GuestController.php(32): view('Hotel\\blog')
 4 SYSTEMPATH\CodeIgniter.php(942): App\Controllers\GuestController->blog()
 5 SYSTEMPATH\CodeIgniter.php(502): CodeIgniter\CodeIgniter->runController(Object(App\Controllers\GuestController))
 6 SYSTEMPATH\CodeIgniter.php(361): CodeIgniter\CodeIgniter->handleRequest(null, Object(Config\Cache), false)
 7 FCPATH\index.php(79): CodeIgniter\CodeIgniter->run()
 8 SYSTEMPATH\Commands\Server\rewrite.php(47): require_once('C:\\laragon\\www\\mahaltacalapancity\\public\\index.php')
CRITICAL - 2023-11-24 06:34:33 --> include(include/galery.php): Failed to open stream: No such file or directory
in APPPATH\Views\Hotel\home.php on line 71.
 1 APPPATH\Views\Hotel\home.php(71): CodeIgniter\Debug\Exceptions->errorHandler(2, 'include(include/galery.php): Failed to open stream: No such file or directory', 'C:\\laragon\\www\\mahaltacalapancity\\app\\Views\\Hotel\\home.php', 71)
 2 APPPATH\Views\Hotel\home.php(71): include()
 3 SYSTEMPATH\View\View.php(228): include('C:\\laragon\\www\\mahaltacalapancity\\app\\Views\\Hotel\\home.php')
 4 SYSTEMPATH\View\View.php(231): CodeIgniter\View\View->CodeIgniter\View\{closure}()
 5 SYSTEMPATH\Common.php(1190): CodeIgniter\View\View->render('Hotel\\home', [], true)
 6 APPPATH\Controllers\GuestController.php(16): view('Hotel\\home')
 7 SYSTEMPATH\CodeIgniter.php(942): App\Controllers\GuestController->home()
 8 SYSTEMPATH\CodeIgniter.php(502): CodeIgniter\CodeIgniter->runController(Object(App\Controllers\GuestController))
 9 SYSTEMPATH\CodeIgniter.php(361): CodeIgniter\CodeIgniter->handleRequest(null, Object(Config\Cache), false)
10 FCPATH\index.php(79): CodeIgniter\CodeIgniter->run()
11 SYSTEMPATH\Commands\Server\rewrite.php(47): require_once('C:\\laragon\\www\\mahaltacalapancity\\public\\index.php')
CRITICAL - 2023-11-24 08:21:21 --> Invalid file: "Hotel\about.php"
in SYSTEMPATH\Exceptions\FrameworkException.php on line 39.
 1 SYSTEMPATH\View\View.php(216): CodeIgniter\Exceptions\FrameworkException::forInvalidFile('Hotel\\about.php')
 2 SYSTEMPATH\Common.php(1190): CodeIgniter\View\View->render('Hotel\\about', [], true)
 3 APPPATH\Controllers\GuestController.php(20): view('Hotel\\about')
 4 SYSTEMPATH\CodeIgniter.php(942): App\Controllers\GuestController->about()
 5 SYSTEMPATH\CodeIgniter.php(502): CodeIgniter\CodeIgniter->runController(Object(App\Controllers\GuestController))
 6 SYSTEMPATH\CodeIgniter.php(361): CodeIgniter\CodeIgniter->handleRequest(null, Object(Config\Cache), false)
 7 FCPATH\index.php(79): CodeIgniter\CodeIgniter->run()
 8 SYSTEMPATH\Commands\Server\rewrite.php(47): require_once('C:\\laragon\\www\\mahaltacalapancity\\public\\index.php')
CRITICAL - 2023-11-24 08:25:05 --> include(include/services.php): Failed to open stream: No such file or directory
in APPPATH\Views\Hotel\home.php on line 65.
 1 APPPATH\Views\Hotel\home.php(65): CodeIgniter\Debug\Exceptions->errorHandler(2, 'include(include/services.php): Failed to open stream: No such file or directory', 'C:\\laragon\\www\\mahaltacalapancity\\app\\Views\\Hotel\\home.php', 65)
 2 APPPATH\Views\Hotel\home.php(65): include()
 3 SYSTEMPATH\View\View.php(228): include('C:\\laragon\\www\\mahaltacalapancity\\app\\Views\\Hotel\\home.php')
 4 SYSTEMPATH\View\View.php(231): CodeIgniter\View\View->CodeIgniter\View\{closure}()
 5 SYSTEMPATH\Common.php(1190): CodeIgniter\View\View->render('Hotel\\home', [], true)
 6 APPPATH\Controllers\GuestController.php(16): view('Hotel\\home')
 7 SYSTEMPATH\CodeIgniter.php(942): App\Controllers\GuestController->home()
 8 SYSTEMPATH\CodeIgniter.php(502): CodeIgniter\CodeIgniter->runController(Object(App\Controllers\GuestController))
 9 SYSTEMPATH\CodeIgniter.php(361): CodeIgniter\CodeIgniter->handleRequest(null, Object(Config\Cache), false)
10 FCPATH\index.php(79): CodeIgniter\CodeIgniter->run()
11 SYSTEMPATH\Commands\Server\rewrite.php(47): require_once('C:\\laragon\\www\\mahaltacalapancity\\public\\index.php')
