CRITICAL - 2023-11-25 14:15:18 --> require(inc/links.php): Failed to open stream: No such file or directory
in APPPATH\Views\Hotel\include\convention.php on line 6.
 1 APPPATH\Views\Hotel\include\convention.php(6): CodeIgniter\Debug\Exceptions->errorHandler(2, 'require(inc/links.php): Failed to open stream: No such file or directory', 'C:\\laragon\\www\\mahaltacalapancity\\app\\Views\\Hotel\\include\\convention.php', 6)
 2 APPPATH\Views\Hotel\include\convention.php(6): require()
 3 APPPATH\Views\Hotel\home.php(74): include('C:\\laragon\\www\\mahaltacalapancity\\app\\Views\\Hotel\\include\\convention.php')
 4 SYSTEMPATH\View\View.php(228): include('C:\\laragon\\www\\mahaltacalapancity\\app\\Views\\Hotel\\home.php')
 5 SYSTEMPATH\View\View.php(231): CodeIgniter\View\View->CodeIgniter\View\{closure}()
 6 SYSTEMPATH\Common.php(1190): CodeIgniter\View\View->render('Hotel\\home', [], true)
 7 APPPATH\Controllers\GuestController.php(16): view('Hotel\\home')
 8 SYSTEMPATH\CodeIgniter.php(942): App\Controllers\GuestController->home()
 9 SYSTEMPATH\CodeIgniter.php(502): CodeIgniter\CodeIgniter->runController(Object(App\Controllers\GuestController))
10 SYSTEMPATH\CodeIgniter.php(361): CodeIgniter\CodeIgniter->handleRequest(null, Object(Config\Cache), false)
11 FCPATH\index.php(79): CodeIgniter\CodeIgniter->run()
12 SYSTEMPATH\Commands\Server\rewrite.php(47): require_once('C:\\laragon\\www\\mahaltacalapancity\\public\\index.php')
CRITICAL - 2023-11-25 14:15:20 --> require(inc/links.php): Failed to open stream: No such file or directory
in APPPATH\Views\Hotel\include\convention.php on line 6.
 1 APPPATH\Views\Hotel\include\convention.php(6): CodeIgniter\Debug\Exceptions->errorHandler(2, 'require(inc/links.php): Failed to open stream: No such file or directory', 'C:\\laragon\\www\\mahaltacalapancity\\app\\Views\\Hotel\\include\\convention.php', 6)
 2 APPPATH\Views\Hotel\include\convention.php(6): require()
 3 APPPATH\Views\Hotel\home.php(74): include('C:\\laragon\\www\\mahaltacalapancity\\app\\Views\\Hotel\\include\\convention.php')
 4 SYSTEMPATH\View\View.php(228): include('C:\\laragon\\www\\mahaltacalapancity\\app\\Views\\Hotel\\home.php')
 5 SYSTEMPATH\View\View.php(231): CodeIgniter\View\View->CodeIgniter\View\{closure}()
 6 SYSTEMPATH\Common.php(1190): CodeIgniter\View\View->render('Hotel\\home', [], true)
 7 APPPATH\Controllers\GuestController.php(16): view('Hotel\\home')
 8 SYSTEMPATH\CodeIgniter.php(942): App\Controllers\GuestController->home()
 9 SYSTEMPATH\CodeIgniter.php(502): CodeIgniter\CodeIgniter->runController(Object(App\Controllers\GuestController))
10 SYSTEMPATH\CodeIgniter.php(361): CodeIgniter\CodeIgniter->handleRequest(null, Object(Config\Cache), false)
11 FCPATH\index.php(79): CodeIgniter\CodeIgniter->run()
12 SYSTEMPATH\Commands\Server\rewrite.php(47): require_once('C:\\laragon\\www\\mahaltacalapancity\\public\\index.php')
CRITICAL - 2023-11-25 14:16:20 --> include(include/head.php): Failed to open stream: No such file or directory
in APPPATH\Views\Hotel\include\convention.php on line 6.
 1 APPPATH\Views\Hotel\include\convention.php(6): CodeIgniter\Debug\Exceptions->errorHandler(2, 'include(include/head.php): Failed to open stream: No such file or directory', 'C:\\laragon\\www\\mahaltacalapancity\\app\\Views\\Hotel\\include\\convention.php', 6)
 2 APPPATH\Views\Hotel\include\convention.php(6): include()
 3 APPPATH\Views\Hotel\home.php(74): include('C:\\laragon\\www\\mahaltacalapancity\\app\\Views\\Hotel\\include\\convention.php')
 4 SYSTEMPATH\View\View.php(228): include('C:\\laragon\\www\\mahaltacalapancity\\app\\Views\\Hotel\\home.php')
 5 SYSTEMPATH\View\View.php(231): CodeIgniter\View\View->CodeIgniter\View\{closure}()
 6 SYSTEMPATH\Common.php(1190): CodeIgniter\View\View->render('Hotel\\home', [], true)
 7 APPPATH\Controllers\GuestController.php(16): view('Hotel\\home')
 8 SYSTEMPATH\CodeIgniter.php(942): App\Controllers\GuestController->home()
 9 SYSTEMPATH\CodeIgniter.php(502): CodeIgniter\CodeIgniter->runController(Object(App\Controllers\GuestController))
10 SYSTEMPATH\CodeIgniter.php(361): CodeIgniter\CodeIgniter->handleRequest(null, Object(Config\Cache), false)
11 FCPATH\index.php(79): CodeIgniter\CodeIgniter->run()
12 SYSTEMPATH\Commands\Server\rewrite.php(47): require_once('C:\\laragon\\www\\mahaltacalapancity\\public\\index.php')
CRITICAL - 2023-11-25 14:16:23 --> include(include/head.php): Failed to open stream: No such file or directory
in APPPATH\Views\Hotel\include\convention.php on line 6.
 1 APPPATH\Views\Hotel\include\convention.php(6): CodeIgniter\Debug\Exceptions->errorHandler(2, 'include(include/head.php): Failed to open stream: No such file or directory', 'C:\\laragon\\www\\mahaltacalapancity\\app\\Views\\Hotel\\include\\convention.php', 6)
 2 APPPATH\Views\Hotel\include\convention.php(6): include()
 3 APPPATH\Views\Hotel\home.php(74): include('C:\\laragon\\www\\mahaltacalapancity\\app\\Views\\Hotel\\include\\convention.php')
 4 SYSTEMPATH\View\View.php(228): include('C:\\laragon\\www\\mahaltacalapancity\\app\\Views\\Hotel\\home.php')
 5 SYSTEMPATH\View\View.php(231): CodeIgniter\View\View->CodeIgniter\View\{closure}()
 6 SYSTEMPATH\Common.php(1190): CodeIgniter\View\View->render('Hotel\\home', [], true)
 7 APPPATH\Controllers\GuestController.php(16): view('Hotel\\home')
 8 SYSTEMPATH\CodeIgniter.php(942): App\Controllers\GuestController->home()
 9 SYSTEMPATH\CodeIgniter.php(502): CodeIgniter\CodeIgniter->runController(Object(App\Controllers\GuestController))
10 SYSTEMPATH\CodeIgniter.php(361): CodeIgniter\CodeIgniter->handleRequest(null, Object(Config\Cache), false)
11 FCPATH\index.php(79): CodeIgniter\CodeIgniter->run()
12 SYSTEMPATH\Commands\Server\rewrite.php(47): require_once('C:\\laragon\\www\\mahaltacalapancity\\public\\index.php')
CRITICAL - 2023-11-25 14:16:24 --> include(include/head.php): Failed to open stream: No such file or directory
in APPPATH\Views\Hotel\include\convention.php on line 6.
 1 APPPATH\Views\Hotel\include\convention.php(6): CodeIgniter\Debug\Exceptions->errorHandler(2, 'include(include/head.php): Failed to open stream: No such file or directory', 'C:\\laragon\\www\\mahaltacalapancity\\app\\Views\\Hotel\\include\\convention.php', 6)
 2 APPPATH\Views\Hotel\include\convention.php(6): include()
 3 APPPATH\Views\Hotel\home.php(74): include('C:\\laragon\\www\\mahaltacalapancity\\app\\Views\\Hotel\\include\\convention.php')
 4 SYSTEMPATH\View\View.php(228): include('C:\\laragon\\www\\mahaltacalapancity\\app\\Views\\Hotel\\home.php')
 5 SYSTEMPATH\View\View.php(231): CodeIgniter\View\View->CodeIgniter\View\{closure}()
 6 SYSTEMPATH\Common.php(1190): CodeIgniter\View\View->render('Hotel\\home', [], true)
 7 APPPATH\Controllers\GuestController.php(16): view('Hotel\\home')
 8 SYSTEMPATH\CodeIgniter.php(942): App\Controllers\GuestController->home()
 9 SYSTEMPATH\CodeIgniter.php(502): CodeIgniter\CodeIgniter->runController(Object(App\Controllers\GuestController))
10 SYSTEMPATH\CodeIgniter.php(361): CodeIgniter\CodeIgniter->handleRequest(null, Object(Config\Cache), false)
11 FCPATH\index.php(79): CodeIgniter\CodeIgniter->run()
12 SYSTEMPATH\Commands\Server\rewrite.php(47): require_once('C:\\laragon\\www\\mahaltacalapancity\\public\\index.php')
CRITICAL - 2023-11-25 14:17:11 --> include(include/head.php): Failed to open stream: No such file or directory
in APPPATH\Views\Hotel\include\convention.php on line 25.
 1 APPPATH\Views\Hotel\include\convention.php(25): CodeIgniter\Debug\Exceptions->errorHandler(2, 'include(include/head.php): Failed to open stream: No such file or directory', 'C:\\laragon\\www\\mahaltacalapancity\\app\\Views\\Hotel\\include\\convention.php', 25)
 2 APPPATH\Views\Hotel\include\convention.php(25): include()
 3 APPPATH\Views\Hotel\home.php(74): include('C:\\laragon\\www\\mahaltacalapancity\\app\\Views\\Hotel\\include\\convention.php')
 4 SYSTEMPATH\View\View.php(228): include('C:\\laragon\\www\\mahaltacalapancity\\app\\Views\\Hotel\\home.php')
 5 SYSTEMPATH\View\View.php(231): CodeIgniter\View\View->CodeIgniter\View\{closure}()
 6 SYSTEMPATH\Common.php(1190): CodeIgniter\View\View->render('Hotel\\home', [], true)
 7 APPPATH\Controllers\GuestController.php(16): view('Hotel\\home')
 8 SYSTEMPATH\CodeIgniter.php(942): App\Controllers\GuestController->home()
 9 SYSTEMPATH\CodeIgniter.php(502): CodeIgniter\CodeIgniter->runController(Object(App\Controllers\GuestController))
10 SYSTEMPATH\CodeIgniter.php(361): CodeIgniter\CodeIgniter->handleRequest(null, Object(Config\Cache), false)
11 FCPATH\index.php(79): CodeIgniter\CodeIgniter->run()
12 SYSTEMPATH\Commands\Server\rewrite.php(47): require_once('C:\\laragon\\www\\mahaltacalapancity\\public\\index.php')
CRITICAL - 2023-11-25 14:17:24 --> require(inc/footer.php): Failed to open stream: No such file or directory
in APPPATH\Views\Hotel\include\convention.php on line 115.
 1 APPPATH\Views\Hotel\include\convention.php(115): CodeIgniter\Debug\Exceptions->errorHandler(2, 'require(inc/footer.php): Failed to open stream: No such file or directory', 'C:\\laragon\\www\\mahaltacalapancity\\app\\Views\\Hotel\\include\\convention.php', 115)
 2 APPPATH\Views\Hotel\include\convention.php(115): require()
 3 APPPATH\Views\Hotel\home.php(74): include('C:\\laragon\\www\\mahaltacalapancity\\app\\Views\\Hotel\\include\\convention.php')
 4 SYSTEMPATH\View\View.php(228): include('C:\\laragon\\www\\mahaltacalapancity\\app\\Views\\Hotel\\home.php')
 5 SYSTEMPATH\View\View.php(231): CodeIgniter\View\View->CodeIgniter\View\{closure}()
 6 SYSTEMPATH\Common.php(1190): CodeIgniter\View\View->render('Hotel\\home', [], true)
 7 APPPATH\Controllers\GuestController.php(16): view('Hotel\\home')
 8 SYSTEMPATH\CodeIgniter.php(942): App\Controllers\GuestController->home()
 9 SYSTEMPATH\CodeIgniter.php(502): CodeIgniter\CodeIgniter->runController(Object(App\Controllers\GuestController))
10 SYSTEMPATH\CodeIgniter.php(361): CodeIgniter\CodeIgniter->handleRequest(null, Object(Config\Cache), false)
11 FCPATH\index.php(79): CodeIgniter\CodeIgniter->run()
12 SYSTEMPATH\Commands\Server\rewrite.php(47): require_once('C:\\laragon\\www\\mahaltacalapancity\\public\\index.php')
CRITICAL - 2023-11-25 14:24:06 --> Cannot redeclare App\Controllers\GuestController::gallery()
in APPPATH\Controllers\GuestController.php on line 30.
 1 [internal function]: CodeIgniter\Debug\Exceptions->shutdownHandler()
