CRITICAL - 2024-02-25 04:16:27 --> Undefined property: CodeIgniter\View\View::$request
in APPPATH\Views\Hotell\bookroom.php on line 102.
 1 APPPATH\Views\Hotell\bookroom.php(102): CodeIgniter\Debug\Exceptions->errorHandler(2, 'Undefined property: CodeIgniter\\View\\View::$request', 'C:\\laragon\\www\\projectmahalta\\app\\Views\\Hotell\\bookroom.php', 102)
 2 SYSTEMPATH\View\View.php(228): include('C:\\laragon\\www\\projectmahalta\\app\\Views\\Hotell\\bookroom.php')
 3 SYSTEMPATH\View\View.php(231): CodeIgniter\View\View->CodeIgniter\View\{closure}()
 4 SYSTEMPATH\Common.php(1190): CodeIgniter\View\View->render('Hotell\\bookroom', [], true)
 5 APPPATH\Controllers\GuestController.php(226): view('Hotell\\bookroom', [...])
 6 SYSTEMPATH\CodeIgniter.php(942): App\Controllers\GuestController->bookroom()
 7 SYSTEMPATH\CodeIgniter.php(502): CodeIgniter\CodeIgniter->runController(Object(App\Controllers\GuestController))
 8 SYSTEMPATH\CodeIgniter.php(361): CodeIgniter\CodeIgniter->handleRequest(null, Object(Config\Cache), false)
 9 FCPATH\index.php(79): CodeIgniter\CodeIgniter->run()
10 SYSTEMPATH\Commands\Server\rewrite.php(47): require_once('C:\\laragon\\www\\projectmahalta\\public\\index.php')
CRITICAL - 2024-02-25 04:16:40 --> Undefined variable $NumberOfAdults
in APPPATH\Views\Hotell\bookroom.php on line 103.
 1 APPPATH\Views\Hotell\bookroom.php(103): CodeIgniter\Debug\Exceptions->errorHandler(2, 'Undefined variable $NumberOfAdults', 'C:\\laragon\\www\\projectmahalta\\app\\Views\\Hotell\\bookroom.php', 103)
 2 SYSTEMPATH\View\View.php(228): include('C:\\laragon\\www\\projectmahalta\\app\\Views\\Hotell\\bookroom.php')
 3 SYSTEMPATH\View\View.php(231): CodeIgniter\View\View->CodeIgniter\View\{closure}()
 4 SYSTEMPATH\Common.php(1190): CodeIgniter\View\View->render('Hotell\\bookroom', [], true)
 5 APPPATH\Controllers\GuestController.php(226): view('Hotell\\bookroom', [...])
 6 SYSTEMPATH\CodeIgniter.php(942): App\Controllers\GuestController->bookroom()
 7 SYSTEMPATH\CodeIgniter.php(502): CodeIgniter\CodeIgniter->runController(Object(App\Controllers\GuestController))
 8 SYSTEMPATH\CodeIgniter.php(361): CodeIgniter\CodeIgniter->handleRequest(null, Object(Config\Cache), false)
 9 FCPATH\index.php(79): CodeIgniter\CodeIgniter->run()
10 SYSTEMPATH\Commands\Server\rewrite.php(47): require_once('C:\\laragon\\www\\projectmahalta\\public\\index.php')
CRITICAL - 2024-02-25 04:42:42 --> Unsupported operand types: string + string
in APPPATH\Controllers\GuestController.php on line 114.
 1 APPPATH\Controllers\GuestController.php(103): App\Controllers\GuestController->findAvailableRooms('2', '')
 2 SYSTEMPATH\CodeIgniter.php(942): App\Controllers\GuestController->getData()
 3 SYSTEMPATH\CodeIgniter.php(502): CodeIgniter\CodeIgniter->runController(Object(App\Controllers\GuestController))
 4 SYSTEMPATH\CodeIgniter.php(361): CodeIgniter\CodeIgniter->handleRequest(null, Object(Config\Cache), false)
 5 FCPATH\index.php(79): CodeIgniter\CodeIgniter->run()
 6 SYSTEMPATH\Commands\Server\rewrite.php(47): require_once('C:\\laragon\\www\\projectmahalta\\public\\index.php')
CRITICAL - 2024-02-25 04:44:18 --> Invalid file: "available_rooms.php"
in SYSTEMPATH\Exceptions\FrameworkException.php on line 39.
 1 SYSTEMPATH\View\View.php(216): CodeIgniter\Exceptions\FrameworkException::forInvalidFile('available_rooms.php')
 2 SYSTEMPATH\Common.php(1190): CodeIgniter\View\View->render('available_rooms', [], true)
 3 APPPATH\Controllers\GuestController.php(106): view('available_rooms', [...])
 4 SYSTEMPATH\CodeIgniter.php(942): App\Controllers\GuestController->getData()
 5 SYSTEMPATH\CodeIgniter.php(502): CodeIgniter\CodeIgniter->runController(Object(App\Controllers\GuestController))
 6 SYSTEMPATH\CodeIgniter.php(361): CodeIgniter\CodeIgniter->handleRequest(null, Object(Config\Cache), false)
 7 FCPATH\index.php(79): CodeIgniter\CodeIgniter->run()
 8 SYSTEMPATH\Commands\Server\rewrite.php(47): require_once('C:\\laragon\\www\\projectmahalta\\public\\index.php')
CRITICAL - 2024-02-25 05:40:05 --> Undefined variable $totalAmount
in APPPATH\Views\Hotell\bookroom.php on line 174.
 1 APPPATH\Views\Hotell\bookroom.php(174): CodeIgniter\Debug\Exceptions->errorHandler(2, 'Undefined variable $totalAmount', 'C:\\laragon\\www\\projectmahalta\\app\\Views\\Hotell\\bookroom.php', 174)
 2 SYSTEMPATH\View\View.php(228): include('C:\\laragon\\www\\projectmahalta\\app\\Views\\Hotell\\bookroom.php')
 3 SYSTEMPATH\View\View.php(231): CodeIgniter\View\View->CodeIgniter\View\{closure}()
 4 SYSTEMPATH\Common.php(1190): CodeIgniter\View\View->render('Hotell/bookroom', [], true)
 5 APPPATH\Controllers\GuestController.php(149): view('Hotell/bookroom', [...])
 6 SYSTEMPATH\CodeIgniter.php(942): App\Controllers\GuestController->getdataRoom()
 7 SYSTEMPATH\CodeIgniter.php(502): CodeIgniter\CodeIgniter->runController(Object(App\Controllers\GuestController))
 8 SYSTEMPATH\CodeIgniter.php(361): CodeIgniter\CodeIgniter->handleRequest(null, Object(Config\Cache), false)
 9 FCPATH\index.php(79): CodeIgniter\CodeIgniter->run()
10 SYSTEMPATH\Commands\Server\rewrite.php(47): require_once('C:\\laragon\\www\\projectmahalta\\public\\index.php')
CRITICAL - 2024-02-25 05:40:45 --> Undefined variable $totalAmount
in APPPATH\Views\Hotell\bookroom.php on line 175.
 1 APPPATH\Views\Hotell\bookroom.php(175): CodeIgniter\Debug\Exceptions->errorHandler(2, 'Undefined variable $totalAmount', 'C:\\laragon\\www\\projectmahalta\\app\\Views\\Hotell\\bookroom.php', 175)
 2 SYSTEMPATH\View\View.php(228): include('C:\\laragon\\www\\projectmahalta\\app\\Views\\Hotell\\bookroom.php')
 3 SYSTEMPATH\View\View.php(231): CodeIgniter\View\View->CodeIgniter\View\{closure}()
 4 SYSTEMPATH\Common.php(1190): CodeIgniter\View\View->render('Hotell/bookroom', [], true)
 5 APPPATH\Controllers\GuestController.php(149): view('Hotell/bookroom', [...])
 6 SYSTEMPATH\CodeIgniter.php(942): App\Controllers\GuestController->getdataRoom()
 7 SYSTEMPATH\CodeIgniter.php(502): CodeIgniter\CodeIgniter->runController(Object(App\Controllers\GuestController))
 8 SYSTEMPATH\CodeIgniter.php(361): CodeIgniter\CodeIgniter->handleRequest(null, Object(Config\Cache), false)
 9 FCPATH\index.php(79): CodeIgniter\CodeIgniter->run()
10 SYSTEMPATH\Commands\Server\rewrite.php(47): require_once('C:\\laragon\\www\\projectmahalta\\public\\index.php')
CRITICAL - 2024-02-25 05:43:09 --> Unsupported operand types: string + string
in APPPATH\Controllers\GuestController.php on line 156.
 1 SYSTEMPATH\CodeIgniter.php(942): App\Controllers\GuestController->getdataRoom()
 2 SYSTEMPATH\CodeIgniter.php(502): CodeIgniter\CodeIgniter->runController(Object(App\Controllers\GuestController))
 3 SYSTEMPATH\CodeIgniter.php(361): CodeIgniter\CodeIgniter->handleRequest(null, Object(Config\Cache), false)
 4 FCPATH\index.php(79): CodeIgniter\CodeIgniter->run()
 5 SYSTEMPATH\Commands\Server\rewrite.php(47): require_once('C:\\laragon\\www\\projectmahalta\\public\\index.php')
CRITICAL - 2024-02-25 05:54:34 --> Unsupported operand types: string + string
in APPPATH\Controllers\GuestController.php on line 203.
 1 SYSTEMPATH\CodeIgniter.php(942): App\Controllers\GuestController->getdataRoomReservation()
 2 SYSTEMPATH\CodeIgniter.php(502): CodeIgniter\CodeIgniter->runController(Object(App\Controllers\GuestController))
 3 SYSTEMPATH\CodeIgniter.php(361): CodeIgniter\CodeIgniter->handleRequest(null, Object(Config\Cache), false)
 4 FCPATH\index.php(79): CodeIgniter\CodeIgniter->run()
 5 SYSTEMPATH\Commands\Server\rewrite.php(47): require_once('C:\\laragon\\www\\projectmahalta\\public\\index.php')
CRITICAL - 2024-02-25 05:55:04 --> Undefined array key "TotalAmount"
in APPPATH\Views\Hotell\checkOutReservation.php on line 140.
 1 APPPATH\Views\Hotell\checkOutReservation.php(140): CodeIgniter\Debug\Exceptions->errorHandler(2, 'Undefined array key "TotalAmount"', 'C:\\laragon\\www\\projectmahalta\\app\\Views\\Hotell\\checkOutReservation.php', 140)
 2 SYSTEMPATH\View\View.php(228): include('C:\\laragon\\www\\projectmahalta\\app\\Views\\Hotell\\checkOutReservation.php')
 3 SYSTEMPATH\View\View.php(231): CodeIgniter\View\View->CodeIgniter\View\{closure}()
 4 SYSTEMPATH\Common.php(1190): CodeIgniter\View\View->render('Hotell\\checkOutReservation', [], true)
 5 APPPATH\Controllers\GuestController.php(305): view('Hotell\\checkOutReservation', [...])
 6 SYSTEMPATH\CodeIgniter.php(942): App\Controllers\GuestController->formdetails()
 7 SYSTEMPATH\CodeIgniter.php(502): CodeIgniter\CodeIgniter->runController(Object(App\Controllers\GuestController))
 8 SYSTEMPATH\CodeIgniter.php(361): CodeIgniter\CodeIgniter->handleRequest(null, Object(Config\Cache), false)
 9 FCPATH\index.php(79): CodeIgniter\CodeIgniter->run()
10 SYSTEMPATH\Commands\Server\rewrite.php(47): require_once('C:\\laragon\\www\\projectmahalta\\public\\index.php')
CRITICAL - 2024-02-25 05:55:11 --> Undefined array key "TotalAmount"
in APPPATH\Views\Hotell\checkOutReservation.php on line 140.
 1 APPPATH\Views\Hotell\checkOutReservation.php(140): CodeIgniter\Debug\Exceptions->errorHandler(2, 'Undefined array key "TotalAmount"', 'C:\\laragon\\www\\projectmahalta\\app\\Views\\Hotell\\checkOutReservation.php', 140)
 2 SYSTEMPATH\View\View.php(228): include('C:\\laragon\\www\\projectmahalta\\app\\Views\\Hotell\\checkOutReservation.php')
 3 SYSTEMPATH\View\View.php(231): CodeIgniter\View\View->CodeIgniter\View\{closure}()
 4 SYSTEMPATH\Common.php(1190): CodeIgniter\View\View->render('Hotell\\checkOutReservation', [], true)
 5 APPPATH\Controllers\GuestController.php(305): view('Hotell\\checkOutReservation', [...])
 6 SYSTEMPATH\CodeIgniter.php(942): App\Controllers\GuestController->formdetails()
 7 SYSTEMPATH\CodeIgniter.php(502): CodeIgniter\CodeIgniter->runController(Object(App\Controllers\GuestController))
 8 SYSTEMPATH\CodeIgniter.php(361): CodeIgniter\CodeIgniter->handleRequest(null, Object(Config\Cache), false)
 9 FCPATH\index.php(79): CodeIgniter\CodeIgniter->run()
10 SYSTEMPATH\Commands\Server\rewrite.php(47): require_once('C:\\laragon\\www\\projectmahalta\\public\\index.php')
CRITICAL - 2024-02-25 05:55:13 --> Undefined array key "TotalAmount"
in APPPATH\Views\Hotell\checkOutReservation.php on line 140.
 1 APPPATH\Views\Hotell\checkOutReservation.php(140): CodeIgniter\Debug\Exceptions->errorHandler(2, 'Undefined array key "TotalAmount"', 'C:\\laragon\\www\\projectmahalta\\app\\Views\\Hotell\\checkOutReservation.php', 140)
 2 SYSTEMPATH\View\View.php(228): include('C:\\laragon\\www\\projectmahalta\\app\\Views\\Hotell\\checkOutReservation.php')
 3 SYSTEMPATH\View\View.php(231): CodeIgniter\View\View->CodeIgniter\View\{closure}()
 4 SYSTEMPATH\Common.php(1190): CodeIgniter\View\View->render('Hotell\\checkOutReservation', [], true)
 5 APPPATH\Controllers\GuestController.php(305): view('Hotell\\checkOutReservation', [...])
 6 SYSTEMPATH\CodeIgniter.php(942): App\Controllers\GuestController->formdetails()
 7 SYSTEMPATH\CodeIgniter.php(502): CodeIgniter\CodeIgniter->runController(Object(App\Controllers\GuestController))
 8 SYSTEMPATH\CodeIgniter.php(361): CodeIgniter\CodeIgniter->handleRequest(null, Object(Config\Cache), false)
 9 FCPATH\index.php(79): CodeIgniter\CodeIgniter->run()
10 SYSTEMPATH\Commands\Server\rewrite.php(47): require_once('C:\\laragon\\www\\projectmahalta\\public\\index.php')
CRITICAL - 2024-02-25 05:56:45 --> Undefined array key "TotalAmount"
in APPPATH\Views\Hotell\checkOutReservation.php on line 140.
 1 APPPATH\Views\Hotell\checkOutReservation.php(140): CodeIgniter\Debug\Exceptions->errorHandler(2, 'Undefined array key "TotalAmount"', 'C:\\laragon\\www\\projectmahalta\\app\\Views\\Hotell\\checkOutReservation.php', 140)
 2 SYSTEMPATH\View\View.php(228): include('C:\\laragon\\www\\projectmahalta\\app\\Views\\Hotell\\checkOutReservation.php')
 3 SYSTEMPATH\View\View.php(231): CodeIgniter\View\View->CodeIgniter\View\{closure}()
 4 SYSTEMPATH\Common.php(1190): CodeIgniter\View\View->render('Hotell\\checkOutReservation', [], true)
 5 APPPATH\Controllers\GuestController.php(305): view('Hotell\\checkOutReservation', [...])
 6 SYSTEMPATH\CodeIgniter.php(942): App\Controllers\GuestController->formdetails()
 7 SYSTEMPATH\CodeIgniter.php(502): CodeIgniter\CodeIgniter->runController(Object(App\Controllers\GuestController))
 8 SYSTEMPATH\CodeIgniter.php(361): CodeIgniter\CodeIgniter->handleRequest(null, Object(Config\Cache), false)
 9 FCPATH\index.php(79): CodeIgniter\CodeIgniter->run()
10 SYSTEMPATH\Commands\Server\rewrite.php(47): require_once('C:\\laragon\\www\\projectmahalta\\public\\index.php')
CRITICAL - 2024-02-25 05:57:13 --> Undefined array key "TotalAmount"
in APPPATH\Views\Hotell\checkOutReservation.php on line 140.
 1 APPPATH\Views\Hotell\checkOutReservation.php(140): CodeIgniter\Debug\Exceptions->errorHandler(2, 'Undefined array key "TotalAmount"', 'C:\\laragon\\www\\projectmahalta\\app\\Views\\Hotell\\checkOutReservation.php', 140)
 2 SYSTEMPATH\View\View.php(228): include('C:\\laragon\\www\\projectmahalta\\app\\Views\\Hotell\\checkOutReservation.php')
 3 SYSTEMPATH\View\View.php(231): CodeIgniter\View\View->CodeIgniter\View\{closure}()
 4 SYSTEMPATH\Common.php(1190): CodeIgniter\View\View->render('Hotell\\checkOutReservation', [], true)
 5 APPPATH\Controllers\GuestController.php(305): view('Hotell\\checkOutReservation', [...])
 6 SYSTEMPATH\CodeIgniter.php(942): App\Controllers\GuestController->formdetails()
 7 SYSTEMPATH\CodeIgniter.php(502): CodeIgniter\CodeIgniter->runController(Object(App\Controllers\GuestController))
 8 SYSTEMPATH\CodeIgniter.php(361): CodeIgniter\CodeIgniter->handleRequest(null, Object(Config\Cache), false)
 9 FCPATH\index.php(79): CodeIgniter\CodeIgniter->run()
10 SYSTEMPATH\Commands\Server\rewrite.php(47): require_once('C:\\laragon\\www\\projectmahalta\\public\\index.php')
CRITICAL - 2024-02-25 05:57:14 --> Undefined array key "TotalAmount"
in APPPATH\Views\Hotell\checkOutReservation.php on line 140.
 1 APPPATH\Views\Hotell\checkOutReservation.php(140): CodeIgniter\Debug\Exceptions->errorHandler(2, 'Undefined array key "TotalAmount"', 'C:\\laragon\\www\\projectmahalta\\app\\Views\\Hotell\\checkOutReservation.php', 140)
 2 SYSTEMPATH\View\View.php(228): include('C:\\laragon\\www\\projectmahalta\\app\\Views\\Hotell\\checkOutReservation.php')
 3 SYSTEMPATH\View\View.php(231): CodeIgniter\View\View->CodeIgniter\View\{closure}()
 4 SYSTEMPATH\Common.php(1190): CodeIgniter\View\View->render('Hotell\\checkOutReservation', [], true)
 5 APPPATH\Controllers\GuestController.php(305): view('Hotell\\checkOutReservation', [...])
 6 SYSTEMPATH\CodeIgniter.php(942): App\Controllers\GuestController->formdetails()
 7 SYSTEMPATH\CodeIgniter.php(502): CodeIgniter\CodeIgniter->runController(Object(App\Controllers\GuestController))
 8 SYSTEMPATH\CodeIgniter.php(361): CodeIgniter\CodeIgniter->handleRequest(null, Object(Config\Cache), false)
 9 FCPATH\index.php(79): CodeIgniter\CodeIgniter->run()
10 SYSTEMPATH\Commands\Server\rewrite.php(47): require_once('C:\\laragon\\www\\projectmahalta\\public\\index.php')
CRITICAL - 2024-02-25 05:57:14 --> Undefined array key "TotalAmount"
in APPPATH\Views\Hotell\checkOutReservation.php on line 140.
 1 APPPATH\Views\Hotell\checkOutReservation.php(140): CodeIgniter\Debug\Exceptions->errorHandler(2, 'Undefined array key "TotalAmount"', 'C:\\laragon\\www\\projectmahalta\\app\\Views\\Hotell\\checkOutReservation.php', 140)
 2 SYSTEMPATH\View\View.php(228): include('C:\\laragon\\www\\projectmahalta\\app\\Views\\Hotell\\checkOutReservation.php')
 3 SYSTEMPATH\View\View.php(231): CodeIgniter\View\View->CodeIgniter\View\{closure}()
 4 SYSTEMPATH\Common.php(1190): CodeIgniter\View\View->render('Hotell\\checkOutReservation', [], true)
 5 APPPATH\Controllers\GuestController.php(305): view('Hotell\\checkOutReservation', [...])
 6 SYSTEMPATH\CodeIgniter.php(942): App\Controllers\GuestController->formdetails()
 7 SYSTEMPATH\CodeIgniter.php(502): CodeIgniter\CodeIgniter->runController(Object(App\Controllers\GuestController))
 8 SYSTEMPATH\CodeIgniter.php(361): CodeIgniter\CodeIgniter->handleRequest(null, Object(Config\Cache), false)
 9 FCPATH\index.php(79): CodeIgniter\CodeIgniter->run()
10 SYSTEMPATH\Commands\Server\rewrite.php(47): require_once('C:\\laragon\\www\\projectmahalta\\public\\index.php')
CRITICAL - 2024-02-25 05:57:15 --> Undefined array key "TotalAmount"
in APPPATH\Views\Hotell\checkOutReservation.php on line 140.
 1 APPPATH\Views\Hotell\checkOutReservation.php(140): CodeIgniter\Debug\Exceptions->errorHandler(2, 'Undefined array key "TotalAmount"', 'C:\\laragon\\www\\projectmahalta\\app\\Views\\Hotell\\checkOutReservation.php', 140)
 2 SYSTEMPATH\View\View.php(228): include('C:\\laragon\\www\\projectmahalta\\app\\Views\\Hotell\\checkOutReservation.php')
 3 SYSTEMPATH\View\View.php(231): CodeIgniter\View\View->CodeIgniter\View\{closure}()
 4 SYSTEMPATH\Common.php(1190): CodeIgniter\View\View->render('Hotell\\checkOutReservation', [], true)
 5 APPPATH\Controllers\GuestController.php(305): view('Hotell\\checkOutReservation', [...])
 6 SYSTEMPATH\CodeIgniter.php(942): App\Controllers\GuestController->formdetails()
 7 SYSTEMPATH\CodeIgniter.php(502): CodeIgniter\CodeIgniter->runController(Object(App\Controllers\GuestController))
 8 SYSTEMPATH\CodeIgniter.php(361): CodeIgniter\CodeIgniter->handleRequest(null, Object(Config\Cache), false)
 9 FCPATH\index.php(79): CodeIgniter\CodeIgniter->run()
10 SYSTEMPATH\Commands\Server\rewrite.php(47): require_once('C:\\laragon\\www\\projectmahalta\\public\\index.php')
CRITICAL - 2024-02-25 05:57:15 --> Undefined array key "TotalAmount"
in APPPATH\Views\Hotell\checkOutReservation.php on line 140.
 1 APPPATH\Views\Hotell\checkOutReservation.php(140): CodeIgniter\Debug\Exceptions->errorHandler(2, 'Undefined array key "TotalAmount"', 'C:\\laragon\\www\\projectmahalta\\app\\Views\\Hotell\\checkOutReservation.php', 140)
 2 SYSTEMPATH\View\View.php(228): include('C:\\laragon\\www\\projectmahalta\\app\\Views\\Hotell\\checkOutReservation.php')
 3 SYSTEMPATH\View\View.php(231): CodeIgniter\View\View->CodeIgniter\View\{closure}()
 4 SYSTEMPATH\Common.php(1190): CodeIgniter\View\View->render('Hotell\\checkOutReservation', [], true)
 5 APPPATH\Controllers\GuestController.php(305): view('Hotell\\checkOutReservation', [...])
 6 SYSTEMPATH\CodeIgniter.php(942): App\Controllers\GuestController->formdetails()
 7 SYSTEMPATH\CodeIgniter.php(502): CodeIgniter\CodeIgniter->runController(Object(App\Controllers\GuestController))
 8 SYSTEMPATH\CodeIgniter.php(361): CodeIgniter\CodeIgniter->handleRequest(null, Object(Config\Cache), false)
 9 FCPATH\index.php(79): CodeIgniter\CodeIgniter->run()
10 SYSTEMPATH\Commands\Server\rewrite.php(47): require_once('C:\\laragon\\www\\projectmahalta\\public\\index.php')
CRITICAL - 2024-02-25 05:57:15 --> Undefined array key "TotalAmount"
in APPPATH\Views\Hotell\checkOutReservation.php on line 140.
 1 APPPATH\Views\Hotell\checkOutReservation.php(140): CodeIgniter\Debug\Exceptions->errorHandler(2, 'Undefined array key "TotalAmount"', 'C:\\laragon\\www\\projectmahalta\\app\\Views\\Hotell\\checkOutReservation.php', 140)
 2 SYSTEMPATH\View\View.php(228): include('C:\\laragon\\www\\projectmahalta\\app\\Views\\Hotell\\checkOutReservation.php')
 3 SYSTEMPATH\View\View.php(231): CodeIgniter\View\View->CodeIgniter\View\{closure}()
 4 SYSTEMPATH\Common.php(1190): CodeIgniter\View\View->render('Hotell\\checkOutReservation', [], true)
 5 APPPATH\Controllers\GuestController.php(305): view('Hotell\\checkOutReservation', [...])
 6 SYSTEMPATH\CodeIgniter.php(942): App\Controllers\GuestController->formdetails()
 7 SYSTEMPATH\CodeIgniter.php(502): CodeIgniter\CodeIgniter->runController(Object(App\Controllers\GuestController))
 8 SYSTEMPATH\CodeIgniter.php(361): CodeIgniter\CodeIgniter->handleRequest(null, Object(Config\Cache), false)
 9 FCPATH\index.php(79): CodeIgniter\CodeIgniter->run()
10 SYSTEMPATH\Commands\Server\rewrite.php(47): require_once('C:\\laragon\\www\\projectmahalta\\public\\index.php')
CRITICAL - 2024-02-25 05:57:15 --> Undefined array key "TotalAmount"
in APPPATH\Views\Hotell\checkOutReservation.php on line 140.
 1 APPPATH\Views\Hotell\checkOutReservation.php(140): CodeIgniter\Debug\Exceptions->errorHandler(2, 'Undefined array key "TotalAmount"', 'C:\\laragon\\www\\projectmahalta\\app\\Views\\Hotell\\checkOutReservation.php', 140)
 2 SYSTEMPATH\View\View.php(228): include('C:\\laragon\\www\\projectmahalta\\app\\Views\\Hotell\\checkOutReservation.php')
 3 SYSTEMPATH\View\View.php(231): CodeIgniter\View\View->CodeIgniter\View\{closure}()
 4 SYSTEMPATH\Common.php(1190): CodeIgniter\View\View->render('Hotell\\checkOutReservation', [], true)
 5 APPPATH\Controllers\GuestController.php(305): view('Hotell\\checkOutReservation', [...])
 6 SYSTEMPATH\CodeIgniter.php(942): App\Controllers\GuestController->formdetails()
 7 SYSTEMPATH\CodeIgniter.php(502): CodeIgniter\CodeIgniter->runController(Object(App\Controllers\GuestController))
 8 SYSTEMPATH\CodeIgniter.php(361): CodeIgniter\CodeIgniter->handleRequest(null, Object(Config\Cache), false)
 9 FCPATH\index.php(79): CodeIgniter\CodeIgniter->run()
10 SYSTEMPATH\Commands\Server\rewrite.php(47): require_once('C:\\laragon\\www\\projectmahalta\\public\\index.php')
CRITICAL - 2024-02-25 05:57:16 --> Undefined array key "TotalAmount"
in APPPATH\Views\Hotell\checkOutReservation.php on line 140.
 1 APPPATH\Views\Hotell\checkOutReservation.php(140): CodeIgniter\Debug\Exceptions->errorHandler(2, 'Undefined array key "TotalAmount"', 'C:\\laragon\\www\\projectmahalta\\app\\Views\\Hotell\\checkOutReservation.php', 140)
 2 SYSTEMPATH\View\View.php(228): include('C:\\laragon\\www\\projectmahalta\\app\\Views\\Hotell\\checkOutReservation.php')
 3 SYSTEMPATH\View\View.php(231): CodeIgniter\View\View->CodeIgniter\View\{closure}()
 4 SYSTEMPATH\Common.php(1190): CodeIgniter\View\View->render('Hotell\\checkOutReservation', [], true)
 5 APPPATH\Controllers\GuestController.php(305): view('Hotell\\checkOutReservation', [...])
 6 SYSTEMPATH\CodeIgniter.php(942): App\Controllers\GuestController->formdetails()
 7 SYSTEMPATH\CodeIgniter.php(502): CodeIgniter\CodeIgniter->runController(Object(App\Controllers\GuestController))
 8 SYSTEMPATH\CodeIgniter.php(361): CodeIgniter\CodeIgniter->handleRequest(null, Object(Config\Cache), false)
 9 FCPATH\index.php(79): CodeIgniter\CodeIgniter->run()
10 SYSTEMPATH\Commands\Server\rewrite.php(47): require_once('C:\\laragon\\www\\projectmahalta\\public\\index.php')
CRITICAL - 2024-02-25 05:57:42 --> Undefined array key "TotalAmount"
in APPPATH\Views\Hotell\checkOutReservation.php on line 140.
 1 APPPATH\Views\Hotell\checkOutReservation.php(140): CodeIgniter\Debug\Exceptions->errorHandler(2, 'Undefined array key "TotalAmount"', 'C:\\laragon\\www\\projectmahalta\\app\\Views\\Hotell\\checkOutReservation.php', 140)
 2 SYSTEMPATH\View\View.php(228): include('C:\\laragon\\www\\projectmahalta\\app\\Views\\Hotell\\checkOutReservation.php')
 3 SYSTEMPATH\View\View.php(231): CodeIgniter\View\View->CodeIgniter\View\{closure}()
 4 SYSTEMPATH\Common.php(1190): CodeIgniter\View\View->render('Hotell\\checkOutReservation', [], true)
 5 APPPATH\Controllers\GuestController.php(305): view('Hotell\\checkOutReservation', [...])
 6 SYSTEMPATH\CodeIgniter.php(942): App\Controllers\GuestController->formdetails()
 7 SYSTEMPATH\CodeIgniter.php(502): CodeIgniter\CodeIgniter->runController(Object(App\Controllers\GuestController))
 8 SYSTEMPATH\CodeIgniter.php(361): CodeIgniter\CodeIgniter->handleRequest(null, Object(Config\Cache), false)
 9 FCPATH\index.php(79): CodeIgniter\CodeIgniter->run()
10 SYSTEMPATH\Commands\Server\rewrite.php(47): require_once('C:\\laragon\\www\\projectmahalta\\public\\index.php')
CRITICAL - 2024-02-25 05:57:44 --> Undefined array key "TotalAmount"
in APPPATH\Views\Hotell\checkOutReservation.php on line 140.
 1 APPPATH\Views\Hotell\checkOutReservation.php(140): CodeIgniter\Debug\Exceptions->errorHandler(2, 'Undefined array key "TotalAmount"', 'C:\\laragon\\www\\projectmahalta\\app\\Views\\Hotell\\checkOutReservation.php', 140)
 2 SYSTEMPATH\View\View.php(228): include('C:\\laragon\\www\\projectmahalta\\app\\Views\\Hotell\\checkOutReservation.php')
 3 SYSTEMPATH\View\View.php(231): CodeIgniter\View\View->CodeIgniter\View\{closure}()
 4 SYSTEMPATH\Common.php(1190): CodeIgniter\View\View->render('Hotell\\checkOutReservation', [], true)
 5 APPPATH\Controllers\GuestController.php(305): view('Hotell\\checkOutReservation', [...])
 6 SYSTEMPATH\CodeIgniter.php(942): App\Controllers\GuestController->formdetails()
 7 SYSTEMPATH\CodeIgniter.php(502): CodeIgniter\CodeIgniter->runController(Object(App\Controllers\GuestController))
 8 SYSTEMPATH\CodeIgniter.php(361): CodeIgniter\CodeIgniter->handleRequest(null, Object(Config\Cache), false)
 9 FCPATH\index.php(79): CodeIgniter\CodeIgniter->run()
10 SYSTEMPATH\Commands\Server\rewrite.php(47): require_once('C:\\laragon\\www\\projectmahalta\\public\\index.php')
CRITICAL - 2024-02-25 05:57:45 --> Undefined variable $totalAmount
in APPPATH\Views\Hotell\bookroom.php on line 176.
 1 APPPATH\Views\Hotell\bookroom.php(176): CodeIgniter\Debug\Exceptions->errorHandler(2, 'Undefined variable $totalAmount', 'C:\\laragon\\www\\projectmahalta\\app\\Views\\Hotell\\bookroom.php', 176)
 2 SYSTEMPATH\View\View.php(228): include('C:\\laragon\\www\\projectmahalta\\app\\Views\\Hotell\\bookroom.php')
 3 SYSTEMPATH\View\View.php(231): CodeIgniter\View\View->CodeIgniter\View\{closure}()
 4 SYSTEMPATH\Common.php(1190): CodeIgniter\View\View->render('Hotell/bookroom', [], true)
 5 APPPATH\Controllers\GuestController.php(173): view('Hotell/bookroom', [...])
 6 SYSTEMPATH\CodeIgniter.php(942): App\Controllers\GuestController->getdataRoom()
 7 SYSTEMPATH\CodeIgniter.php(502): CodeIgniter\CodeIgniter->runController(Object(App\Controllers\GuestController))
 8 SYSTEMPATH\CodeIgniter.php(361): CodeIgniter\CodeIgniter->handleRequest(null, Object(Config\Cache), false)
 9 FCPATH\index.php(79): CodeIgniter\CodeIgniter->run()
10 SYSTEMPATH\Commands\Server\rewrite.php(47): require_once('C:\\laragon\\www\\projectmahalta\\public\\index.php')
CRITICAL - 2024-02-25 05:57:46 --> Undefined variable $totalAmount
in APPPATH\Views\Hotell\bookroom.php on line 176.
 1 APPPATH\Views\Hotell\bookroom.php(176): CodeIgniter\Debug\Exceptions->errorHandler(2, 'Undefined variable $totalAmount', 'C:\\laragon\\www\\projectmahalta\\app\\Views\\Hotell\\bookroom.php', 176)
 2 SYSTEMPATH\View\View.php(228): include('C:\\laragon\\www\\projectmahalta\\app\\Views\\Hotell\\bookroom.php')
 3 SYSTEMPATH\View\View.php(231): CodeIgniter\View\View->CodeIgniter\View\{closure}()
 4 SYSTEMPATH\Common.php(1190): CodeIgniter\View\View->render('Hotell/bookroom', [], true)
 5 APPPATH\Controllers\GuestController.php(173): view('Hotell/bookroom', [...])
 6 SYSTEMPATH\CodeIgniter.php(942): App\Controllers\GuestController->getdataRoom()
 7 SYSTEMPATH\CodeIgniter.php(502): CodeIgniter\CodeIgniter->runController(Object(App\Controllers\GuestController))
 8 SYSTEMPATH\CodeIgniter.php(361): CodeIgniter\CodeIgniter->handleRequest(null, Object(Config\Cache), false)
 9 FCPATH\index.php(79): CodeIgniter\CodeIgniter->run()
10 SYSTEMPATH\Commands\Server\rewrite.php(47): require_once('C:\\laragon\\www\\projectmahalta\\public\\index.php')
CRITICAL - 2024-02-25 06:28:58 --> Undefined array key "totalAmount"
in APPPATH\Controllers\GuestController.php on line 296.
 1 APPPATH\Controllers\GuestController.php(296): CodeIgniter\Debug\Exceptions->errorHandler(2, 'Undefined array key "totalAmount"', 'C:\\laragon\\www\\projectmahalta\\app\\Controllers\\GuestController.php', 296)
 2 SYSTEMPATH\CodeIgniter.php(942): App\Controllers\GuestController->formdetails()
 3 SYSTEMPATH\CodeIgniter.php(502): CodeIgniter\CodeIgniter->runController(Object(App\Controllers\GuestController))
 4 SYSTEMPATH\CodeIgniter.php(361): CodeIgniter\CodeIgniter->handleRequest(null, Object(Config\Cache), false)
 5 FCPATH\index.php(79): CodeIgniter\CodeIgniter->run()
 6 SYSTEMPATH\Commands\Server\rewrite.php(47): require_once('C:\\laragon\\www\\projectmahalta\\public\\index.php')
CRITICAL - 2024-02-25 06:45:23 --> Undefined array key "NumberOfGuests"
in APPPATH\Controllers\GuestController.php on line 349.
 1 APPPATH\Controllers\GuestController.php(349): CodeIgniter\Debug\Exceptions->errorHandler(2, 'Undefined array key "NumberOfGuests"', 'C:\\laragon\\www\\projectmahalta\\app\\Controllers\\GuestController.php', 349)
 2 SYSTEMPATH\CodeIgniter.php(942): App\Controllers\GuestController->addReservation()
 3 SYSTEMPATH\CodeIgniter.php(502): CodeIgniter\CodeIgniter->runController(Object(App\Controllers\GuestController))
 4 SYSTEMPATH\CodeIgniter.php(361): CodeIgniter\CodeIgniter->handleRequest(null, Object(Config\Cache), false)
 5 FCPATH\index.php(79): CodeIgniter\CodeIgniter->run()
 6 SYSTEMPATH\Commands\Server\rewrite.php(47): require_once('C:\\laragon\\www\\projectmahalta\\public\\index.php')
CRITICAL - 2024-02-25 06:46:30 --> Undefined array key "NumberOfGuests"
in APPPATH\Controllers\GuestController.php on line 389.
 1 APPPATH\Controllers\GuestController.php(389): CodeIgniter\Debug\Exceptions->errorHandler(2, 'Undefined array key "NumberOfGuests"', 'C:\\laragon\\www\\projectmahalta\\app\\Controllers\\GuestController.php', 389)
 2 APPPATH\Controllers\GuestController.php(370): App\Controllers\GuestController->prepareEmailMessage([...])
 3 SYSTEMPATH\CodeIgniter.php(942): App\Controllers\GuestController->addReservation()
 4 SYSTEMPATH\CodeIgniter.php(502): CodeIgniter\CodeIgniter->runController(Object(App\Controllers\GuestController))
 5 SYSTEMPATH\CodeIgniter.php(361): CodeIgniter\CodeIgniter->handleRequest(null, Object(Config\Cache), false)
 6 FCPATH\index.php(79): CodeIgniter\CodeIgniter->run()
 7 SYSTEMPATH\Commands\Server\rewrite.php(47): require_once('C:\\laragon\\www\\projectmahalta\\public\\index.php')
CRITICAL - 2024-02-25 06:53:00 --> Undefined variable $TotalAmount
in APPPATH\Views\Hotell\bookroom.php on line 187.
 1 APPPATH\Views\Hotell\bookroom.php(187): CodeIgniter\Debug\Exceptions->errorHandler(2, 'Undefined variable $TotalAmount', 'C:\\laragon\\www\\projectmahalta\\app\\Views\\Hotell\\bookroom.php', 187)
 2 SYSTEMPATH\View\View.php(228): include('C:\\laragon\\www\\projectmahalta\\app\\Views\\Hotell\\bookroom.php')
 3 SYSTEMPATH\View\View.php(231): CodeIgniter\View\View->CodeIgniter\View\{closure}()
 4 SYSTEMPATH\Common.php(1190): CodeIgniter\View\View->render('Hotell\\bookroom', [], true)
 5 APPPATH\Controllers\GuestController.php(285): view('Hotell\\bookroom', [...])
 6 SYSTEMPATH\CodeIgniter.php(942): App\Controllers\GuestController->bookroom()
 7 SYSTEMPATH\CodeIgniter.php(502): CodeIgniter\CodeIgniter->runController(Object(App\Controllers\GuestController))
 8 SYSTEMPATH\CodeIgniter.php(361): CodeIgniter\CodeIgniter->handleRequest(null, Object(Config\Cache), false)
 9 FCPATH\index.php(79): CodeIgniter\CodeIgniter->run()
10 SYSTEMPATH\Commands\Server\rewrite.php(47): require_once('C:\\laragon\\www\\projectmahalta\\public\\index.php')
CRITICAL - 2024-02-25 06:54:35 --> Undefined array key "TotalAmount"
in APPPATH\Views\Hotell\bookroom.php on line 187.
 1 APPPATH\Views\Hotell\bookroom.php(187): CodeIgniter\Debug\Exceptions->errorHandler(2, 'Undefined array key "TotalAmount"', 'C:\\laragon\\www\\projectmahalta\\app\\Views\\Hotell\\bookroom.php', 187)
 2 SYSTEMPATH\View\View.php(228): include('C:\\laragon\\www\\projectmahalta\\app\\Views\\Hotell\\bookroom.php')
 3 SYSTEMPATH\View\View.php(231): CodeIgniter\View\View->CodeIgniter\View\{closure}()
 4 SYSTEMPATH\Common.php(1190): CodeIgniter\View\View->render('Hotell\\bookroom', [], true)
 5 APPPATH\Controllers\GuestController.php(285): view('Hotell\\bookroom', [...])
 6 SYSTEMPATH\CodeIgniter.php(942): App\Controllers\GuestController->bookroom()
 7 SYSTEMPATH\CodeIgniter.php(502): CodeIgniter\CodeIgniter->runController(Object(App\Controllers\GuestController))
 8 SYSTEMPATH\CodeIgniter.php(361): CodeIgniter\CodeIgniter->handleRequest(null, Object(Config\Cache), false)
 9 FCPATH\index.php(79): CodeIgniter\CodeIgniter->run()
10 SYSTEMPATH\Commands\Server\rewrite.php(47): require_once('C:\\laragon\\www\\projectmahalta\\public\\index.php')
CRITICAL - 2024-02-25 06:56:04 --> Undefined array key "TotalAmount"
in APPPATH\Views\Hotell\bookroom.php on line 187.
 1 APPPATH\Views\Hotell\bookroom.php(187): CodeIgniter\Debug\Exceptions->errorHandler(2, 'Undefined array key "TotalAmount"', 'C:\\laragon\\www\\projectmahalta\\app\\Views\\Hotell\\bookroom.php', 187)
 2 SYSTEMPATH\View\View.php(228): include('C:\\laragon\\www\\projectmahalta\\app\\Views\\Hotell\\bookroom.php')
 3 SYSTEMPATH\View\View.php(231): CodeIgniter\View\View->CodeIgniter\View\{closure}()
 4 SYSTEMPATH\Common.php(1190): CodeIgniter\View\View->render('Hotell\\bookroom', [], true)
 5 APPPATH\Controllers\GuestController.php(285): view('Hotell\\bookroom', [...])
 6 SYSTEMPATH\CodeIgniter.php(942): App\Controllers\GuestController->bookroom()
 7 SYSTEMPATH\CodeIgniter.php(502): CodeIgniter\CodeIgniter->runController(Object(App\Controllers\GuestController))
 8 SYSTEMPATH\CodeIgniter.php(361): CodeIgniter\CodeIgniter->handleRequest(null, Object(Config\Cache), false)
 9 FCPATH\index.php(79): CodeIgniter\CodeIgniter->run()
10 SYSTEMPATH\Commands\Server\rewrite.php(47): require_once('C:\\laragon\\www\\projectmahalta\\public\\index.php')
CRITICAL - 2024-02-25 06:56:23 --> Undefined array key "TotalAmount"
in APPPATH\Views\Hotell\bookroom.php on line 187.
 1 APPPATH\Views\Hotell\bookroom.php(187): CodeIgniter\Debug\Exceptions->errorHandler(2, 'Undefined array key "TotalAmount"', 'C:\\laragon\\www\\projectmahalta\\app\\Views\\Hotell\\bookroom.php', 187)
 2 SYSTEMPATH\View\View.php(228): include('C:\\laragon\\www\\projectmahalta\\app\\Views\\Hotell\\bookroom.php')
 3 SYSTEMPATH\View\View.php(231): CodeIgniter\View\View->CodeIgniter\View\{closure}()
 4 SYSTEMPATH\Common.php(1190): CodeIgniter\View\View->render('Hotell\\bookroom', [], true)
 5 APPPATH\Controllers\GuestController.php(285): view('Hotell\\bookroom', [...])
 6 SYSTEMPATH\CodeIgniter.php(942): App\Controllers\GuestController->bookroom()
 7 SYSTEMPATH\CodeIgniter.php(502): CodeIgniter\CodeIgniter->runController(Object(App\Controllers\GuestController))
 8 SYSTEMPATH\CodeIgniter.php(361): CodeIgniter\CodeIgniter->handleRequest(null, Object(Config\Cache), false)
 9 FCPATH\index.php(79): CodeIgniter\CodeIgniter->run()
10 SYSTEMPATH\Commands\Server\rewrite.php(47): require_once('C:\\laragon\\www\\projectmahalta\\public\\index.php')
CRITICAL - 2024-02-25 06:56:43 --> Undefined variable $totalAmount
in APPPATH\Views\Hotell\bookroom.php on line 187.
 1 APPPATH\Views\Hotell\bookroom.php(187): CodeIgniter\Debug\Exceptions->errorHandler(2, 'Undefined variable $totalAmount', 'C:\\laragon\\www\\projectmahalta\\app\\Views\\Hotell\\bookroom.php', 187)
 2 SYSTEMPATH\View\View.php(228): include('C:\\laragon\\www\\projectmahalta\\app\\Views\\Hotell\\bookroom.php')
 3 SYSTEMPATH\View\View.php(231): CodeIgniter\View\View->CodeIgniter\View\{closure}()
 4 SYSTEMPATH\Common.php(1190): CodeIgniter\View\View->render('Hotell\\bookroom', [], true)
 5 APPPATH\Controllers\GuestController.php(285): view('Hotell\\bookroom', [...])
 6 SYSTEMPATH\CodeIgniter.php(942): App\Controllers\GuestController->bookroom()
 7 SYSTEMPATH\CodeIgniter.php(502): CodeIgniter\CodeIgniter->runController(Object(App\Controllers\GuestController))
 8 SYSTEMPATH\CodeIgniter.php(361): CodeIgniter\CodeIgniter->handleRequest(null, Object(Config\Cache), false)
 9 FCPATH\index.php(79): CodeIgniter\CodeIgniter->run()
10 SYSTEMPATH\Commands\Server\rewrite.php(47): require_once('C:\\laragon\\www\\projectmahalta\\public\\index.php')
CRITICAL - 2024-02-25 06:56:46 --> Undefined variable $TotalAmount
in APPPATH\Views\Hotell\bookroom.php on line 187.
 1 APPPATH\Views\Hotell\bookroom.php(187): CodeIgniter\Debug\Exceptions->errorHandler(2, 'Undefined variable $TotalAmount', 'C:\\laragon\\www\\projectmahalta\\app\\Views\\Hotell\\bookroom.php', 187)
 2 SYSTEMPATH\View\View.php(228): include('C:\\laragon\\www\\projectmahalta\\app\\Views\\Hotell\\bookroom.php')
 3 SYSTEMPATH\View\View.php(231): CodeIgniter\View\View->CodeIgniter\View\{closure}()
 4 SYSTEMPATH\Common.php(1190): CodeIgniter\View\View->render('Hotell\\bookroom', [], true)
 5 APPPATH\Controllers\GuestController.php(285): view('Hotell\\bookroom', [...])
 6 SYSTEMPATH\CodeIgniter.php(942): App\Controllers\GuestController->bookroom()
 7 SYSTEMPATH\CodeIgniter.php(502): CodeIgniter\CodeIgniter->runController(Object(App\Controllers\GuestController))
 8 SYSTEMPATH\CodeIgniter.php(361): CodeIgniter\CodeIgniter->handleRequest(null, Object(Config\Cache), false)
 9 FCPATH\index.php(79): CodeIgniter\CodeIgniter->run()
10 SYSTEMPATH\Commands\Server\rewrite.php(47): require_once('C:\\laragon\\www\\projectmahalta\\public\\index.php')
CRITICAL - 2024-02-25 07:10:53 --> Undefined variable $TotalAmount
in APPPATH\Views\Hotell\bookroom.php on line 187.
 1 APPPATH\Views\Hotell\bookroom.php(187): CodeIgniter\Debug\Exceptions->errorHandler(2, 'Undefined variable $TotalAmount', 'C:\\laragon\\www\\projectmahalta\\app\\Views\\Hotell\\bookroom.php', 187)
 2 SYSTEMPATH\View\View.php(228): include('C:\\laragon\\www\\projectmahalta\\app\\Views\\Hotell\\bookroom.php')
 3 SYSTEMPATH\View\View.php(231): CodeIgniter\View\View->CodeIgniter\View\{closure}()
 4 SYSTEMPATH\Common.php(1190): CodeIgniter\View\View->render('Hotell\\bookroom', [], true)
 5 APPPATH\Controllers\GuestController.php(285): view('Hotell\\bookroom', [...])
 6 SYSTEMPATH\CodeIgniter.php(942): App\Controllers\GuestController->bookroom()
 7 SYSTEMPATH\CodeIgniter.php(502): CodeIgniter\CodeIgniter->runController(Object(App\Controllers\GuestController))
 8 SYSTEMPATH\CodeIgniter.php(361): CodeIgniter\CodeIgniter->handleRequest(null, Object(Config\Cache), false)
 9 FCPATH\index.php(79): CodeIgniter\CodeIgniter->run()
10 SYSTEMPATH\Commands\Server\rewrite.php(47): require_once('C:\\laragon\\www\\projectmahalta\\public\\index.php')
CRITICAL - 2024-02-25 07:11:04 --> Undefined variable $TotalAmount
in APPPATH\Views\Hotell\bookroom.php on line 187.
 1 APPPATH\Views\Hotell\bookroom.php(187): CodeIgniter\Debug\Exceptions->errorHandler(2, 'Undefined variable $TotalAmount', 'C:\\laragon\\www\\projectmahalta\\app\\Views\\Hotell\\bookroom.php', 187)
 2 SYSTEMPATH\View\View.php(228): include('C:\\laragon\\www\\projectmahalta\\app\\Views\\Hotell\\bookroom.php')
 3 SYSTEMPATH\View\View.php(231): CodeIgniter\View\View->CodeIgniter\View\{closure}()
 4 SYSTEMPATH\Common.php(1190): CodeIgniter\View\View->render('Hotell\\bookroom', [], true)
 5 APPPATH\Controllers\GuestController.php(285): view('Hotell\\bookroom', [...])
 6 SYSTEMPATH\CodeIgniter.php(942): App\Controllers\GuestController->bookroom()
 7 SYSTEMPATH\CodeIgniter.php(502): CodeIgniter\CodeIgniter->runController(Object(App\Controllers\GuestController))
 8 SYSTEMPATH\CodeIgniter.php(361): CodeIgniter\CodeIgniter->handleRequest(null, Object(Config\Cache), false)
 9 FCPATH\index.php(79): CodeIgniter\CodeIgniter->run()
10 SYSTEMPATH\Commands\Server\rewrite.php(47): require_once('C:\\laragon\\www\\projectmahalta\\public\\index.php')
CRITICAL - 2024-02-25 07:14:17 --> Undefined variable $TotalAmount
in APPPATH\Views\Hotell\bookroom.php on line 187.
 1 APPPATH\Views\Hotell\bookroom.php(187): CodeIgniter\Debug\Exceptions->errorHandler(2, 'Undefined variable $TotalAmount', 'C:\\laragon\\www\\projectmahalta\\app\\Views\\Hotell\\bookroom.php', 187)
 2 SYSTEMPATH\View\View.php(228): include('C:\\laragon\\www\\projectmahalta\\app\\Views\\Hotell\\bookroom.php')
 3 SYSTEMPATH\View\View.php(231): CodeIgniter\View\View->CodeIgniter\View\{closure}()
 4 SYSTEMPATH\Common.php(1190): CodeIgniter\View\View->render('Hotell\\bookroom', [], true)
 5 APPPATH\Controllers\GuestController.php(285): view('Hotell\\bookroom', [...])
 6 SYSTEMPATH\CodeIgniter.php(942): App\Controllers\GuestController->bookroom()
 7 SYSTEMPATH\CodeIgniter.php(502): CodeIgniter\CodeIgniter->runController(Object(App\Controllers\GuestController))
 8 SYSTEMPATH\CodeIgniter.php(361): CodeIgniter\CodeIgniter->handleRequest(null, Object(Config\Cache), false)
 9 FCPATH\index.php(79): CodeIgniter\CodeIgniter->run()
10 SYSTEMPATH\Commands\Server\rewrite.php(47): require_once('C:\\laragon\\www\\projectmahalta\\public\\index.php')
CRITICAL - 2024-02-25 07:25:45 --> Undefined variable $availableRooms
in APPPATH\Controllers\GuestController.php on line 211.
 1 APPPATH\Controllers\GuestController.php(211): CodeIgniter\Debug\Exceptions->errorHandler(2, 'Undefined variable $availableRooms', 'C:\\laragon\\www\\projectmahalta\\app\\Controllers\\GuestController.php', 211)
 2 SYSTEMPATH\CodeIgniter.php(942): App\Controllers\GuestController->getdataRoomReservation()
 3 SYSTEMPATH\CodeIgniter.php(502): CodeIgniter\CodeIgniter->runController(Object(App\Controllers\GuestController))
 4 SYSTEMPATH\CodeIgniter.php(361): CodeIgniter\CodeIgniter->handleRequest(null, Object(Config\Cache), false)
 5 FCPATH\index.php(79): CodeIgniter\CodeIgniter->run()
 6 SYSTEMPATH\Commands\Server\rewrite.php(47): require_once('C:\\laragon\\www\\projectmahalta\\public\\index.php')
CRITICAL - 2024-02-25 07:25:55 --> Invalid file: "bookroom/formdetails.php"
in SYSTEMPATH\Exceptions\FrameworkException.php on line 39.
 1 SYSTEMPATH\View\View.php(216): CodeIgniter\Exceptions\FrameworkException::forInvalidFile('bookroom/formdetails.php')
 2 SYSTEMPATH\Common.php(1190): CodeIgniter\View\View->render('bookroom/formdetails', [], true)
 3 APPPATH\Controllers\GuestController.php(212): view('bookroom/formdetails', [...])
 4 SYSTEMPATH\CodeIgniter.php(942): App\Controllers\GuestController->getdataRoomReservation()
 5 SYSTEMPATH\CodeIgniter.php(502): CodeIgniter\CodeIgniter->runController(Object(App\Controllers\GuestController))
 6 SYSTEMPATH\CodeIgniter.php(361): CodeIgniter\CodeIgniter->handleRequest(null, Object(Config\Cache), false)
 7 FCPATH\index.php(79): CodeIgniter\CodeIgniter->run()
 8 SYSTEMPATH\Commands\Server\rewrite.php(47): require_once('C:\\laragon\\www\\projectmahalta\\public\\index.php')
CRITICAL - 2024-02-25 07:26:43 --> Undefined variable $roomReservationData
in APPPATH\Views\Hotell\checkOutReservation.php on line 118.
 1 APPPATH\Views\Hotell\checkOutReservation.php(118): CodeIgniter\Debug\Exceptions->errorHandler(2, 'Undefined variable $roomReservationData', 'C:\\laragon\\www\\projectmahalta\\app\\Views\\Hotell\\checkOutReservation.php', 118)
 2 SYSTEMPATH\View\View.php(228): include('C:\\laragon\\www\\projectmahalta\\app\\Views\\Hotell\\checkOutReservation.php')
 3 SYSTEMPATH\View\View.php(231): CodeIgniter\View\View->CodeIgniter\View\{closure}()
 4 SYSTEMPATH\Common.php(1190): CodeIgniter\View\View->render('Hotell/checkOutReservation', [], true)
 5 APPPATH\Controllers\GuestController.php(212): view('Hotell/checkOutReservation', [...])
 6 SYSTEMPATH\CodeIgniter.php(942): App\Controllers\GuestController->getdataRoomReservation()
 7 SYSTEMPATH\CodeIgniter.php(502): CodeIgniter\CodeIgniter->runController(Object(App\Controllers\GuestController))
 8 SYSTEMPATH\CodeIgniter.php(361): CodeIgniter\CodeIgniter->handleRequest(null, Object(Config\Cache), false)
 9 FCPATH\index.php(79): CodeIgniter\CodeIgniter->run()
10 SYSTEMPATH\Commands\Server\rewrite.php(47): require_once('C:\\laragon\\www\\projectmahalta\\public\\index.php')
CRITICAL - 2024-02-25 07:40:28 --> Undefined variable $roomReservationData
in APPPATH\Views\Hotell\checkOutReservation.php on line 118.
 1 APPPATH\Views\Hotell\checkOutReservation.php(118): CodeIgniter\Debug\Exceptions->errorHandler(2, 'Undefined variable $roomReservationData', 'C:\\laragon\\www\\projectmahalta\\app\\Views\\Hotell\\checkOutReservation.php', 118)
 2 SYSTEMPATH\View\View.php(228): include('C:\\laragon\\www\\projectmahalta\\app\\Views\\Hotell\\checkOutReservation.php')
 3 SYSTEMPATH\View\View.php(231): CodeIgniter\View\View->CodeIgniter\View\{closure}()
 4 SYSTEMPATH\Common.php(1190): CodeIgniter\View\View->render('Hotell/checkOutReservation', [], true)
 5 APPPATH\Controllers\GuestController.php(232): view('Hotell/checkOutReservation', [...])
 6 SYSTEMPATH\CodeIgniter.php(942): App\Controllers\GuestController->getdataRoomReservation()
 7 SYSTEMPATH\CodeIgniter.php(502): CodeIgniter\CodeIgniter->runController(Object(App\Controllers\GuestController))
 8 SYSTEMPATH\CodeIgniter.php(361): CodeIgniter\CodeIgniter->handleRequest(null, Object(Config\Cache), false)
 9 FCPATH\index.php(79): CodeIgniter\CodeIgniter->run()
10 SYSTEMPATH\Commands\Server\rewrite.php(47): require_once('C:\\laragon\\www\\projectmahalta\\public\\index.php')
CRITICAL - 2024-02-25 07:43:01 --> Undefined variable $roomReservationData
in APPPATH\Views\Hotell\checkOutReservation.php on line 118.
 1 APPPATH\Views\Hotell\checkOutReservation.php(118): CodeIgniter\Debug\Exceptions->errorHandler(2, 'Undefined variable $roomReservationData', 'C:\\laragon\\www\\projectmahalta\\app\\Views\\Hotell\\checkOutReservation.php', 118)
 2 SYSTEMPATH\View\View.php(228): include('C:\\laragon\\www\\projectmahalta\\app\\Views\\Hotell\\checkOutReservation.php')
 3 SYSTEMPATH\View\View.php(231): CodeIgniter\View\View->CodeIgniter\View\{closure}()
 4 SYSTEMPATH\Common.php(1190): CodeIgniter\View\View->render('Hotell/checkOutReservation', [], true)
 5 APPPATH\Controllers\GuestController.php(238): view('Hotell/checkOutReservation', [...])
 6 SYSTEMPATH\CodeIgniter.php(942): App\Controllers\GuestController->getdataRoomReservation()
 7 SYSTEMPATH\CodeIgniter.php(502): CodeIgniter\CodeIgniter->runController(Object(App\Controllers\GuestController))
 8 SYSTEMPATH\CodeIgniter.php(361): CodeIgniter\CodeIgniter->handleRequest(null, Object(Config\Cache), false)
 9 FCPATH\index.php(79): CodeIgniter\CodeIgniter->run()
10 SYSTEMPATH\Commands\Server\rewrite.php(47): require_once('C:\\laragon\\www\\projectmahalta\\public\\index.php')
CRITICAL - 2024-02-25 07:43:02 --> Undefined variable $roomReservationData
in APPPATH\Views\Hotell\checkOutReservation.php on line 118.
 1 APPPATH\Views\Hotell\checkOutReservation.php(118): CodeIgniter\Debug\Exceptions->errorHandler(2, 'Undefined variable $roomReservationData', 'C:\\laragon\\www\\projectmahalta\\app\\Views\\Hotell\\checkOutReservation.php', 118)
 2 SYSTEMPATH\View\View.php(228): include('C:\\laragon\\www\\projectmahalta\\app\\Views\\Hotell\\checkOutReservation.php')
 3 SYSTEMPATH\View\View.php(231): CodeIgniter\View\View->CodeIgniter\View\{closure}()
 4 SYSTEMPATH\Common.php(1190): CodeIgniter\View\View->render('Hotell/checkOutReservation', [], true)
 5 APPPATH\Controllers\GuestController.php(238): view('Hotell/checkOutReservation', [...])
 6 SYSTEMPATH\CodeIgniter.php(942): App\Controllers\GuestController->getdataRoomReservation()
 7 SYSTEMPATH\CodeIgniter.php(502): CodeIgniter\CodeIgniter->runController(Object(App\Controllers\GuestController))
 8 SYSTEMPATH\CodeIgniter.php(361): CodeIgniter\CodeIgniter->handleRequest(null, Object(Config\Cache), false)
 9 FCPATH\index.php(79): CodeIgniter\CodeIgniter->run()
10 SYSTEMPATH\Commands\Server\rewrite.php(47): require_once('C:\\laragon\\www\\projectmahalta\\public\\index.php')
CRITICAL - 2024-02-25 07:43:51 --> Undefined variable $roomReservationData
in APPPATH\Views\Hotell\checkOutReservation.php on line 118.
 1 APPPATH\Views\Hotell\checkOutReservation.php(118): CodeIgniter\Debug\Exceptions->errorHandler(2, 'Undefined variable $roomReservationData', 'C:\\laragon\\www\\projectmahalta\\app\\Views\\Hotell\\checkOutReservation.php', 118)
 2 SYSTEMPATH\View\View.php(228): include('C:\\laragon\\www\\projectmahalta\\app\\Views\\Hotell\\checkOutReservation.php')
 3 SYSTEMPATH\View\View.php(231): CodeIgniter\View\View->CodeIgniter\View\{closure}()
 4 SYSTEMPATH\Common.php(1190): CodeIgniter\View\View->render('Hotell/checkOutReservation', [], true)
 5 APPPATH\Controllers\GuestController.php(238): view('Hotell/checkOutReservation', [...])
 6 SYSTEMPATH\CodeIgniter.php(942): App\Controllers\GuestController->getdataRoomReservation()
 7 SYSTEMPATH\CodeIgniter.php(502): CodeIgniter\CodeIgniter->runController(Object(App\Controllers\GuestController))
 8 SYSTEMPATH\CodeIgniter.php(361): CodeIgniter\CodeIgniter->handleRequest(null, Object(Config\Cache), false)
 9 FCPATH\index.php(79): CodeIgniter\CodeIgniter->run()
10 SYSTEMPATH\Commands\Server\rewrite.php(47): require_once('C:\\laragon\\www\\projectmahalta\\public\\index.php')
CRITICAL - 2024-02-25 07:44:19 --> Undefined variable $roomReservationData
in APPPATH\Views\Hotell\checkOutReservation.php on line 118.
 1 APPPATH\Views\Hotell\checkOutReservation.php(118): CodeIgniter\Debug\Exceptions->errorHandler(2, 'Undefined variable $roomReservationData', 'C:\\laragon\\www\\projectmahalta\\app\\Views\\Hotell\\checkOutReservation.php', 118)
 2 SYSTEMPATH\View\View.php(228): include('C:\\laragon\\www\\projectmahalta\\app\\Views\\Hotell\\checkOutReservation.php')
 3 SYSTEMPATH\View\View.php(231): CodeIgniter\View\View->CodeIgniter\View\{closure}()
 4 SYSTEMPATH\Common.php(1190): CodeIgniter\View\View->render('Hotell/checkOutReservation', [], true)
 5 APPPATH\Controllers\GuestController.php(232): view('Hotell/checkOutReservation', [...])
 6 SYSTEMPATH\CodeIgniter.php(942): App\Controllers\GuestController->getdataRoomReservation()
 7 SYSTEMPATH\CodeIgniter.php(502): CodeIgniter\CodeIgniter->runController(Object(App\Controllers\GuestController))
 8 SYSTEMPATH\CodeIgniter.php(361): CodeIgniter\CodeIgniter->handleRequest(null, Object(Config\Cache), false)
 9 FCPATH\index.php(79): CodeIgniter\CodeIgniter->run()
10 SYSTEMPATH\Commands\Server\rewrite.php(47): require_once('C:\\laragon\\www\\projectmahalta\\public\\index.php')
CRITICAL - 2024-02-25 07:44:39 --> Undefined variable $roomReservationData
in APPPATH\Views\Hotell\checkOutReservation.php on line 118.
 1 APPPATH\Views\Hotell\checkOutReservation.php(118): CodeIgniter\Debug\Exceptions->errorHandler(2, 'Undefined variable $roomReservationData', 'C:\\laragon\\www\\projectmahalta\\app\\Views\\Hotell\\checkOutReservation.php', 118)
 2 SYSTEMPATH\View\View.php(228): include('C:\\laragon\\www\\projectmahalta\\app\\Views\\Hotell\\checkOutReservation.php')
 3 SYSTEMPATH\View\View.php(231): CodeIgniter\View\View->CodeIgniter\View\{closure}()
 4 SYSTEMPATH\Common.php(1190): CodeIgniter\View\View->render('Hotell/checkOutReservation', [], true)
 5 APPPATH\Controllers\GuestController.php(233): view('Hotell/checkOutReservation', [...])
 6 SYSTEMPATH\CodeIgniter.php(942): App\Controllers\GuestController->getdataRoomReservation()
 7 SYSTEMPATH\CodeIgniter.php(502): CodeIgniter\CodeIgniter->runController(Object(App\Controllers\GuestController))
 8 SYSTEMPATH\CodeIgniter.php(361): CodeIgniter\CodeIgniter->handleRequest(null, Object(Config\Cache), false)
 9 FCPATH\index.php(79): CodeIgniter\CodeIgniter->run()
10 SYSTEMPATH\Commands\Server\rewrite.php(47): require_once('C:\\laragon\\www\\projectmahalta\\public\\index.php')
CRITICAL - 2024-02-25 07:44:44 --> Undefined variable $roomReservationData
in APPPATH\Views\Hotell\checkOutReservation.php on line 118.
 1 APPPATH\Views\Hotell\checkOutReservation.php(118): CodeIgniter\Debug\Exceptions->errorHandler(2, 'Undefined variable $roomReservationData', 'C:\\laragon\\www\\projectmahalta\\app\\Views\\Hotell\\checkOutReservation.php', 118)
 2 SYSTEMPATH\View\View.php(228): include('C:\\laragon\\www\\projectmahalta\\app\\Views\\Hotell\\checkOutReservation.php')
 3 SYSTEMPATH\View\View.php(231): CodeIgniter\View\View->CodeIgniter\View\{closure}()
 4 SYSTEMPATH\Common.php(1190): CodeIgniter\View\View->render('Hotell/checkOutReservation', [], true)
 5 APPPATH\Controllers\GuestController.php(233): view('Hotell/checkOutReservation', [...])
 6 SYSTEMPATH\CodeIgniter.php(942): App\Controllers\GuestController->getdataRoomReservation()
 7 SYSTEMPATH\CodeIgniter.php(502): CodeIgniter\CodeIgniter->runController(Object(App\Controllers\GuestController))
 8 SYSTEMPATH\CodeIgniter.php(361): CodeIgniter\CodeIgniter->handleRequest(null, Object(Config\Cache), false)
 9 FCPATH\index.php(79): CodeIgniter\CodeIgniter->run()
10 SYSTEMPATH\Commands\Server\rewrite.php(47): require_once('C:\\laragon\\www\\projectmahalta\\public\\index.php')
CRITICAL - 2024-02-25 07:50:29 --> Undefined variable $totalAmount
in APPPATH\Views\Hotell\bookroom.php on line 176.
 1 APPPATH\Views\Hotell\bookroom.php(176): CodeIgniter\Debug\Exceptions->errorHandler(2, 'Undefined variable $totalAmount', 'C:\\laragon\\www\\projectmahalta\\app\\Views\\Hotell\\bookroom.php', 176)
 2 SYSTEMPATH\View\View.php(228): include('C:\\laragon\\www\\projectmahalta\\app\\Views\\Hotell\\bookroom.php')
 3 SYSTEMPATH\View\View.php(231): CodeIgniter\View\View->CodeIgniter\View\{closure}()
 4 SYSTEMPATH\Common.php(1190): CodeIgniter\View\View->render('Hotell\\bookroom', [], true)
 5 APPPATH\Controllers\GuestController.php(285): view('Hotell\\bookroom', [...])
 6 SYSTEMPATH\CodeIgniter.php(942): App\Controllers\GuestController->bookroom()
 7 SYSTEMPATH\CodeIgniter.php(502): CodeIgniter\CodeIgniter->runController(Object(App\Controllers\GuestController))
 8 SYSTEMPATH\CodeIgniter.php(361): CodeIgniter\CodeIgniter->handleRequest(null, Object(Config\Cache), false)
 9 FCPATH\index.php(79): CodeIgniter\CodeIgniter->run()
10 SYSTEMPATH\Commands\Server\rewrite.php(47): require_once('C:\\laragon\\www\\projectmahalta\\public\\index.php')
CRITICAL - 2024-02-25 07:51:55 --> Undefined variable $TotalAmount
in APPPATH\Views\Hotell\bookroom.php on line 176.
 1 APPPATH\Views\Hotell\bookroom.php(176): CodeIgniter\Debug\Exceptions->errorHandler(2, 'Undefined variable $TotalAmount', 'C:\\laragon\\www\\projectmahalta\\app\\Views\\Hotell\\bookroom.php', 176)
 2 SYSTEMPATH\View\View.php(228): include('C:\\laragon\\www\\projectmahalta\\app\\Views\\Hotell\\bookroom.php')
 3 SYSTEMPATH\View\View.php(231): CodeIgniter\View\View->CodeIgniter\View\{closure}()
 4 SYSTEMPATH\Common.php(1190): CodeIgniter\View\View->render('Hotell\\bookroom', [], true)
 5 APPPATH\Controllers\GuestController.php(285): view('Hotell\\bookroom', [...])
 6 SYSTEMPATH\CodeIgniter.php(942): App\Controllers\GuestController->bookroom()
 7 SYSTEMPATH\CodeIgniter.php(502): CodeIgniter\CodeIgniter->runController(Object(App\Controllers\GuestController))
 8 SYSTEMPATH\CodeIgniter.php(361): CodeIgniter\CodeIgniter->handleRequest(null, Object(Config\Cache), false)
 9 FCPATH\index.php(79): CodeIgniter\CodeIgniter->run()
10 SYSTEMPATH\Commands\Server\rewrite.php(47): require_once('C:\\laragon\\www\\projectmahalta\\public\\index.php')
CRITICAL - 2024-02-25 07:51:56 --> Undefined variable $TotalAmount
in APPPATH\Views\Hotell\bookroom.php on line 176.
 1 APPPATH\Views\Hotell\bookroom.php(176): CodeIgniter\Debug\Exceptions->errorHandler(2, 'Undefined variable $TotalAmount', 'C:\\laragon\\www\\projectmahalta\\app\\Views\\Hotell\\bookroom.php', 176)
 2 SYSTEMPATH\View\View.php(228): include('C:\\laragon\\www\\projectmahalta\\app\\Views\\Hotell\\bookroom.php')
 3 SYSTEMPATH\View\View.php(231): CodeIgniter\View\View->CodeIgniter\View\{closure}()
 4 SYSTEMPATH\Common.php(1190): CodeIgniter\View\View->render('Hotell\\bookroom', [], true)
 5 APPPATH\Controllers\GuestController.php(285): view('Hotell\\bookroom', [...])
 6 SYSTEMPATH\CodeIgniter.php(942): App\Controllers\GuestController->bookroom()
 7 SYSTEMPATH\CodeIgniter.php(502): CodeIgniter\CodeIgniter->runController(Object(App\Controllers\GuestController))
 8 SYSTEMPATH\CodeIgniter.php(361): CodeIgniter\CodeIgniter->handleRequest(null, Object(Config\Cache), false)
 9 FCPATH\index.php(79): CodeIgniter\CodeIgniter->run()
10 SYSTEMPATH\Commands\Server\rewrite.php(47): require_once('C:\\laragon\\www\\projectmahalta\\public\\index.php')
CRITICAL - 2024-02-25 07:52:35 --> Undefined variable $TotalAmount
in APPPATH\Views\Hotell\bookroom.php on line 176.
 1 APPPATH\Views\Hotell\bookroom.php(176): CodeIgniter\Debug\Exceptions->errorHandler(2, 'Undefined variable $TotalAmount', 'C:\\laragon\\www\\projectmahalta\\app\\Views\\Hotell\\bookroom.php', 176)
 2 SYSTEMPATH\View\View.php(228): include('C:\\laragon\\www\\projectmahalta\\app\\Views\\Hotell\\bookroom.php')
 3 SYSTEMPATH\View\View.php(231): CodeIgniter\View\View->CodeIgniter\View\{closure}()
 4 SYSTEMPATH\Common.php(1190): CodeIgniter\View\View->render('Hotell\\bookroom', [], true)
 5 APPPATH\Controllers\GuestController.php(285): view('Hotell\\bookroom', [...])
 6 SYSTEMPATH\CodeIgniter.php(942): App\Controllers\GuestController->bookroom()
 7 SYSTEMPATH\CodeIgniter.php(502): CodeIgniter\CodeIgniter->runController(Object(App\Controllers\GuestController))
 8 SYSTEMPATH\CodeIgniter.php(361): CodeIgniter\CodeIgniter->handleRequest(null, Object(Config\Cache), false)
 9 FCPATH\index.php(79): CodeIgniter\CodeIgniter->run()
10 SYSTEMPATH\Commands\Server\rewrite.php(47): require_once('C:\\laragon\\www\\projectmahalta\\public\\index.php')
CRITICAL - 2024-02-25 08:01:00 --> Undefined array key "TotalAmount"
in APPPATH\Controllers\GuestController.php on line 333.
 1 APPPATH\Controllers\GuestController.php(333): CodeIgniter\Debug\Exceptions->errorHandler(2, 'Undefined array key "TotalAmount"', 'C:\\laragon\\www\\projectmahalta\\app\\Controllers\\GuestController.php', 333)
 2 SYSTEMPATH\CodeIgniter.php(942): App\Controllers\GuestController->formdetails()
 3 SYSTEMPATH\CodeIgniter.php(502): CodeIgniter\CodeIgniter->runController(Object(App\Controllers\GuestController))
 4 SYSTEMPATH\CodeIgniter.php(361): CodeIgniter\CodeIgniter->handleRequest(null, Object(Config\Cache), false)
 5 FCPATH\index.php(79): CodeIgniter\CodeIgniter->run()
 6 SYSTEMPATH\Commands\Server\rewrite.php(47): require_once('C:\\laragon\\www\\projectmahalta\\public\\index.php')
CRITICAL - 2024-02-25 08:05:34 --> Undefined variable $roomReservationData
in APPPATH\Views\Hotell\checkOutReservation.php on line 121.
 1 APPPATH\Views\Hotell\checkOutReservation.php(121): CodeIgniter\Debug\Exceptions->errorHandler(2, 'Undefined variable $roomReservationData', 'C:\\laragon\\www\\projectmahalta\\app\\Views\\Hotell\\checkOutReservation.php', 121)
 2 SYSTEMPATH\View\View.php(228): include('C:\\laragon\\www\\projectmahalta\\app\\Views\\Hotell\\checkOutReservation.php')
 3 SYSTEMPATH\View\View.php(231): CodeIgniter\View\View->CodeIgniter\View\{closure}()
 4 SYSTEMPATH\Common.php(1190): CodeIgniter\View\View->render('Hotell/checkOutReservation', [], true)
 5 APPPATH\Controllers\GuestController.php(437): view('Hotell/checkOutReservation', [...])
 6 SYSTEMPATH\CodeIgniter.php(942): App\Controllers\GuestController->addReservation()
 7 SYSTEMPATH\CodeIgniter.php(502): CodeIgniter\CodeIgniter->runController(Object(App\Controllers\GuestController))
 8 SYSTEMPATH\CodeIgniter.php(361): CodeIgniter\CodeIgniter->handleRequest(null, Object(Config\Cache), false)
 9 FCPATH\index.php(79): CodeIgniter\CodeIgniter->run()
10 SYSTEMPATH\Commands\Server\rewrite.php(47): require_once('C:\\laragon\\www\\projectmahalta\\public\\index.php')
CRITICAL - 2024-02-25 08:07:46 --> Undefined variable $roomReservationData
in APPPATH\Views\Hotell\checkOutReservation.php on line 121.
 1 APPPATH\Views\Hotell\checkOutReservation.php(121): CodeIgniter\Debug\Exceptions->errorHandler(2, 'Undefined variable $roomReservationData', 'C:\\laragon\\www\\projectmahalta\\app\\Views\\Hotell\\checkOutReservation.php', 121)
 2 SYSTEMPATH\View\View.php(228): include('C:\\laragon\\www\\projectmahalta\\app\\Views\\Hotell\\checkOutReservation.php')
 3 SYSTEMPATH\View\View.php(231): CodeIgniter\View\View->CodeIgniter\View\{closure}()
 4 SYSTEMPATH\Common.php(1190): CodeIgniter\View\View->render('Hotell/checkOutReservation', [], true)
 5 APPPATH\Controllers\GuestController.php(437): view('Hotell/checkOutReservation', [...])
 6 SYSTEMPATH\CodeIgniter.php(942): App\Controllers\GuestController->addReservation()
 7 SYSTEMPATH\CodeIgniter.php(502): CodeIgniter\CodeIgniter->runController(Object(App\Controllers\GuestController))
 8 SYSTEMPATH\CodeIgniter.php(361): CodeIgniter\CodeIgniter->handleRequest(null, Object(Config\Cache), false)
 9 FCPATH\index.php(79): CodeIgniter\CodeIgniter->run()
10 SYSTEMPATH\Commands\Server\rewrite.php(47): require_once('C:\\laragon\\www\\projectmahalta\\public\\index.php')
CRITICAL - 2024-02-25 08:09:12 --> Undefined variable $roomReservationData
in APPPATH\Views\Hotell\checkOutReservation.php on line 121.
 1 APPPATH\Views\Hotell\checkOutReservation.php(121): CodeIgniter\Debug\Exceptions->errorHandler(2, 'Undefined variable $roomReservationData', 'C:\\laragon\\www\\projectmahalta\\app\\Views\\Hotell\\checkOutReservation.php', 121)
 2 SYSTEMPATH\View\View.php(228): include('C:\\laragon\\www\\projectmahalta\\app\\Views\\Hotell\\checkOutReservation.php')
 3 SYSTEMPATH\View\View.php(231): CodeIgniter\View\View->CodeIgniter\View\{closure}()
 4 SYSTEMPATH\Common.php(1190): CodeIgniter\View\View->render('Hotell/checkOutReservation', [], true)
 5 APPPATH\Controllers\GuestController.php(437): view('Hotell/checkOutReservation', [...])
 6 SYSTEMPATH\CodeIgniter.php(942): App\Controllers\GuestController->addReservation()
 7 SYSTEMPATH\CodeIgniter.php(502): CodeIgniter\CodeIgniter->runController(Object(App\Controllers\GuestController))
 8 SYSTEMPATH\CodeIgniter.php(361): CodeIgniter\CodeIgniter->handleRequest(null, Object(Config\Cache), false)
 9 FCPATH\index.php(79): CodeIgniter\CodeIgniter->run()
10 SYSTEMPATH\Commands\Server\rewrite.php(47): require_once('C:\\laragon\\www\\projectmahalta\\public\\index.php')
CRITICAL - 2024-02-25 08:11:38 --> Undefined variable $roomReservationData
in APPPATH\Views\Hotell\checkOutReservation.php on line 121.
 1 APPPATH\Views\Hotell\checkOutReservation.php(121): CodeIgniter\Debug\Exceptions->errorHandler(2, 'Undefined variable $roomReservationData', 'C:\\laragon\\www\\projectmahalta\\app\\Views\\Hotell\\checkOutReservation.php', 121)
 2 SYSTEMPATH\View\View.php(228): include('C:\\laragon\\www\\projectmahalta\\app\\Views\\Hotell\\checkOutReservation.php')
 3 SYSTEMPATH\View\View.php(231): CodeIgniter\View\View->CodeIgniter\View\{closure}()
 4 SYSTEMPATH\Common.php(1190): CodeIgniter\View\View->render('Hotell/checkOutReservation', [], true)
 5 APPPATH\Controllers\GuestController.php(438): view('Hotell/checkOutReservation', [...])
 6 SYSTEMPATH\CodeIgniter.php(942): App\Controllers\GuestController->addReservation()
 7 SYSTEMPATH\CodeIgniter.php(502): CodeIgniter\CodeIgniter->runController(Object(App\Controllers\GuestController))
 8 SYSTEMPATH\CodeIgniter.php(361): CodeIgniter\CodeIgniter->handleRequest(null, Object(Config\Cache), false)
 9 FCPATH\index.php(79): CodeIgniter\CodeIgniter->run()
10 SYSTEMPATH\Commands\Server\rewrite.php(47): require_once('C:\\laragon\\www\\projectmahalta\\public\\index.php')
CRITICAL - 2024-02-25 08:14:06 --> Undefined variable $roomReservationData
in APPPATH\Views\Hotell\checkOutReservation.php on line 121.
 1 APPPATH\Views\Hotell\checkOutReservation.php(121): CodeIgniter\Debug\Exceptions->errorHandler(2, 'Undefined variable $roomReservationData', 'C:\\laragon\\www\\projectmahalta\\app\\Views\\Hotell\\checkOutReservation.php', 121)
 2 SYSTEMPATH\View\View.php(228): include('C:\\laragon\\www\\projectmahalta\\app\\Views\\Hotell\\checkOutReservation.php')
 3 SYSTEMPATH\View\View.php(231): CodeIgniter\View\View->CodeIgniter\View\{closure}()
 4 SYSTEMPATH\Common.php(1190): CodeIgniter\View\View->render('Hotell/checkOutReservation', [], true)
 5 APPPATH\Controllers\GuestController.php(438): view('Hotell/checkOutReservation', [...])
 6 SYSTEMPATH\CodeIgniter.php(942): App\Controllers\GuestController->addReservation()
 7 SYSTEMPATH\CodeIgniter.php(502): CodeIgniter\CodeIgniter->runController(Object(App\Controllers\GuestController))
 8 SYSTEMPATH\CodeIgniter.php(361): CodeIgniter\CodeIgniter->handleRequest(null, Object(Config\Cache), false)
 9 FCPATH\index.php(79): CodeIgniter\CodeIgniter->run()
10 SYSTEMPATH\Commands\Server\rewrite.php(47): require_once('C:\\laragon\\www\\projectmahalta\\public\\index.php')
CRITICAL - 2024-02-25 08:14:08 --> Undefined variable $roomReservationData
in APPPATH\Views\Hotell\checkOutReservation.php on line 121.
 1 APPPATH\Views\Hotell\checkOutReservation.php(121): CodeIgniter\Debug\Exceptions->errorHandler(2, 'Undefined variable $roomReservationData', 'C:\\laragon\\www\\projectmahalta\\app\\Views\\Hotell\\checkOutReservation.php', 121)
 2 SYSTEMPATH\View\View.php(228): include('C:\\laragon\\www\\projectmahalta\\app\\Views\\Hotell\\checkOutReservation.php')
 3 SYSTEMPATH\View\View.php(231): CodeIgniter\View\View->CodeIgniter\View\{closure}()
 4 SYSTEMPATH\Common.php(1190): CodeIgniter\View\View->render('Hotell/checkOutReservation', [], true)
 5 APPPATH\Controllers\GuestController.php(438): view('Hotell/checkOutReservation', [...])
 6 SYSTEMPATH\CodeIgniter.php(942): App\Controllers\GuestController->addReservation()
 7 SYSTEMPATH\CodeIgniter.php(502): CodeIgniter\CodeIgniter->runController(Object(App\Controllers\GuestController))
 8 SYSTEMPATH\CodeIgniter.php(361): CodeIgniter\CodeIgniter->handleRequest(null, Object(Config\Cache), false)
 9 FCPATH\index.php(79): CodeIgniter\CodeIgniter->run()
10 SYSTEMPATH\Commands\Server\rewrite.php(47): require_once('C:\\laragon\\www\\projectmahalta\\public\\index.php')
CRITICAL - 2024-02-25 08:14:08 --> Undefined variable $roomReservationData
in APPPATH\Views\Hotell\checkOutReservation.php on line 121.
 1 APPPATH\Views\Hotell\checkOutReservation.php(121): CodeIgniter\Debug\Exceptions->errorHandler(2, 'Undefined variable $roomReservationData', 'C:\\laragon\\www\\projectmahalta\\app\\Views\\Hotell\\checkOutReservation.php', 121)
 2 SYSTEMPATH\View\View.php(228): include('C:\\laragon\\www\\projectmahalta\\app\\Views\\Hotell\\checkOutReservation.php')
 3 SYSTEMPATH\View\View.php(231): CodeIgniter\View\View->CodeIgniter\View\{closure}()
 4 SYSTEMPATH\Common.php(1190): CodeIgniter\View\View->render('Hotell/checkOutReservation', [], true)
 5 APPPATH\Controllers\GuestController.php(438): view('Hotell/checkOutReservation', [...])
 6 SYSTEMPATH\CodeIgniter.php(942): App\Controllers\GuestController->addReservation()
 7 SYSTEMPATH\CodeIgniter.php(502): CodeIgniter\CodeIgniter->runController(Object(App\Controllers\GuestController))
 8 SYSTEMPATH\CodeIgniter.php(361): CodeIgniter\CodeIgniter->handleRequest(null, Object(Config\Cache), false)
 9 FCPATH\index.php(79): CodeIgniter\CodeIgniter->run()
10 SYSTEMPATH\Commands\Server\rewrite.php(47): require_once('C:\\laragon\\www\\projectmahalta\\public\\index.php')
CRITICAL - 2024-02-25 08:14:09 --> Undefined variable $roomReservationData
in APPPATH\Views\Hotell\checkOutReservation.php on line 121.
 1 APPPATH\Views\Hotell\checkOutReservation.php(121): CodeIgniter\Debug\Exceptions->errorHandler(2, 'Undefined variable $roomReservationData', 'C:\\laragon\\www\\projectmahalta\\app\\Views\\Hotell\\checkOutReservation.php', 121)
 2 SYSTEMPATH\View\View.php(228): include('C:\\laragon\\www\\projectmahalta\\app\\Views\\Hotell\\checkOutReservation.php')
 3 SYSTEMPATH\View\View.php(231): CodeIgniter\View\View->CodeIgniter\View\{closure}()
 4 SYSTEMPATH\Common.php(1190): CodeIgniter\View\View->render('Hotell/checkOutReservation', [], true)
 5 APPPATH\Controllers\GuestController.php(438): view('Hotell/checkOutReservation', [...])
 6 SYSTEMPATH\CodeIgniter.php(942): App\Controllers\GuestController->addReservation()
 7 SYSTEMPATH\CodeIgniter.php(502): CodeIgniter\CodeIgniter->runController(Object(App\Controllers\GuestController))
 8 SYSTEMPATH\CodeIgniter.php(361): CodeIgniter\CodeIgniter->handleRequest(null, Object(Config\Cache), false)
 9 FCPATH\index.php(79): CodeIgniter\CodeIgniter->run()
10 SYSTEMPATH\Commands\Server\rewrite.php(47): require_once('C:\\laragon\\www\\projectmahalta\\public\\index.php')
CRITICAL - 2024-02-25 08:14:09 --> Undefined variable $roomReservationData
in APPPATH\Views\Hotell\checkOutReservation.php on line 121.
 1 APPPATH\Views\Hotell\checkOutReservation.php(121): CodeIgniter\Debug\Exceptions->errorHandler(2, 'Undefined variable $roomReservationData', 'C:\\laragon\\www\\projectmahalta\\app\\Views\\Hotell\\checkOutReservation.php', 121)
 2 SYSTEMPATH\View\View.php(228): include('C:\\laragon\\www\\projectmahalta\\app\\Views\\Hotell\\checkOutReservation.php')
 3 SYSTEMPATH\View\View.php(231): CodeIgniter\View\View->CodeIgniter\View\{closure}()
 4 SYSTEMPATH\Common.php(1190): CodeIgniter\View\View->render('Hotell/checkOutReservation', [], true)
 5 APPPATH\Controllers\GuestController.php(438): view('Hotell/checkOutReservation', [...])
 6 SYSTEMPATH\CodeIgniter.php(942): App\Controllers\GuestController->addReservation()
 7 SYSTEMPATH\CodeIgniter.php(502): CodeIgniter\CodeIgniter->runController(Object(App\Controllers\GuestController))
 8 SYSTEMPATH\CodeIgniter.php(361): CodeIgniter\CodeIgniter->handleRequest(null, Object(Config\Cache), false)
 9 FCPATH\index.php(79): CodeIgniter\CodeIgniter->run()
10 SYSTEMPATH\Commands\Server\rewrite.php(47): require_once('C:\\laragon\\www\\projectmahalta\\public\\index.php')
CRITICAL - 2024-02-25 08:14:09 --> Undefined variable $roomReservationData
in APPPATH\Views\Hotell\checkOutReservation.php on line 121.
 1 APPPATH\Views\Hotell\checkOutReservation.php(121): CodeIgniter\Debug\Exceptions->errorHandler(2, 'Undefined variable $roomReservationData', 'C:\\laragon\\www\\projectmahalta\\app\\Views\\Hotell\\checkOutReservation.php', 121)
 2 SYSTEMPATH\View\View.php(228): include('C:\\laragon\\www\\projectmahalta\\app\\Views\\Hotell\\checkOutReservation.php')
 3 SYSTEMPATH\View\View.php(231): CodeIgniter\View\View->CodeIgniter\View\{closure}()
 4 SYSTEMPATH\Common.php(1190): CodeIgniter\View\View->render('Hotell/checkOutReservation', [], true)
 5 APPPATH\Controllers\GuestController.php(438): view('Hotell/checkOutReservation', [...])
 6 SYSTEMPATH\CodeIgniter.php(942): App\Controllers\GuestController->addReservation()
 7 SYSTEMPATH\CodeIgniter.php(502): CodeIgniter\CodeIgniter->runController(Object(App\Controllers\GuestController))
 8 SYSTEMPATH\CodeIgniter.php(361): CodeIgniter\CodeIgniter->handleRequest(null, Object(Config\Cache), false)
 9 FCPATH\index.php(79): CodeIgniter\CodeIgniter->run()
10 SYSTEMPATH\Commands\Server\rewrite.php(47): require_once('C:\\laragon\\www\\projectmahalta\\public\\index.php')
CRITICAL - 2024-02-25 08:14:09 --> Undefined variable $roomReservationData
in APPPATH\Views\Hotell\checkOutReservation.php on line 121.
 1 APPPATH\Views\Hotell\checkOutReservation.php(121): CodeIgniter\Debug\Exceptions->errorHandler(2, 'Undefined variable $roomReservationData', 'C:\\laragon\\www\\projectmahalta\\app\\Views\\Hotell\\checkOutReservation.php', 121)
 2 SYSTEMPATH\View\View.php(228): include('C:\\laragon\\www\\projectmahalta\\app\\Views\\Hotell\\checkOutReservation.php')
 3 SYSTEMPATH\View\View.php(231): CodeIgniter\View\View->CodeIgniter\View\{closure}()
 4 SYSTEMPATH\Common.php(1190): CodeIgniter\View\View->render('Hotell/checkOutReservation', [], true)
 5 APPPATH\Controllers\GuestController.php(438): view('Hotell/checkOutReservation', [...])
 6 SYSTEMPATH\CodeIgniter.php(942): App\Controllers\GuestController->addReservation()
 7 SYSTEMPATH\CodeIgniter.php(502): CodeIgniter\CodeIgniter->runController(Object(App\Controllers\GuestController))
 8 SYSTEMPATH\CodeIgniter.php(361): CodeIgniter\CodeIgniter->handleRequest(null, Object(Config\Cache), false)
 9 FCPATH\index.php(79): CodeIgniter\CodeIgniter->run()
10 SYSTEMPATH\Commands\Server\rewrite.php(47): require_once('C:\\laragon\\www\\projectmahalta\\public\\index.php')
CRITICAL - 2024-02-25 08:15:21 --> Undefined variable $roomReservationData
in APPPATH\Views\Hotell\checkOutReservation.php on line 121.
 1 APPPATH\Views\Hotell\checkOutReservation.php(121): CodeIgniter\Debug\Exceptions->errorHandler(2, 'Undefined variable $roomReservationData', 'C:\\laragon\\www\\projectmahalta\\app\\Views\\Hotell\\checkOutReservation.php', 121)
 2 SYSTEMPATH\View\View.php(228): include('C:\\laragon\\www\\projectmahalta\\app\\Views\\Hotell\\checkOutReservation.php')
 3 SYSTEMPATH\View\View.php(231): CodeIgniter\View\View->CodeIgniter\View\{closure}()
 4 SYSTEMPATH\Common.php(1190): CodeIgniter\View\View->render('Hotell/checkOutReservation', [], true)
 5 APPPATH\Controllers\GuestController.php(438): view('Hotell/checkOutReservation', [...])
 6 SYSTEMPATH\CodeIgniter.php(942): App\Controllers\GuestController->addReservation()
 7 SYSTEMPATH\CodeIgniter.php(502): CodeIgniter\CodeIgniter->runController(Object(App\Controllers\GuestController))
 8 SYSTEMPATH\CodeIgniter.php(361): CodeIgniter\CodeIgniter->handleRequest(null, Object(Config\Cache), false)
 9 FCPATH\index.php(79): CodeIgniter\CodeIgniter->run()
10 SYSTEMPATH\Commands\Server\rewrite.php(47): require_once('C:\\laragon\\www\\projectmahalta\\public\\index.php')
CRITICAL - 2024-02-25 08:15:22 --> Undefined variable $roomReservationData
in APPPATH\Views\Hotell\checkOutReservation.php on line 121.
 1 APPPATH\Views\Hotell\checkOutReservation.php(121): CodeIgniter\Debug\Exceptions->errorHandler(2, 'Undefined variable $roomReservationData', 'C:\\laragon\\www\\projectmahalta\\app\\Views\\Hotell\\checkOutReservation.php', 121)
 2 SYSTEMPATH\View\View.php(228): include('C:\\laragon\\www\\projectmahalta\\app\\Views\\Hotell\\checkOutReservation.php')
 3 SYSTEMPATH\View\View.php(231): CodeIgniter\View\View->CodeIgniter\View\{closure}()
 4 SYSTEMPATH\Common.php(1190): CodeIgniter\View\View->render('Hotell/checkOutReservation', [], true)
 5 APPPATH\Controllers\GuestController.php(438): view('Hotell/checkOutReservation', [...])
 6 SYSTEMPATH\CodeIgniter.php(942): App\Controllers\GuestController->addReservation()
 7 SYSTEMPATH\CodeIgniter.php(502): CodeIgniter\CodeIgniter->runController(Object(App\Controllers\GuestController))
 8 SYSTEMPATH\CodeIgniter.php(361): CodeIgniter\CodeIgniter->handleRequest(null, Object(Config\Cache), false)
 9 FCPATH\index.php(79): CodeIgniter\CodeIgniter->run()
10 SYSTEMPATH\Commands\Server\rewrite.php(47): require_once('C:\\laragon\\www\\projectmahalta\\public\\index.php')
CRITICAL - 2024-02-25 08:16:20 --> Undefined variable $roomReservationData
in APPPATH\Views\Hotell\checkOutReservation.php on line 121.
 1 APPPATH\Views\Hotell\checkOutReservation.php(121): CodeIgniter\Debug\Exceptions->errorHandler(2, 'Undefined variable $roomReservationData', 'C:\\laragon\\www\\projectmahalta\\app\\Views\\Hotell\\checkOutReservation.php', 121)
 2 SYSTEMPATH\View\View.php(228): include('C:\\laragon\\www\\projectmahalta\\app\\Views\\Hotell\\checkOutReservation.php')
 3 SYSTEMPATH\View\View.php(231): CodeIgniter\View\View->CodeIgniter\View\{closure}()
 4 SYSTEMPATH\Common.php(1190): CodeIgniter\View\View->render('Hotell\\checkOutReservation', [], true)
 5 APPPATH\Controllers\GuestController.php(349): view('Hotell\\checkOutReservation', [...])
 6 SYSTEMPATH\CodeIgniter.php(942): App\Controllers\GuestController->formdetails()
 7 SYSTEMPATH\CodeIgniter.php(502): CodeIgniter\CodeIgniter->runController(Object(App\Controllers\GuestController))
 8 SYSTEMPATH\CodeIgniter.php(361): CodeIgniter\CodeIgniter->handleRequest(null, Object(Config\Cache), false)
 9 FCPATH\index.php(79): CodeIgniter\CodeIgniter->run()
10 SYSTEMPATH\Commands\Server\rewrite.php(47): require_once('C:\\laragon\\www\\projectmahalta\\public\\index.php')
CRITICAL - 2024-02-25 08:16:27 --> Undefined variable $roomReservationData
in APPPATH\Views\Hotell\checkOutReservation.php on line 121.
 1 APPPATH\Views\Hotell\checkOutReservation.php(121): CodeIgniter\Debug\Exceptions->errorHandler(2, 'Undefined variable $roomReservationData', 'C:\\laragon\\www\\projectmahalta\\app\\Views\\Hotell\\checkOutReservation.php', 121)
 2 SYSTEMPATH\View\View.php(228): include('C:\\laragon\\www\\projectmahalta\\app\\Views\\Hotell\\checkOutReservation.php')
 3 SYSTEMPATH\View\View.php(231): CodeIgniter\View\View->CodeIgniter\View\{closure}()
 4 SYSTEMPATH\Common.php(1190): CodeIgniter\View\View->render('Hotell\\checkOutReservation', [], true)
 5 APPPATH\Controllers\GuestController.php(349): view('Hotell\\checkOutReservation', [...])
 6 SYSTEMPATH\CodeIgniter.php(942): App\Controllers\GuestController->formdetails()
 7 SYSTEMPATH\CodeIgniter.php(502): CodeIgniter\CodeIgniter->runController(Object(App\Controllers\GuestController))
 8 SYSTEMPATH\CodeIgniter.php(361): CodeIgniter\CodeIgniter->handleRequest(null, Object(Config\Cache), false)
 9 FCPATH\index.php(79): CodeIgniter\CodeIgniter->run()
10 SYSTEMPATH\Commands\Server\rewrite.php(47): require_once('C:\\laragon\\www\\projectmahalta\\public\\index.php')
CRITICAL - 2024-02-25 08:16:29 --> Undefined variable $roomReservationData
in APPPATH\Views\Hotell\checkOutReservation.php on line 121.
 1 APPPATH\Views\Hotell\checkOutReservation.php(121): CodeIgniter\Debug\Exceptions->errorHandler(2, 'Undefined variable $roomReservationData', 'C:\\laragon\\www\\projectmahalta\\app\\Views\\Hotell\\checkOutReservation.php', 121)
 2 SYSTEMPATH\View\View.php(228): include('C:\\laragon\\www\\projectmahalta\\app\\Views\\Hotell\\checkOutReservation.php')
 3 SYSTEMPATH\View\View.php(231): CodeIgniter\View\View->CodeIgniter\View\{closure}()
 4 SYSTEMPATH\Common.php(1190): CodeIgniter\View\View->render('Hotell\\checkOutReservation', [], true)
 5 APPPATH\Controllers\GuestController.php(349): view('Hotell\\checkOutReservation', [...])
 6 SYSTEMPATH\CodeIgniter.php(942): App\Controllers\GuestController->formdetails()
 7 SYSTEMPATH\CodeIgniter.php(502): CodeIgniter\CodeIgniter->runController(Object(App\Controllers\GuestController))
 8 SYSTEMPATH\CodeIgniter.php(361): CodeIgniter\CodeIgniter->handleRequest(null, Object(Config\Cache), false)
 9 FCPATH\index.php(79): CodeIgniter\CodeIgniter->run()
10 SYSTEMPATH\Commands\Server\rewrite.php(47): require_once('C:\\laragon\\www\\projectmahalta\\public\\index.php')
CRITICAL - 2024-02-25 08:17:10 --> Undefined variable $roomReservationData
in APPPATH\Views\Hotell\checkOutReservation.php on line 121.
 1 APPPATH\Views\Hotell\checkOutReservation.php(121): CodeIgniter\Debug\Exceptions->errorHandler(2, 'Undefined variable $roomReservationData', 'C:\\laragon\\www\\projectmahalta\\app\\Views\\Hotell\\checkOutReservation.php', 121)
 2 SYSTEMPATH\View\View.php(228): include('C:\\laragon\\www\\projectmahalta\\app\\Views\\Hotell\\checkOutReservation.php')
 3 SYSTEMPATH\View\View.php(231): CodeIgniter\View\View->CodeIgniter\View\{closure}()
 4 SYSTEMPATH\Common.php(1190): CodeIgniter\View\View->render('Hotell\\checkOutReservation', [], true)
 5 APPPATH\Controllers\GuestController.php(349): view('Hotell\\checkOutReservation', [...])
 6 SYSTEMPATH\CodeIgniter.php(942): App\Controllers\GuestController->formdetails()
 7 SYSTEMPATH\CodeIgniter.php(502): CodeIgniter\CodeIgniter->runController(Object(App\Controllers\GuestController))
 8 SYSTEMPATH\CodeIgniter.php(361): CodeIgniter\CodeIgniter->handleRequest(null, Object(Config\Cache), false)
 9 FCPATH\index.php(79): CodeIgniter\CodeIgniter->run()
10 SYSTEMPATH\Commands\Server\rewrite.php(47): require_once('C:\\laragon\\www\\projectmahalta\\public\\index.php')
CRITICAL - 2024-02-25 08:17:28 --> Undefined variable $roomReservationData
in APPPATH\Views\Hotell\checkOutReservation.php on line 121.
 1 APPPATH\Views\Hotell\checkOutReservation.php(121): CodeIgniter\Debug\Exceptions->errorHandler(2, 'Undefined variable $roomReservationData', 'C:\\laragon\\www\\projectmahalta\\app\\Views\\Hotell\\checkOutReservation.php', 121)
 2 SYSTEMPATH\View\View.php(228): include('C:\\laragon\\www\\projectmahalta\\app\\Views\\Hotell\\checkOutReservation.php')
 3 SYSTEMPATH\View\View.php(231): CodeIgniter\View\View->CodeIgniter\View\{closure}()
 4 SYSTEMPATH\Common.php(1190): CodeIgniter\View\View->render('Hotell\\checkOutReservation', [], true)
 5 APPPATH\Controllers\GuestController.php(349): view('Hotell\\checkOutReservation', [...])
 6 SYSTEMPATH\CodeIgniter.php(942): App\Controllers\GuestController->formdetails()
 7 SYSTEMPATH\CodeIgniter.php(502): CodeIgniter\CodeIgniter->runController(Object(App\Controllers\GuestController))
 8 SYSTEMPATH\CodeIgniter.php(361): CodeIgniter\CodeIgniter->handleRequest(null, Object(Config\Cache), false)
 9 FCPATH\index.php(79): CodeIgniter\CodeIgniter->run()
10 SYSTEMPATH\Commands\Server\rewrite.php(47): require_once('C:\\laragon\\www\\projectmahalta\\public\\index.php')
CRITICAL - 2024-02-25 08:17:28 --> Undefined variable $roomReservationData
in APPPATH\Views\Hotell\checkOutReservation.php on line 121.
 1 APPPATH\Views\Hotell\checkOutReservation.php(121): CodeIgniter\Debug\Exceptions->errorHandler(2, 'Undefined variable $roomReservationData', 'C:\\laragon\\www\\projectmahalta\\app\\Views\\Hotell\\checkOutReservation.php', 121)
 2 SYSTEMPATH\View\View.php(228): include('C:\\laragon\\www\\projectmahalta\\app\\Views\\Hotell\\checkOutReservation.php')
 3 SYSTEMPATH\View\View.php(231): CodeIgniter\View\View->CodeIgniter\View\{closure}()
 4 SYSTEMPATH\Common.php(1190): CodeIgniter\View\View->render('Hotell\\checkOutReservation', [], true)
 5 APPPATH\Controllers\GuestController.php(349): view('Hotell\\checkOutReservation', [...])
 6 SYSTEMPATH\CodeIgniter.php(942): App\Controllers\GuestController->formdetails()
 7 SYSTEMPATH\CodeIgniter.php(502): CodeIgniter\CodeIgniter->runController(Object(App\Controllers\GuestController))
 8 SYSTEMPATH\CodeIgniter.php(361): CodeIgniter\CodeIgniter->handleRequest(null, Object(Config\Cache), false)
 9 FCPATH\index.php(79): CodeIgniter\CodeIgniter->run()
10 SYSTEMPATH\Commands\Server\rewrite.php(47): require_once('C:\\laragon\\www\\projectmahalta\\public\\index.php')
CRITICAL - 2024-02-25 08:17:48 --> Undefined variable $roomReservationData
in APPPATH\Views\Hotell\checkOutReservation.php on line 121.
 1 APPPATH\Views\Hotell\checkOutReservation.php(121): CodeIgniter\Debug\Exceptions->errorHandler(2, 'Undefined variable $roomReservationData', 'C:\\laragon\\www\\projectmahalta\\app\\Views\\Hotell\\checkOutReservation.php', 121)
 2 SYSTEMPATH\View\View.php(228): include('C:\\laragon\\www\\projectmahalta\\app\\Views\\Hotell\\checkOutReservation.php')
 3 SYSTEMPATH\View\View.php(231): CodeIgniter\View\View->CodeIgniter\View\{closure}()
 4 SYSTEMPATH\Common.php(1190): CodeIgniter\View\View->render('Hotell/checkOutReservation', [], true)
 5 APPPATH\Controllers\GuestController.php(438): view('Hotell/checkOutReservation', [...])
 6 SYSTEMPATH\CodeIgniter.php(942): App\Controllers\GuestController->addReservation()
 7 SYSTEMPATH\CodeIgniter.php(502): CodeIgniter\CodeIgniter->runController(Object(App\Controllers\GuestController))
 8 SYSTEMPATH\CodeIgniter.php(361): CodeIgniter\CodeIgniter->handleRequest(null, Object(Config\Cache), false)
 9 FCPATH\index.php(79): CodeIgniter\CodeIgniter->run()
10 SYSTEMPATH\Commands\Server\rewrite.php(47): require_once('C:\\laragon\\www\\projectmahalta\\public\\index.php')
CRITICAL - 2024-02-25 08:25:47 --> CodeIgniter\Validation\Validation::setRules(): Argument #1 ($rules) must be of type array, CodeIgniter\HTTP\IncomingRequest given, called in C:\laragon\www\projectmahalta\system\Controller.php on line 196
in SYSTEMPATH\Validation\Validation.php on line 555.
 1 SYSTEMPATH\Controller.php(196): CodeIgniter\Validation\Validation->setRules(Object(CodeIgniter\HTTP\IncomingRequest), [...])
 2 SYSTEMPATH\Controller.php(150): CodeIgniter\Controller->setValidator(Object(CodeIgniter\HTTP\IncomingRequest), [...])
 3 APPPATH\Controllers\GuestController.php(393): CodeIgniter\Controller->validate(Object(CodeIgniter\HTTP\IncomingRequest), [...], [...])
 4 SYSTEMPATH\CodeIgniter.php(942): App\Controllers\GuestController->addReservation()
 5 SYSTEMPATH\CodeIgniter.php(502): CodeIgniter\CodeIgniter->runController(Object(App\Controllers\GuestController))
 6 SYSTEMPATH\CodeIgniter.php(361): CodeIgniter\CodeIgniter->handleRequest(null, Object(Config\Cache), false)
 7 FCPATH\index.php(79): CodeIgniter\CodeIgniter->run()
 8 SYSTEMPATH\Commands\Server\rewrite.php(47): require_once('C:\\laragon\\www\\projectmahalta\\public\\index.php')
CRITICAL - 2024-02-25 08:34:09 --> Undefined variable $roomReservationData
in APPPATH\Views\Hotell\checkOutReservation.php on line 121.
 1 APPPATH\Views\Hotell\checkOutReservation.php(121): CodeIgniter\Debug\Exceptions->errorHandler(2, 'Undefined variable $roomReservationData', 'C:\\laragon\\www\\projectmahalta\\app\\Views\\Hotell\\checkOutReservation.php', 121)
 2 SYSTEMPATH\View\View.php(228): include('C:\\laragon\\www\\projectmahalta\\app\\Views\\Hotell\\checkOutReservation.php')
 3 SYSTEMPATH\View\View.php(231): CodeIgniter\View\View->CodeIgniter\View\{closure}()
 4 SYSTEMPATH\Common.php(1190): CodeIgniter\View\View->render('Hotell/checkOutReservation', [], true)
 5 APPPATH\Controllers\GuestController.php(439): view('Hotell/checkOutReservation', [...])
 6 SYSTEMPATH\CodeIgniter.php(942): App\Controllers\GuestController->addReservation()
 7 SYSTEMPATH\CodeIgniter.php(502): CodeIgniter\CodeIgniter->runController(Object(App\Controllers\GuestController))
 8 SYSTEMPATH\CodeIgniter.php(361): CodeIgniter\CodeIgniter->handleRequest(null, Object(Config\Cache), false)
 9 FCPATH\index.php(79): CodeIgniter\CodeIgniter->run()
10 SYSTEMPATH\Commands\Server\rewrite.php(47): require_once('C:\\laragon\\www\\projectmahalta\\public\\index.php')
CRITICAL - 2024-02-25 08:35:16 --> Undefined variable $roomReservationData
in APPPATH\Views\Hotell\checkOutReservation.php on line 121.
 1 APPPATH\Views\Hotell\checkOutReservation.php(121): CodeIgniter\Debug\Exceptions->errorHandler(2, 'Undefined variable $roomReservationData', 'C:\\laragon\\www\\projectmahalta\\app\\Views\\Hotell\\checkOutReservation.php', 121)
 2 SYSTEMPATH\View\View.php(228): include('C:\\laragon\\www\\projectmahalta\\app\\Views\\Hotell\\checkOutReservation.php')
 3 SYSTEMPATH\View\View.php(231): CodeIgniter\View\View->CodeIgniter\View\{closure}()
 4 SYSTEMPATH\Common.php(1190): CodeIgniter\View\View->render('Hotell/checkOutReservation', [], true)
 5 APPPATH\Controllers\GuestController.php(439): view('Hotell/checkOutReservation', [...])
 6 SYSTEMPATH\CodeIgniter.php(942): App\Controllers\GuestController->addReservation()
 7 SYSTEMPATH\CodeIgniter.php(502): CodeIgniter\CodeIgniter->runController(Object(App\Controllers\GuestController))
 8 SYSTEMPATH\CodeIgniter.php(361): CodeIgniter\CodeIgniter->handleRequest(null, Object(Config\Cache), false)
 9 FCPATH\index.php(79): CodeIgniter\CodeIgniter->run()
10 SYSTEMPATH\Commands\Server\rewrite.php(47): require_once('C:\\laragon\\www\\projectmahalta\\public\\index.php')
CRITICAL - 2024-02-25 09:15:19 --> Trying to access array offset on value of type null
in APPPATH\Controllers\GuestController.php on line 270.
 1 APPPATH\Controllers\GuestController.php(270): CodeIgniter\Debug\Exceptions->errorHandler(2, 'Trying to access array offset on value of type null', 'C:\\laragon\\www\\projectmahalta\\app\\Controllers\\GuestController.php', 270)
 2 SYSTEMPATH\CodeIgniter.php(942): App\Controllers\GuestController->bookroom()
 3 SYSTEMPATH\CodeIgniter.php(502): CodeIgniter\CodeIgniter->runController(Object(App\Controllers\GuestController))
 4 SYSTEMPATH\CodeIgniter.php(361): CodeIgniter\CodeIgniter->handleRequest(null, Object(Config\Cache), false)
 5 FCPATH\index.php(79): CodeIgniter\CodeIgniter->run()
 6 SYSTEMPATH\Commands\Server\rewrite.php(47): require_once('C:\\laragon\\www\\projectmahalta\\public\\index.php')
CRITICAL - 2024-02-25 09:15:19 --> Trying to access array offset on value of type null
in APPPATH\Controllers\GuestController.php on line 270.
 1 APPPATH\Controllers\GuestController.php(270): CodeIgniter\Debug\Exceptions->errorHandler(2, 'Trying to access array offset on value of type null', 'C:\\laragon\\www\\projectmahalta\\app\\Controllers\\GuestController.php', 270)
 2 SYSTEMPATH\CodeIgniter.php(942): App\Controllers\GuestController->bookroom()
 3 SYSTEMPATH\CodeIgniter.php(502): CodeIgniter\CodeIgniter->runController(Object(App\Controllers\GuestController))
 4 SYSTEMPATH\CodeIgniter.php(361): CodeIgniter\CodeIgniter->handleRequest(null, Object(Config\Cache), false)
 5 FCPATH\index.php(79): CodeIgniter\CodeIgniter->run()
 6 SYSTEMPATH\Commands\Server\rewrite.php(47): require_once('C:\\laragon\\www\\projectmahalta\\public\\index.php')
CRITICAL - 2024-02-25 12:12:11 --> Cannot access offset of type string on string
in APPPATH\Controllers\GuestController.php on line 426.
 1 SYSTEMPATH\CodeIgniter.php(942): App\Controllers\GuestController->addReservation()
 2 SYSTEMPATH\CodeIgniter.php(502): CodeIgniter\CodeIgniter->runController(Object(App\Controllers\GuestController))
 3 SYSTEMPATH\CodeIgniter.php(361): CodeIgniter\CodeIgniter->handleRequest(null, Object(Config\Cache), false)
 4 FCPATH\index.php(79): CodeIgniter\CodeIgniter->run()
 5 SYSTEMPATH\Commands\Server\rewrite.php(47): require_once('C:\\laragon\\www\\projectmahalta\\public\\index.php')
