CRITICAL - 2024-01-05 09:17:14 --> Undefined variable $room
in APPPATH\Views\Hotell\room.php on line 83.
 1 APPPATH\Views\Hotell\room.php(83): CodeIgniter\Debug\Exceptions->errorHandler(2, 'Undefined variable $room', 'C:\\laragon\\www\\MahaltaCalapanCity\\app\\Views\\Hotell\\room.php', 83)
 2 SYSTEMPATH\View\View.php(228): include('C:\\laragon\\www\\MahaltaCalapanCity\\app\\Views\\Hotell\\room.php')
 3 SYSTEMPATH\View\View.php(231): CodeIgniter\View\View->CodeIgniter\View\{closure}()
 4 SYSTEMPATH\Common.php(1190): CodeIgniter\View\View->render('Hotell\\room', [], true)
 5 APPPATH\Controllers\GuestController.php(50): view('Hotell\\room', [...])
 6 SYSTEMPATH\CodeIgniter.php(942): App\Controllers\GuestController->room()
 7 SYSTEMPATH\CodeIgniter.php(502): CodeIgniter\CodeIgniter->runController(Object(App\Controllers\GuestController))
 8 SYSTEMPATH\CodeIgniter.php(361): CodeIgniter\CodeIgniter->handleRequest(null, Object(Config\Cache), false)
 9 FCPATH\index.php(79): CodeIgniter\CodeIgniter->run()
10 SYSTEMPATH\Commands\Server\rewrite.php(47): require_once('C:\\laragon\\www\\MahaltaCalapanCity\\public\\index.php')
CRITICAL - 2024-01-05 10:24:56 --> Undefined variable $userData
in APPPATH\Views\Register.php on line 154.
 1 APPPATH\Views\Register.php(154): CodeIgniter\Debug\Exceptions->errorHandler(2, 'Undefined variable $userData', 'C:\\laragon\\www\\MahaltaCalapanCity\\app\\Views\\Register.php', 154)
 2 SYSTEMPATH\View\View.php(228): include('C:\\laragon\\www\\MahaltaCalapanCity\\app\\Views\\Register.php')
 3 SYSTEMPATH\View\View.php(231): CodeIgniter\View\View->CodeIgniter\View\{closure}()
 4 SYSTEMPATH\Common.php(1190): CodeIgniter\View\View->render('Register', [], true)
 5 APPPATH\Controllers\UserController.php(29): view('Register', [...])
 6 SYSTEMPATH\CodeIgniter.php(942): App\Controllers\UserController->register()
 7 SYSTEMPATH\CodeIgniter.php(502): CodeIgniter\CodeIgniter->runController(Object(App\Controllers\UserController))
 8 SYSTEMPATH\CodeIgniter.php(361): CodeIgniter\CodeIgniter->handleRequest(null, Object(Config\Cache), false)
 9 FCPATH\index.php(79): CodeIgniter\CodeIgniter->run()
10 SYSTEMPATH\Commands\Server\rewrite.php(47): require_once('C:\\laragon\\www\\MahaltaCalapanCity\\public\\index.php')
CRITICAL - 2024-01-05 10:26:11 --> Undefined variable $userData
in APPPATH\Views\Register.php on line 149.
 1 APPPATH\Views\Register.php(149): CodeIgniter\Debug\Exceptions->errorHandler(2, 'Undefined variable $userData', 'C:\\laragon\\www\\MahaltaCalapanCity\\app\\Views\\Register.php', 149)
 2 SYSTEMPATH\View\View.php(228): include('C:\\laragon\\www\\MahaltaCalapanCity\\app\\Views\\Register.php')
 3 SYSTEMPATH\View\View.php(231): CodeIgniter\View\View->CodeIgniter\View\{closure}()
 4 SYSTEMPATH\Common.php(1190): CodeIgniter\View\View->render('Register', [], true)
 5 APPPATH\Controllers\UserController.php(29): view('Register', [...])
 6 SYSTEMPATH\CodeIgniter.php(942): App\Controllers\UserController->register()
 7 SYSTEMPATH\CodeIgniter.php(502): CodeIgniter\CodeIgniter->runController(Object(App\Controllers\UserController))
 8 SYSTEMPATH\CodeIgniter.php(361): CodeIgniter\CodeIgniter->handleRequest(null, Object(Config\Cache), false)
 9 FCPATH\index.php(79): CodeIgniter\CodeIgniter->run()
10 SYSTEMPATH\Commands\Server\rewrite.php(47): require_once('C:\\laragon\\www\\MahaltaCalapanCity\\public\\index.php')
CRITICAL - 2024-01-05 10:26:12 --> Undefined variable $userData
in APPPATH\Views\Register.php on line 149.
 1 APPPATH\Views\Register.php(149): CodeIgniter\Debug\Exceptions->errorHandler(2, 'Undefined variable $userData', 'C:\\laragon\\www\\MahaltaCalapanCity\\app\\Views\\Register.php', 149)
 2 SYSTEMPATH\View\View.php(228): include('C:\\laragon\\www\\MahaltaCalapanCity\\app\\Views\\Register.php')
 3 SYSTEMPATH\View\View.php(231): CodeIgniter\View\View->CodeIgniter\View\{closure}()
 4 SYSTEMPATH\Common.php(1190): CodeIgniter\View\View->render('Register', [], true)
 5 APPPATH\Controllers\UserController.php(29): view('Register', [...])
 6 SYSTEMPATH\CodeIgniter.php(942): App\Controllers\UserController->register()
 7 SYSTEMPATH\CodeIgniter.php(502): CodeIgniter\CodeIgniter->runController(Object(App\Controllers\UserController))
 8 SYSTEMPATH\CodeIgniter.php(361): CodeIgniter\CodeIgniter->handleRequest(null, Object(Config\Cache), false)
 9 FCPATH\index.php(79): CodeIgniter\CodeIgniter->run()
10 SYSTEMPATH\Commands\Server\rewrite.php(47): require_once('C:\\laragon\\www\\MahaltaCalapanCity\\public\\index.php')
CRITICAL - 2024-01-05 10:30:59 --> Undefined variable $userData
in APPPATH\Views\Register.php on line 155.
 1 APPPATH\Views\Register.php(155): CodeIgniter\Debug\Exceptions->errorHandler(2, 'Undefined variable $userData', 'C:\\laragon\\www\\MahaltaCalapanCity\\app\\Views\\Register.php', 155)
 2 SYSTEMPATH\View\View.php(228): include('C:\\laragon\\www\\MahaltaCalapanCity\\app\\Views\\Register.php')
 3 SYSTEMPATH\View\View.php(231): CodeIgniter\View\View->CodeIgniter\View\{closure}()
 4 SYSTEMPATH\Common.php(1190): CodeIgniter\View\View->render('Register', [], true)
 5 APPPATH\Controllers\UserController.php(29): view('Register', [...])
 6 SYSTEMPATH\CodeIgniter.php(942): App\Controllers\UserController->register()
 7 SYSTEMPATH\CodeIgniter.php(502): CodeIgniter\CodeIgniter->runController(Object(App\Controllers\UserController))
 8 SYSTEMPATH\CodeIgniter.php(361): CodeIgniter\CodeIgniter->handleRequest(null, Object(Config\Cache), false)
 9 FCPATH\index.php(79): CodeIgniter\CodeIgniter->run()
10 SYSTEMPATH\Commands\Server\rewrite.php(47): require_once('C:\\laragon\\www\\MahaltaCalapanCity\\public\\index.php')
CRITICAL - 2024-01-05 10:31:00 --> Undefined variable $userData
in APPPATH\Views\Register.php on line 155.
 1 APPPATH\Views\Register.php(155): CodeIgniter\Debug\Exceptions->errorHandler(2, 'Undefined variable $userData', 'C:\\laragon\\www\\MahaltaCalapanCity\\app\\Views\\Register.php', 155)
 2 SYSTEMPATH\View\View.php(228): include('C:\\laragon\\www\\MahaltaCalapanCity\\app\\Views\\Register.php')
 3 SYSTEMPATH\View\View.php(231): CodeIgniter\View\View->CodeIgniter\View\{closure}()
 4 SYSTEMPATH\Common.php(1190): CodeIgniter\View\View->render('Register', [], true)
 5 APPPATH\Controllers\UserController.php(29): view('Register', [...])
 6 SYSTEMPATH\CodeIgniter.php(942): App\Controllers\UserController->register()
 7 SYSTEMPATH\CodeIgniter.php(502): CodeIgniter\CodeIgniter->runController(Object(App\Controllers\UserController))
 8 SYSTEMPATH\CodeIgniter.php(361): CodeIgniter\CodeIgniter->handleRequest(null, Object(Config\Cache), false)
 9 FCPATH\index.php(79): CodeIgniter\CodeIgniter->run()
10 SYSTEMPATH\Commands\Server\rewrite.php(47): require_once('C:\\laragon\\www\\MahaltaCalapanCity\\public\\index.php')
CRITICAL - 2024-01-05 10:32:18 --> Undefined variable $userData
in APPPATH\Views\Register.php on line 149.
 1 APPPATH\Views\Register.php(149): CodeIgniter\Debug\Exceptions->errorHandler(2, 'Undefined variable $userData', 'C:\\laragon\\www\\MahaltaCalapanCity\\app\\Views\\Register.php', 149)
 2 SYSTEMPATH\View\View.php(228): include('C:\\laragon\\www\\MahaltaCalapanCity\\app\\Views\\Register.php')
 3 SYSTEMPATH\View\View.php(231): CodeIgniter\View\View->CodeIgniter\View\{closure}()
 4 SYSTEMPATH\Common.php(1190): CodeIgniter\View\View->render('Register', [], true)
 5 APPPATH\Controllers\UserController.php(29): view('Register', [...])
 6 SYSTEMPATH\CodeIgniter.php(942): App\Controllers\UserController->register()
 7 SYSTEMPATH\CodeIgniter.php(502): CodeIgniter\CodeIgniter->runController(Object(App\Controllers\UserController))
 8 SYSTEMPATH\CodeIgniter.php(361): CodeIgniter\CodeIgniter->handleRequest(null, Object(Config\Cache), false)
 9 FCPATH\index.php(79): CodeIgniter\CodeIgniter->run()
10 SYSTEMPATH\Commands\Server\rewrite.php(47): require_once('C:\\laragon\\www\\MahaltaCalapanCity\\public\\index.php')
CRITICAL - 2024-01-05 10:35:34 --> Undefined variable $userData
in APPPATH\Views\Register.php on line 149.
 1 APPPATH\Views\Register.php(149): CodeIgniter\Debug\Exceptions->errorHandler(2, 'Undefined variable $userData', 'C:\\laragon\\www\\MahaltaCalapanCity\\app\\Views\\Register.php', 149)
 2 SYSTEMPATH\View\View.php(228): include('C:\\laragon\\www\\MahaltaCalapanCity\\app\\Views\\Register.php')
 3 SYSTEMPATH\View\View.php(231): CodeIgniter\View\View->CodeIgniter\View\{closure}()
 4 SYSTEMPATH\Common.php(1190): CodeIgniter\View\View->render('Register', [], true)
 5 APPPATH\Controllers\UserController.php(29): view('Register', [...])
 6 SYSTEMPATH\CodeIgniter.php(942): App\Controllers\UserController->register()
 7 SYSTEMPATH\CodeIgniter.php(502): CodeIgniter\CodeIgniter->runController(Object(App\Controllers\UserController))
 8 SYSTEMPATH\CodeIgniter.php(361): CodeIgniter\CodeIgniter->handleRequest(null, Object(Config\Cache), false)
 9 FCPATH\index.php(79): CodeIgniter\CodeIgniter->run()
10 SYSTEMPATH\Commands\Server\rewrite.php(47): require_once('C:\\laragon\\www\\MahaltaCalapanCity\\public\\index.php')
CRITICAL - 2024-01-05 10:39:07 --> Undefined variable $userData
in APPPATH\Views\Register.php on line 154.
 1 APPPATH\Views\Register.php(154): CodeIgniter\Debug\Exceptions->errorHandler(2, 'Undefined variable $userData', 'C:\\laragon\\www\\MahaltaCalapanCity\\app\\Views\\Register.php', 154)
 2 SYSTEMPATH\View\View.php(228): include('C:\\laragon\\www\\MahaltaCalapanCity\\app\\Views\\Register.php')
 3 SYSTEMPATH\View\View.php(231): CodeIgniter\View\View->CodeIgniter\View\{closure}()
 4 SYSTEMPATH\Common.php(1190): CodeIgniter\View\View->render('Register', [], true)
 5 APPPATH\Controllers\UserController.php(29): view('Register', [...])
 6 SYSTEMPATH\CodeIgniter.php(942): App\Controllers\UserController->register()
 7 SYSTEMPATH\CodeIgniter.php(502): CodeIgniter\CodeIgniter->runController(Object(App\Controllers\UserController))
 8 SYSTEMPATH\CodeIgniter.php(361): CodeIgniter\CodeIgniter->handleRequest(null, Object(Config\Cache), false)
 9 FCPATH\index.php(79): CodeIgniter\CodeIgniter->run()
10 SYSTEMPATH\Commands\Server\rewrite.php(47): require_once('C:\\laragon\\www\\MahaltaCalapanCity\\public\\index.php')
CRITICAL - 2024-01-05 10:40:15 --> Undefined variable $userData
in APPPATH\Views\Register.php on line 166.
 1 APPPATH\Views\Register.php(166): CodeIgniter\Debug\Exceptions->errorHandler(2, 'Undefined variable $userData', 'C:\\laragon\\www\\MahaltaCalapanCity\\app\\Views\\Register.php', 166)
 2 SYSTEMPATH\View\View.php(228): include('C:\\laragon\\www\\MahaltaCalapanCity\\app\\Views\\Register.php')
 3 SYSTEMPATH\View\View.php(231): CodeIgniter\View\View->CodeIgniter\View\{closure}()
 4 SYSTEMPATH\Common.php(1190): CodeIgniter\View\View->render('Register', [], true)
 5 APPPATH\Controllers\UserController.php(29): view('Register', [...])
 6 SYSTEMPATH\CodeIgniter.php(942): App\Controllers\UserController->register()
 7 SYSTEMPATH\CodeIgniter.php(502): CodeIgniter\CodeIgniter->runController(Object(App\Controllers\UserController))
 8 SYSTEMPATH\CodeIgniter.php(361): CodeIgniter\CodeIgniter->handleRequest(null, Object(Config\Cache), false)
 9 FCPATH\index.php(79): CodeIgniter\CodeIgniter->run()
10 SYSTEMPATH\Commands\Server\rewrite.php(47): require_once('C:\\laragon\\www\\MahaltaCalapanCity\\public\\index.php')
CRITICAL - 2024-01-05 10:41:06 --> Undefined variable $userData
in APPPATH\Views\Register.php on line 105.
 1 APPPATH\Views\Register.php(105): CodeIgniter\Debug\Exceptions->errorHandler(2, 'Undefined variable $userData', 'C:\\laragon\\www\\MahaltaCalapanCity\\app\\Views\\Register.php', 105)
 2 SYSTEMPATH\View\View.php(228): include('C:\\laragon\\www\\MahaltaCalapanCity\\app\\Views\\Register.php')
 3 SYSTEMPATH\View\View.php(231): CodeIgniter\View\View->CodeIgniter\View\{closure}()
 4 SYSTEMPATH\Common.php(1190): CodeIgniter\View\View->render('Register', [], true)
 5 APPPATH\Controllers\UserController.php(29): view('Register', [...])
 6 SYSTEMPATH\CodeIgniter.php(942): App\Controllers\UserController->register()
 7 SYSTEMPATH\CodeIgniter.php(502): CodeIgniter\CodeIgniter->runController(Object(App\Controllers\UserController))
 8 SYSTEMPATH\CodeIgniter.php(361): CodeIgniter\CodeIgniter->handleRequest(null, Object(Config\Cache), false)
 9 FCPATH\index.php(79): CodeIgniter\CodeIgniter->run()
10 SYSTEMPATH\Commands\Server\rewrite.php(47): require_once('C:\\laragon\\www\\MahaltaCalapanCity\\public\\index.php')
CRITICAL - 2024-01-05 10:41:12 --> Undefined variable $userData
in APPPATH\Views\Register.php on line 166.
 1 APPPATH\Views\Register.php(166): CodeIgniter\Debug\Exceptions->errorHandler(2, 'Undefined variable $userData', 'C:\\laragon\\www\\MahaltaCalapanCity\\app\\Views\\Register.php', 166)
 2 SYSTEMPATH\View\View.php(228): include('C:\\laragon\\www\\MahaltaCalapanCity\\app\\Views\\Register.php')
 3 SYSTEMPATH\View\View.php(231): CodeIgniter\View\View->CodeIgniter\View\{closure}()
 4 SYSTEMPATH\Common.php(1190): CodeIgniter\View\View->render('Register', [], true)
 5 APPPATH\Controllers\UserController.php(29): view('Register', [...])
 6 SYSTEMPATH\CodeIgniter.php(942): App\Controllers\UserController->register()
 7 SYSTEMPATH\CodeIgniter.php(502): CodeIgniter\CodeIgniter->runController(Object(App\Controllers\UserController))
 8 SYSTEMPATH\CodeIgniter.php(361): CodeIgniter\CodeIgniter->handleRequest(null, Object(Config\Cache), false)
 9 FCPATH\index.php(79): CodeIgniter\CodeIgniter->run()
10 SYSTEMPATH\Commands\Server\rewrite.php(47): require_once('C:\\laragon\\www\\MahaltaCalapanCity\\public\\index.php')
CRITICAL - 2024-01-05 10:48:04 --> Undefined variable $userData
in APPPATH\Views\Register.php on line 166.
 1 APPPATH\Views\Register.php(166): CodeIgniter\Debug\Exceptions->errorHandler(2, 'Undefined variable $userData', 'C:\\laragon\\www\\MahaltaCalapanCity\\app\\Views\\Register.php', 166)
 2 SYSTEMPATH\View\View.php(228): include('C:\\laragon\\www\\MahaltaCalapanCity\\app\\Views\\Register.php')
 3 SYSTEMPATH\View\View.php(231): CodeIgniter\View\View->CodeIgniter\View\{closure}()
 4 SYSTEMPATH\Common.php(1190): CodeIgniter\View\View->render('Register', [], true)
 5 APPPATH\Controllers\UserController.php(29): view('Register', [...])
 6 SYSTEMPATH\CodeIgniter.php(942): App\Controllers\UserController->register()
 7 SYSTEMPATH\CodeIgniter.php(502): CodeIgniter\CodeIgniter->runController(Object(App\Controllers\UserController))
 8 SYSTEMPATH\CodeIgniter.php(361): CodeIgniter\CodeIgniter->handleRequest(null, Object(Config\Cache), false)
 9 FCPATH\index.php(79): CodeIgniter\CodeIgniter->run()
10 SYSTEMPATH\Commands\Server\rewrite.php(47): require_once('C:\\laragon\\www\\MahaltaCalapanCity\\public\\index.php')
CRITICAL - 2024-01-05 10:48:05 --> Undefined variable $userData
in APPPATH\Views\Register.php on line 166.
 1 APPPATH\Views\Register.php(166): CodeIgniter\Debug\Exceptions->errorHandler(2, 'Undefined variable $userData', 'C:\\laragon\\www\\MahaltaCalapanCity\\app\\Views\\Register.php', 166)
 2 SYSTEMPATH\View\View.php(228): include('C:\\laragon\\www\\MahaltaCalapanCity\\app\\Views\\Register.php')
 3 SYSTEMPATH\View\View.php(231): CodeIgniter\View\View->CodeIgniter\View\{closure}()
 4 SYSTEMPATH\Common.php(1190): CodeIgniter\View\View->render('Register', [], true)
 5 APPPATH\Controllers\UserController.php(29): view('Register', [...])
 6 SYSTEMPATH\CodeIgniter.php(942): App\Controllers\UserController->register()
 7 SYSTEMPATH\CodeIgniter.php(502): CodeIgniter\CodeIgniter->runController(Object(App\Controllers\UserController))
 8 SYSTEMPATH\CodeIgniter.php(361): CodeIgniter\CodeIgniter->handleRequest(null, Object(Config\Cache), false)
 9 FCPATH\index.php(79): CodeIgniter\CodeIgniter->run()
10 SYSTEMPATH\Commands\Server\rewrite.php(47): require_once('C:\\laragon\\www\\MahaltaCalapanCity\\public\\index.php')
