CRITICAL - 2024-02-27 00:06:59 --> Class "App\Controllers\CustomRules" not found
in APPPATH\Controllers\GuestController.php on line 359.
 1 SYSTEMPATH\CodeIgniter.php(942): App\Controllers\GuestController->addReservation()
 2 SYSTEMPATH\CodeIgniter.php(502): CodeIgniter\CodeIgniter->runController(Object(App\Controllers\GuestController))
 3 SYSTEMPATH\CodeIgniter.php(361): CodeIgniter\CodeIgniter->handleRequest(null, Object(Config\Cache), false)
 4 FCPATH\index.php(79): CodeIgniter\CodeIgniter->run()
 5 SYSTEMPATH\Commands\Server\rewrite.php(47): require_once('C:\\laragon\\www\\projectmahalta\\public\\index.php')
CRITICAL - 2024-02-27 00:07:15 --> "required_if" is not a valid rule.
in SYSTEMPATH\Validation\Validation.php on line 320.
 1 SYSTEMPATH\Validation\Validation.php(320): CodeIgniter\Validation\Exceptions\ValidationException::forRuleNotFound('required_if')
 2 SYSTEMPATH\Validation\Validation.php(198): CodeIgniter\Validation\Validation->processRules('ReferenceNumberGcash', 'ReferenceNumberGcash', '1234567890123', [...], [...])
 3 SYSTEMPATH\Controller.php(152): CodeIgniter\Validation\Validation->run()
 4 APPPATH\Controllers\GuestController.php(384): CodeIgniter\Controller->validate([...], [...])
 5 SYSTEMPATH\CodeIgniter.php(942): App\Controllers\GuestController->addReservation()
 6 SYSTEMPATH\CodeIgniter.php(502): CodeIgniter\CodeIgniter->runController(Object(App\Controllers\GuestController))
 7 SYSTEMPATH\CodeIgniter.php(361): CodeIgniter\CodeIgniter->handleRequest(null, Object(Config\Cache), false)
 8 FCPATH\index.php(79): CodeIgniter\CodeIgniter->run()
 9 SYSTEMPATH\Commands\Server\rewrite.php(47): require_once('C:\\laragon\\www\\projectmahalta\\public\\index.php')
CRITICAL - 2024-02-27 00:11:50 --> Class "App\Validation\Rules\RequiredIf" not found
in APPPATH\Controllers\GuestController.php on line 364.
 1 SYSTEMPATH\CodeIgniter.php(942): App\Controllers\GuestController->addReservation()
 2 SYSTEMPATH\CodeIgniter.php(502): CodeIgniter\CodeIgniter->runController(Object(App\Controllers\GuestController))
 3 SYSTEMPATH\CodeIgniter.php(361): CodeIgniter\CodeIgniter->handleRequest(null, Object(Config\Cache), false)
 4 FCPATH\index.php(79): CodeIgniter\CodeIgniter->run()
 5 SYSTEMPATH\Commands\Server\rewrite.php(47): require_once('C:\\laragon\\www\\projectmahalta\\public\\index.php')
CRITICAL - 2024-02-27 00:12:05 --> Class "App\Validation\Rules\RequiredIf" not found
in APPPATH\Controllers\GuestController.php on line 364.
 1 SYSTEMPATH\CodeIgniter.php(942): App\Controllers\GuestController->addReservation()
 2 SYSTEMPATH\CodeIgniter.php(502): CodeIgniter\CodeIgniter->runController(Object(App\Controllers\GuestController))
 3 SYSTEMPATH\CodeIgniter.php(361): CodeIgniter\CodeIgniter->handleRequest(null, Object(Config\Cache), false)
 4 FCPATH\index.php(79): CodeIgniter\CodeIgniter->run()
 5 SYSTEMPATH\Commands\Server\rewrite.php(47): require_once('C:\\laragon\\www\\projectmahalta\\public\\index.php')
CRITICAL - 2024-02-27 00:12:06 --> Class "App\Validation\Rules\RequiredIf" not found
in APPPATH\Controllers\GuestController.php on line 364.
 1 SYSTEMPATH\CodeIgniter.php(942): App\Controllers\GuestController->addReservation()
 2 SYSTEMPATH\CodeIgniter.php(502): CodeIgniter\CodeIgniter->runController(Object(App\Controllers\GuestController))
 3 SYSTEMPATH\CodeIgniter.php(361): CodeIgniter\CodeIgniter->handleRequest(null, Object(Config\Cache), false)
 4 FCPATH\index.php(79): CodeIgniter\CodeIgniter->run()
 5 SYSTEMPATH\Commands\Server\rewrite.php(47): require_once('C:\\laragon\\www\\projectmahalta\\public\\index.php')
CRITICAL - 2024-02-27 00:12:24 --> Class "App\Validation\Rules\RequiredIf" not found
in APPPATH\Controllers\GuestController.php on line 364.
 1 SYSTEMPATH\CodeIgniter.php(942): App\Controllers\GuestController->addReservation()
 2 SYSTEMPATH\CodeIgniter.php(502): CodeIgniter\CodeIgniter->runController(Object(App\Controllers\GuestController))
 3 SYSTEMPATH\CodeIgniter.php(361): CodeIgniter\CodeIgniter->handleRequest(null, Object(Config\Cache), false)
 4 FCPATH\index.php(79): CodeIgniter\CodeIgniter->run()
 5 SYSTEMPATH\Commands\Server\rewrite.php(47): require_once('C:\\laragon\\www\\projectmahalta\\public\\index.php')
CRITICAL - 2024-02-27 00:14:00 --> Class "App\Validation\Rules\RequiredIf" not found
in APPPATH\Controllers\GuestController.php on line 364.
 1 SYSTEMPATH\CodeIgniter.php(942): App\Controllers\GuestController->addReservation()
 2 SYSTEMPATH\CodeIgniter.php(502): CodeIgniter\CodeIgniter->runController(Object(App\Controllers\GuestController))
 3 SYSTEMPATH\CodeIgniter.php(361): CodeIgniter\CodeIgniter->handleRequest(null, Object(Config\Cache), false)
 4 FCPATH\index.php(79): CodeIgniter\CodeIgniter->run()
 5 SYSTEMPATH\Commands\Server\rewrite.php(47): require_once('C:\\laragon\\www\\projectmahalta\\public\\index.php')
CRITICAL - 2024-02-27 00:14:27 --> Class "App\Validation\Rules\RequiredIf" not found
in APPPATH\Controllers\GuestController.php on line 364.
 1 SYSTEMPATH\CodeIgniter.php(942): App\Controllers\GuestController->addReservation()
 2 SYSTEMPATH\CodeIgniter.php(502): CodeIgniter\CodeIgniter->runController(Object(App\Controllers\GuestController))
 3 SYSTEMPATH\CodeIgniter.php(361): CodeIgniter\CodeIgniter->handleRequest(null, Object(Config\Cache), false)
 4 FCPATH\index.php(79): CodeIgniter\CodeIgniter->run()
 5 SYSTEMPATH\Commands\Server\rewrite.php(47): require_once('C:\\laragon\\www\\projectmahalta\\public\\index.php')
CRITICAL - 2024-02-27 00:14:29 --> Class "App\Validation\Rules\RequiredIf" not found
in APPPATH\Controllers\GuestController.php on line 364.
 1 SYSTEMPATH\CodeIgniter.php(942): App\Controllers\GuestController->addReservation()
 2 SYSTEMPATH\CodeIgniter.php(502): CodeIgniter\CodeIgniter->runController(Object(App\Controllers\GuestController))
 3 SYSTEMPATH\CodeIgniter.php(361): CodeIgniter\CodeIgniter->handleRequest(null, Object(Config\Cache), false)
 4 FCPATH\index.php(79): CodeIgniter\CodeIgniter->run()
 5 SYSTEMPATH\Commands\Server\rewrite.php(47): require_once('C:\\laragon\\www\\projectmahalta\\public\\index.php')
CRITICAL - 2024-02-27 00:16:29 --> "required_if" is not a valid rule.
in SYSTEMPATH\Validation\Validation.php on line 320.
 1 SYSTEMPATH\Validation\Validation.php(320): CodeIgniter\Validation\Exceptions\ValidationException::forRuleNotFound('required_if')
 2 SYSTEMPATH\Validation\Validation.php(198): CodeIgniter\Validation\Validation->processRules('ReferenceNumberGcash', 'ReferenceNumberGcash', '1234567890123', [...], [...])
 3 SYSTEMPATH\Controller.php(152): CodeIgniter\Validation\Validation->run()
 4 APPPATH\Controllers\GuestController.php(384): CodeIgniter\Controller->validate([...], [...])
 5 SYSTEMPATH\CodeIgniter.php(942): App\Controllers\GuestController->addReservation()
 6 SYSTEMPATH\CodeIgniter.php(502): CodeIgniter\CodeIgniter->runController(Object(App\Controllers\GuestController))
 7 SYSTEMPATH\CodeIgniter.php(361): CodeIgniter\CodeIgniter->handleRequest(null, Object(Config\Cache), false)
 8 FCPATH\index.php(79): CodeIgniter\CodeIgniter->run()
 9 SYSTEMPATH\Commands\Server\rewrite.php(47): require_once('C:\\laragon\\www\\projectmahalta\\public\\index.php')
CRITICAL - 2024-02-27 00:22:19 --> Undefined array key "gcashReferenceNumber"
in APPPATH\Controllers\GuestController.php on line 476.
 1 APPPATH\Controllers\GuestController.php(476): CodeIgniter\Debug\Exceptions->errorHandler(2, 'Undefined array key "gcashReferenceNumber"', 'C:\\laragon\\www\\projectmahalta\\app\\Controllers\\GuestController.php', 476)
 2 APPPATH\Controllers\GuestController.php(443): App\Controllers\GuestController->prepareEmailMessage([...])
 3 SYSTEMPATH\CodeIgniter.php(942): App\Controllers\GuestController->addReservation()
 4 SYSTEMPATH\CodeIgniter.php(502): CodeIgniter\CodeIgniter->runController(Object(App\Controllers\GuestController))
 5 SYSTEMPATH\CodeIgniter.php(361): CodeIgniter\CodeIgniter->handleRequest(null, Object(Config\Cache), false)
 6 FCPATH\index.php(79): CodeIgniter\CodeIgniter->run()
 7 SYSTEMPATH\Commands\Server\rewrite.php(47): require_once('C:\\laragon\\www\\projectmahalta\\public\\index.php')
