CRITICAL - 2024-01-07 10:38:27 --> Undefined array key "firstname"
in APPPATH\Views\Hotell\bookroom.php on line 110.
 1 APPPATH\Views\Hotell\bookroom.php(110): CodeIgniter\Debug\Exceptions->errorHandler(2, 'Undefined array key "firstname"', 'C:\\laragon\\www\\MahaltaCalapanCity\\app\\Views\\Hotell\\bookroom.php', 110)
 2 SYSTEMPATH\View\View.php(228): include('C:\\laragon\\www\\MahaltaCalapanCity\\app\\Views\\Hotell\\bookroom.php')
 3 SYSTEMPATH\View\View.php(231): CodeIgniter\View\View->CodeIgniter\View\{closure}()
 4 SYSTEMPATH\Common.php(1190): CodeIgniter\View\View->render('Hotell\\bookroom', [], true)
 5 APPPATH\Controllers\GuestController.php(88): view('Hotell\\bookroom', [...])
 6 SYSTEMPATH\CodeIgniter.php(942): App\Controllers\GuestController->bookroom()
 7 SYSTEMPATH\CodeIgniter.php(502): CodeIgniter\CodeIgniter->runController(Object(App\Controllers\GuestController))
 8 SYSTEMPATH\CodeIgniter.php(361): CodeIgniter\CodeIgniter->handleRequest(null, Object(Config\Cache), false)
 9 FCPATH\index.php(79): CodeIgniter\CodeIgniter->run()
10 SYSTEMPATH\Commands\Server\rewrite.php(47): require_once('C:\\laragon\\www\\MahaltaCalapanCity\\public\\index.php')
CRITICAL - 2024-01-07 10:42:03 --> Call to undefined function set_value()
in APPPATH\Views\Hotell\bookroom.php on line 110.
 1 SYSTEMPATH\View\View.php(228): include()
 2 SYSTEMPATH\View\View.php(231): CodeIgniter\View\View->CodeIgniter\View\{closure}()
 3 SYSTEMPATH\Common.php(1190): CodeIgniter\View\View->render('Hotell\\bookroom', [], true)
 4 APPPATH\Controllers\GuestController.php(88): view('Hotell\\bookroom', [...])
 5 SYSTEMPATH\CodeIgniter.php(942): App\Controllers\GuestController->bookroom()
 6 SYSTEMPATH\CodeIgniter.php(502): CodeIgniter\CodeIgniter->runController(Object(App\Controllers\GuestController))
 7 SYSTEMPATH\CodeIgniter.php(361): CodeIgniter\CodeIgniter->handleRequest(null, Object(Config\Cache), false)
 8 FCPATH\index.php(79): CodeIgniter\CodeIgniter->run()
 9 SYSTEMPATH\Commands\Server\rewrite.php(47): require_once('C:\\laragon\\www\\MahaltaCalapanCity\\public\\index.php')
CRITICAL - 2024-01-07 10:42:26 --> Call to undefined function set_value()
in APPPATH\Views\Hotell\bookroom.php on line 110.
 1 SYSTEMPATH\View\View.php(228): include()
 2 SYSTEMPATH\View\View.php(231): CodeIgniter\View\View->CodeIgniter\View\{closure}()
 3 SYSTEMPATH\Common.php(1190): CodeIgniter\View\View->render('Hotell\\bookroom', [], true)
 4 APPPATH\Controllers\GuestController.php(88): view('Hotell\\bookroom', [...])
 5 SYSTEMPATH\CodeIgniter.php(942): App\Controllers\GuestController->bookroom()
 6 SYSTEMPATH\CodeIgniter.php(502): CodeIgniter\CodeIgniter->runController(Object(App\Controllers\GuestController))
 7 SYSTEMPATH\CodeIgniter.php(361): CodeIgniter\CodeIgniter->handleRequest(null, Object(Config\Cache), false)
 8 FCPATH\index.php(79): CodeIgniter\CodeIgniter->run()
 9 SYSTEMPATH\Commands\Server\rewrite.php(47): require_once('C:\\laragon\\www\\MahaltaCalapanCity\\public\\index.php')
CRITICAL - 2024-01-07 10:42:43 --> Call to undefined function set_value()
in APPPATH\Views\Hotell\bookroom.php on line 110.
 1 SYSTEMPATH\View\View.php(228): include()
 2 SYSTEMPATH\View\View.php(231): CodeIgniter\View\View->CodeIgniter\View\{closure}()
 3 SYSTEMPATH\Common.php(1190): CodeIgniter\View\View->render('Hotell\\bookroom', [], true)
 4 APPPATH\Controllers\GuestController.php(88): view('Hotell\\bookroom', [...])
 5 SYSTEMPATH\CodeIgniter.php(942): App\Controllers\GuestController->bookroom()
 6 SYSTEMPATH\CodeIgniter.php(502): CodeIgniter\CodeIgniter->runController(Object(App\Controllers\GuestController))
 7 SYSTEMPATH\CodeIgniter.php(361): CodeIgniter\CodeIgniter->handleRequest(null, Object(Config\Cache), false)
 8 FCPATH\index.php(79): CodeIgniter\CodeIgniter->run()
 9 SYSTEMPATH\Commands\Server\rewrite.php(47): require_once('C:\\laragon\\www\\MahaltaCalapanCity\\public\\index.php')
CRITICAL - 2024-01-07 10:43:00 --> Call to undefined function set_value()
in APPPATH\Views\Hotell\bookroom.php on line 110.
 1 SYSTEMPATH\View\View.php(228): include()
 2 SYSTEMPATH\View\View.php(231): CodeIgniter\View\View->CodeIgniter\View\{closure}()
 3 SYSTEMPATH\Common.php(1190): CodeIgniter\View\View->render('Hotell\\bookroom', [], true)
 4 APPPATH\Controllers\GuestController.php(88): view('Hotell\\bookroom', [...])
 5 SYSTEMPATH\CodeIgniter.php(942): App\Controllers\GuestController->bookroom()
 6 SYSTEMPATH\CodeIgniter.php(502): CodeIgniter\CodeIgniter->runController(Object(App\Controllers\GuestController))
 7 SYSTEMPATH\CodeIgniter.php(361): CodeIgniter\CodeIgniter->handleRequest(null, Object(Config\Cache), false)
 8 FCPATH\index.php(79): CodeIgniter\CodeIgniter->run()
 9 SYSTEMPATH\Commands\Server\rewrite.php(47): require_once('C:\\laragon\\www\\MahaltaCalapanCity\\public\\index.php')
CRITICAL - 2024-01-07 13:12:28 --> Invalid file: "/room.php"
in SYSTEMPATH\Exceptions\FrameworkException.php on line 39.
 1 SYSTEMPATH\View\View.php(216): CodeIgniter\Exceptions\FrameworkException::forInvalidFile('/room.php')
 2 SYSTEMPATH\Common.php(1190): CodeIgniter\View\View->render('/room', [], true)
 3 APPPATH\Controllers\GuestController.php(107): view('/room', [...])
 4 SYSTEMPATH\CodeIgniter.php(942): App\Controllers\GuestController->addReservation()
 5 SYSTEMPATH\CodeIgniter.php(502): CodeIgniter\CodeIgniter->runController(Object(App\Controllers\GuestController))
 6 SYSTEMPATH\CodeIgniter.php(361): CodeIgniter\CodeIgniter->handleRequest(null, Object(Config\Cache), false)
 7 FCPATH\index.php(79): CodeIgniter\CodeIgniter->run()
 8 SYSTEMPATH\Commands\Server\rewrite.php(47): require_once('C:\\laragon\\www\\MahaltaCalapanCity\\public\\index.php')
CRITICAL - 2024-01-07 13:13:03 --> Invalid file: "/bookroom.php"
in SYSTEMPATH\Exceptions\FrameworkException.php on line 39.
 1 SYSTEMPATH\View\View.php(216): CodeIgniter\Exceptions\FrameworkException::forInvalidFile('/bookroom.php')
 2 SYSTEMPATH\Common.php(1190): CodeIgniter\View\View->render('/bookroom', [], true)
 3 APPPATH\Controllers\GuestController.php(107): view('/bookroom', [...])
 4 SYSTEMPATH\CodeIgniter.php(942): App\Controllers\GuestController->addReservation()
 5 SYSTEMPATH\CodeIgniter.php(502): CodeIgniter\CodeIgniter->runController(Object(App\Controllers\GuestController))
 6 SYSTEMPATH\CodeIgniter.php(361): CodeIgniter\CodeIgniter->handleRequest(null, Object(Config\Cache), false)
 7 FCPATH\index.php(79): CodeIgniter\CodeIgniter->run()
 8 SYSTEMPATH\Commands\Server\rewrite.php(47): require_once('C:\\laragon\\www\\MahaltaCalapanCity\\public\\index.php')
CRITICAL - 2024-01-07 13:13:50 --> Invalid file: "/bookroom.php"
in SYSTEMPATH\Exceptions\FrameworkException.php on line 39.
 1 SYSTEMPATH\View\View.php(216): CodeIgniter\Exceptions\FrameworkException::forInvalidFile('/bookroom.php')
 2 SYSTEMPATH\Common.php(1190): CodeIgniter\View\View->render('/bookroom', [], true)
 3 APPPATH\Controllers\GuestController.php(107): view('/bookroom', [...])
 4 SYSTEMPATH\CodeIgniter.php(942): App\Controllers\GuestController->addReservation()
 5 SYSTEMPATH\CodeIgniter.php(502): CodeIgniter\CodeIgniter->runController(Object(App\Controllers\GuestController))
 6 SYSTEMPATH\CodeIgniter.php(361): CodeIgniter\CodeIgniter->handleRequest(null, Object(Config\Cache), false)
 7 FCPATH\index.php(79): CodeIgniter\CodeIgniter->run()
 8 SYSTEMPATH\Commands\Server\rewrite.php(47): require_once('C:\\laragon\\www\\MahaltaCalapanCity\\public\\index.php')
CRITICAL - 2024-01-07 13:13:54 --> Invalid file: "/bookroom.php"
in SYSTEMPATH\Exceptions\FrameworkException.php on line 39.
 1 SYSTEMPATH\View\View.php(216): CodeIgniter\Exceptions\FrameworkException::forInvalidFile('/bookroom.php')
 2 SYSTEMPATH\Common.php(1190): CodeIgniter\View\View->render('/bookroom', [], true)
 3 APPPATH\Controllers\GuestController.php(107): view('/bookroom', [...])
 4 SYSTEMPATH\CodeIgniter.php(942): App\Controllers\GuestController->addReservation()
 5 SYSTEMPATH\CodeIgniter.php(502): CodeIgniter\CodeIgniter->runController(Object(App\Controllers\GuestController))
 6 SYSTEMPATH\CodeIgniter.php(361): CodeIgniter\CodeIgniter->handleRequest(null, Object(Config\Cache), false)
 7 FCPATH\index.php(79): CodeIgniter\CodeIgniter->run()
 8 SYSTEMPATH\Commands\Server\rewrite.php(47): require_once('C:\\laragon\\www\\MahaltaCalapanCity\\public\\index.php')
CRITICAL - 2024-01-07 13:17:47 --> Undefined variable $pageTitle
in APPPATH\Views\Hotell\inc\header.php on line 12.
 1 APPPATH\Views\Hotell\inc\header.php(12): CodeIgniter\Debug\Exceptions->errorHandler(2, 'Undefined variable $pageTitle', 'C:\\laragon\\www\\MahaltaCalapanCity\\app\\Views\\Hotell\\inc\\header.php', 12)
 2 APPPATH\Views\Hotell\bookroom.php(24): include('C:\\laragon\\www\\MahaltaCalapanCity\\app\\Views\\Hotell\\inc\\header.php')
 3 SYSTEMPATH\View\View.php(228): include('C:\\laragon\\www\\MahaltaCalapanCity\\app\\Views\\Hotell\\bookroom.php')
 4 SYSTEMPATH\View\View.php(231): CodeIgniter\View\View->CodeIgniter\View\{closure}()
 5 SYSTEMPATH\Common.php(1190): CodeIgniter\View\View->render('Hotell\\bookroom', [], true)
 6 APPPATH\Controllers\GuestController.php(106): view('Hotell\\bookroom', [...])
 7 SYSTEMPATH\CodeIgniter.php(942): App\Controllers\GuestController->addReservation()
 8 SYSTEMPATH\CodeIgniter.php(502): CodeIgniter\CodeIgniter->runController(Object(App\Controllers\GuestController))
 9 SYSTEMPATH\CodeIgniter.php(361): CodeIgniter\CodeIgniter->handleRequest(null, Object(Config\Cache), false)
10 FCPATH\index.php(79): CodeIgniter\CodeIgniter->run()
11 SYSTEMPATH\Commands\Server\rewrite.php(47): require_once('C:\\laragon\\www\\MahaltaCalapanCity\\public\\index.php')
CRITICAL - 2024-01-07 13:19:08 --> Undefined variable $pageTitle
in APPPATH\Views\Hotell\inc\header.php on line 12.
 1 APPPATH\Views\Hotell\inc\header.php(12): CodeIgniter\Debug\Exceptions->errorHandler(2, 'Undefined variable $pageTitle', 'C:\\laragon\\www\\MahaltaCalapanCity\\app\\Views\\Hotell\\inc\\header.php', 12)
 2 APPPATH\Views\Hotell\bookroom.php(24): include('C:\\laragon\\www\\MahaltaCalapanCity\\app\\Views\\Hotell\\inc\\header.php')
 3 SYSTEMPATH\View\View.php(228): include('C:\\laragon\\www\\MahaltaCalapanCity\\app\\Views\\Hotell\\bookroom.php')
 4 SYSTEMPATH\View\View.php(231): CodeIgniter\View\View->CodeIgniter\View\{closure}()
 5 SYSTEMPATH\Common.php(1190): CodeIgniter\View\View->render('Hotell\\bookroom', [], true)
 6 APPPATH\Controllers\GuestController.php(106): view('Hotell\\bookroom', [...])
 7 SYSTEMPATH\CodeIgniter.php(942): App\Controllers\GuestController->addReservation()
 8 SYSTEMPATH\CodeIgniter.php(502): CodeIgniter\CodeIgniter->runController(Object(App\Controllers\GuestController))
 9 SYSTEMPATH\CodeIgniter.php(361): CodeIgniter\CodeIgniter->handleRequest(null, Object(Config\Cache), false)
10 FCPATH\index.php(79): CodeIgniter\CodeIgniter->run()
11 SYSTEMPATH\Commands\Server\rewrite.php(47): require_once('C:\\laragon\\www\\MahaltaCalapanCity\\public\\index.php')
CRITICAL - 2024-01-07 13:23:33 --> Invalid file: "/bookroom.php"
in SYSTEMPATH\Exceptions\FrameworkException.php on line 39.
 1 SYSTEMPATH\View\View.php(216): CodeIgniter\Exceptions\FrameworkException::forInvalidFile('/bookroom.php')
 2 SYSTEMPATH\Common.php(1190): CodeIgniter\View\View->render('/bookroom', [], true)
 3 APPPATH\Controllers\GuestController.php(106): view('/bookroom', [...])
 4 SYSTEMPATH\CodeIgniter.php(942): App\Controllers\GuestController->addReservation()
 5 SYSTEMPATH\CodeIgniter.php(502): CodeIgniter\CodeIgniter->runController(Object(App\Controllers\GuestController))
 6 SYSTEMPATH\CodeIgniter.php(361): CodeIgniter\CodeIgniter->handleRequest(null, Object(Config\Cache), false)
 7 FCPATH\index.php(79): CodeIgniter\CodeIgniter->run()
 8 SYSTEMPATH\Commands\Server\rewrite.php(47): require_once('C:\\laragon\\www\\MahaltaCalapanCity\\public\\index.php')
CRITICAL - 2024-01-07 13:39:15 --> Invalid file: "/bookroom.php"
in SYSTEMPATH\Exceptions\FrameworkException.php on line 39.
 1 SYSTEMPATH\View\View.php(216): CodeIgniter\Exceptions\FrameworkException::forInvalidFile('/bookroom.php')
 2 SYSTEMPATH\Common.php(1190): CodeIgniter\View\View->render('/bookroom', [], true)
 3 APPPATH\Controllers\GuestController.php(106): view('/bookroom', [...])
 4 SYSTEMPATH\CodeIgniter.php(942): App\Controllers\GuestController->addReservation()
 5 SYSTEMPATH\CodeIgniter.php(502): CodeIgniter\CodeIgniter->runController(Object(App\Controllers\GuestController))
 6 SYSTEMPATH\CodeIgniter.php(361): CodeIgniter\CodeIgniter->handleRequest(null, Object(Config\Cache), false)
 7 FCPATH\index.php(79): CodeIgniter\CodeIgniter->run()
 8 SYSTEMPATH\Commands\Server\rewrite.php(47): require_once('C:\\laragon\\www\\MahaltaCalapanCity\\public\\index.php')
CRITICAL - 2024-01-07 13:41:08 --> Undefined variable $pageTitle
in APPPATH\Views\Hotell\inc\header.php on line 12.
 1 APPPATH\Views\Hotell\inc\header.php(12): CodeIgniter\Debug\Exceptions->errorHandler(2, 'Undefined variable $pageTitle', 'C:\\laragon\\www\\MahaltaCalapanCity\\app\\Views\\Hotell\\inc\\header.php', 12)
 2 APPPATH\Views\Hotell\bookroom.php(24): include('C:\\laragon\\www\\MahaltaCalapanCity\\app\\Views\\Hotell\\inc\\header.php')
 3 SYSTEMPATH\View\View.php(228): include('C:\\laragon\\www\\MahaltaCalapanCity\\app\\Views\\Hotell\\bookroom.php')
 4 SYSTEMPATH\View\View.php(231): CodeIgniter\View\View->CodeIgniter\View\{closure}()
 5 SYSTEMPATH\Common.php(1190): CodeIgniter\View\View->render('Hotell/bookroom', [], true)
 6 APPPATH\Controllers\GuestController.php(106): view('Hotell/bookroom', [...])
 7 SYSTEMPATH\CodeIgniter.php(942): App\Controllers\GuestController->addReservation()
 8 SYSTEMPATH\CodeIgniter.php(502): CodeIgniter\CodeIgniter->runController(Object(App\Controllers\GuestController))
 9 SYSTEMPATH\CodeIgniter.php(361): CodeIgniter\CodeIgniter->handleRequest(null, Object(Config\Cache), false)
10 FCPATH\index.php(79): CodeIgniter\CodeIgniter->run()
11 SYSTEMPATH\Commands\Server\rewrite.php(47): require_once('C:\\laragon\\www\\MahaltaCalapanCity\\public\\index.php')
CRITICAL - 2024-01-07 13:44:10 --> Invalid file: "Hotell/home.php"
in SYSTEMPATH\Exceptions\FrameworkException.php on line 39.
 1 SYSTEMPATH\View\View.php(216): CodeIgniter\Exceptions\FrameworkException::forInvalidFile('Hotell/home.php')
 2 SYSTEMPATH\Common.php(1190): CodeIgniter\View\View->render('Hotell/home', [], true)
 3 APPPATH\Controllers\GuestController.php(106): view('Hotell/home', [...])
 4 SYSTEMPATH\CodeIgniter.php(942): App\Controllers\GuestController->addReservation()
 5 SYSTEMPATH\CodeIgniter.php(502): CodeIgniter\CodeIgniter->runController(Object(App\Controllers\GuestController))
 6 SYSTEMPATH\CodeIgniter.php(361): CodeIgniter\CodeIgniter->handleRequest(null, Object(Config\Cache), false)
 7 FCPATH\index.php(79): CodeIgniter\CodeIgniter->run()
 8 SYSTEMPATH\Commands\Server\rewrite.php(47): require_once('C:\\laragon\\www\\MahaltaCalapanCity\\public\\index.php')
CRITICAL - 2024-01-07 13:44:17 --> Undefined variable $pageTitle
in APPPATH\Views\Hotell\inc\header.php on line 12.
 1 APPPATH\Views\Hotell\inc\header.php(12): CodeIgniter\Debug\Exceptions->errorHandler(2, 'Undefined variable $pageTitle', 'C:\\laragon\\www\\MahaltaCalapanCity\\app\\Views\\Hotell\\inc\\header.php', 12)
 2 APPPATH\Views\Hotell\index.php(24): include('C:\\laragon\\www\\MahaltaCalapanCity\\app\\Views\\Hotell\\inc\\header.php')
 3 SYSTEMPATH\View\View.php(228): include('C:\\laragon\\www\\MahaltaCalapanCity\\app\\Views\\Hotell\\index.php')
 4 SYSTEMPATH\View\View.php(231): CodeIgniter\View\View->CodeIgniter\View\{closure}()
 5 SYSTEMPATH\Common.php(1190): CodeIgniter\View\View->render('Hotell/index', [], true)
 6 APPPATH\Controllers\GuestController.php(106): view('Hotell/index', [...])
 7 SYSTEMPATH\CodeIgniter.php(942): App\Controllers\GuestController->addReservation()
 8 SYSTEMPATH\CodeIgniter.php(502): CodeIgniter\CodeIgniter->runController(Object(App\Controllers\GuestController))
 9 SYSTEMPATH\CodeIgniter.php(361): CodeIgniter\CodeIgniter->handleRequest(null, Object(Config\Cache), false)
10 FCPATH\index.php(79): CodeIgniter\CodeIgniter->run()
11 SYSTEMPATH\Commands\Server\rewrite.php(47): require_once('C:\\laragon\\www\\MahaltaCalapanCity\\public\\index.php')
CRITICAL - 2024-01-07 13:47:41 --> Undefined variable $currentRoute
in APPPATH\Views\Hotell\inc\header.php on line 12.
 1 APPPATH\Views\Hotell\inc\header.php(12): CodeIgniter\Debug\Exceptions->errorHandler(2, 'Undefined variable $currentRoute', 'C:\\laragon\\www\\MahaltaCalapanCity\\app\\Views\\Hotell\\inc\\header.php', 12)
 2 APPPATH\Views\Hotell\index.php(24): include('C:\\laragon\\www\\MahaltaCalapanCity\\app\\Views\\Hotell\\inc\\header.php')
 3 SYSTEMPATH\View\View.php(228): include('C:\\laragon\\www\\MahaltaCalapanCity\\app\\Views\\Hotell\\index.php')
 4 SYSTEMPATH\View\View.php(231): CodeIgniter\View\View->CodeIgniter\View\{closure}()
 5 SYSTEMPATH\Common.php(1190): CodeIgniter\View\View->render('Hotell/index', [], true)
 6 APPPATH\Controllers\GuestController.php(106): view('Hotell/index', [...])
 7 SYSTEMPATH\CodeIgniter.php(942): App\Controllers\GuestController->addReservation()
 8 SYSTEMPATH\CodeIgniter.php(502): CodeIgniter\CodeIgniter->runController(Object(App\Controllers\GuestController))
 9 SYSTEMPATH\CodeIgniter.php(361): CodeIgniter\CodeIgniter->handleRequest(null, Object(Config\Cache), false)
10 FCPATH\index.php(79): CodeIgniter\CodeIgniter->run()
11 SYSTEMPATH\Commands\Server\rewrite.php(47): require_once('C:\\laragon\\www\\MahaltaCalapanCity\\public\\index.php')
CRITICAL - 2024-01-07 13:48:49 --> Undefined variable $currentRoute
in APPPATH\Views\Hotell\inc\header.php on line 12.
 1 APPPATH\Views\Hotell\inc\header.php(12): CodeIgniter\Debug\Exceptions->errorHandler(2, 'Undefined variable $currentRoute', 'C:\\laragon\\www\\MahaltaCalapanCity\\app\\Views\\Hotell\\inc\\header.php', 12)
 2 APPPATH\Views\Hotell\index.php(24): include('C:\\laragon\\www\\MahaltaCalapanCity\\app\\Views\\Hotell\\inc\\header.php')
 3 SYSTEMPATH\View\View.php(228): include('C:\\laragon\\www\\MahaltaCalapanCity\\app\\Views\\Hotell\\index.php')
 4 SYSTEMPATH\View\View.php(231): CodeIgniter\View\View->CodeIgniter\View\{closure}()
 5 SYSTEMPATH\Common.php(1190): CodeIgniter\View\View->render('Hotell/index', [], true)
 6 APPPATH\Controllers\GuestController.php(106): view('Hotell/index', [...])
 7 SYSTEMPATH\CodeIgniter.php(942): App\Controllers\GuestController->addReservation()
 8 SYSTEMPATH\CodeIgniter.php(502): CodeIgniter\CodeIgniter->runController(Object(App\Controllers\GuestController))
 9 SYSTEMPATH\CodeIgniter.php(361): CodeIgniter\CodeIgniter->handleRequest(null, Object(Config\Cache), false)
10 FCPATH\index.php(79): CodeIgniter\CodeIgniter->run()
11 SYSTEMPATH\Commands\Server\rewrite.php(47): require_once('C:\\laragon\\www\\MahaltaCalapanCity\\public\\index.php')
CRITICAL - 2024-01-07 13:50:50 --> Undefined variable $currentRoute
in APPPATH\Views\Hotell\inc\header.php on line 12.
 1 APPPATH\Views\Hotell\inc\header.php(12): CodeIgniter\Debug\Exceptions->errorHandler(2, 'Undefined variable $currentRoute', 'C:\\laragon\\www\\MahaltaCalapanCity\\app\\Views\\Hotell\\inc\\header.php', 12)
 2 APPPATH\Views\Hotell\index.php(24): include('C:\\laragon\\www\\MahaltaCalapanCity\\app\\Views\\Hotell\\inc\\header.php')
 3 SYSTEMPATH\View\View.php(228): include('C:\\laragon\\www\\MahaltaCalapanCity\\app\\Views\\Hotell\\index.php')
 4 SYSTEMPATH\View\View.php(231): CodeIgniter\View\View->CodeIgniter\View\{closure}()
 5 SYSTEMPATH\Common.php(1190): CodeIgniter\View\View->render('Hotell/index', [], true)
 6 APPPATH\Controllers\AdminController.php(46): view('Hotell/index', [...])
 7 SYSTEMPATH\CodeIgniter.php(942): App\Controllers\AdminController->addReservation()
 8 SYSTEMPATH\CodeIgniter.php(502): CodeIgniter\CodeIgniter->runController(Object(App\Controllers\AdminController))
 9 SYSTEMPATH\CodeIgniter.php(361): CodeIgniter\CodeIgniter->handleRequest(null, Object(Config\Cache), false)
10 FCPATH\index.php(79): CodeIgniter\CodeIgniter->run()
11 SYSTEMPATH\Commands\Server\rewrite.php(47): require_once('C:\\laragon\\www\\MahaltaCalapanCity\\public\\index.php')
CRITICAL - 2024-01-07 13:52:47 --> Undefined variable $currentRoute
in APPPATH\Views\Hotell\inc\header.php on line 12.
 1 APPPATH\Views\Hotell\inc\header.php(12): CodeIgniter\Debug\Exceptions->errorHandler(2, 'Undefined variable $currentRoute', 'C:\\laragon\\www\\MahaltaCalapanCity\\app\\Views\\Hotell\\inc\\header.php', 12)
 2 APPPATH\Views\Hotell\index.php(24): include('C:\\laragon\\www\\MahaltaCalapanCity\\app\\Views\\Hotell\\inc\\header.php')
 3 SYSTEMPATH\View\View.php(228): include('C:\\laragon\\www\\MahaltaCalapanCity\\app\\Views\\Hotell\\index.php')
 4 SYSTEMPATH\View\View.php(231): CodeIgniter\View\View->CodeIgniter\View\{closure}()
 5 SYSTEMPATH\Common.php(1190): CodeIgniter\View\View->render('Hotell/index', [], true)
 6 APPPATH\Controllers\StaffController.php(58): view('Hotell/index', [...])
 7 SYSTEMPATH\CodeIgniter.php(942): App\Controllers\StaffController->addReservation()
 8 SYSTEMPATH\CodeIgniter.php(502): CodeIgniter\CodeIgniter->runController(Object(App\Controllers\StaffController))
 9 SYSTEMPATH\CodeIgniter.php(361): CodeIgniter\CodeIgniter->handleRequest(null, Object(Config\Cache), false)
10 FCPATH\index.php(79): CodeIgniter\CodeIgniter->run()
11 SYSTEMPATH\Commands\Server\rewrite.php(47): require_once('C:\\laragon\\www\\MahaltaCalapanCity\\public\\index.php')
CRITICAL - 2024-01-07 13:52:48 --> Undefined variable $currentRoute
in APPPATH\Views\Hotell\inc\header.php on line 12.
 1 APPPATH\Views\Hotell\inc\header.php(12): CodeIgniter\Debug\Exceptions->errorHandler(2, 'Undefined variable $currentRoute', 'C:\\laragon\\www\\MahaltaCalapanCity\\app\\Views\\Hotell\\inc\\header.php', 12)
 2 APPPATH\Views\Hotell\index.php(24): include('C:\\laragon\\www\\MahaltaCalapanCity\\app\\Views\\Hotell\\inc\\header.php')
 3 SYSTEMPATH\View\View.php(228): include('C:\\laragon\\www\\MahaltaCalapanCity\\app\\Views\\Hotell\\index.php')
 4 SYSTEMPATH\View\View.php(231): CodeIgniter\View\View->CodeIgniter\View\{closure}()
 5 SYSTEMPATH\Common.php(1190): CodeIgniter\View\View->render('Hotell/index', [], true)
 6 APPPATH\Controllers\StaffController.php(58): view('Hotell/index', [...])
 7 SYSTEMPATH\CodeIgniter.php(942): App\Controllers\StaffController->addReservation()
 8 SYSTEMPATH\CodeIgniter.php(502): CodeIgniter\CodeIgniter->runController(Object(App\Controllers\StaffController))
 9 SYSTEMPATH\CodeIgniter.php(361): CodeIgniter\CodeIgniter->handleRequest(null, Object(Config\Cache), false)
10 FCPATH\index.php(79): CodeIgniter\CodeIgniter->run()
11 SYSTEMPATH\Commands\Server\rewrite.php(47): require_once('C:\\laragon\\www\\MahaltaCalapanCity\\public\\index.php')
CRITICAL - 2024-01-07 13:52:48 --> Undefined variable $currentRoute
in APPPATH\Views\Hotell\inc\header.php on line 12.
 1 APPPATH\Views\Hotell\inc\header.php(12): CodeIgniter\Debug\Exceptions->errorHandler(2, 'Undefined variable $currentRoute', 'C:\\laragon\\www\\MahaltaCalapanCity\\app\\Views\\Hotell\\inc\\header.php', 12)
 2 APPPATH\Views\Hotell\index.php(24): include('C:\\laragon\\www\\MahaltaCalapanCity\\app\\Views\\Hotell\\inc\\header.php')
 3 SYSTEMPATH\View\View.php(228): include('C:\\laragon\\www\\MahaltaCalapanCity\\app\\Views\\Hotell\\index.php')
 4 SYSTEMPATH\View\View.php(231): CodeIgniter\View\View->CodeIgniter\View\{closure}()
 5 SYSTEMPATH\Common.php(1190): CodeIgniter\View\View->render('Hotell/index', [], true)
 6 APPPATH\Controllers\StaffController.php(58): view('Hotell/index', [...])
 7 SYSTEMPATH\CodeIgniter.php(942): App\Controllers\StaffController->addReservation()
 8 SYSTEMPATH\CodeIgniter.php(502): CodeIgniter\CodeIgniter->runController(Object(App\Controllers\StaffController))
 9 SYSTEMPATH\CodeIgniter.php(361): CodeIgniter\CodeIgniter->handleRequest(null, Object(Config\Cache), false)
10 FCPATH\index.php(79): CodeIgniter\CodeIgniter->run()
11 SYSTEMPATH\Commands\Server\rewrite.php(47): require_once('C:\\laragon\\www\\MahaltaCalapanCity\\public\\index.php')
CRITICAL - 2024-01-07 13:52:49 --> Undefined variable $currentRoute
in APPPATH\Views\Hotell\inc\header.php on line 12.
 1 APPPATH\Views\Hotell\inc\header.php(12): CodeIgniter\Debug\Exceptions->errorHandler(2, 'Undefined variable $currentRoute', 'C:\\laragon\\www\\MahaltaCalapanCity\\app\\Views\\Hotell\\inc\\header.php', 12)
 2 APPPATH\Views\Hotell\index.php(24): include('C:\\laragon\\www\\MahaltaCalapanCity\\app\\Views\\Hotell\\inc\\header.php')
 3 SYSTEMPATH\View\View.php(228): include('C:\\laragon\\www\\MahaltaCalapanCity\\app\\Views\\Hotell\\index.php')
 4 SYSTEMPATH\View\View.php(231): CodeIgniter\View\View->CodeIgniter\View\{closure}()
 5 SYSTEMPATH\Common.php(1190): CodeIgniter\View\View->render('Hotell/index', [], true)
 6 APPPATH\Controllers\StaffController.php(58): view('Hotell/index', [...])
 7 SYSTEMPATH\CodeIgniter.php(942): App\Controllers\StaffController->addReservation()
 8 SYSTEMPATH\CodeIgniter.php(502): CodeIgniter\CodeIgniter->runController(Object(App\Controllers\StaffController))
 9 SYSTEMPATH\CodeIgniter.php(361): CodeIgniter\CodeIgniter->handleRequest(null, Object(Config\Cache), false)
10 FCPATH\index.php(79): CodeIgniter\CodeIgniter->run()
11 SYSTEMPATH\Commands\Server\rewrite.php(47): require_once('C:\\laragon\\www\\MahaltaCalapanCity\\public\\index.php')
CRITICAL - 2024-01-07 13:52:49 --> Undefined variable $currentRoute
in APPPATH\Views\Hotell\inc\header.php on line 12.
 1 APPPATH\Views\Hotell\inc\header.php(12): CodeIgniter\Debug\Exceptions->errorHandler(2, 'Undefined variable $currentRoute', 'C:\\laragon\\www\\MahaltaCalapanCity\\app\\Views\\Hotell\\inc\\header.php', 12)
 2 APPPATH\Views\Hotell\index.php(24): include('C:\\laragon\\www\\MahaltaCalapanCity\\app\\Views\\Hotell\\inc\\header.php')
 3 SYSTEMPATH\View\View.php(228): include('C:\\laragon\\www\\MahaltaCalapanCity\\app\\Views\\Hotell\\index.php')
 4 SYSTEMPATH\View\View.php(231): CodeIgniter\View\View->CodeIgniter\View\{closure}()
 5 SYSTEMPATH\Common.php(1190): CodeIgniter\View\View->render('Hotell/index', [], true)
 6 APPPATH\Controllers\StaffController.php(58): view('Hotell/index', [...])
 7 SYSTEMPATH\CodeIgniter.php(942): App\Controllers\StaffController->addReservation()
 8 SYSTEMPATH\CodeIgniter.php(502): CodeIgniter\CodeIgniter->runController(Object(App\Controllers\StaffController))
 9 SYSTEMPATH\CodeIgniter.php(361): CodeIgniter\CodeIgniter->handleRequest(null, Object(Config\Cache), false)
10 FCPATH\index.php(79): CodeIgniter\CodeIgniter->run()
11 SYSTEMPATH\Commands\Server\rewrite.php(47): require_once('C:\\laragon\\www\\MahaltaCalapanCity\\public\\index.php')
CRITICAL - 2024-01-07 13:55:58 --> Undefined variable $activePage
in APPPATH\Views\Hotell\inc\header.php on line 12.
 1 APPPATH\Views\Hotell\inc\header.php(12): CodeIgniter\Debug\Exceptions->errorHandler(2, 'Undefined variable $activePage', 'C:\\laragon\\www\\MahaltaCalapanCity\\app\\Views\\Hotell\\inc\\header.php', 12)
 2 APPPATH\Views\Hotell\index.php(24): include('C:\\laragon\\www\\MahaltaCalapanCity\\app\\Views\\Hotell\\inc\\header.php')
 3 SYSTEMPATH\View\View.php(228): include('C:\\laragon\\www\\MahaltaCalapanCity\\app\\Views\\Hotell\\index.php')
 4 SYSTEMPATH\View\View.php(231): CodeIgniter\View\View->CodeIgniter\View\{closure}()
 5 SYSTEMPATH\Common.php(1190): CodeIgniter\View\View->render('Hotell/index', [], true)
 6 APPPATH\Controllers\StaffController.php(58): view('Hotell/index', [...])
 7 SYSTEMPATH\CodeIgniter.php(942): App\Controllers\StaffController->addReservation()
 8 SYSTEMPATH\CodeIgniter.php(502): CodeIgniter\CodeIgniter->runController(Object(App\Controllers\StaffController))
 9 SYSTEMPATH\CodeIgniter.php(361): CodeIgniter\CodeIgniter->handleRequest(null, Object(Config\Cache), false)
10 FCPATH\index.php(79): CodeIgniter\CodeIgniter->run()
11 SYSTEMPATH\Commands\Server\rewrite.php(47): require_once('C:\\laragon\\www\\MahaltaCalapanCity\\public\\index.php')
CRITICAL - 2024-01-07 13:57:29 --> Undefined variable $activePage
in APPPATH\Views\Hotell\inc\header.php on line 12.
 1 APPPATH\Views\Hotell\inc\header.php(12): CodeIgniter\Debug\Exceptions->errorHandler(2, 'Undefined variable $activePage', 'C:\\laragon\\www\\MahaltaCalapanCity\\app\\Views\\Hotell\\inc\\header.php', 12)
 2 APPPATH\Views\Hotell\index.php(24): include('C:\\laragon\\www\\MahaltaCalapanCity\\app\\Views\\Hotell\\inc\\header.php')
 3 SYSTEMPATH\View\View.php(228): include('C:\\laragon\\www\\MahaltaCalapanCity\\app\\Views\\Hotell\\index.php')
 4 SYSTEMPATH\View\View.php(231): CodeIgniter\View\View->CodeIgniter\View\{closure}()
 5 SYSTEMPATH\Common.php(1190): CodeIgniter\View\View->render('Hotell/index', [], true)
 6 APPPATH\Controllers\GuestController.php(106): view('Hotell/index', [...])
 7 SYSTEMPATH\CodeIgniter.php(942): App\Controllers\GuestController->addReservation()
 8 SYSTEMPATH\CodeIgniter.php(502): CodeIgniter\CodeIgniter->runController(Object(App\Controllers\GuestController))
 9 SYSTEMPATH\CodeIgniter.php(361): CodeIgniter\CodeIgniter->handleRequest(null, Object(Config\Cache), false)
10 FCPATH\index.php(79): CodeIgniter\CodeIgniter->run()
11 SYSTEMPATH\Commands\Server\rewrite.php(47): require_once('C:\\laragon\\www\\MahaltaCalapanCity\\public\\index.php')
CRITICAL - 2024-01-07 14:00:48 --> Undefined variable $activePage
in APPPATH\Views\Hotell\inc\header.php on line 12.
 1 APPPATH\Views\Hotell\inc\header.php(12): CodeIgniter\Debug\Exceptions->errorHandler(2, 'Undefined variable $activePage', 'C:\\laragon\\www\\MahaltaCalapanCity\\app\\Views\\Hotell\\inc\\header.php', 12)
 2 APPPATH\Views\Hotell\index.php(24): include('C:\\laragon\\www\\MahaltaCalapanCity\\app\\Views\\Hotell\\inc\\header.php')
 3 SYSTEMPATH\View\View.php(228): include('C:\\laragon\\www\\MahaltaCalapanCity\\app\\Views\\Hotell\\index.php')
 4 SYSTEMPATH\View\View.php(231): CodeIgniter\View\View->CodeIgniter\View\{closure}()
 5 SYSTEMPATH\Common.php(1190): CodeIgniter\View\View->render('Hotell/index', [], true)
 6 APPPATH\Controllers\GuestController.php(105): view('Hotell/index', [...])
 7 SYSTEMPATH\CodeIgniter.php(942): App\Controllers\GuestController->addReservation()
 8 SYSTEMPATH\CodeIgniter.php(502): CodeIgniter\CodeIgniter->runController(Object(App\Controllers\GuestController))
 9 SYSTEMPATH\CodeIgniter.php(361): CodeIgniter\CodeIgniter->handleRequest(null, Object(Config\Cache), false)
10 FCPATH\index.php(79): CodeIgniter\CodeIgniter->run()
11 SYSTEMPATH\Commands\Server\rewrite.php(47): require_once('C:\\laragon\\www\\MahaltaCalapanCity\\public\\index.php')
CRITICAL - 2024-01-07 14:05:44 --> Undefined variable $activePage
in APPPATH\Views\Hotell\inc\header.php on line 12.
 1 APPPATH\Views\Hotell\inc\header.php(12): CodeIgniter\Debug\Exceptions->errorHandler(2, 'Undefined variable $activePage', 'C:\\laragon\\www\\MahaltaCalapanCity\\app\\Views\\Hotell\\inc\\header.php', 12)
 2 APPPATH\Views\Hotell\index.php(24): include('C:\\laragon\\www\\MahaltaCalapanCity\\app\\Views\\Hotell\\inc\\header.php')
 3 SYSTEMPATH\View\View.php(228): include('C:\\laragon\\www\\MahaltaCalapanCity\\app\\Views\\Hotell\\index.php')
 4 SYSTEMPATH\View\View.php(231): CodeIgniter\View\View->CodeIgniter\View\{closure}()
 5 SYSTEMPATH\Common.php(1190): CodeIgniter\View\View->render('Hotell/index', [], true)
 6 APPPATH\Controllers\GuestController.php(105): view('Hotell/index', [...])
 7 SYSTEMPATH\CodeIgniter.php(942): App\Controllers\GuestController->addReservation()
 8 SYSTEMPATH\CodeIgniter.php(502): CodeIgniter\CodeIgniter->runController(Object(App\Controllers\GuestController))
 9 SYSTEMPATH\CodeIgniter.php(361): CodeIgniter\CodeIgniter->handleRequest(null, Object(Config\Cache), false)
10 FCPATH\index.php(79): CodeIgniter\CodeIgniter->run()
11 SYSTEMPATH\Commands\Server\rewrite.php(47): require_once('C:\\laragon\\www\\MahaltaCalapanCity\\public\\index.php')
CRITICAL - 2024-01-07 14:05:45 --> Undefined variable $activePage
in APPPATH\Views\Hotell\inc\header.php on line 12.
 1 APPPATH\Views\Hotell\inc\header.php(12): CodeIgniter\Debug\Exceptions->errorHandler(2, 'Undefined variable $activePage', 'C:\\laragon\\www\\MahaltaCalapanCity\\app\\Views\\Hotell\\inc\\header.php', 12)
 2 APPPATH\Views\Hotell\index.php(24): include('C:\\laragon\\www\\MahaltaCalapanCity\\app\\Views\\Hotell\\inc\\header.php')
 3 SYSTEMPATH\View\View.php(228): include('C:\\laragon\\www\\MahaltaCalapanCity\\app\\Views\\Hotell\\index.php')
 4 SYSTEMPATH\View\View.php(231): CodeIgniter\View\View->CodeIgniter\View\{closure}()
 5 SYSTEMPATH\Common.php(1190): CodeIgniter\View\View->render('Hotell/index', [], true)
 6 APPPATH\Controllers\GuestController.php(105): view('Hotell/index', [...])
 7 SYSTEMPATH\CodeIgniter.php(942): App\Controllers\GuestController->addReservation()
 8 SYSTEMPATH\CodeIgniter.php(502): CodeIgniter\CodeIgniter->runController(Object(App\Controllers\GuestController))
 9 SYSTEMPATH\CodeIgniter.php(361): CodeIgniter\CodeIgniter->handleRequest(null, Object(Config\Cache), false)
10 FCPATH\index.php(79): CodeIgniter\CodeIgniter->run()
11 SYSTEMPATH\Commands\Server\rewrite.php(47): require_once('C:\\laragon\\www\\MahaltaCalapanCity\\public\\index.php')
CRITICAL - 2024-01-07 14:16:38 --> Undefined variable $activePage
in APPPATH\Views\Hotell\inc\header.php on line 13.
 1 APPPATH\Views\Hotell\inc\header.php(13): CodeIgniter\Debug\Exceptions->errorHandler(2, 'Undefined variable $activePage', 'C:\\laragon\\www\\MahaltaCalapanCity\\app\\Views\\Hotell\\inc\\header.php', 13)
 2 APPPATH\Views\Hotell\index.php(24): include('C:\\laragon\\www\\MahaltaCalapanCity\\app\\Views\\Hotell\\inc\\header.php')
 3 SYSTEMPATH\View\View.php(228): include('C:\\laragon\\www\\MahaltaCalapanCity\\app\\Views\\Hotell\\index.php')
 4 SYSTEMPATH\View\View.php(231): CodeIgniter\View\View->CodeIgniter\View\{closure}()
 5 SYSTEMPATH\Common.php(1190): CodeIgniter\View\View->render('Hotell/index', [], true)
 6 APPPATH\Controllers\GuestController.php(105): view('Hotell/index', [...])
 7 SYSTEMPATH\CodeIgniter.php(942): App\Controllers\GuestController->addReservation()
 8 SYSTEMPATH\CodeIgniter.php(502): CodeIgniter\CodeIgniter->runController(Object(App\Controllers\GuestController))
 9 SYSTEMPATH\CodeIgniter.php(361): CodeIgniter\CodeIgniter->handleRequest(null, Object(Config\Cache), false)
10 FCPATH\index.php(79): CodeIgniter\CodeIgniter->run()
11 SYSTEMPATH\Commands\Server\rewrite.php(47): require_once('C:\\laragon\\www\\MahaltaCalapanCity\\public\\index.php')
CRITICAL - 2024-01-07 14:20:00 --> Undefined variable $activePage
in APPPATH\Views\Hotell\inc\header.php on line 13.
 1 APPPATH\Views\Hotell\inc\header.php(13): CodeIgniter\Debug\Exceptions->errorHandler(2, 'Undefined variable $activePage', 'C:\\laragon\\www\\MahaltaCalapanCity\\app\\Views\\Hotell\\inc\\header.php', 13)
 2 APPPATH\Views\Hotell\index.php(24): include('C:\\laragon\\www\\MahaltaCalapanCity\\app\\Views\\Hotell\\inc\\header.php')
 3 SYSTEMPATH\View\View.php(228): include('C:\\laragon\\www\\MahaltaCalapanCity\\app\\Views\\Hotell\\index.php')
 4 SYSTEMPATH\View\View.php(231): CodeIgniter\View\View->CodeIgniter\View\{closure}()
 5 SYSTEMPATH\Common.php(1190): CodeIgniter\View\View->render('Hotell/index', [], true)
 6 APPPATH\Controllers\GuestController.php(105): view('Hotell/index', [...])
 7 SYSTEMPATH\CodeIgniter.php(942): App\Controllers\GuestController->addReservation()
 8 SYSTEMPATH\CodeIgniter.php(502): CodeIgniter\CodeIgniter->runController(Object(App\Controllers\GuestController))
 9 SYSTEMPATH\CodeIgniter.php(361): CodeIgniter\CodeIgniter->handleRequest(null, Object(Config\Cache), false)
10 FCPATH\index.php(79): CodeIgniter\CodeIgniter->run()
11 SYSTEMPATH\Commands\Server\rewrite.php(47): require_once('C:\\laragon\\www\\MahaltaCalapanCity\\public\\index.php')
CRITICAL - 2024-01-07 14:23:39 --> Undefined variable $activePage
in APPPATH\Views\Hotell\inc\header.php on line 13.
 1 APPPATH\Views\Hotell\inc\header.php(13): CodeIgniter\Debug\Exceptions->errorHandler(2, 'Undefined variable $activePage', 'C:\\laragon\\www\\MahaltaCalapanCity\\app\\Views\\Hotell\\inc\\header.php', 13)
 2 APPPATH\Views\Hotell\index.php(24): include('C:\\laragon\\www\\MahaltaCalapanCity\\app\\Views\\Hotell\\inc\\header.php')
 3 SYSTEMPATH\View\View.php(228): include('C:\\laragon\\www\\MahaltaCalapanCity\\app\\Views\\Hotell\\index.php')
 4 SYSTEMPATH\View\View.php(231): CodeIgniter\View\View->CodeIgniter\View\{closure}()
 5 SYSTEMPATH\Common.php(1190): CodeIgniter\View\View->render('Hotell/index', [], true)
 6 APPPATH\Controllers\GuestController.php(105): view('Hotell/index', [...])
 7 SYSTEMPATH\CodeIgniter.php(942): App\Controllers\GuestController->addReservation()
 8 SYSTEMPATH\CodeIgniter.php(502): CodeIgniter\CodeIgniter->runController(Object(App\Controllers\GuestController))
 9 SYSTEMPATH\CodeIgniter.php(361): CodeIgniter\CodeIgniter->handleRequest(null, Object(Config\Cache), false)
10 FCPATH\index.php(79): CodeIgniter\CodeIgniter->run()
11 SYSTEMPATH\Commands\Server\rewrite.php(47): require_once('C:\\laragon\\www\\MahaltaCalapanCity\\public\\index.php')
CRITICAL - 2024-01-07 14:27:06 --> Undefined variable $activePage
in APPPATH\Views\Hotell\inc\header.php on line 13.
 1 APPPATH\Views\Hotell\inc\header.php(13): CodeIgniter\Debug\Exceptions->errorHandler(2, 'Undefined variable $activePage', 'C:\\laragon\\www\\MahaltaCalapanCity\\app\\Views\\Hotell\\inc\\header.php', 13)
 2 APPPATH\Views\Hotell\index.php(24): include('C:\\laragon\\www\\MahaltaCalapanCity\\app\\Views\\Hotell\\inc\\header.php')
 3 SYSTEMPATH\View\View.php(228): include('C:\\laragon\\www\\MahaltaCalapanCity\\app\\Views\\Hotell\\index.php')
 4 SYSTEMPATH\View\View.php(231): CodeIgniter\View\View->CodeIgniter\View\{closure}()
 5 SYSTEMPATH\Common.php(1190): CodeIgniter\View\View->render('Hotell/index', [], true)
 6 APPPATH\Controllers\GuestController.php(105): view('Hotell/index', [...])
 7 SYSTEMPATH\CodeIgniter.php(942): App\Controllers\GuestController->addReservation()
 8 SYSTEMPATH\CodeIgniter.php(502): CodeIgniter\CodeIgniter->runController(Object(App\Controllers\GuestController))
 9 SYSTEMPATH\CodeIgniter.php(361): CodeIgniter\CodeIgniter->handleRequest(null, Object(Config\Cache), false)
10 FCPATH\index.php(79): CodeIgniter\CodeIgniter->run()
11 SYSTEMPATH\Commands\Server\rewrite.php(47): require_once('C:\\laragon\\www\\MahaltaCalapanCity\\public\\index.php')
CRITICAL - 2024-01-07 14:27:44 --> Undefined variable $activePage
in APPPATH\Views\Hotell\inc\header.php on line 13.
 1 APPPATH\Views\Hotell\inc\header.php(13): CodeIgniter\Debug\Exceptions->errorHandler(2, 'Undefined variable $activePage', 'C:\\laragon\\www\\MahaltaCalapanCity\\app\\Views\\Hotell\\inc\\header.php', 13)
 2 APPPATH\Views\Hotell\bookroom.php(24): include('C:\\laragon\\www\\MahaltaCalapanCity\\app\\Views\\Hotell\\inc\\header.php')
 3 SYSTEMPATH\View\View.php(228): include('C:\\laragon\\www\\MahaltaCalapanCity\\app\\Views\\Hotell\\bookroom.php')
 4 SYSTEMPATH\View\View.php(231): CodeIgniter\View\View->CodeIgniter\View\{closure}()
 5 SYSTEMPATH\Common.php(1190): CodeIgniter\View\View->render('Hotell/bookroom', [], true)
 6 APPPATH\Controllers\GuestController.php(105): view('Hotell/bookroom', [...])
 7 SYSTEMPATH\CodeIgniter.php(942): App\Controllers\GuestController->addReservation()
 8 SYSTEMPATH\CodeIgniter.php(502): CodeIgniter\CodeIgniter->runController(Object(App\Controllers\GuestController))
 9 SYSTEMPATH\CodeIgniter.php(361): CodeIgniter\CodeIgniter->handleRequest(null, Object(Config\Cache), false)
10 FCPATH\index.php(79): CodeIgniter\CodeIgniter->run()
11 SYSTEMPATH\Commands\Server\rewrite.php(47): require_once('C:\\laragon\\www\\MahaltaCalapanCity\\public\\index.php')
CRITICAL - 2024-01-07 14:29:16 --> Undefined variable $activePage
in APPPATH\Views\Hotell\inc\header.php on line 13.
 1 APPPATH\Views\Hotell\inc\header.php(13): CodeIgniter\Debug\Exceptions->errorHandler(2, 'Undefined variable $activePage', 'C:\\laragon\\www\\MahaltaCalapanCity\\app\\Views\\Hotell\\inc\\header.php', 13)
 2 APPPATH\Views\Hotell\bookroom.php(24): include('C:\\laragon\\www\\MahaltaCalapanCity\\app\\Views\\Hotell\\inc\\header.php')
 3 SYSTEMPATH\View\View.php(228): include('C:\\laragon\\www\\MahaltaCalapanCity\\app\\Views\\Hotell\\bookroom.php')
 4 SYSTEMPATH\View\View.php(231): CodeIgniter\View\View->CodeIgniter\View\{closure}()
 5 SYSTEMPATH\Common.php(1190): CodeIgniter\View\View->render('Hotell/bookroom', [], true)
 6 APPPATH\Controllers\GuestController.php(105): view('Hotell/bookroom', [...])
 7 SYSTEMPATH\CodeIgniter.php(942): App\Controllers\GuestController->addReservation()
 8 SYSTEMPATH\CodeIgniter.php(502): CodeIgniter\CodeIgniter->runController(Object(App\Controllers\GuestController))
 9 SYSTEMPATH\CodeIgniter.php(361): CodeIgniter\CodeIgniter->handleRequest(null, Object(Config\Cache), false)
10 FCPATH\index.php(79): CodeIgniter\CodeIgniter->run()
11 SYSTEMPATH\Commands\Server\rewrite.php(47): require_once('C:\\laragon\\www\\MahaltaCalapanCity\\public\\index.php')
CRITICAL - 2024-01-07 14:29:17 --> Undefined variable $activePage
in APPPATH\Views\Hotell\inc\header.php on line 13.
 1 APPPATH\Views\Hotell\inc\header.php(13): CodeIgniter\Debug\Exceptions->errorHandler(2, 'Undefined variable $activePage', 'C:\\laragon\\www\\MahaltaCalapanCity\\app\\Views\\Hotell\\inc\\header.php', 13)
 2 APPPATH\Views\Hotell\bookroom.php(24): include('C:\\laragon\\www\\MahaltaCalapanCity\\app\\Views\\Hotell\\inc\\header.php')
 3 SYSTEMPATH\View\View.php(228): include('C:\\laragon\\www\\MahaltaCalapanCity\\app\\Views\\Hotell\\bookroom.php')
 4 SYSTEMPATH\View\View.php(231): CodeIgniter\View\View->CodeIgniter\View\{closure}()
 5 SYSTEMPATH\Common.php(1190): CodeIgniter\View\View->render('Hotell/bookroom', [], true)
 6 APPPATH\Controllers\GuestController.php(105): view('Hotell/bookroom', [...])
 7 SYSTEMPATH\CodeIgniter.php(942): App\Controllers\GuestController->addReservation()
 8 SYSTEMPATH\CodeIgniter.php(502): CodeIgniter\CodeIgniter->runController(Object(App\Controllers\GuestController))
 9 SYSTEMPATH\CodeIgniter.php(361): CodeIgniter\CodeIgniter->handleRequest(null, Object(Config\Cache), false)
10 FCPATH\index.php(79): CodeIgniter\CodeIgniter->run()
11 SYSTEMPATH\Commands\Server\rewrite.php(47): require_once('C:\\laragon\\www\\MahaltaCalapanCity\\public\\index.php')
CRITICAL - 2024-01-07 14:29:18 --> Undefined variable $activePage
in APPPATH\Views\Hotell\inc\header.php on line 13.
 1 APPPATH\Views\Hotell\inc\header.php(13): CodeIgniter\Debug\Exceptions->errorHandler(2, 'Undefined variable $activePage', 'C:\\laragon\\www\\MahaltaCalapanCity\\app\\Views\\Hotell\\inc\\header.php', 13)
 2 APPPATH\Views\Hotell\bookroom.php(24): include('C:\\laragon\\www\\MahaltaCalapanCity\\app\\Views\\Hotell\\inc\\header.php')
 3 SYSTEMPATH\View\View.php(228): include('C:\\laragon\\www\\MahaltaCalapanCity\\app\\Views\\Hotell\\bookroom.php')
 4 SYSTEMPATH\View\View.php(231): CodeIgniter\View\View->CodeIgniter\View\{closure}()
 5 SYSTEMPATH\Common.php(1190): CodeIgniter\View\View->render('Hotell/bookroom', [], true)
 6 APPPATH\Controllers\GuestController.php(105): view('Hotell/bookroom', [...])
 7 SYSTEMPATH\CodeIgniter.php(942): App\Controllers\GuestController->addReservation()
 8 SYSTEMPATH\CodeIgniter.php(502): CodeIgniter\CodeIgniter->runController(Object(App\Controllers\GuestController))
 9 SYSTEMPATH\CodeIgniter.php(361): CodeIgniter\CodeIgniter->handleRequest(null, Object(Config\Cache), false)
10 FCPATH\index.php(79): CodeIgniter\CodeIgniter->run()
11 SYSTEMPATH\Commands\Server\rewrite.php(47): require_once('C:\\laragon\\www\\MahaltaCalapanCity\\public\\index.php')
CRITICAL - 2024-01-07 14:29:18 --> Undefined variable $activePage
in APPPATH\Views\Hotell\inc\header.php on line 13.
 1 APPPATH\Views\Hotell\inc\header.php(13): CodeIgniter\Debug\Exceptions->errorHandler(2, 'Undefined variable $activePage', 'C:\\laragon\\www\\MahaltaCalapanCity\\app\\Views\\Hotell\\inc\\header.php', 13)
 2 APPPATH\Views\Hotell\bookroom.php(24): include('C:\\laragon\\www\\MahaltaCalapanCity\\app\\Views\\Hotell\\inc\\header.php')
 3 SYSTEMPATH\View\View.php(228): include('C:\\laragon\\www\\MahaltaCalapanCity\\app\\Views\\Hotell\\bookroom.php')
 4 SYSTEMPATH\View\View.php(231): CodeIgniter\View\View->CodeIgniter\View\{closure}()
 5 SYSTEMPATH\Common.php(1190): CodeIgniter\View\View->render('Hotell/bookroom', [], true)
 6 APPPATH\Controllers\GuestController.php(105): view('Hotell/bookroom', [...])
 7 SYSTEMPATH\CodeIgniter.php(942): App\Controllers\GuestController->addReservation()
 8 SYSTEMPATH\CodeIgniter.php(502): CodeIgniter\CodeIgniter->runController(Object(App\Controllers\GuestController))
 9 SYSTEMPATH\CodeIgniter.php(361): CodeIgniter\CodeIgniter->handleRequest(null, Object(Config\Cache), false)
10 FCPATH\index.php(79): CodeIgniter\CodeIgniter->run()
11 SYSTEMPATH\Commands\Server\rewrite.php(47): require_once('C:\\laragon\\www\\MahaltaCalapanCity\\public\\index.php')
CRITICAL - 2024-01-07 14:29:19 --> Undefined variable $activePage
in APPPATH\Views\Hotell\inc\header.php on line 13.
 1 APPPATH\Views\Hotell\inc\header.php(13): CodeIgniter\Debug\Exceptions->errorHandler(2, 'Undefined variable $activePage', 'C:\\laragon\\www\\MahaltaCalapanCity\\app\\Views\\Hotell\\inc\\header.php', 13)
 2 APPPATH\Views\Hotell\bookroom.php(24): include('C:\\laragon\\www\\MahaltaCalapanCity\\app\\Views\\Hotell\\inc\\header.php')
 3 SYSTEMPATH\View\View.php(228): include('C:\\laragon\\www\\MahaltaCalapanCity\\app\\Views\\Hotell\\bookroom.php')
 4 SYSTEMPATH\View\View.php(231): CodeIgniter\View\View->CodeIgniter\View\{closure}()
 5 SYSTEMPATH\Common.php(1190): CodeIgniter\View\View->render('Hotell/bookroom', [], true)
 6 APPPATH\Controllers\GuestController.php(105): view('Hotell/bookroom', [...])
 7 SYSTEMPATH\CodeIgniter.php(942): App\Controllers\GuestController->addReservation()
 8 SYSTEMPATH\CodeIgniter.php(502): CodeIgniter\CodeIgniter->runController(Object(App\Controllers\GuestController))
 9 SYSTEMPATH\CodeIgniter.php(361): CodeIgniter\CodeIgniter->handleRequest(null, Object(Config\Cache), false)
10 FCPATH\index.php(79): CodeIgniter\CodeIgniter->run()
11 SYSTEMPATH\Commands\Server\rewrite.php(47): require_once('C:\\laragon\\www\\MahaltaCalapanCity\\public\\index.php')
CRITICAL - 2024-01-07 14:29:19 --> Undefined variable $activePage
in APPPATH\Views\Hotell\inc\header.php on line 13.
 1 APPPATH\Views\Hotell\inc\header.php(13): CodeIgniter\Debug\Exceptions->errorHandler(2, 'Undefined variable $activePage', 'C:\\laragon\\www\\MahaltaCalapanCity\\app\\Views\\Hotell\\inc\\header.php', 13)
 2 APPPATH\Views\Hotell\bookroom.php(24): include('C:\\laragon\\www\\MahaltaCalapanCity\\app\\Views\\Hotell\\inc\\header.php')
 3 SYSTEMPATH\View\View.php(228): include('C:\\laragon\\www\\MahaltaCalapanCity\\app\\Views\\Hotell\\bookroom.php')
 4 SYSTEMPATH\View\View.php(231): CodeIgniter\View\View->CodeIgniter\View\{closure}()
 5 SYSTEMPATH\Common.php(1190): CodeIgniter\View\View->render('Hotell/bookroom', [], true)
 6 APPPATH\Controllers\GuestController.php(105): view('Hotell/bookroom', [...])
 7 SYSTEMPATH\CodeIgniter.php(942): App\Controllers\GuestController->addReservation()
 8 SYSTEMPATH\CodeIgniter.php(502): CodeIgniter\CodeIgniter->runController(Object(App\Controllers\GuestController))
 9 SYSTEMPATH\CodeIgniter.php(361): CodeIgniter\CodeIgniter->handleRequest(null, Object(Config\Cache), false)
10 FCPATH\index.php(79): CodeIgniter\CodeIgniter->run()
11 SYSTEMPATH\Commands\Server\rewrite.php(47): require_once('C:\\laragon\\www\\MahaltaCalapanCity\\public\\index.php')
CRITICAL - 2024-01-07 14:29:20 --> Undefined variable $activePage
in APPPATH\Views\Hotell\inc\header.php on line 13.
 1 APPPATH\Views\Hotell\inc\header.php(13): CodeIgniter\Debug\Exceptions->errorHandler(2, 'Undefined variable $activePage', 'C:\\laragon\\www\\MahaltaCalapanCity\\app\\Views\\Hotell\\inc\\header.php', 13)
 2 APPPATH\Views\Hotell\bookroom.php(24): include('C:\\laragon\\www\\MahaltaCalapanCity\\app\\Views\\Hotell\\inc\\header.php')
 3 SYSTEMPATH\View\View.php(228): include('C:\\laragon\\www\\MahaltaCalapanCity\\app\\Views\\Hotell\\bookroom.php')
 4 SYSTEMPATH\View\View.php(231): CodeIgniter\View\View->CodeIgniter\View\{closure}()
 5 SYSTEMPATH\Common.php(1190): CodeIgniter\View\View->render('Hotell/bookroom', [], true)
 6 APPPATH\Controllers\GuestController.php(105): view('Hotell/bookroom', [...])
 7 SYSTEMPATH\CodeIgniter.php(942): App\Controllers\GuestController->addReservation()
 8 SYSTEMPATH\CodeIgniter.php(502): CodeIgniter\CodeIgniter->runController(Object(App\Controllers\GuestController))
 9 SYSTEMPATH\CodeIgniter.php(361): CodeIgniter\CodeIgniter->handleRequest(null, Object(Config\Cache), false)
10 FCPATH\index.php(79): CodeIgniter\CodeIgniter->run()
11 SYSTEMPATH\Commands\Server\rewrite.php(47): require_once('C:\\laragon\\www\\MahaltaCalapanCity\\public\\index.php')
CRITICAL - 2024-01-07 14:56:03 --> Invalid file: "/bookroom.php"
in SYSTEMPATH\Exceptions\FrameworkException.php on line 39.
 1 SYSTEMPATH\View\View.php(216): CodeIgniter\Exceptions\FrameworkException::forInvalidFile('/bookroom.php')
 2 SYSTEMPATH\Common.php(1190): CodeIgniter\View\View->render('/bookroom', [], true)
 3 APPPATH\Controllers\GuestController.php(104): view('/bookroom', [...])
 4 SYSTEMPATH\CodeIgniter.php(942): App\Controllers\GuestController->addReservation()
 5 SYSTEMPATH\CodeIgniter.php(502): CodeIgniter\CodeIgniter->runController(Object(App\Controllers\GuestController))
 6 SYSTEMPATH\CodeIgniter.php(361): CodeIgniter\CodeIgniter->handleRequest(null, Object(Config\Cache), false)
 7 FCPATH\index.php(79): CodeIgniter\CodeIgniter->run()
 8 SYSTEMPATH\Commands\Server\rewrite.php(47): require_once('C:\\laragon\\www\\MahaltaCalapanCity\\public\\index.php')
CRITICAL - 2024-01-07 14:59:15 --> Invalid file: "/bookroom.php"
in SYSTEMPATH\Exceptions\FrameworkException.php on line 39.
 1 SYSTEMPATH\View\View.php(216): CodeIgniter\Exceptions\FrameworkException::forInvalidFile('/bookroom.php')
 2 SYSTEMPATH\Common.php(1190): CodeIgniter\View\View->render('/bookroom', [], true)
 3 APPPATH\Controllers\GuestController.php(104): view('/bookroom', [...])
 4 SYSTEMPATH\CodeIgniter.php(942): App\Controllers\GuestController->addReservation()
 5 SYSTEMPATH\CodeIgniter.php(502): CodeIgniter\CodeIgniter->runController(Object(App\Controllers\GuestController))
 6 SYSTEMPATH\CodeIgniter.php(361): CodeIgniter\CodeIgniter->handleRequest(null, Object(Config\Cache), false)
 7 FCPATH\index.php(79): CodeIgniter\CodeIgniter->run()
 8 SYSTEMPATH\Commands\Server\rewrite.php(47): require_once('C:\\laragon\\www\\MahaltaCalapanCity\\public\\index.php')
CRITICAL - 2024-01-07 15:39:11 --> Array callback must have exactly two elements
in APPPATH\Views\Hotell\bookroom.php on line 56.
 1 SYSTEMPATH\View\View.php(228): include()
 2 SYSTEMPATH\View\View.php(231): CodeIgniter\View\View->CodeIgniter\View\{closure}()
 3 SYSTEMPATH\Common.php(1190): CodeIgniter\View\View->render('Hotell\\bookroom', [], true)
 4 APPPATH\Controllers\GuestController.php(90): view('Hotell\\bookroom', [...])
 5 SYSTEMPATH\CodeIgniter.php(942): App\Controllers\GuestController->bookroom()
 6 SYSTEMPATH\CodeIgniter.php(502): CodeIgniter\CodeIgniter->runController(Object(App\Controllers\GuestController))
 7 SYSTEMPATH\CodeIgniter.php(361): CodeIgniter\CodeIgniter->handleRequest(null, Object(Config\Cache), false)
 8 FCPATH\index.php(79): CodeIgniter\CodeIgniter->run()
 9 SYSTEMPATH\Commands\Server\rewrite.php(47): require_once('C:\\laragon\\www\\MahaltaCalapanCity\\public\\index.php')
