CRITICAL - 2024-03-15 09:53:09 --> whereIn() expects $values to be of type array or closure
in SYSTEMPATH\Database\BaseBuilder.php on line 939.
 1 SYSTEMPATH\Database\BaseBuilder.php(826): CodeIgniter\Database\BaseBuilder->_whereIn('menu_category.CategoryID', 21, false, 'AND ', null)
 2 SYSTEMPATH\Model.php(871): CodeIgniter\Database\BaseBuilder->whereIn('menu_category.CategoryID', 21)
 3 APPPATH\Controllers\GuestController.php(318): CodeIgniter\Model->__call('whereIn', [...])
 4 SYSTEMPATH\CodeIgniter.php(942): App\Controllers\GuestController->cafemenu()
 5 SYSTEMPATH\CodeIgniter.php(502): CodeIgniter\CodeIgniter->runController(Object(App\Controllers\GuestController))
 6 SYSTEMPATH\CodeIgniter.php(361): CodeIgniter\CodeIgniter->handleRequest(null, Object(Config\Cache), false)
 7 FCPATH\index.php(79): CodeIgniter\CodeIgniter->run()
 8 SYSTEMPATH\Commands\Server\rewrite.php(47): require_once('C:\\laragon\\www\\projectmahalta\\public\\index.php')
CRITICAL - 2024-03-15 10:05:40 --> Undefined array key "asdcedName"
in APPPATH\Views\Hotell\cafemenu.php on line 249.
 1 APPPATH\Views\Hotell\cafemenu.php(249): CodeIgniter\Debug\Exceptions->errorHandler(2, 'Undefined array key "asdcedName"', 'C:\\laragon\\www\\projectmahalta\\app\\Views\\Hotell\\cafemenu.php', 249)
 2 SYSTEMPATH\View\View.php(228): include('C:\\laragon\\www\\projectmahalta\\app\\Views\\Hotell\\cafemenu.php')
 3 SYSTEMPATH\View\View.php(231): CodeIgniter\View\View->CodeIgniter\View\{closure}()
 4 SYSTEMPATH\Common.php(1190): CodeIgniter\View\View->render('Hotell\\cafemenu', [], true)
 5 APPPATH\Controllers\GuestController.php(322): view('Hotell\\cafemenu', [...])
 6 SYSTEMPATH\CodeIgniter.php(942): App\Controllers\GuestController->cafemenu()
 7 SYSTEMPATH\CodeIgniter.php(502): CodeIgniter\CodeIgniter->runController(Object(App\Controllers\GuestController))
 8 SYSTEMPATH\CodeIgniter.php(361): CodeIgniter\CodeIgniter->handleRequest(null, Object(Config\Cache), false)
 9 FCPATH\index.php(79): CodeIgniter\CodeIgniter->run()
10 SYSTEMPATH\Commands\Server\rewrite.php(47): require_once('C:\\laragon\\www\\projectmahalta\\public\\index.php')
CRITICAL - 2024-03-15 10:26:19 --> Undefined array key "ProductName"
in APPPATH\Views\Admin\Restaurant\service.php on line 624.
 1 APPPATH\Views\Admin\Restaurant\service.php(624): CodeIgniter\Debug\Exceptions->errorHandler(2, 'Undefined array key "ProductName"', 'C:\\laragon\\www\\projectmahalta\\app\\Views\\Admin\\Restaurant\\service.php', 624)
 2 SYSTEMPATH\View\View.php(228): include('C:\\laragon\\www\\projectmahalta\\app\\Views\\Admin\\Restaurant\\service.php')
 3 SYSTEMPATH\View\View.php(231): CodeIgniter\View\View->CodeIgniter\View\{closure}()
 4 SYSTEMPATH\Common.php(1190): CodeIgniter\View\View->render('Admin/Restaurant/service', [], true)
 5 APPPATH\Controllers\AdminController.php(1215): view('Admin/Restaurant/service', [...])
 6 SYSTEMPATH\CodeIgniter.php(942): App\Controllers\AdminController->restService()
 7 SYSTEMPATH\CodeIgniter.php(502): CodeIgniter\CodeIgniter->runController(Object(App\Controllers\AdminController))
 8 SYSTEMPATH\CodeIgniter.php(361): CodeIgniter\CodeIgniter->handleRequest(null, Object(Config\Cache), false)
 9 FCPATH\index.php(79): CodeIgniter\CodeIgniter->run()
10 SYSTEMPATH\Commands\Server\rewrite.php(47): require_once('C:\\laragon\\www\\projectmahalta\\public\\index.php')
CRITICAL - 2024-03-15 10:45:11 --> Updates are not allowed unless they contain a "where" or "like" clause.
in SYSTEMPATH\Model.php on line 380.
 1 SYSTEMPATH\BaseModel.php(949): CodeIgniter\Model->doUpdate(null, [...])
 2 SYSTEMPATH\Model.php(776): CodeIgniter\BaseModel->update(null, [...])
 3 APPPATH\Controllers\RestaurantController.php(524): CodeIgniter\Model->update(null, [...])
 4 SYSTEMPATH\CodeIgniter.php(942): App\Controllers\RestaurantController->updateCafeMenuIced()
 5 SYSTEMPATH\CodeIgniter.php(502): CodeIgniter\CodeIgniter->runController(Object(App\Controllers\RestaurantController))
 6 SYSTEMPATH\CodeIgniter.php(361): CodeIgniter\CodeIgniter->handleRequest(null, Object(Config\Cache), false)
 7 FCPATH\index.php(79): CodeIgniter\CodeIgniter->run()
 8 SYSTEMPATH\Commands\Server\rewrite.php(47): require_once('C:\\laragon\\www\\projectmahalta\\public\\index.php')
CRITICAL - 2024-03-15 10:49:09 --> Updates are not allowed unless they contain a "where" or "like" clause.
in SYSTEMPATH\Model.php on line 380.
 1 SYSTEMPATH\BaseModel.php(949): CodeIgniter\Model->doUpdate(null, [...])
 2 SYSTEMPATH\Model.php(776): CodeIgniter\BaseModel->update(null, [...])
 3 APPPATH\Controllers\RestaurantController.php(524): CodeIgniter\Model->update(null, [...])
 4 SYSTEMPATH\CodeIgniter.php(942): App\Controllers\RestaurantController->updateCafeMenuIced()
 5 SYSTEMPATH\CodeIgniter.php(502): CodeIgniter\CodeIgniter->runController(Object(App\Controllers\RestaurantController))
 6 SYSTEMPATH\CodeIgniter.php(361): CodeIgniter\CodeIgniter->handleRequest(null, Object(Config\Cache), false)
 7 FCPATH\index.php(79): CodeIgniter\CodeIgniter->run()
 8 SYSTEMPATH\Commands\Server\rewrite.php(47): require_once('C:\\laragon\\www\\projectmahalta\\public\\index.php')
